<?xml version="1.0" encoding="UTF-8"?>
<testsuite name="com.template.FlowTests" tests="1" skipped="0" failures="0" errors="0" timestamp="2021-04-15T02:15:26" hostname="MacBook-Dev-12" time="31.759">
  <properties/>
  <testcase name="returnsFullySignedTxFromAllParties" classname="com.template.FlowTests" time="31.759"/>
  <system-out><![CDATA[?[37m[INFO] 22:15:30,008 [Test worker] internal.TestCordappImpl. - Generating CorDapp jar from local project in /Users/peterli/Desktop/tokenTest/workflows ...
?[m?[37m[INFO] 22:15:30,168 [Connection worker] internal.TestCordappImpl. - Build
?[m?[37m[INFO] 22:15:31,241 [Connection worker] internal.TestCordappImpl. - Starting Gradle Daemon
?[m?[37m[INFO] 22:15:32,008 [Connection worker] internal.TestCordappImpl. - Connecting to Gradle Daemon
?[m?[37m[INFO] 22:15:32,018 [Connection worker] internal.TestCordappImpl. - Starting Gradle Daemon
?[m?[37m[INFO] 22:15:32,019 [Connection worker] internal.TestCordappImpl. - Build
?[m?[37m[INFO] 22:15:32,513 [Connection worker] internal.TestCordappImpl. - Run build
?[m?[37m[INFO] 22:15:32,535 [Connection worker] internal.TestCordappImpl. - Evaluate settings
?[m?[37m[INFO] 22:15:32,975 [Connection worker] internal.TestCordappImpl. - Run build
?[m?[37m[INFO] 22:15:32,975 [Connection worker] internal.TestCordappImpl. - Configure build
?[m?[37m[INFO] 22:15:32,975 [Connection worker] internal.TestCordappImpl. - Load projects
?[m?[37m[INFO] 22:15:33,119 [Connection worker] internal.TestCordappImpl. - Configure build
?[m?[37m[INFO] 22:15:33,131 [Connection worker] internal.TestCordappImpl. - Configure project :
?[m?[37m[INFO] 22:15:33,617 [Connection worker] internal.TestCordappImpl. - Resolve dependencies of :classpath
?[m?[37m[INFO] 22:15:34,352 [Connection worker] internal.TestCordappImpl. - Configure project :
?[m?[37m[INFO] 22:15:34,365 [Connection worker] internal.TestCordappImpl. - Resolve files of :classpath
?[m?[37m[INFO] 22:15:34,408 [Connection worker] internal.TestCordappImpl. - Configure project :
?[m?[37m[INFO] 22:15:34,409 [Connection worker] internal.TestCordappImpl. - Resolve files of :classpath
?[m?[37m[INFO] 22:15:34,409 [Connection worker] internal.TestCordappImpl. - Configure project :
?[m?[37m[INFO] 22:15:35,169 [Connection worker] internal.TestCordappImpl. - Configure build
?[m?[37m[INFO] 22:15:35,169 [Connection worker] internal.TestCordappImpl. - Configure project :clients
?[m?[37m[INFO] 22:15:35,271 [Connection worker] internal.TestCordappImpl. - Configure build
?[m?[37m[INFO] 22:15:35,271 [Connection worker] internal.TestCordappImpl. - Configure project :contracts
?[m?[37m[INFO] 22:15:35,293 [Connection worker] internal.TestCordappImpl. - Configure build
?[m?[37m[INFO] 22:15:35,293 [Connection worker] internal.TestCordappImpl. - Configure project :workflows
?[m?[37m[INFO] 22:15:35,381 [Connection worker] internal.TestCordappImpl. - Configure build
?[m?[37m[INFO] 22:15:35,381 [Connection worker] internal.TestCordappImpl. - Run build
?[m?[37m[INFO] 22:15:35,484 [Connection worker] internal.TestCordappImpl. - Run tasks
?[m?[37m[INFO] 22:15:35,507 [Connection worker] internal.TestCordappImpl. - Task :contracts:compileJava
?[m?[37m[INFO] 22:15:35,563 [Connection worker] internal.TestCordappImpl. - Resolve dependencies of :contracts:compileClasspath
?[m?[37m[INFO] 22:15:35,766 [Connection worker] internal.TestCordappImpl. - Task :contracts:compileJava
?[m?[37m[INFO] 22:15:35,766 [Connection worker] internal.TestCordappImpl. - Resolve files of :contracts:compileClasspath
?[m?[37m[INFO] 22:15:35,766 [Connection worker] internal.TestCordappImpl. - Task :contracts:compileJava
?[m?[37m[INFO] 22:15:35,788 [Connection worker] internal.TestCordappImpl. - Resolve dependencies of :contracts:annotationProcessor
?[m?[37m[INFO] 22:15:35,788 [Connection worker] internal.TestCordappImpl. - Task :contracts:compileJava
?[m?[37m[INFO] 22:15:35,813 [Connection worker] internal.TestCordappImpl. - Run tasks
?[m?[37m[INFO] 22:15:35,813 [Connection worker] internal.TestCordappImpl. - Task :contracts:processResources
?[m?[37m[INFO] 22:15:35,824 [Connection worker] internal.TestCordappImpl. - Run tasks
?[m?[37m[INFO] 22:15:35,824 [Connection worker] internal.TestCordappImpl. - Task :contracts:classes
?[m?[37m[INFO] 22:15:35,824 [Connection worker] internal.TestCordappImpl. - Run tasks
?[m?[37m[INFO] 22:15:35,824 [Connection worker] internal.TestCordappImpl. - Task :contracts:configureCordappFatJar
?[m?[37m[INFO] 22:15:35,835 [Connection worker] internal.TestCordappImpl. - Resolve dependencies of :contracts:runtime
?[m?[37m[INFO] 22:15:35,913 [Connection worker] internal.TestCordappImpl. - Task :contracts:configureCordappFatJar
?[m?[37m[INFO] 22:15:35,913 [Connection worker] internal.TestCordappImpl. - Resolve files of :contracts:runtime
?[m?[37m[INFO] 22:15:35,913 [Connection worker] internal.TestCordappImpl. - Task :contracts:configureCordappFatJar
?[m?[37m[INFO] 22:15:35,913 [Connection worker] internal.TestCordappImpl. - Resolve files of :contracts:runtime
?[m?[37m[INFO] 22:15:35,913 [Connection worker] internal.TestCordappImpl. - Task :contracts:configureCordappFatJar
?[m?[37m[INFO] 22:15:35,913 [Connection worker] internal.TestCordappImpl. - Resolve files of :contracts:runtime
?[m?[37m[INFO] 22:15:35,913 [Connection worker] internal.TestCordappImpl. - Task :contracts:configureCordappFatJar
?[m?[37m[INFO] 22:15:35,913 [Connection worker] internal.TestCordappImpl. - Resolve files of :contracts:runtime
?[m?[37m[INFO] 22:15:35,913 [Connection worker] internal.TestCordappImpl. - Task :contracts:configureCordappFatJar
?[m?[37m[INFO] 22:15:35,926 [Connection worker] internal.TestCordappImpl. - Run tasks
?[m?[37m[INFO] 22:15:35,926 [Connection worker] internal.TestCordappImpl. - Task :contracts:jar
?[m?[37m[INFO] 22:15:35,948 [Connection worker] internal.TestCordappImpl. - Run tasks
?[m?[37m[INFO] 22:15:35,948 [Connection worker] internal.TestCordappImpl. - Task :workflows:compileJava
?[m?[37m[INFO] 22:15:35,961 [Connection worker] internal.TestCordappImpl. - Resolve dependencies of :workflows:compileClasspath
?[m?[37m[INFO] 22:15:35,995 [Connection worker] internal.TestCordappImpl. - Task :workflows:compileJava
?[m?[37m[INFO] 22:15:35,995 [Connection worker] internal.TestCordappImpl. - Resolve files of :workflows:compileClasspath
?[m?[37m[INFO] 22:15:35,996 [Connection worker] internal.TestCordappImpl. - Task :workflows:compileJava
?[m?[37m[INFO] 22:15:35,996 [Connection worker] internal.TestCordappImpl. - Resolve dependencies of :workflows:annotationProcessor
?[m?[37m[INFO] 22:15:35,996 [Connection worker] internal.TestCordappImpl. - Task :workflows:compileJava
?[m?[37m[INFO] 22:15:36,006 [Connection worker] internal.TestCordappImpl. - Run tasks
?[m?[37m[INFO] 22:15:36,006 [Connection worker] internal.TestCordappImpl. - Task :workflows:processResources
?[m?[37m[INFO] 22:15:36,018 [Connection worker] internal.TestCordappImpl. - Run tasks
?[m?[37m[INFO] 22:15:36,018 [Connection worker] internal.TestCordappImpl. - Task :workflows:classes
?[m?[37m[INFO] 22:15:36,018 [Connection worker] internal.TestCordappImpl. - Run tasks
?[m?[37m[INFO] 22:15:36,018 [Connection worker] internal.TestCordappImpl. - Task :workflows:configureCordappFatJar
?[m?[37m[INFO] 22:15:36,018 [Connection worker] internal.TestCordappImpl. - Resolve dependencies of :workflows:runtime
?[m?[37m[INFO] 22:15:36,064 [Connection worker] internal.TestCordappImpl. - Task :workflows:configureCordappFatJar
?[m?[37m[INFO] 22:15:36,064 [Connection worker] internal.TestCordappImpl. - Resolve files of :workflows:runtime
?[m?[37m[INFO] 22:15:36,064 [Connection worker] internal.TestCordappImpl. - Task :workflows:configureCordappFatJar
?[m?[37m[INFO] 22:15:36,064 [Connection worker] internal.TestCordappImpl. - Resolve files of :workflows:runtime
?[m?[37m[INFO] 22:15:36,064 [Connection worker] internal.TestCordappImpl. - Task :workflows:configureCordappFatJar
?[m?[37m[INFO] 22:15:36,064 [Connection worker] internal.TestCordappImpl. - Resolve files of :workflows:runtime
?[m?[37m[INFO] 22:15:36,064 [Connection worker] internal.TestCordappImpl. - Task :workflows:configureCordappFatJar
?[m?[37m[INFO] 22:15:36,064 [Connection worker] internal.TestCordappImpl. - Resolve files of :workflows:runtime
?[m?[37m[INFO] 22:15:36,064 [Connection worker] internal.TestCordappImpl. - Task :workflows:configureCordappFatJar
?[m?[37m[INFO] 22:15:36,064 [Connection worker] internal.TestCordappImpl. - Resolve files of :workflows:runtime
?[m?[37m[INFO] 22:15:36,064 [Connection worker] internal.TestCordappImpl. - Task :workflows:configureCordappFatJar
?[m?[37m[INFO] 22:15:36,065 [Connection worker] internal.TestCordappImpl. - Run tasks
?[m?[37m[INFO] 22:15:36,065 [Connection worker] internal.TestCordappImpl. - Task :workflows:jar
?[m?[37m[INFO] 22:15:37,621 [Connection worker] internal.TestCordappImpl. - Run tasks
?[m?[37m[INFO] 22:15:37,631 [Connection worker] internal.TestCordappImpl. - Run build
?[m?[37m[INFO] 22:15:37,631 [Connection worker] internal.TestCordappImpl. - Build model 'java.lang.Void' for project ':workflows'
?[m?[37m[INFO] 22:15:37,631 [Connection worker] internal.TestCordappImpl. - Run build
?[m?[37m[INFO] 22:15:37,632 [Connection worker] internal.TestCordappImpl. - Build
?[m?[37m[INFO] 22:15:37,641 [Connection worker] internal.TestCordappImpl. - Deleting unused version-specific caches in /Users/peterli/Desktop/tokenTest/.gradle
?[m?[37m[INFO] 22:15:37,641 [Connection worker] internal.TestCordappImpl. - Build
?[m?[37m[INFO] 22:15:37,666 [Connection worker] internal.TestCordappImpl. - 
?[m?[37m[INFO] 22:15:41,696 [Test worker] cordapp.JarScanningCordappLoader. - Looking for CorDapps in [build/mock-network/20210415-021529.015-3E1BBE56169EE29D/nodes/0/cordapps]
?[m?[37m[INFO] 22:15:41,709 [Test worker] cordapp.JarScanningCordappLoader. - Loading CorDapps from RestrictedURL(url=file:/Users/peterli/Desktop/tokenTest/workflows/build/mock-network/20210415-021529.015-3E1BBE56169EE29D/nodes/0/cordapps/contracts-0.1.jar, rootPackageName=null), RestrictedURL(url=file:/Users/peterli/Desktop/tokenTest/workflows/build/mock-network/20210415-021529.015-3E1BBE56169EE29D/nodes/0/cordapps/workflows-0.1.jar, rootPackageName=null), RestrictedURL(url=file:/Users/peterli/Desktop/tokenTest/workflows/build/mock-network/20210415-021529.015-3E1BBE56169EE29D/nodes/0/cordapps/tokens-contracts-1.2.jar, rootPackageName=null), RestrictedURL(url=file:/Users/peterli/Desktop/tokenTest/workflows/build/mock-network/20210415-021529.015-3E1BBE56169EE29D/nodes/0/cordapps/tokens-workflows-1.2.jar, rootPackageName=null)
?[m?[37m[INFO] 22:15:41,720 [Test worker] cordapp.JarScanningCordappLoader. - Scanning CorDapp in file:/Users/peterli/Desktop/tokenTest/workflows/build/mock-network/20210415-021529.015-3E1BBE56169EE29D/nodes/0/cordapps/contracts-0.1.jar
?[m?[37m[INFO] 22:15:41,801 [Test worker] cordapp.JarScanningCordappLoader. - Scanning CorDapp in file:/Users/peterli/Desktop/tokenTest/workflows/build/mock-network/20210415-021529.015-3E1BBE56169EE29D/nodes/0/cordapps/workflows-0.1.jar
?[m?[37m[INFO] 22:15:41,811 [Test worker] cordapp.JarScanningCordappLoader. - Scanning CorDapp in file:/Users/peterli/Desktop/tokenTest/workflows/build/mock-network/20210415-021529.015-3E1BBE56169EE29D/nodes/0/cordapps/tokens-contracts-1.2.jar
?[m?[37m[INFO] 22:15:41,853 [Test worker] cordapp.JarScanningCordappLoader. - Scanning CorDapp in file:/Users/peterli/Desktop/tokenTest/workflows/build/mock-network/20210415-021529.015-3E1BBE56169EE29D/nodes/0/cordapps/tokens-workflows-1.2.jar
?[m?[37m[INFO] 22:15:43,134 [Test worker] internal.InternalMockNetwork$MockNode. - MessagingService active change to: false
?[m?[37m[INFO] 22:15:43,356 [Test worker] internal.InternalMockNetwork$MockNode. - Flow external operation executor has a max of 2 threads
?[m?[37m[INFO] 22:15:43,427 [Test worker] internal.InternalMockNetwork$MockNode. - Node starting up ...
?[m?[37m[INFO] 22:15:43,445 [Test worker] internal.KeyStoreHandler. - Loaded trusted root certificate: DL7fwxLm5xbiMD8adUuYTsPZHAict46Ng4w6RNcySt5vAw, alias: cordarootca
?[m?[37m[INFO] 22:15:43,450 [Test worker] internal.KeyStoreHandler. - Loaded node identity key: DL2x8rxZeQNYEsSRouy2JQEXiTTu5yVqnpwM8ZP5LBd1iw, alias: identity-private-key
?[m?[37m[INFO] 22:15:43,581 [Test worker] internal.NodeFlowManager. - Registered com.template.flows.NormalTransaction$NormalTransactionInitiator to initiate com.template.flows.NormalTransaction$Responder (version 1)
?[m?[37m[INFO] 22:15:43,582 [Test worker] internal.NodeFlowManager. - Registered com.template.flows.TransferFungEvoToken$TransferFungEvoTokenInitiator to initiate com.template.flows.TransferFungEvoToken$TransferFungEvoTokenResponder (version 1)
?[m?[37m[INFO] 22:15:43,585 [Test worker] internal.NodeFlowManager. - Registered com.r3.corda.lib.tokens.workflows.flows.rpc.ConfidentialIssueTokens to initiate com.r3.corda.lib.tokens.workflows.flows.rpc.ConfidentialIssueTokensHandler (version 1)
?[m?[37m[INFO] 22:15:43,586 [Test worker] internal.NodeFlowManager. - Registered com.r3.corda.lib.tokens.workflows.flows.rpc.ConfidentialMoveFungibleTokens to initiate com.r3.corda.lib.tokens.workflows.flows.rpc.ConfidentialMoveFungibleTokensHandler (version 1)
?[m?[37m[INFO] 22:15:43,586 [Test worker] internal.NodeFlowManager. - Registered com.r3.corda.lib.tokens.workflows.flows.rpc.ConfidentialMoveNonFungibleTokens to initiate com.r3.corda.lib.tokens.workflows.flows.rpc.ConfidentialMoveNonFungibleTokensHandler (version 1)
?[m?[37m[INFO] 22:15:43,586 [Test worker] internal.NodeFlowManager. - Registered com.r3.corda.lib.tokens.workflows.flows.rpc.ConfidentialRedeemFungibleTokens to initiate com.r3.corda.lib.tokens.workflows.flows.rpc.ConfidentialRedeemFungibleTokensHandler (version 1)
?[m?[37m[INFO] 22:15:43,587 [Test worker] internal.NodeFlowManager. - Registered com.r3.corda.lib.tokens.workflows.flows.rpc.CreateEvolvableTokens to initiate com.r3.corda.lib.tokens.workflows.flows.rpc.CreateEvolvableTokensHandler (version 1)
?[m?[37m[INFO] 22:15:43,587 [Test worker] internal.NodeFlowManager. - Registered com.r3.corda.lib.tokens.workflows.flows.rpc.IssueTokens to initiate com.r3.corda.lib.tokens.workflows.flows.rpc.IssueTokensHandler (version 1)
?[m?[37m[INFO] 22:15:43,587 [Test worker] internal.NodeFlowManager. - Registered com.r3.corda.lib.tokens.workflows.flows.rpc.MoveFungibleTokens to initiate com.r3.corda.lib.tokens.workflows.flows.rpc.MoveFungibleTokensHandler (version 1)
?[m?[37m[INFO] 22:15:43,588 [Test worker] internal.NodeFlowManager. - Registered com.r3.corda.lib.tokens.workflows.flows.rpc.MoveNonFungibleTokens to initiate com.r3.corda.lib.tokens.workflows.flows.rpc.MoveNonFungibleTokensHandler (version 1)
?[m?[37m[INFO] 22:15:43,588 [Test worker] internal.NodeFlowManager. - Registered com.r3.corda.lib.tokens.workflows.flows.rpc.RedeemFungibleTokens to initiate com.r3.corda.lib.tokens.workflows.flows.rpc.RedeemFungibleTokensHandler (version 1)
?[m?[37m[INFO] 22:15:43,589 [Test worker] internal.NodeFlowManager. - Registered com.r3.corda.lib.tokens.workflows.flows.rpc.RedeemNonFungibleTokens to initiate com.r3.corda.lib.tokens.workflows.flows.rpc.RedeemNonFungibleTokensHandler (version 1)
?[m?[37m[INFO] 22:15:43,589 [Test worker] internal.NodeFlowManager. - Registered com.r3.corda.lib.tokens.workflows.flows.rpc.UpdateEvolvableToken to initiate com.r3.corda.lib.tokens.workflows.flows.rpc.UpdateEvolvableTokenHandler (version 1)
?[m?[37m[INFO] 22:15:43,590 [Test worker] internal.NodeFlowManager. - Registered com.r3.corda.lib.tokens.workflows.internal.flows.distribution.RequestAdditionToDistributionList$Initiator to initiate com.r3.corda.lib.tokens.workflows.internal.flows.distribution.RequestAdditionToDistributionList$Responder (version 1)
?[m?[37m[INFO] 22:15:43,591 [Test worker] internal.NodeFlowManager. - Registered com.r3.corda.lib.tokens.workflows.internal.flows.distribution.UpdateDistributionListFlow to initiate com.r3.corda.lib.tokens.workflows.internal.flows.distribution.UpdateDistributionListFlowHandler (version 1)
?[m?[37m[INFO] 22:15:43,620 [Test worker] internal.NodeFlowManager. - Registered com.r3.corda.lib.tokens.workflows.internal.testflows.DvPFlow to initiate com.r3.corda.lib.tokens.workflows.internal.testflows.DvPFlowHandler (version 1)
?[m?[37m[INFO] 22:15:43,696 [Test worker] internal.InternalMockNetwork$MockNode. - Loaded network parameters: NetworkParameters {
      minimumPlatformVersion=4
      notaries=[NotaryInfo(identity=O=Notary, L=London, C=GB, validating=true)]
      maxMessageSize=10485760
      maxTransactionSize=52428800
      whitelistedContractImplementations {
        
      }
      eventHorizon=PT51539607528H
      packageOwnership {
        
      }
      modifiedTime=2021-04-15T02:15:26.896Z
      epoch=1
  }
?[m?[37m[INFO] 22:15:43,775 [Test worker] hikari.HikariDataSource. - HikariPool-1 - Starting...
?[m?[37m[INFO] 22:15:44,742 [Test worker] hikari.HikariDataSource. - HikariPool-1 - Start completed.
?[m?[37m[INFO] 22:15:47,796 [Test worker] jvm.JdbcExecutor. - SELECT MD5SUM FROM PUBLIC.DATABASECHANGELOG WHERE MD5SUM IS NOT NULL
?[m?[37m[INFO] 22:15:47,800 [Test worker] jvm.JdbcExecutor. - SELECT COUNT(*) FROM PUBLIC.DATABASECHANGELOG
?[m?[37m[INFO] 22:15:47,800 [Test worker] changelog.StandardChangeLogHistoryService. - Reading from PUBLIC.DATABASECHANGELOG
?[m?[37m[INFO] 22:15:47,800 [Test worker] jvm.JdbcExecutor. - SELECT * FROM PUBLIC.DATABASECHANGELOG ORDER BY DATEEXECUTED ASC, ORDEREXECUTED ASC
?[m?[37m[INFO] 22:15:47,811 [Test worker] jvm.JdbcExecutor. - SELECT COUNT(*) FROM PUBLIC.DATABASECHANGELOGLOCK
?[m?[37m[INFO] 22:15:47,811 [Test worker] jvm.JdbcExecutor. - SELECT COUNT(*) FROM PUBLIC.DATABASECHANGELOGLOCK
?[m?[37m[INFO] 22:15:47,863 [Test worker] visitor.ValidatingVisitor. - Skipping change set migration/vault-schema.changelog-v13.xml::vault_transaction_id_size_non-clustered_pk-1::R3.Corda due to validation error(s): clustered is not allowed on h2 {changeSet=migration/vault-schema.changelog-v13.xml::vault_transaction_id_size_non-clustered_pk-1::R3.Corda, databaseChangeLog=master.changelog.json}
?[m?[37m[INFO] 22:15:47,864 [Test worker] visitor.ValidatingVisitor. - Skipping change set migration/vault-schema.changelog-v13.xml::vault_transaction_id_size_non-clustered_pk-2::R3.Corda due to validation error(s): clustered is not allowed on h2 {changeSet=migration/vault-schema.changelog-v13.xml::vault_transaction_id_size_non-clustered_pk-2::R3.Corda, databaseChangeLog=master.changelog.json}
?[m?[37m[INFO] 22:15:47,864 [Test worker] visitor.ValidatingVisitor. - Skipping change set migration/vault-schema.changelog-v13.xml::vault_transaction_id_size_non-clustered_pk-3::R3.Corda due to validation error(s): clustered is not allowed on h2 {changeSet=migration/vault-schema.changelog-v13.xml::vault_transaction_id_size_non-clustered_pk-3::R3.Corda, databaseChangeLog=master.changelog.json}
?[m?[37m[INFO] 22:15:47,917 [Test worker] visitor.ValidatingVisitor. - Skipping change set migration/node-core.changelog-v21.xml::node_transaction_id_size_non-clustered_pk::R3.Corda due to validation error(s): clustered is not allowed on h2 {changeSet=migration/node-core.changelog-v21.xml::node_transaction_id_size_non-clustered_pk::R3.Corda, databaseChangeLog=master.changelog.json}
?[m?[37m[INFO] 22:15:47,922 [Test worker] visitor.ValidatingVisitor. - Skipping change set migration/node-notary.changelog-pkey.xml::non-clustered_pk-notary_state::R3.Corda due to validation error(s): clustered is not allowed on h2 {changeSet=migration/node-notary.changelog-pkey.xml::non-clustered_pk-notary_state::R3.Corda, databaseChangeLog=master.changelog.json}
?[m?[37m[INFO] 22:15:47,928 [Test worker] visitor.ValidatingVisitor. - Skipping change set migration/node-notary.changelog-v4.xml::node_notary_transaction_id_size-non-clustered_pk::R3.Corda due to validation error(s): clustered is not allowed on h2 {changeSet=migration/node-notary.changelog-v4.xml::node_notary_transaction_id_size-non-clustered_pk::R3.Corda, databaseChangeLog=master.changelog.json}
?[m?[37m[INFO] 22:15:47,932 [Test worker] jvm.JdbcExecutor. - SELECT LOCKED FROM PUBLIC.DATABASECHANGELOGLOCK WHERE ID=1
?[m?[37m[INFO] 22:15:47,939 [Test worker] lockservice.StandardLockService. - Successfully acquired change log lock
?[m?[37m[INFO] 22:15:47,941 [Test worker] visitor.ValidatingVisitor. - Skipping change set migration/vault-schema.changelog-v13.xml::vault_transaction_id_size_non-clustered_pk-1::R3.Corda due to validation error(s): clustered is not allowed on h2 {changeSet=migration/vault-schema.changelog-v13.xml::vault_transaction_id_size_non-clustered_pk-1::R3.Corda, databaseChangeLog=master.changelog.json}
?[m?[37m[INFO] 22:15:47,941 [Test worker] visitor.ValidatingVisitor. - Skipping change set migration/vault-schema.changelog-v13.xml::vault_transaction_id_size_non-clustered_pk-2::R3.Corda due to validation error(s): clustered is not allowed on h2 {changeSet=migration/vault-schema.changelog-v13.xml::vault_transaction_id_size_non-clustered_pk-2::R3.Corda, databaseChangeLog=master.changelog.json}
?[m?[37m[INFO] 22:15:47,941 [Test worker] visitor.ValidatingVisitor. - Skipping change set migration/vault-schema.changelog-v13.xml::vault_transaction_id_size_non-clustered_pk-3::R3.Corda due to validation error(s): clustered is not allowed on h2 {changeSet=migration/vault-schema.changelog-v13.xml::vault_transaction_id_size_non-clustered_pk-3::R3.Corda, databaseChangeLog=master.changelog.json}
?[m?[37m[INFO] 22:15:47,949 [Test worker] visitor.ValidatingVisitor. - Skipping change set migration/node-core.changelog-v21.xml::node_transaction_id_size_non-clustered_pk::R3.Corda due to validation error(s): clustered is not allowed on h2 {changeSet=migration/node-core.changelog-v21.xml::node_transaction_id_size_non-clustered_pk::R3.Corda, databaseChangeLog=master.changelog.json}
?[m?[37m[INFO] 22:15:47,951 [Test worker] visitor.ValidatingVisitor. - Skipping change set migration/node-notary.changelog-pkey.xml::non-clustered_pk-notary_state::R3.Corda due to validation error(s): clustered is not allowed on h2 {changeSet=migration/node-notary.changelog-pkey.xml::non-clustered_pk-notary_state::R3.Corda, databaseChangeLog=master.changelog.json}
?[m?[37m[INFO] 22:15:47,953 [Test worker] visitor.ValidatingVisitor. - Skipping change set migration/node-notary.changelog-v4.xml::node_notary_transaction_id_size-non-clustered_pk::R3.Corda due to validation error(s): clustered is not allowed on h2 {changeSet=migration/node-notary.changelog-v4.xml::node_notary_transaction_id_size-non-clustered_pk::R3.Corda, databaseChangeLog=master.changelog.json}
?[m?[37m[INFO] 22:15:47,954 [Test worker] jvm.JdbcExecutor. - DROP VIEW PUBLIC.v_pkey_hash_ex_id_map {changeSet=migration/vault-schema.changelog-v13.xml::vault_transaction_id_size::R3.Corda, databaseChangeLog=master.changelog.json}
?[m?[37m[INFO] 22:15:47,959 [Test worker] changelog.ChangeSet. - View v_pkey_hash_ex_id_map dropped {changeSet=migration/vault-schema.changelog-v13.xml::vault_transaction_id_size::R3.Corda, databaseChangeLog=master.changelog.json}
?[m?[37m[INFO] 22:15:47,960 [Test worker] jvm.JdbcExecutor. - ALTER TABLE PUBLIC.vault_fungible_states_parts DROP CONSTRAINT FK__fung_st_parts__fung_st {changeSet=migration/vault-schema.changelog-v13.xml::vault_transaction_id_size::R3.Corda, databaseChangeLog=master.changelog.json}
?[m?[37m[INFO] 22:15:47,962 [Test worker] changelog.ChangeSet. - Foreign key FK__fung_st_parts__fung_st dropped {changeSet=migration/vault-schema.changelog-v13.xml::vault_transaction_id_size::R3.Corda, databaseChangeLog=master.changelog.json}
?[m?[37m[INFO] 22:15:47,962 [Test worker] jvm.JdbcExecutor. - ALTER TABLE PUBLIC.vault_linear_states_parts DROP CONSTRAINT FK__lin_stat_parts__lin_stat {changeSet=migration/vault-schema.changelog-v13.xml::vault_transaction_id_size::R3.Corda, databaseChangeLog=master.changelog.json}
?[m?[37m[INFO] 22:15:47,964 [Test worker] changelog.ChangeSet. - Foreign key FK__lin_stat_parts__lin_stat dropped {changeSet=migration/vault-schema.changelog-v13.xml::vault_transaction_id_size::R3.Corda, databaseChangeLog=master.changelog.json}
?[m?[37m[INFO] 22:15:47,965 [Test worker] jvm.JdbcExecutor. - ALTER TABLE PUBLIC.vault_fungible_states DROP PRIMARY KEY {changeSet=migration/vault-schema.changelog-v13.xml::vault_transaction_id_size::R3.Corda, databaseChangeLog=master.changelog.json}
?[m?[37m[INFO] 22:15:47,968 [Test worker] changelog.ChangeSet. - Primary key dropped from vault_fungible_states {changeSet=migration/vault-schema.changelog-v13.xml::vault_transaction_id_size::R3.Corda, databaseChangeLog=master.changelog.json}
?[m?[37m[INFO] 22:15:47,968 [Test worker] jvm.JdbcExecutor. - ALTER TABLE PUBLIC.vault_linear_states DROP PRIMARY KEY {changeSet=migration/vault-schema.changelog-v13.xml::vault_transaction_id_size::R3.Corda, databaseChangeLog=master.changelog.json}
?[m?[37m[INFO] 22:15:47,969 [Test worker] changelog.ChangeSet. - Primary key dropped from vault_linear_states {changeSet=migration/vault-schema.changelog-v13.xml::vault_transaction_id_size::R3.Corda, databaseChangeLog=master.changelog.json}
?[m?[37m[INFO] 22:15:47,969 [Test worker] jvm.JdbcExecutor. - ALTER TABLE PUBLIC.vault_states DROP PRIMARY KEY {changeSet=migration/vault-schema.changelog-v13.xml::vault_transaction_id_size::R3.Corda, databaseChangeLog=master.changelog.json}
?[m?[37m[INFO] 22:15:47,970 [Test worker] changelog.ChangeSet. - Primary key dropped from vault_states {changeSet=migration/vault-schema.changelog-v13.xml::vault_transaction_id_size::R3.Corda, databaseChangeLog=master.changelog.json}
?[m?[37m[INFO] 22:15:47,971 [Test worker] jvm.JdbcExecutor. - DROP INDEX PUBLIC.transaction_id_index {changeSet=migration/vault-schema.changelog-v13.xml::vault_transaction_id_size::R3.Corda, databaseChangeLog=master.changelog.json}
?[m?[37m[INFO] 22:15:47,973 [Test worker] changelog.ChangeSet. - Index transaction_id_index dropped from table vault_transaction_notes {changeSet=migration/vault-schema.changelog-v13.xml::vault_transaction_id_size::R3.Corda, databaseChangeLog=master.changelog.json}
?[m?[37m[INFO] 22:15:47,973 [Test worker] jvm.JdbcExecutor. - ALTER TABLE PUBLIC.vault_fungible_states ALTER COLUMN transaction_id SET NULL {changeSet=migration/vault-schema.changelog-v13.xml::vault_transaction_id_size::R3.Corda, databaseChangeLog=master.changelog.json}
?[m?[37m[INFO] 22:15:47,976 [Test worker] changelog.ChangeSet. - Null constraint dropped from vault_fungible_states.transaction_id {changeSet=migration/vault-schema.changelog-v13.xml::vault_transaction_id_size::R3.Corda, databaseChangeLog=master.changelog.json}
?[m?[37m[INFO] 22:15:47,976 [Test worker] jvm.JdbcExecutor. - ALTER TABLE PUBLIC.vault_fungible_states_parts ALTER COLUMN transaction_id SET NULL {changeSet=migration/vault-schema.changelog-v13.xml::vault_transaction_id_size::R3.Corda, databaseChangeLog=master.changelog.json}
?[m?[37m[INFO] 22:15:47,977 [Test worker] changelog.ChangeSet. - Null constraint dropped from vault_fungible_states_parts.transaction_id {changeSet=migration/vault-schema.changelog-v13.xml::vault_transaction_id_size::R3.Corda, databaseChangeLog=master.changelog.json}
?[m?[37m[INFO] 22:15:47,978 [Test worker] jvm.JdbcExecutor. - ALTER TABLE PUBLIC.vault_linear_states ALTER COLUMN transaction_id SET NULL {changeSet=migration/vault-schema.changelog-v13.xml::vault_transaction_id_size::R3.Corda, databaseChangeLog=master.changelog.json}
?[m?[37m[INFO] 22:15:47,979 [Test worker] changelog.ChangeSet. - Null constraint dropped from vault_linear_states.transaction_id {changeSet=migration/vault-schema.changelog-v13.xml::vault_transaction_id_size::R3.Corda, databaseChangeLog=master.changelog.json}
?[m?[37m[INFO] 22:15:47,979 [Test worker] jvm.JdbcExecutor. - ALTER TABLE PUBLIC.vault_linear_states_parts ALTER COLUMN transaction_id SET NULL {changeSet=migration/vault-schema.changelog-v13.xml::vault_transaction_id_size::R3.Corda, databaseChangeLog=master.changelog.json}
?[m?[37m[INFO] 22:15:47,980 [Test worker] changelog.ChangeSet. - Null constraint dropped from vault_linear_states_parts.transaction_id {changeSet=migration/vault-schema.changelog-v13.xml::vault_transaction_id_size::R3.Corda, databaseChangeLog=master.changelog.json}
?[m?[37m[INFO] 22:15:47,981 [Test worker] jvm.JdbcExecutor. - ALTER TABLE PUBLIC.vault_states ALTER COLUMN transaction_id SET NULL {changeSet=migration/vault-schema.changelog-v13.xml::vault_transaction_id_size::R3.Corda, databaseChangeLog=master.changelog.json}
?[m?[37m[INFO] 22:15:47,982 [Test worker] changelog.ChangeSet. - Null constraint dropped from vault_states.transaction_id {changeSet=migration/vault-schema.changelog-v13.xml::vault_transaction_id_size::R3.Corda, databaseChangeLog=master.changelog.json}
?[m?[37m[INFO] 22:15:47,984 [Test worker] jvm.JdbcExecutor. - ALTER TABLE PUBLIC.vault_fungible_states ALTER COLUMN transaction_id NVARCHAR(144) {changeSet=migration/vault-schema.changelog-v13.xml::vault_transaction_id_size::R3.Corda, databaseChangeLog=master.changelog.json}
?[m?[37m[INFO] 22:15:47,993 [Test worker] changelog.ChangeSet. - vault_fungible_states.transaction_id datatype was changed to NVARCHAR(144) {changeSet=migration/vault-schema.changelog-v13.xml::vault_transaction_id_size::R3.Corda, databaseChangeLog=master.changelog.json}
?[m?[37m[INFO] 22:15:47,993 [Test worker] jvm.JdbcExecutor. - ALTER TABLE PUBLIC.vault_fungible_states_parts ALTER COLUMN transaction_id NVARCHAR(144) {changeSet=migration/vault-schema.changelog-v13.xml::vault_transaction_id_size::R3.Corda, databaseChangeLog=master.changelog.json}
?[m?[37m[INFO] 22:15:48,000 [Test worker] changelog.ChangeSet. - vault_fungible_states_parts.transaction_id datatype was changed to NVARCHAR(144) {changeSet=migration/vault-schema.changelog-v13.xml::vault_transaction_id_size::R3.Corda, databaseChangeLog=master.changelog.json}
?[m?[37m[INFO] 22:15:48,000 [Test worker] jvm.JdbcExecutor. - ALTER TABLE PUBLIC.vault_linear_states ALTER COLUMN transaction_id NVARCHAR(144) {changeSet=migration/vault-schema.changelog-v13.xml::vault_transaction_id_size::R3.Corda, databaseChangeLog=master.changelog.json}
?[m?[37m[INFO] 22:15:48,014 [Test worker] changelog.ChangeSet. - vault_linear_states.transaction_id datatype was changed to NVARCHAR(144) {changeSet=migration/vault-schema.changelog-v13.xml::vault_transaction_id_size::R3.Corda, databaseChangeLog=master.changelog.json}
?[m?[37m[INFO] 22:15:48,014 [Test worker] jvm.JdbcExecutor. - ALTER TABLE PUBLIC.vault_linear_states_parts ALTER COLUMN transaction_id NVARCHAR(144) {changeSet=migration/vault-schema.changelog-v13.xml::vault_transaction_id_size::R3.Corda, databaseChangeLog=master.changelog.json}
?[m?[37m[INFO] 22:15:48,020 [Test worker] changelog.ChangeSet. - vault_linear_states_parts.transaction_id datatype was changed to NVARCHAR(144) {changeSet=migration/vault-schema.changelog-v13.xml::vault_transaction_id_size::R3.Corda, databaseChangeLog=master.changelog.json}
?[m?[37m[INFO] 22:15:48,020 [Test worker] jvm.JdbcExecutor. - ALTER TABLE PUBLIC.vault_states ALTER COLUMN transaction_id NVARCHAR(144) {changeSet=migration/vault-schema.changelog-v13.xml::vault_transaction_id_size::R3.Corda, databaseChangeLog=master.changelog.json}
?[m?[37m[INFO] 22:15:48,028 [Test worker] changelog.ChangeSet. - vault_states.transaction_id datatype was changed to NVARCHAR(144) {changeSet=migration/vault-schema.changelog-v13.xml::vault_transaction_id_size::R3.Corda, databaseChangeLog=master.changelog.json}
?[m?[37m[INFO] 22:15:48,029 [Test worker] jvm.JdbcExecutor. - ALTER TABLE PUBLIC.vault_transaction_notes ALTER COLUMN transaction_id NVARCHAR(144) {changeSet=migration/vault-schema.changelog-v13.xml::vault_transaction_id_size::R3.Corda, databaseChangeLog=master.changelog.json}
?[m?[37m[INFO] 22:15:48,037 [Test worker] changelog.ChangeSet. - vault_transaction_notes.transaction_id datatype was changed to NVARCHAR(144) {changeSet=migration/vault-schema.changelog-v13.xml::vault_transaction_id_size::R3.Corda, databaseChangeLog=master.changelog.json}
?[m?[37m[INFO] 22:15:48,037 [Test worker] jvm.JdbcExecutor. - ALTER TABLE PUBLIC.state_party ALTER COLUMN transaction_id NVARCHAR(144) {changeSet=migration/vault-schema.changelog-v13.xml::vault_transaction_id_size::R3.Corda, databaseChangeLog=master.changelog.json}
?[m?[37m[INFO] 22:15:48,043 [Test worker] changelog.ChangeSet. - state_party.transaction_id datatype was changed to NVARCHAR(144) {changeSet=migration/vault-schema.changelog-v13.xml::vault_transaction_id_size::R3.Corda, databaseChangeLog=master.changelog.json}
?[m?[37m[INFO] 22:15:48,044 [Test worker] jvm.JdbcExecutor. - ALTER TABLE PUBLIC.vault_fungible_states ALTER COLUMN transaction_id SET NOT NULL {changeSet=migration/vault-schema.changelog-v13.xml::vault_transaction_id_size::R3.Corda, databaseChangeLog=master.changelog.json}
?[m?[37m[INFO] 22:15:48,054 [Test worker] changelog.ChangeSet. - NOT NULL constraint has been added to vault_fungible_states.transaction_id {changeSet=migration/vault-schema.changelog-v13.xml::vault_transaction_id_size::R3.Corda, databaseChangeLog=master.changelog.json}
?[m?[37m[INFO] 22:15:48,054 [Test worker] jvm.JdbcExecutor. - ALTER TABLE PUBLIC.vault_fungible_states_parts ALTER COLUMN transaction_id SET NOT NULL {changeSet=migration/vault-schema.changelog-v13.xml::vault_transaction_id_size::R3.Corda, databaseChangeLog=master.changelog.json}
?[m?[37m[INFO] 22:15:48,055 [Test worker] changelog.ChangeSet. - NOT NULL constraint has been added to vault_fungible_states_parts.transaction_id {changeSet=migration/vault-schema.changelog-v13.xml::vault_transaction_id_size::R3.Corda, databaseChangeLog=master.changelog.json}
?[m?[37m[INFO] 22:15:48,055 [Test worker] jvm.JdbcExecutor. - ALTER TABLE PUBLIC.vault_linear_states ALTER COLUMN transaction_id SET NOT NULL {changeSet=migration/vault-schema.changelog-v13.xml::vault_transaction_id_size::R3.Corda, databaseChangeLog=master.changelog.json}
?[m?[37m[INFO] 22:15:48,056 [Test worker] changelog.ChangeSet. - NOT NULL constraint has been added to vault_linear_states.transaction_id {changeSet=migration/vault-schema.changelog-v13.xml::vault_transaction_id_size::R3.Corda, databaseChangeLog=master.changelog.json}
?[m?[37m[INFO] 22:15:48,056 [Test worker] jvm.JdbcExecutor. - ALTER TABLE PUBLIC.vault_linear_states_parts ALTER COLUMN transaction_id SET NOT NULL {changeSet=migration/vault-schema.changelog-v13.xml::vault_transaction_id_size::R3.Corda, databaseChangeLog=master.changelog.json}
?[m?[37m[INFO] 22:15:48,057 [Test worker] changelog.ChangeSet. - NOT NULL constraint has been added to vault_linear_states_parts.transaction_id {changeSet=migration/vault-schema.changelog-v13.xml::vault_transaction_id_size::R3.Corda, databaseChangeLog=master.changelog.json}
?[m?[37m[INFO] 22:15:48,057 [Test worker] jvm.JdbcExecutor. - ALTER TABLE PUBLIC.vault_states ALTER COLUMN transaction_id SET NOT NULL {changeSet=migration/vault-schema.changelog-v13.xml::vault_transaction_id_size::R3.Corda, databaseChangeLog=master.changelog.json}
?[m?[37m[INFO] 22:15:48,059 [Test worker] changelog.ChangeSet. - NOT NULL constraint has been added to vault_states.transaction_id {changeSet=migration/vault-schema.changelog-v13.xml::vault_transaction_id_size::R3.Corda, databaseChangeLog=master.changelog.json}
?[m?[37m[INFO] 22:15:48,059 [Test worker] jvm.JdbcExecutor. - ALTER TABLE PUBLIC.vault_fungible_states ADD CONSTRAINT vault_fungible_states_pkey PRIMARY KEY (transaction_id, output_index) {changeSet=migration/vault-schema.changelog-v13.xml::vault_transaction_id_size::R3.Corda, databaseChangeLog=master.changelog.json}
?[m?[37m[INFO] 22:15:48,061 [Test worker] changelog.ChangeSet. - Primary key added to vault_fungible_states (transaction_id, output_index) {changeSet=migration/vault-schema.changelog-v13.xml::vault_transaction_id_size::R3.Corda, databaseChangeLog=master.changelog.json}
?[m?[37m[INFO] 22:15:48,061 [Test worker] jvm.JdbcExecutor. - ALTER TABLE PUBLIC.vault_linear_states ADD CONSTRAINT vault_linear_states_pkey PRIMARY KEY (transaction_id, output_index) {changeSet=migration/vault-schema.changelog-v13.xml::vault_transaction_id_size::R3.Corda, databaseChangeLog=master.changelog.json}
?[m?[37m[INFO] 22:15:48,063 [Test worker] changelog.ChangeSet. - Primary key added to vault_linear_states (transaction_id, output_index) {changeSet=migration/vault-schema.changelog-v13.xml::vault_transaction_id_size::R3.Corda, databaseChangeLog=master.changelog.json}
?[m?[37m[INFO] 22:15:48,063 [Test worker] jvm.JdbcExecutor. - ALTER TABLE PUBLIC.vault_states ADD CONSTRAINT vault_states_pkey PRIMARY KEY (transaction_id, output_index) {changeSet=migration/vault-schema.changelog-v13.xml::vault_transaction_id_size::R3.Corda, databaseChangeLog=master.changelog.json}
?[m?[37m[INFO] 22:15:48,065 [Test worker] changelog.ChangeSet. - Primary key added to vault_states (transaction_id, output_index) {changeSet=migration/vault-schema.changelog-v13.xml::vault_transaction_id_size::R3.Corda, databaseChangeLog=master.changelog.json}
?[m?[37m[INFO] 22:15:48,065 [Test worker] jvm.JdbcExecutor. - CREATE INDEX PUBLIC.transaction_id_index ON PUBLIC.vault_transaction_notes(transaction_id) {changeSet=migration/vault-schema.changelog-v13.xml::vault_transaction_id_size::R3.Corda, databaseChangeLog=master.changelog.json}
?[m?[37m[INFO] 22:15:48,066 [Test worker] changelog.ChangeSet. - Index transaction_id_index created {changeSet=migration/vault-schema.changelog-v13.xml::vault_transaction_id_size::R3.Corda, databaseChangeLog=master.changelog.json}
?[m?[37m[INFO] 22:15:48,067 [Test worker] changelog.ChangeSet. - ChangeSet migration/vault-schema.changelog-v13.xml::vault_transaction_id_size::R3.Corda ran successfully in 113ms {changeSet=migration/vault-schema.changelog-v13.xml::vault_transaction_id_size::R3.Corda, databaseChangeLog=master.changelog.json}
?[m?[37m[INFO] 22:15:48,067 [Test worker] jvm.JdbcExecutor. - SELECT MAX(ORDEREXECUTED) FROM PUBLIC.DATABASECHANGELOG {changeSet=migration/vault-schema.changelog-v13.xml::vault_transaction_id_size::R3.Corda, databaseChangeLog=master.changelog.json}
?[m?[37m[INFO] 22:15:48,072 [Test worker] jvm.JdbcExecutor. - INSERT INTO PUBLIC.DATABASECHANGELOG (ID, AUTHOR, FILENAME, DATEEXECUTED, ORDEREXECUTED, MD5SUM, DESCRIPTION, COMMENTS, EXECTYPE, CONTEXTS, LABELS, LIQUIBASE, DEPLOYMENT_ID) VALUES ('vault_transaction_id_size', 'R3.Corda', 'migration/vault-schema.changelog-v13.xml', NOW(), 94, '8:6251c962c4f12e03040c4fceecdc07e0', 'dropView viewName=v_pkey_hash_ex_id_map; dropForeignKeyConstraint baseTableName=vault_fungible_states_parts, constraintName=FK__fung_st_parts__fung_st; dropForeignKeyConstraint baseTableName=vault_linear_states_parts, constraintName=FK__lin_stat_p...', '', 'EXECUTED', NULL, NULL, '3.6.3', '8452947939') {changeSet=migration/vault-schema.changelog-v13.xml::vault_transaction_id_size::R3.Corda, databaseChangeLog=master.changelog.json}
?[m?[37m[INFO] 22:15:48,076 [Test worker] jvm.JdbcExecutor. - INSERT INTO PUBLIC.DATABASECHANGELOG (ID, AUTHOR, FILENAME, DATEEXECUTED, ORDEREXECUTED, MD5SUM, DESCRIPTION, COMMENTS, EXECTYPE, CONTEXTS, LABELS, LIQUIBASE, DEPLOYMENT_ID) VALUES ('vault_transaction_id_size_non-clustered_pk-1', 'R3.Corda', 'migration/vault-schema.changelog-v13.xml', NOW(), 95, '8:d9c822bbaf7c5eea4cd2559f94a17eba', 'dropPrimaryKey constraintName=vault_fungible_states_pkey, tableName=vault_fungible_states; addPrimaryKey constraintName=vault_fungible_states_pkey, tableName=vault_fungible_states', '', 'MARK_RAN', NULL, NULL, '3.6.3', '8452947939') {changeSet=migration/vault-schema.changelog-v13.xml::vault_transaction_id_size_non-clustered_pk-1::R3.Corda, databaseChangeLog=master.changelog.json}
?[m?[37m[INFO] 22:15:48,080 [Test worker] jvm.JdbcExecutor. - INSERT INTO PUBLIC.DATABASECHANGELOG (ID, AUTHOR, FILENAME, DATEEXECUTED, ORDEREXECUTED, MD5SUM, DESCRIPTION, COMMENTS, EXECTYPE, CONTEXTS, LABELS, LIQUIBASE, DEPLOYMENT_ID) VALUES ('vault_transaction_id_size_non-clustered_pk-2', 'R3.Corda', 'migration/vault-schema.changelog-v13.xml', NOW(), 96, '8:fb2cd4970e95f7c7936b9754a6438da5', 'dropPrimaryKey constraintName=vault_linear_states_pkey, tableName=vault_linear_states; addPrimaryKey constraintName=vault_linear_states_pkey, tableName=vault_linear_states', '', 'MARK_RAN', NULL, NULL, '3.6.3', '8452947939') {changeSet=migration/vault-schema.changelog-v13.xml::vault_transaction_id_size_non-clustered_pk-2::R3.Corda, databaseChangeLog=master.changelog.json}
?[m?[37m[INFO] 22:15:48,083 [Test worker] jvm.JdbcExecutor. - INSERT INTO PUBLIC.DATABASECHANGELOG (ID, AUTHOR, FILENAME, DATEEXECUTED, ORDEREXECUTED, MD5SUM, DESCRIPTION, COMMENTS, EXECTYPE, CONTEXTS, LABELS, LIQUIBASE, DEPLOYMENT_ID) VALUES ('vault_transaction_id_size_non-clustered_pk-3', 'R3.Corda', 'migration/vault-schema.changelog-v13.xml', NOW(), 97, '8:54bd9c17ce296bb02c369a5cfbedd866', 'dropPrimaryKey constraintName=vault_states_pkey, tableName=vault_states; addPrimaryKey constraintName=vault_states_pkey, tableName=vault_states', '', 'MARK_RAN', NULL, NULL, '3.6.3', '8452947939') {changeSet=migration/vault-schema.changelog-v13.xml::vault_transaction_id_size_non-clustered_pk-3::R3.Corda, databaseChangeLog=master.changelog.json}
?[m?[37m[INFO] 22:15:48,086 [Test worker] jvm.JdbcExecutor. - ALTER TABLE PUBLIC.vault_fungible_states_parts ADD CONSTRAINT FK__fung_st_parts__fung_st FOREIGN KEY (transaction_id, output_index) REFERENCES PUBLIC.vault_fungible_states (transaction_id, output_index) {changeSet=migration/vault-schema.changelog-v13.xml::vault_transaction_id_size_2::R3.Corda, databaseChangeLog=master.changelog.json}
?[m?[37m[INFO] 22:15:48,093 [Test worker] changelog.ChangeSet. - Foreign key constraint added to vault_fungible_states_parts (transaction_id,output_index) {changeSet=migration/vault-schema.changelog-v13.xml::vault_transaction_id_size_2::R3.Corda, databaseChangeLog=master.changelog.json}
?[m?[37m[INFO] 22:15:48,093 [Test worker] jvm.JdbcExecutor. - ALTER TABLE PUBLIC.vault_linear_states_parts ADD CONSTRAINT FK__lin_stat_parts__lin_stat FOREIGN KEY (transaction_id, output_index) REFERENCES PUBLIC.vault_linear_states (transaction_id, output_index) {changeSet=migration/vault-schema.changelog-v13.xml::vault_transaction_id_size_2::R3.Corda, databaseChangeLog=master.changelog.json}
?[m?[37m[INFO] 22:15:48,096 [Test worker] changelog.ChangeSet. - Foreign key constraint added to vault_linear_states_parts (transaction_id,output_index) {changeSet=migration/vault-schema.changelog-v13.xml::vault_transaction_id_size_2::R3.Corda, databaseChangeLog=master.changelog.json}
?[m?[37m[INFO] 22:15:48,098 [Test worker] jvm.JdbcExecutor. - CREATE VIEW PUBLIC.v_pkey_hash_ex_id_map AS select
            state_party.public_key_hash,
            state_party.transaction_id,
            state_party.output_index,
            pk_hash_to_ext_id_map.external_id
            from state_party
            join pk_hash_to_ext_id_map
            on state_party.public_key_hash = pk_hash_to_ext_id_map.public_key_hash {changeSet=migration/vault-schema.changelog-v13.xml::vault_transaction_id_size_2::R3.Corda, databaseChangeLog=master.changelog.json}
?[m?[37m[INFO] 22:15:48,100 [Test worker] changelog.ChangeSet. - View v_pkey_hash_ex_id_map created {changeSet=migration/vault-schema.changelog-v13.xml::vault_transaction_id_size_2::R3.Corda, databaseChangeLog=master.changelog.json}
?[m?[37m[INFO] 22:15:48,100 [Test worker] changelog.ChangeSet. - ChangeSet migration/vault-schema.changelog-v13.xml::vault_transaction_id_size_2::R3.Corda ran successfully in 15ms {changeSet=migration/vault-schema.changelog-v13.xml::vault_transaction_id_size_2::R3.Corda, databaseChangeLog=master.changelog.json}
?[m?[37m[INFO] 22:15:48,102 [Test worker] jvm.JdbcExecutor. - INSERT INTO PUBLIC.DATABASECHANGELOG (ID, AUTHOR, FILENAME, DATEEXECUTED, ORDEREXECUTED, MD5SUM, DESCRIPTION, COMMENTS, EXECTYPE, CONTEXTS, LABELS, LIQUIBASE, DEPLOYMENT_ID) VALUES ('vault_transaction_id_size_2', 'R3.Corda', 'migration/vault-schema.changelog-v13.xml', NOW(), 98, '8:39d3cb14fba7c771c1fd93a8ec497365', 'addForeignKeyConstraint baseTableName=vault_fungible_states_parts, constraintName=FK__fung_st_parts__fung_st, referencedTableName=vault_fungible_states; addForeignKeyConstraint baseTableName=vault_linear_states_parts, constraintName=FK__lin_stat_p...', '', 'EXECUTED', NULL, NULL, '3.6.3', '8452947939') {changeSet=migration/vault-schema.changelog-v13.xml::vault_transaction_id_size_2::R3.Corda, databaseChangeLog=master.changelog.json}
?[m?[37m[INFO] 22:15:48,106 [Test worker] jvm.JdbcExecutor. - ALTER TABLE PUBLIC.node_identities_no_cert ADD owning_pk_hash NVARCHAR(130) {changeSet=migration/node-services.changelog-init.xml::identity_service_key_rotation::R3.Corda, databaseChangeLog=master.changelog.json}
?[m?[37m[INFO] 22:15:48,115 [Test worker] changelog.ChangeSet. - Columns owning_pk_hash(NVARCHAR(130)) added to node_identities_no_cert {changeSet=migration/node-services.changelog-init.xml::identity_service_key_rotation::R3.Corda, databaseChangeLog=master.changelog.json}
?[m?[37m[INFO] 22:15:48,116 [Test worker] jvm.JdbcExecutor. - UPDATE node_identities_no_cert SET owning_pk_hash =
            (SELECT pk_hash FROM node_named_identities WHERE node_named_identities.name = node_identities_no_cert.name) {changeSet=migration/node-services.changelog-init.xml::identity_service_key_rotation::R3.Corda, databaseChangeLog=master.changelog.json}
?[m?[37m[INFO] 22:15:48,116 [Test worker] changelog.ChangeSet. - Custom SQL executed {changeSet=migration/node-services.changelog-init.xml::identity_service_key_rotation::R3.Corda, databaseChangeLog=master.changelog.json}
?[m?[37m[INFO] 22:15:48,117 [Test worker] jvm.JdbcExecutor. - UPDATE node_identities_no_cert SET owning_pk_hash = 'unresolved' WHERE owning_pk_hash IS NULL {changeSet=migration/node-services.changelog-init.xml::identity_service_key_rotation::R3.Corda, databaseChangeLog=master.changelog.json}
?[m?[37m[INFO] 22:15:48,117 [Test worker] changelog.ChangeSet. - Custom SQL executed {changeSet=migration/node-services.changelog-init.xml::identity_service_key_rotation::R3.Corda, databaseChangeLog=master.changelog.json}
?[m?[37m[INFO] 22:15:48,117 [Test worker] jvm.JdbcExecutor. - ALTER TABLE PUBLIC.node_identities_no_cert ALTER COLUMN owning_pk_hash SET NOT NULL {changeSet=migration/node-services.changelog-init.xml::identity_service_key_rotation::R3.Corda, databaseChangeLog=master.changelog.json}
?[m?[37m[INFO] 22:15:48,119 [Test worker] changelog.ChangeSet. - NOT NULL constraint has been added to node_identities_no_cert.owning_pk_hash {changeSet=migration/node-services.changelog-init.xml::identity_service_key_rotation::R3.Corda, databaseChangeLog=master.changelog.json}
?[m?[37m[INFO] 22:15:48,119 [Test worker] jvm.JdbcExecutor. - DROP TABLE PUBLIC.node_named_identities {changeSet=migration/node-services.changelog-init.xml::identity_service_key_rotation::R3.Corda, databaseChangeLog=master.changelog.json}
?[m?[37m[INFO] 22:15:48,121 [Test worker] changelog.ChangeSet. - Table node_named_identities dropped {changeSet=migration/node-services.changelog-init.xml::identity_service_key_rotation::R3.Corda, databaseChangeLog=master.changelog.json}
?[m?[37m[INFO] 22:15:48,121 [Test worker] changelog.ChangeSet. - ChangeSet migration/node-services.changelog-init.xml::identity_service_key_rotation::R3.Corda ran successfully in 16ms {changeSet=migration/node-services.changelog-init.xml::identity_service_key_rotation::R3.Corda, databaseChangeLog=master.changelog.json}
?[m?[37m[INFO] 22:15:48,122 [Test worker] jvm.JdbcExecutor. - INSERT INTO PUBLIC.DATABASECHANGELOG (ID, AUTHOR, FILENAME, DATEEXECUTED, ORDEREXECUTED, MD5SUM, DESCRIPTION, COMMENTS, EXECTYPE, CONTEXTS, LABELS, LIQUIBASE, DEPLOYMENT_ID) VALUES ('identity_service_key_rotation', 'R3.Corda', 'migration/node-services.changelog-init.xml', NOW(), 99, '8:45514f858c3ac818303f4ef9950eda23', 'addColumn tableName=node_identities_no_cert; sql; sql; addNotNullConstraint columnName=owning_pk_hash, tableName=node_identities_no_cert; dropTable tableName=node_named_identities', '', 'EXECUTED', NULL, NULL, '3.6.3', '8452947939') {changeSet=migration/node-services.changelog-init.xml::identity_service_key_rotation::R3.Corda, databaseChangeLog=master.changelog.json}
?[m?[37m[INFO] 22:15:48,124 [Test worker] jvm.JdbcExecutor. - DROP TABLE PUBLIC.node_checkpoints {changeSet=migration/node-services.changelog-init.xml::add_new_checkpoints_table::R3.Corda, databaseChangeLog=master.changelog.json}
?[m?[37m[INFO] 22:15:48,128 [Test worker] changelog.ChangeSet. - Table node_checkpoints dropped {changeSet=migration/node-services.changelog-init.xml::add_new_checkpoints_table::R3.Corda, databaseChangeLog=master.changelog.json}
?[m?[37m[INFO] 22:15:48,129 [Test worker] jvm.JdbcExecutor. - CREATE TABLE PUBLIC.node_checkpoints (flow_id NVARCHAR(64) NOT NULL, status INT NOT NULL, compatible BOOLEAN NOT NULL, progress_step NVARCHAR(256), flow_io_request NVARCHAR(128), timestamp TIMESTAMP NOT NULL) {changeSet=migration/node-services.changelog-init.xml::add_new_checkpoints_table::R3.Corda, databaseChangeLog=master.changelog.json}
?[m?[37m[INFO] 22:15:48,130 [Test worker] changelog.ChangeSet. - Table node_checkpoints created {changeSet=migration/node-services.changelog-init.xml::add_new_checkpoints_table::R3.Corda, databaseChangeLog=master.changelog.json}
?[m?[37m[INFO] 22:15:48,131 [Test worker] changelog.ChangeSet. - ChangeSet migration/node-services.changelog-init.xml::add_new_checkpoints_table::R3.Corda ran successfully in 8ms {changeSet=migration/node-services.changelog-init.xml::add_new_checkpoints_table::R3.Corda, databaseChangeLog=master.changelog.json}
?[m?[37m[INFO] 22:15:48,132 [Test worker] jvm.JdbcExecutor. - INSERT INTO PUBLIC.DATABASECHANGELOG (ID, AUTHOR, FILENAME, DATEEXECUTED, ORDEREXECUTED, MD5SUM, DESCRIPTION, COMMENTS, EXECTYPE, CONTEXTS, LABELS, LIQUIBASE, DEPLOYMENT_ID) VALUES ('add_new_checkpoints_table', 'R3.Corda', 'migration/node-services.changelog-init.xml', NOW(), 100, '8:cc00474f248a40e330cf0f42c5b7e1a6', 'dropTable tableName=node_checkpoints; createTable tableName=node_checkpoints', '', 'EXECUTED', NULL, NULL, '3.6.3', '8452947939') {changeSet=migration/node-services.changelog-init.xml::add_new_checkpoints_table::R3.Corda, databaseChangeLog=master.changelog.json}
?[m?[37m[INFO] 22:15:48,134 [Test worker] jvm.JdbcExecutor. - CREATE TABLE PUBLIC.node_checkpoint_blobs (flow_id NVARCHAR(64) NOT NULL, checkpoint_value BLOB NOT NULL, flow_state BLOB, timestamp TIMESTAMP NOT NULL, hmac VARBINARY(32) NOT NULL) {changeSet=migration/node-services.changelog-init.xml::add_new_checkpoint_blob_table::R3.Corda, databaseChangeLog=master.changelog.json}
?[m?[37m[INFO] 22:15:48,135 [Test worker] changelog.ChangeSet. - Table node_checkpoint_blobs created {changeSet=migration/node-services.changelog-init.xml::add_new_checkpoint_blob_table::R3.Corda, databaseChangeLog=master.changelog.json}
?[m?[37m[INFO] 22:15:48,135 [Test worker] changelog.ChangeSet. - ChangeSet migration/node-services.changelog-init.xml::add_new_checkpoint_blob_table::R3.Corda ran successfully in 2ms {changeSet=migration/node-services.changelog-init.xml::add_new_checkpoint_blob_table::R3.Corda, databaseChangeLog=master.changelog.json}
?[m?[37m[INFO] 22:15:48,136 [Test worker] jvm.JdbcExecutor. - INSERT INTO PUBLIC.DATABASECHANGELOG (ID, AUTHOR, FILENAME, DATEEXECUTED, ORDEREXECUTED, MD5SUM, DESCRIPTION, COMMENTS, EXECTYPE, CONTEXTS, LABELS, LIQUIBASE, DEPLOYMENT_ID) VALUES ('add_new_checkpoint_blob_table', 'R3.Corda', 'migration/node-services.changelog-init.xml', NOW(), 101, '8:e973d6b794fe4753423964b13fe9fbe6', 'createTable tableName=node_checkpoint_blobs', '', 'EXECUTED', NULL, NULL, '3.6.3', '8452947939') {changeSet=migration/node-services.changelog-init.xml::add_new_checkpoint_blob_table::R3.Corda, databaseChangeLog=master.changelog.json}
?[m?[37m[INFO] 22:15:48,139 [Test worker] jvm.JdbcExecutor. - CREATE TABLE PUBLIC.node_flow_results (flow_id NVARCHAR(64) NOT NULL, result_value BLOB, timestamp TIMESTAMP NOT NULL) {changeSet=migration/node-services.changelog-init.xml::add_new_flow_result_table::R3.Corda, databaseChangeLog=master.changelog.json}
?[m?[37m[INFO] 22:15:48,140 [Test worker] changelog.ChangeSet. - Table node_flow_results created {changeSet=migration/node-services.changelog-init.xml::add_new_flow_result_table::R3.Corda, databaseChangeLog=master.changelog.json}
?[m?[37m[INFO] 22:15:48,140 [Test worker] changelog.ChangeSet. - ChangeSet migration/node-services.changelog-init.xml::add_new_flow_result_table::R3.Corda ran successfully in 2ms {changeSet=migration/node-services.changelog-init.xml::add_new_flow_result_table::R3.Corda, databaseChangeLog=master.changelog.json}
?[m?[37m[INFO] 22:15:48,141 [Test worker] jvm.JdbcExecutor. - INSERT INTO PUBLIC.DATABASECHANGELOG (ID, AUTHOR, FILENAME, DATEEXECUTED, ORDEREXECUTED, MD5SUM, DESCRIPTION, COMMENTS, EXECTYPE, CONTEXTS, LABELS, LIQUIBASE, DEPLOYMENT_ID) VALUES ('add_new_flow_result_table', 'R3.Corda', 'migration/node-services.changelog-init.xml', NOW(), 102, '8:79f1c80610f26db24d6ab757f57e68b7', 'createTable tableName=node_flow_results', '', 'EXECUTED', NULL, NULL, '3.6.3', '8452947939') {changeSet=migration/node-services.changelog-init.xml::add_new_flow_result_table::R3.Corda, databaseChangeLog=master.changelog.json}
?[m?[37m[INFO] 22:15:48,144 [Test worker] jvm.JdbcExecutor. - CREATE TABLE PUBLIC.node_flow_exceptions (flow_id NVARCHAR(64) NOT NULL, type NVARCHAR(256) NOT NULL, exception_message NVARCHAR(2000), stack_trace NVARCHAR(2000) NOT NULL, exception_value BLOB, timestamp TIMESTAMP NOT NULL) {changeSet=migration/node-services.changelog-init.xml::add_new_flow_exceptions_table::R3.Corda, databaseChangeLog=master.changelog.json}
?[m?[37m[INFO] 22:15:48,145 [Test worker] changelog.ChangeSet. - Table node_flow_exceptions created {changeSet=migration/node-services.changelog-init.xml::add_new_flow_exceptions_table::R3.Corda, databaseChangeLog=master.changelog.json}
?[m?[37m[INFO] 22:15:48,145 [Test worker] changelog.ChangeSet. - ChangeSet migration/node-services.changelog-init.xml::add_new_flow_exceptions_table::R3.Corda ran successfully in 2ms {changeSet=migration/node-services.changelog-init.xml::add_new_flow_exceptions_table::R3.Corda, databaseChangeLog=master.changelog.json}
?[m?[37m[INFO] 22:15:48,147 [Test worker] jvm.JdbcExecutor. - INSERT INTO PUBLIC.DATABASECHANGELOG (ID, AUTHOR, FILENAME, DATEEXECUTED, ORDEREXECUTED, MD5SUM, DESCRIPTION, COMMENTS, EXECTYPE, CONTEXTS, LABELS, LIQUIBASE, DEPLOYMENT_ID) VALUES ('add_new_flow_exceptions_table', 'R3.Corda', 'migration/node-services.changelog-init.xml', NOW(), 103, '8:fb0d523c5cf42025c566f105731b34a2', 'createTable tableName=node_flow_exceptions', '', 'EXECUTED', NULL, NULL, '3.6.3', '8452947939') {changeSet=migration/node-services.changelog-init.xml::add_new_flow_exceptions_table::R3.Corda, databaseChangeLog=master.changelog.json}
?[m?[37m[INFO] 22:15:48,150 [Test worker] jvm.JdbcExecutor. - CREATE TABLE PUBLIC.node_flow_metadata (flow_id NVARCHAR(64) NOT NULL, invocation_id NVARCHAR(128) NOT NULL, flow_name NVARCHAR(128) NOT NULL, flow_identifier NVARCHAR(512), started_type INT NOT NULL, flow_parameters BLOB NOT NULL, cordapp_name NVARCHAR(128) NOT NULL, platform_version INT NOT NULL, started_by NVARCHAR(128) NOT NULL, invocation_time TIMESTAMP NOT NULL, start_time TIMESTAMP NOT NULL, finish_time TIMESTAMP) {changeSet=migration/node-services.changelog-init.xml::add_new_flow_metadata_table::R3.Corda, databaseChangeLog=master.changelog.json}
?[m?[37m[INFO] 22:15:48,151 [Test worker] changelog.ChangeSet. - Table node_flow_metadata created {changeSet=migration/node-services.changelog-init.xml::add_new_flow_metadata_table::R3.Corda, databaseChangeLog=master.changelog.json}
?[m?[37m[INFO] 22:15:48,152 [Test worker] changelog.ChangeSet. - ChangeSet migration/node-services.changelog-init.xml::add_new_flow_metadata_table::R3.Corda ran successfully in 2ms {changeSet=migration/node-services.changelog-init.xml::add_new_flow_metadata_table::R3.Corda, databaseChangeLog=master.changelog.json}
?[m?[37m[INFO] 22:15:48,153 [Test worker] jvm.JdbcExecutor. - INSERT INTO PUBLIC.DATABASECHANGELOG (ID, AUTHOR, FILENAME, DATEEXECUTED, ORDEREXECUTED, MD5SUM, DESCRIPTION, COMMENTS, EXECTYPE, CONTEXTS, LABELS, LIQUIBASE, DEPLOYMENT_ID) VALUES ('add_new_flow_metadata_table', 'R3.Corda', 'migration/node-services.changelog-init.xml', NOW(), 104, '8:edede3ddf0425fb6d012735a7415013e', 'createTable tableName=node_flow_metadata', '', 'EXECUTED', NULL, NULL, '3.6.3', '8452947939') {changeSet=migration/node-services.changelog-init.xml::add_new_flow_metadata_table::R3.Corda, databaseChangeLog=master.changelog.json}
?[m?[37m[INFO] 22:15:48,155 [Test worker] jvm.JdbcExecutor. - ALTER TABLE PUBLIC.node_checkpoints ADD CONSTRAINT node_checkpoints_pk PRIMARY KEY (flow_id) {changeSet=migration/node-services.changelog-init.xml::add_new_checkpoint_schema_primary_keys-h2_postgres_oracle::R3.Corda, databaseChangeLog=master.changelog.json}
?[m?[37m[INFO] 22:15:48,156 [Test worker] changelog.ChangeSet. - Primary key added to node_checkpoints (flow_id) {changeSet=migration/node-services.changelog-init.xml::add_new_checkpoint_schema_primary_keys-h2_postgres_oracle::R3.Corda, databaseChangeLog=master.changelog.json}
?[m?[37m[INFO] 22:15:48,156 [Test worker] changelog.ChangeSet. - ChangeSet migration/node-services.changelog-init.xml::add_new_checkpoint_schema_primary_keys-h2_postgres_oracle::R3.Corda ran successfully in 2ms {changeSet=migration/node-services.changelog-init.xml::add_new_checkpoint_schema_primary_keys-h2_postgres_oracle::R3.Corda, databaseChangeLog=master.changelog.json}
?[m?[37m[INFO] 22:15:48,157 [Test worker] jvm.JdbcExecutor. - INSERT INTO PUBLIC.DATABASECHANGELOG (ID, AUTHOR, FILENAME, DATEEXECUTED, ORDEREXECUTED, MD5SUM, DESCRIPTION, COMMENTS, EXECTYPE, CONTEXTS, LABELS, LIQUIBASE, DEPLOYMENT_ID) VALUES ('add_new_checkpoint_schema_primary_keys-h2_postgres_oracle', 'R3.Corda', 'migration/node-services.changelog-init.xml', NOW(), 105, '8:23141f3e3b5917c1cd0196f7b03b8f71', 'addPrimaryKey constraintName=node_checkpoints_pk, tableName=node_checkpoints', '', 'EXECUTED', NULL, NULL, '3.6.3', '8452947939') {changeSet=migration/node-services.changelog-init.xml::add_new_checkpoint_schema_primary_keys-h2_postgres_oracle::R3.Corda, databaseChangeLog=master.changelog.json}
?[m?[37m[INFO] 22:15:48,160 [Test worker] jvm.JdbcExecutor. - CREATE UNIQUE INDEX PUBLIC.node_checkpoint_blobs_idx ON PUBLIC.node_checkpoint_blobs(flow_id) {changeSet=migration/node-services.changelog-init.xml::add_new_checkpoint_schema_indexes::R3.Corda, databaseChangeLog=master.changelog.json}
?[m?[37m[INFO] 22:15:48,161 [Test worker] changelog.ChangeSet. - Index node_checkpoint_blobs_idx created {changeSet=migration/node-services.changelog-init.xml::add_new_checkpoint_schema_indexes::R3.Corda, databaseChangeLog=master.changelog.json}
?[m?[37m[INFO] 22:15:48,162 [Test worker] jvm.JdbcExecutor. - CREATE UNIQUE INDEX PUBLIC.node_flow_results_idx ON PUBLIC.node_flow_results(flow_id) {changeSet=migration/node-services.changelog-init.xml::add_new_checkpoint_schema_indexes::R3.Corda, databaseChangeLog=master.changelog.json}
?[m?[37m[INFO] 22:15:48,163 [Test worker] changelog.ChangeSet. - Index node_flow_results_idx created {changeSet=migration/node-services.changelog-init.xml::add_new_checkpoint_schema_indexes::R3.Corda, databaseChangeLog=master.changelog.json}
?[m?[37m[INFO] 22:15:48,163 [Test worker] jvm.JdbcExecutor. - CREATE UNIQUE INDEX PUBLIC.node_flow_exceptions_idx ON PUBLIC.node_flow_exceptions(flow_id) {changeSet=migration/node-services.changelog-init.xml::add_new_checkpoint_schema_indexes::R3.Corda, databaseChangeLog=master.changelog.json}
?[m?[37m[INFO] 22:15:48,165 [Test worker] changelog.ChangeSet. - Index node_flow_exceptions_idx created {changeSet=migration/node-services.changelog-init.xml::add_new_checkpoint_schema_indexes::R3.Corda, databaseChangeLog=master.changelog.json}
?[m?[37m[INFO] 22:15:48,165 [Test worker] jvm.JdbcExecutor. - CREATE UNIQUE INDEX PUBLIC.node_flow_metadata_idx ON PUBLIC.node_flow_metadata(flow_id) {changeSet=migration/node-services.changelog-init.xml::add_new_checkpoint_schema_indexes::R3.Corda, databaseChangeLog=master.changelog.json}
?[m?[37m[INFO] 22:15:48,167 [Test worker] changelog.ChangeSet. - Index node_flow_metadata_idx created {changeSet=migration/node-services.changelog-init.xml::add_new_checkpoint_schema_indexes::R3.Corda, databaseChangeLog=master.changelog.json}
?[m?[37m[INFO] 22:15:48,167 [Test worker] changelog.ChangeSet. - ChangeSet migration/node-services.changelog-init.xml::add_new_checkpoint_schema_indexes::R3.Corda ran successfully in 8ms {changeSet=migration/node-services.changelog-init.xml::add_new_checkpoint_schema_indexes::R3.Corda, databaseChangeLog=master.changelog.json}
?[m?[37m[INFO] 22:15:48,168 [Test worker] jvm.JdbcExecutor. - INSERT INTO PUBLIC.DATABASECHANGELOG (ID, AUTHOR, FILENAME, DATEEXECUTED, ORDEREXECUTED, MD5SUM, DESCRIPTION, COMMENTS, EXECTYPE, CONTEXTS, LABELS, LIQUIBASE, DEPLOYMENT_ID) VALUES ('add_new_checkpoint_schema_indexes', 'R3.Corda', 'migration/node-services.changelog-init.xml', NOW(), 106, '8:56612ddd39f61523990e27c1b429f467', 'createIndex indexName=node_checkpoint_blobs_idx, tableName=node_checkpoint_blobs; createIndex indexName=node_flow_results_idx, tableName=node_flow_results; createIndex indexName=node_flow_exceptions_idx, tableName=node_flow_exceptions; createIndex...', '', 'EXECUTED', NULL, NULL, '3.6.3', '8452947939') {changeSet=migration/node-services.changelog-init.xml::add_new_checkpoint_schema_indexes::R3.Corda, databaseChangeLog=master.changelog.json}
?[m?[37m[INFO] 22:15:48,170 [Test worker] jvm.JdbcExecutor. - ALTER TABLE PUBLIC.node_transactions DROP PRIMARY KEY {changeSet=migration/node-core.changelog-v21.xml::node_transaction_id_size::R3.Corda, databaseChangeLog=master.changelog.json}
?[m?[37m[INFO] 22:15:48,172 [Test worker] changelog.ChangeSet. - Primary key dropped from node_transactions {changeSet=migration/node-core.changelog-v21.xml::node_transaction_id_size::R3.Corda, databaseChangeLog=master.changelog.json}
?[m?[37m[INFO] 22:15:48,172 [Test worker] jvm.JdbcExecutor. - ALTER TABLE PUBLIC.node_scheduled_states DROP PRIMARY KEY {changeSet=migration/node-core.changelog-v21.xml::node_transaction_id_size::R3.Corda, databaseChangeLog=master.changelog.json}
?[m?[37m[INFO] 22:15:48,173 [Test worker] changelog.ChangeSet. - Primary key dropped from node_scheduled_states {changeSet=migration/node-core.changelog-v21.xml::node_transaction_id_size::R3.Corda, databaseChangeLog=master.changelog.json}
?[m?[37m[INFO] 22:15:48,174 [Test worker] jvm.JdbcExecutor. - ALTER TABLE PUBLIC.node_transactions ALTER COLUMN tx_id SET NULL {changeSet=migration/node-core.changelog-v21.xml::node_transaction_id_size::R3.Corda, databaseChangeLog=master.changelog.json}
?[m?[37m[INFO] 22:15:48,175 [Test worker] changelog.ChangeSet. - Null constraint dropped from node_transactions.tx_id {changeSet=migration/node-core.changelog-v21.xml::node_transaction_id_size::R3.Corda, databaseChangeLog=master.changelog.json}
?[m?[37m[INFO] 22:15:48,175 [Test worker] jvm.JdbcExecutor. - ALTER TABLE PUBLIC.node_scheduled_states ALTER COLUMN transaction_id SET NULL {changeSet=migration/node-core.changelog-v21.xml::node_transaction_id_size::R3.Corda, databaseChangeLog=master.changelog.json}
?[m?[37m[INFO] 22:15:48,176 [Test worker] changelog.ChangeSet. - Null constraint dropped from node_scheduled_states.transaction_id {changeSet=migration/node-core.changelog-v21.xml::node_transaction_id_size::R3.Corda, databaseChangeLog=master.changelog.json}
?[m?[37m[INFO] 22:15:48,177 [Test worker] jvm.JdbcExecutor. - ALTER TABLE PUBLIC.node_transactions ALTER COLUMN tx_id NVARCHAR(144) {changeSet=migration/node-core.changelog-v21.xml::node_transaction_id_size::R3.Corda, databaseChangeLog=master.changelog.json}
?[m?[37m[INFO] 22:15:48,182 [Test worker] changelog.ChangeSet. - node_transactions.tx_id datatype was changed to NVARCHAR(144) {changeSet=migration/node-core.changelog-v21.xml::node_transaction_id_size::R3.Corda, databaseChangeLog=master.changelog.json}
?[m?[37m[INFO] 22:15:48,182 [Test worker] jvm.JdbcExecutor. - ALTER TABLE PUBLIC.node_scheduled_states ALTER COLUMN transaction_id NVARCHAR(144) {changeSet=migration/node-core.changelog-v21.xml::node_transaction_id_size::R3.Corda, databaseChangeLog=master.changelog.json}
?[m?[37m[INFO] 22:15:48,187 [Test worker] changelog.ChangeSet. - node_scheduled_states.transaction_id datatype was changed to NVARCHAR(144) {changeSet=migration/node-core.changelog-v21.xml::node_transaction_id_size::R3.Corda, databaseChangeLog=master.changelog.json}
?[m?[37m[INFO] 22:15:48,187 [Test worker] jvm.JdbcExecutor. - ALTER TABLE PUBLIC.node_transactions ALTER COLUMN tx_id SET NOT NULL {changeSet=migration/node-core.changelog-v21.xml::node_transaction_id_size::R3.Corda, databaseChangeLog=master.changelog.json}
?[m?[37m[INFO] 22:15:48,188 [Test worker] changelog.ChangeSet. - NOT NULL constraint has been added to node_transactions.tx_id {changeSet=migration/node-core.changelog-v21.xml::node_transaction_id_size::R3.Corda, databaseChangeLog=master.changelog.json}
?[m?[37m[INFO] 22:15:48,189 [Test worker] jvm.JdbcExecutor. - ALTER TABLE PUBLIC.node_scheduled_states ALTER COLUMN transaction_id SET NOT NULL {changeSet=migration/node-core.changelog-v21.xml::node_transaction_id_size::R3.Corda, databaseChangeLog=master.changelog.json}
?[m?[37m[INFO] 22:15:48,190 [Test worker] changelog.ChangeSet. - NOT NULL constraint has been added to node_scheduled_states.transaction_id {changeSet=migration/node-core.changelog-v21.xml::node_transaction_id_size::R3.Corda, databaseChangeLog=master.changelog.json}
?[m?[37m[INFO] 22:15:48,190 [Test worker] jvm.JdbcExecutor. - ALTER TABLE PUBLIC.node_transactions ADD CONSTRAINT node_transactions_pkey PRIMARY KEY (tx_id) {changeSet=migration/node-core.changelog-v21.xml::node_transaction_id_size::R3.Corda, databaseChangeLog=master.changelog.json}
?[m?[37m[INFO] 22:15:48,192 [Test worker] changelog.ChangeSet. - Primary key added to node_transactions (tx_id) {changeSet=migration/node-core.changelog-v21.xml::node_transaction_id_size::R3.Corda, databaseChangeLog=master.changelog.json}
?[m?[37m[INFO] 22:15:48,192 [Test worker] jvm.JdbcExecutor. - ALTER TABLE PUBLIC.node_scheduled_states ADD CONSTRAINT node_scheduled_states_pkey PRIMARY KEY (output_index, transaction_id) {changeSet=migration/node-core.changelog-v21.xml::node_transaction_id_size::R3.Corda, databaseChangeLog=master.changelog.json}
?[m?[37m[INFO] 22:15:48,194 [Test worker] changelog.ChangeSet. - Primary key added to node_scheduled_states (output_index, transaction_id) {changeSet=migration/node-core.changelog-v21.xml::node_transaction_id_size::R3.Corda, databaseChangeLog=master.changelog.json}
?[m?[37m[INFO] 22:15:48,194 [Test worker] changelog.ChangeSet. - ChangeSet migration/node-core.changelog-v21.xml::node_transaction_id_size::R3.Corda ran successfully in 24ms {changeSet=migration/node-core.changelog-v21.xml::node_transaction_id_size::R3.Corda, databaseChangeLog=master.changelog.json}
?[m?[37m[INFO] 22:15:48,195 [Test worker] jvm.JdbcExecutor. - INSERT INTO PUBLIC.DATABASECHANGELOG (ID, AUTHOR, FILENAME, DATEEXECUTED, ORDEREXECUTED, MD5SUM, DESCRIPTION, COMMENTS, EXECTYPE, CONTEXTS, LABELS, LIQUIBASE, DEPLOYMENT_ID) VALUES ('node_transaction_id_size', 'R3.Corda', 'migration/node-core.changelog-v21.xml', NOW(), 107, '8:9267fdf76dd8a7da392f65d5422718c3', 'dropPrimaryKey constraintName=node_transactions_pkey, tableName=node_transactions; dropPrimaryKey constraintName=node_scheduled_states_pkey, tableName=node_scheduled_states; dropNotNullConstraint columnName=tx_id, tableName=node_transactions; drop...', '', 'EXECUTED', NULL, NULL, '3.6.3', '8452947939') {changeSet=migration/node-core.changelog-v21.xml::node_transaction_id_size::R3.Corda, databaseChangeLog=master.changelog.json}
?[m?[37m[INFO] 22:15:48,198 [Test worker] jvm.JdbcExecutor. - INSERT INTO PUBLIC.DATABASECHANGELOG (ID, AUTHOR, FILENAME, DATEEXECUTED, ORDEREXECUTED, MD5SUM, DESCRIPTION, COMMENTS, EXECTYPE, CONTEXTS, LABELS, LIQUIBASE, DEPLOYMENT_ID) VALUES ('node_transaction_id_size_non-clustered_pk', 'R3.Corda', 'migration/node-core.changelog-v21.xml', NOW(), 108, '8:64773359f27e2f85fe6df6097823ce69', 'dropPrimaryKey constraintName=node_transactions_pkey, tableName=node_transactions; addPrimaryKey constraintName=node_transactions_pkey, tableName=node_transactions', '', 'MARK_RAN', NULL, NULL, '3.6.3', '8452947939') {changeSet=migration/node-core.changelog-v21.xml::node_transaction_id_size_non-clustered_pk::R3.Corda, databaseChangeLog=master.changelog.json}
?[m?[37m[INFO] 22:15:48,200 [Test worker] jvm.JdbcExecutor. - ALTER TABLE PUBLIC.node_contract_upgrades DROP PRIMARY KEY {changeSet=migration/node-core.changelog-v21.xml::node_contract_upgrades_state_ref_size::R3.Corda, databaseChangeLog=master.changelog.json}
?[m?[37m[INFO] 22:15:48,202 [Test worker] changelog.ChangeSet. - Primary key dropped from node_contract_upgrades {changeSet=migration/node-core.changelog-v21.xml::node_contract_upgrades_state_ref_size::R3.Corda, databaseChangeLog=master.changelog.json}
?[m?[37m[INFO] 22:15:48,202 [Test worker] jvm.JdbcExecutor. - ALTER TABLE PUBLIC.node_contract_upgrades ALTER COLUMN state_ref SET NULL {changeSet=migration/node-core.changelog-v21.xml::node_contract_upgrades_state_ref_size::R3.Corda, databaseChangeLog=master.changelog.json}
?[m?[37m[INFO] 22:15:48,203 [Test worker] changelog.ChangeSet. - Null constraint dropped from node_contract_upgrades.state_ref {changeSet=migration/node-core.changelog-v21.xml::node_contract_upgrades_state_ref_size::R3.Corda, databaseChangeLog=master.changelog.json}
?[m?[37m[INFO] 22:15:48,203 [Test worker] jvm.JdbcExecutor. - ALTER TABLE PUBLIC.node_contract_upgrades ALTER COLUMN state_ref NVARCHAR(176) {changeSet=migration/node-core.changelog-v21.xml::node_contract_upgrades_state_ref_size::R3.Corda, databaseChangeLog=master.changelog.json}
?[m?[37m[INFO] 22:15:48,208 [Test worker] changelog.ChangeSet. - node_contract_upgrades.state_ref datatype was changed to NVARCHAR(176) {changeSet=migration/node-core.changelog-v21.xml::node_contract_upgrades_state_ref_size::R3.Corda, databaseChangeLog=master.changelog.json}
?[m?[37m[INFO] 22:15:48,208 [Test worker] jvm.JdbcExecutor. - ALTER TABLE PUBLIC.node_contract_upgrades ALTER COLUMN state_ref SET NOT NULL {changeSet=migration/node-core.changelog-v21.xml::node_contract_upgrades_state_ref_size::R3.Corda, databaseChangeLog=master.changelog.json}
?[m?[37m[INFO] 22:15:48,209 [Test worker] changelog.ChangeSet. - NOT NULL constraint has been added to node_contract_upgrades.state_ref {changeSet=migration/node-core.changelog-v21.xml::node_contract_upgrades_state_ref_size::R3.Corda, databaseChangeLog=master.changelog.json}
?[m?[37m[INFO] 22:15:48,210 [Test worker] jvm.JdbcExecutor. - ALTER TABLE PUBLIC.node_contract_upgrades ADD CONSTRAINT node_contract_upgrades_pkey PRIMARY KEY (state_ref) {changeSet=migration/node-core.changelog-v21.xml::node_contract_upgrades_state_ref_size::R3.Corda, databaseChangeLog=master.changelog.json}
?[m?[37m[INFO] 22:15:48,211 [Test worker] changelog.ChangeSet. - Primary key added to node_contract_upgrades (state_ref) {changeSet=migration/node-core.changelog-v21.xml::node_contract_upgrades_state_ref_size::R3.Corda, databaseChangeLog=master.changelog.json}
?[m?[37m[INFO] 22:15:48,211 [Test worker] changelog.ChangeSet. - ChangeSet migration/node-core.changelog-v21.xml::node_contract_upgrades_state_ref_size::R3.Corda ran successfully in 11ms {changeSet=migration/node-core.changelog-v21.xml::node_contract_upgrades_state_ref_size::R3.Corda, databaseChangeLog=master.changelog.json}
?[m?[37m[INFO] 22:15:48,212 [Test worker] jvm.JdbcExecutor. - INSERT INTO PUBLIC.DATABASECHANGELOG (ID, AUTHOR, FILENAME, DATEEXECUTED, ORDEREXECUTED, MD5SUM, DESCRIPTION, COMMENTS, EXECTYPE, CONTEXTS, LABELS, LIQUIBASE, DEPLOYMENT_ID) VALUES ('node_contract_upgrades_state_ref_size', 'R3.Corda', 'migration/node-core.changelog-v21.xml', NOW(), 109, '8:25a17205698e008ce77364ab975aa8b3', 'dropPrimaryKey constraintName=node_contract_upgrades_pkey, tableName=node_contract_upgrades; dropNotNullConstraint columnName=state_ref, tableName=node_contract_upgrades; modifyDataType columnName=state_ref, tableName=node_contract_upgrades; addNo...', '', 'EXECUTED', NULL, NULL, '3.6.3', '8452947939') {changeSet=migration/node-core.changelog-v21.xml::node_contract_upgrades_state_ref_size::R3.Corda, databaseChangeLog=master.changelog.json}
?[m?[37m[INFO] 22:15:48,216 [Test worker] jvm.JdbcExecutor. - CREATE TABLE PUBLIC.node_notary_committed_states (output_index INT NOT NULL, transaction_id NVARCHAR(64) NOT NULL, consuming_transaction_id NVARCHAR(64)) {changeSet=migration/node-services.changelog-init.xml::1511451595465-16::R3.Corda, databaseChangeLog=master.changelog.json}
?[m?[37m[INFO] 22:15:48,217 [Test worker] changelog.ChangeSet. - Table node_notary_committed_states created {changeSet=migration/node-services.changelog-init.xml::1511451595465-16::R3.Corda, databaseChangeLog=master.changelog.json}
?[m?[37m[INFO] 22:15:48,217 [Test worker] changelog.ChangeSet. - ChangeSet migration/node-services.changelog-init.xml::1511451595465-16::R3.Corda ran successfully in 2ms {changeSet=migration/node-services.changelog-init.xml::1511451595465-16::R3.Corda, databaseChangeLog=master.changelog.json}
?[m?[37m[INFO] 22:15:48,218 [Test worker] jvm.JdbcExecutor. - INSERT INTO PUBLIC.DATABASECHANGELOG (ID, AUTHOR, FILENAME, DATEEXECUTED, ORDEREXECUTED, MD5SUM, DESCRIPTION, COMMENTS, EXECTYPE, CONTEXTS, LABELS, LIQUIBASE, DEPLOYMENT_ID) VALUES ('1511451595465-16', 'R3.Corda', 'migration/node-services.changelog-init.xml', NOW(), 110, '8:202eb6144ca2ddf982810c5b333117b8', 'createTable tableName=node_notary_committed_states', '', 'EXECUTED', NULL, NULL, '3.6.3', '8452947939') {changeSet=migration/node-services.changelog-init.xml::1511451595465-16::R3.Corda, databaseChangeLog=master.changelog.json}
?[m?[37m[INFO] 22:15:48,220 [Test worker] jvm.JdbcExecutor. - CREATE TABLE PUBLIC.node_notary_request_log (id INT NOT NULL, consuming_transaction_id NVARCHAR(64) NOT NULL, requesting_party_name NVARCHAR(255) NOT NULL, request_timestamp TIMESTAMP NOT NULL, request_signature BLOB NOT NULL) {changeSet=migration/node-services.changelog-init.xml::1521131680317-17::R3.Corda, databaseChangeLog=master.changelog.json}
?[m?[37m[INFO] 22:15:48,222 [Test worker] changelog.ChangeSet. - Table node_notary_request_log created {changeSet=migration/node-services.changelog-init.xml::1521131680317-17::R3.Corda, databaseChangeLog=master.changelog.json}
?[m?[37m[INFO] 22:15:48,222 [Test worker] changelog.ChangeSet. - ChangeSet migration/node-services.changelog-init.xml::1521131680317-17::R3.Corda ran successfully in 2ms {changeSet=migration/node-services.changelog-init.xml::1521131680317-17::R3.Corda, databaseChangeLog=master.changelog.json}
?[m?[37m[INFO] 22:15:48,223 [Test worker] jvm.JdbcExecutor. - INSERT INTO PUBLIC.DATABASECHANGELOG (ID, AUTHOR, FILENAME, DATEEXECUTED, ORDEREXECUTED, MD5SUM, DESCRIPTION, COMMENTS, EXECTYPE, CONTEXTS, LABELS, LIQUIBASE, DEPLOYMENT_ID) VALUES ('1521131680317-17', 'R3.Corda', 'migration/node-services.changelog-init.xml', NOW(), 111, '8:da67caf796d1a61c253ac38815a6fa6b', 'createTable tableName=node_notary_request_log', '', 'EXECUTED', NULL, NULL, '3.6.3', '8452947939') {changeSet=migration/node-services.changelog-init.xml::1521131680317-17::R3.Corda, databaseChangeLog=master.changelog.json}
?[m?[37m[INFO] 22:15:48,224 [Test worker] jvm.JdbcExecutor. - ALTER TABLE PUBLIC.node_notary_committed_states ADD CONSTRAINT node_notary_states_pkey PRIMARY KEY (output_index, transaction_id) {changeSet=migration/node-services.changelog-init.xml::1511451595465-41::R3.Corda, databaseChangeLog=master.changelog.json}
?[m?[37m[INFO] 22:15:48,226 [Test worker] changelog.ChangeSet. - Primary key added to node_notary_committed_states (output_index, transaction_id) {changeSet=migration/node-services.changelog-init.xml::1511451595465-41::R3.Corda, databaseChangeLog=master.changelog.json}
?[m?[37m[INFO] 22:15:48,226 [Test worker] changelog.ChangeSet. - ChangeSet migration/node-services.changelog-init.xml::1511451595465-41::R3.Corda ran successfully in 2ms {changeSet=migration/node-services.changelog-init.xml::1511451595465-41::R3.Corda, databaseChangeLog=master.changelog.json}
?[m?[37m[INFO] 22:15:48,227 [Test worker] jvm.JdbcExecutor. - INSERT INTO PUBLIC.DATABASECHANGELOG (ID, AUTHOR, FILENAME, DATEEXECUTED, ORDEREXECUTED, MD5SUM, DESCRIPTION, COMMENTS, EXECTYPE, CONTEXTS, LABELS, LIQUIBASE, DEPLOYMENT_ID) VALUES ('1511451595465-41', 'R3.Corda', 'migration/node-services.changelog-init.xml', NOW(), 112, '8:73a5b14473602a38c02858208ef2af9d', 'addPrimaryKey constraintName=node_notary_states_pkey, tableName=node_notary_committed_states', '', 'EXECUTED', NULL, NULL, '3.6.3', '8452947939') {changeSet=migration/node-services.changelog-init.xml::1511451595465-41::R3.Corda, databaseChangeLog=master.changelog.json}
?[m?[37m[INFO] 22:15:48,229 [Test worker] jvm.JdbcExecutor. - ALTER TABLE PUBLIC.node_notary_request_log ADD CONSTRAINT node_notary_request_log_pkey PRIMARY KEY (id) {changeSet=migration/node-services.changelog-init.xml::1521131680317-48::R3.Corda, databaseChangeLog=master.changelog.json}
?[m?[37m[INFO] 22:15:48,230 [Test worker] changelog.ChangeSet. - Primary key added to node_notary_request_log (id) {changeSet=migration/node-services.changelog-init.xml::1521131680317-48::R3.Corda, databaseChangeLog=master.changelog.json}
?[m?[37m[INFO] 22:15:48,231 [Test worker] changelog.ChangeSet. - ChangeSet migration/node-services.changelog-init.xml::1521131680317-48::R3.Corda ran successfully in 2ms {changeSet=migration/node-services.changelog-init.xml::1521131680317-48::R3.Corda, databaseChangeLog=master.changelog.json}
?[m?[37m[INFO] 22:15:48,232 [Test worker] jvm.JdbcExecutor. - INSERT INTO PUBLIC.DATABASECHANGELOG (ID, AUTHOR, FILENAME, DATEEXECUTED, ORDEREXECUTED, MD5SUM, DESCRIPTION, COMMENTS, EXECTYPE, CONTEXTS, LABELS, LIQUIBASE, DEPLOYMENT_ID) VALUES ('1521131680317-48', 'R3.Corda', 'migration/node-services.changelog-init.xml', NOW(), 113, '8:7b2392b8e69fe748f22e678d1e8b1d3e', 'addPrimaryKey constraintName=node_notary_request_log_pkey, tableName=node_notary_request_log', '', 'EXECUTED', NULL, NULL, '3.6.3', '8452947939') {changeSet=migration/node-services.changelog-init.xml::1521131680317-48::R3.Corda, databaseChangeLog=master.changelog.json}
?[m?[37m[INFO] 22:15:48,233 [Test worker] jvm.JdbcExecutor. - ALTER TABLE PUBLIC.node_notary_committed_states ALTER COLUMN consuming_transaction_id SET NOT NULL {changeSet=migration/node-services.changelog-init.xml::nullability::R3.Corda, databaseChangeLog=master.changelog.json}
?[m?[37m[INFO] 22:15:48,235 [Test worker] changelog.ChangeSet. - NOT NULL constraint has been added to node_notary_committed_states.consuming_transaction_id {changeSet=migration/node-services.changelog-init.xml::nullability::R3.Corda, databaseChangeLog=master.changelog.json}
?[m?[37m[INFO] 22:15:48,235 [Test worker] changelog.ChangeSet. - ChangeSet migration/node-services.changelog-init.xml::nullability::R3.Corda ran successfully in 2ms {changeSet=migration/node-services.changelog-init.xml::nullability::R3.Corda, databaseChangeLog=master.changelog.json}
?[m?[37m[INFO] 22:15:48,236 [Test worker] jvm.JdbcExecutor. - INSERT INTO PUBLIC.DATABASECHANGELOG (ID, AUTHOR, FILENAME, DATEEXECUTED, ORDEREXECUTED, MD5SUM, DESCRIPTION, COMMENTS, EXECTYPE, CONTEXTS, LABELS, LIQUIBASE, DEPLOYMENT_ID) VALUES ('nullability', 'R3.Corda', 'migration/node-services.changelog-init.xml', NOW(), 114, '8:3a26bc5f7d8e2feba54946ed0460d0a6', 'addNotNullConstraint columnName=consuming_transaction_id, tableName=node_notary_committed_states', '', 'EXECUTED', NULL, NULL, '3.6.3', '8452947939') {changeSet=migration/node-services.changelog-init.xml::nullability::R3.Corda, databaseChangeLog=master.changelog.json}
?[m?[37m[INFO] 22:15:48,254 [Test worker] changelog.ChangeSet. - Marking ChangeSet: migration/node-notary.changelog-v2.xml::rename-table-notary-commit-log::R3.Corda ran despite precondition failure due to onFail='MARK_RAN': 
          master.changelog.json : Table PUBLIC.node_notary_commit_log does not exist
 {changeSet=migration/node-notary.changelog-v2.xml::rename-table-notary-commit-log::R3.Corda, databaseChangeLog=master.changelog.json}
?[m?[37m[INFO] 22:15:48,265 [Test worker] jvm.JdbcExecutor. - INSERT INTO PUBLIC.DATABASECHANGELOG (ID, AUTHOR, FILENAME, DATEEXECUTED, ORDEREXECUTED, MD5SUM, DESCRIPTION, COMMENTS, EXECTYPE, CONTEXTS, LABELS, LIQUIBASE, DEPLOYMENT_ID) VALUES ('rename-table-notary-commit-log', 'R3.Corda', 'migration/node-notary.changelog-v2.xml', NOW(), 115, '8:18c525e013adbd6f729983990933c4f4', 'renameTable newTableName=node_notary_committed_states, oldTableName=node_notary_commit_log', '', 'MARK_RAN', NULL, NULL, '3.6.3', '8452947939') {changeSet=migration/node-notary.changelog-v2.xml::rename-table-notary-commit-log::R3.Corda, databaseChangeLog=master.changelog.json}
?[m?[37m[INFO] 22:15:48,270 [Test worker] changelog.ChangeSet. - Marking ChangeSet: migration/node-notary.changelog-v2.xml::create-notary-request-log-table::R3.Corda ran despite precondition failure due to onFail='MARK_RAN': 
          master.changelog.json : Not precondition failed
 {changeSet=migration/node-notary.changelog-v2.xml::create-notary-request-log-table::R3.Corda, databaseChangeLog=master.changelog.json}
?[m?[37m[INFO] 22:15:48,270 [Test worker] jvm.JdbcExecutor. - INSERT INTO PUBLIC.DATABASECHANGELOG (ID, AUTHOR, FILENAME, DATEEXECUTED, ORDEREXECUTED, MD5SUM, DESCRIPTION, COMMENTS, EXECTYPE, CONTEXTS, LABELS, LIQUIBASE, DEPLOYMENT_ID) VALUES ('create-notary-request-log-table', 'R3.Corda', 'migration/node-notary.changelog-v2.xml', NOW(), 116, '8:d25c67b0275b7f205b89a85407bf51d0', 'createTable tableName=node_notary_request_log; addPrimaryKey constraintName=node_notary_request_log_pkey, tableName=node_notary_request_log', '', 'MARK_RAN', NULL, NULL, '3.6.3', '8452947939') {changeSet=migration/node-notary.changelog-v2.xml::create-notary-request-log-table::R3.Corda, databaseChangeLog=master.changelog.json}
?[m?[37m[INFO] 22:15:48,273 [Test worker] jvm.JdbcExecutor. - INSERT INTO PUBLIC.DATABASECHANGELOG (ID, AUTHOR, FILENAME, DATEEXECUTED, ORDEREXECUTED, MD5SUM, DESCRIPTION, COMMENTS, EXECTYPE, CONTEXTS, LABELS, LIQUIBASE, DEPLOYMENT_ID) VALUES ('non-clustered_pk-notary_state', 'R3.Corda', 'migration/node-notary.changelog-pkey.xml', NOW(), 117, '8:5b30922594a05dde8768e8af608451f5', 'dropPrimaryKey constraintName=node_notary_states_pkey, tableName=node_notary_committed_states; addPrimaryKey constraintName=node_notary_states_pkey, tableName=node_notary_committed_states', '', 'MARK_RAN', NULL, NULL, '3.6.3', '8452947939') {changeSet=migration/node-notary.changelog-pkey.xml::non-clustered_pk-notary_state::R3.Corda, databaseChangeLog=master.changelog.json}
?[m?[37m[INFO] 22:15:48,275 [Test worker] jvm.JdbcExecutor. - CREATE TABLE PUBLIC.node_notary_committed_txs (transaction_id NVARCHAR(64) NOT NULL) {changeSet=migration/node-notary.changelog-committed-transactions-table.xml::create-notary-committed-transactions-table::R3.Corda, databaseChangeLog=master.changelog.json}
?[m?[37m[INFO] 22:15:48,276 [Test worker] changelog.ChangeSet. - Table node_notary_committed_txs created {changeSet=migration/node-notary.changelog-committed-transactions-table.xml::create-notary-committed-transactions-table::R3.Corda, databaseChangeLog=master.changelog.json}
?[m?[37m[INFO] 22:15:48,276 [Test worker] jvm.JdbcExecutor. - ALTER TABLE PUBLIC.node_notary_committed_txs ADD CONSTRAINT node_notary_transactions_pkey PRIMARY KEY (transaction_id) {changeSet=migration/node-notary.changelog-committed-transactions-table.xml::create-notary-committed-transactions-table::R3.Corda, databaseChangeLog=master.changelog.json}
?[m?[37m[INFO] 22:15:48,278 [Test worker] changelog.ChangeSet. - Primary key added to node_notary_committed_txs (transaction_id) {changeSet=migration/node-notary.changelog-committed-transactions-table.xml::create-notary-committed-transactions-table::R3.Corda, databaseChangeLog=master.changelog.json}
?[m?[37m[INFO] 22:15:48,278 [Test worker] changelog.ChangeSet. - ChangeSet migration/node-notary.changelog-committed-transactions-table.xml::create-notary-committed-transactions-table::R3.Corda ran successfully in 4ms {changeSet=migration/node-notary.changelog-committed-transactions-table.xml::create-notary-committed-transactions-table::R3.Corda, databaseChangeLog=master.changelog.json}
?[m?[37m[INFO] 22:15:48,279 [Test worker] jvm.JdbcExecutor. - INSERT INTO PUBLIC.DATABASECHANGELOG (ID, AUTHOR, FILENAME, DATEEXECUTED, ORDEREXECUTED, MD5SUM, DESCRIPTION, COMMENTS, EXECTYPE, CONTEXTS, LABELS, LIQUIBASE, DEPLOYMENT_ID) VALUES ('create-notary-committed-transactions-table', 'R3.Corda', 'migration/node-notary.changelog-committed-transactions-table.xml', NOW(), 118, '8:ab59160cd3f0ceb591177364f90aa039', 'createTable tableName=node_notary_committed_txs; addPrimaryKey constraintName=node_notary_transactions_pkey, tableName=node_notary_committed_txs', '', 'EXECUTED', NULL, NULL, '3.6.3', '8452947939') {changeSet=migration/node-notary.changelog-committed-transactions-table.xml::create-notary-committed-transactions-table::R3.Corda, databaseChangeLog=master.changelog.json}
?[m?[37m[INFO] 22:15:48,281 [Test worker] changelog.ChangeSet. - Marking ChangeSet: migration/node-notary.changelog-v3.xml::notary-request-log-change-id-type-oracle::R3.Corda ran despite precondition failure due to onFail='MARK_RAN': 
          master.changelog.json : DBMS Precondition failed: expected oracle, got h2
 {changeSet=migration/node-notary.changelog-v3.xml::notary-request-log-change-id-type-oracle::R3.Corda, databaseChangeLog=master.changelog.json}
?[m?[37m[INFO] 22:15:48,283 [Test worker] jvm.JdbcExecutor. - INSERT INTO PUBLIC.DATABASECHANGELOG (ID, AUTHOR, FILENAME, DATEEXECUTED, ORDEREXECUTED, MD5SUM, DESCRIPTION, COMMENTS, EXECTYPE, CONTEXTS, LABELS, LIQUIBASE, DEPLOYMENT_ID) VALUES ('notary-request-log-change-id-type-oracle', 'R3.Corda', 'migration/node-notary.changelog-v3.xml', NOW(), 119, '8:b69dc22ed24041b6f852d1c0393dd5db', 'addColumn tableName=node_notary_request_log; sql; dropPrimaryKey constraintName=node_notary_request_log_pkey, tableName=node_notary_request_log; dropColumn columnName=id, tableName=node_notary_request_log; renameColumn newColumnName=id, oldColumnN...', '', 'MARK_RAN', NULL, NULL, '3.6.3', '8452947939') {changeSet=migration/node-notary.changelog-v3.xml::notary-request-log-change-id-type-oracle::R3.Corda, databaseChangeLog=master.changelog.json}
?[m?[37m[INFO] 22:15:48,286 [Test worker] jvm.JdbcExecutor. - ALTER TABLE PUBLIC.node_notary_request_log DROP PRIMARY KEY {changeSet=migration/node-notary.changelog-v3.xml::notary-request-log-change-id-type-others::R3.Corda, databaseChangeLog=master.changelog.json}
?[m?[37m[INFO] 22:15:48,287 [Test worker] changelog.ChangeSet. - Primary key dropped from node_notary_request_log {changeSet=migration/node-notary.changelog-v3.xml::notary-request-log-change-id-type-others::R3.Corda, databaseChangeLog=master.changelog.json}
?[m?[37m[INFO] 22:15:48,288 [Test worker] jvm.JdbcExecutor. - ALTER TABLE PUBLIC.node_notary_request_log ALTER COLUMN id NVARCHAR(76) NOT NULL {changeSet=migration/node-notary.changelog-v3.xml::notary-request-log-change-id-type-others::R3.Corda, databaseChangeLog=master.changelog.json}
?[m?[37m[INFO] 22:15:48,292 [Test worker] changelog.ChangeSet. - node_notary_request_log.id datatype was changed to NVARCHAR(76) NOT NULL {changeSet=migration/node-notary.changelog-v3.xml::notary-request-log-change-id-type-others::R3.Corda, databaseChangeLog=master.changelog.json}
?[m?[37m[INFO] 22:15:48,293 [Test worker] jvm.JdbcExecutor. - ALTER TABLE PUBLIC.node_notary_request_log ADD CONSTRAINT node_notary_request_log_pkey PRIMARY KEY (id) {changeSet=migration/node-notary.changelog-v3.xml::notary-request-log-change-id-type-others::R3.Corda, databaseChangeLog=master.changelog.json}
?[m?[37m[INFO] 22:15:48,294 [Test worker] changelog.ChangeSet. - Primary key added to node_notary_request_log (id) {changeSet=migration/node-notary.changelog-v3.xml::notary-request-log-change-id-type-others::R3.Corda, databaseChangeLog=master.changelog.json}
?[m?[37m[INFO] 22:15:48,294 [Test worker] changelog.ChangeSet. - ChangeSet migration/node-notary.changelog-v3.xml::notary-request-log-change-id-type-others::R3.Corda ran successfully in 9ms {changeSet=migration/node-notary.changelog-v3.xml::notary-request-log-change-id-type-others::R3.Corda, databaseChangeLog=master.changelog.json}
?[m?[37m[INFO] 22:15:48,295 [Test worker] jvm.JdbcExecutor. - INSERT INTO PUBLIC.DATABASECHANGELOG (ID, AUTHOR, FILENAME, DATEEXECUTED, ORDEREXECUTED, MD5SUM, DESCRIPTION, COMMENTS, EXECTYPE, CONTEXTS, LABELS, LIQUIBASE, DEPLOYMENT_ID) VALUES ('notary-request-log-change-id-type-others', 'R3.Corda', 'migration/node-notary.changelog-v3.xml', NOW(), 120, '8:a753963cc30ce326678e51ae5fd7e529', 'dropPrimaryKey constraintName=node_notary_request_log_pkey, tableName=node_notary_request_log; modifyDataType columnName=id, tableName=node_notary_request_log; addPrimaryKey constraintName=node_notary_request_log_pkey, tableName=node_notary_reques...', '', 'EXECUTED', NULL, NULL, '3.6.3', '8452947939') {changeSet=migration/node-notary.changelog-v3.xml::notary-request-log-change-id-type-others::R3.Corda, databaseChangeLog=master.changelog.json}
?[m?[37m[INFO] 22:15:48,298 [Test worker] jvm.JdbcExecutor. - ALTER TABLE PUBLIC.node_notary_request_log ADD worker_node_x500_name NVARCHAR(255) {changeSet=migration/node-notary.changelog-worker-logging.xml::worker-logging::R3.Corda, databaseChangeLog=master.changelog.json}
?[m?[37m[INFO] 22:15:48,304 [Test worker] changelog.ChangeSet. - Columns worker_node_x500_name(NVARCHAR(255)) added to node_notary_request_log {changeSet=migration/node-notary.changelog-worker-logging.xml::worker-logging::R3.Corda, databaseChangeLog=master.changelog.json}
?[m?[37m[INFO] 22:15:48,304 [Test worker] changelog.ChangeSet. - ChangeSet migration/node-notary.changelog-worker-logging.xml::worker-logging::R3.Corda ran successfully in 7ms {changeSet=migration/node-notary.changelog-worker-logging.xml::worker-logging::R3.Corda, databaseChangeLog=master.changelog.json}
?[m?[37m[INFO] 22:15:48,305 [Test worker] jvm.JdbcExecutor. - INSERT INTO PUBLIC.DATABASECHANGELOG (ID, AUTHOR, FILENAME, DATEEXECUTED, ORDEREXECUTED, MD5SUM, DESCRIPTION, COMMENTS, EXECTYPE, CONTEXTS, LABELS, LIQUIBASE, DEPLOYMENT_ID) VALUES ('worker-logging', 'R3.Corda', 'migration/node-notary.changelog-worker-logging.xml', NOW(), 121, '8:2d4a2d176d83695cdbd3fad929c6c24b', 'addColumn tableName=node_notary_request_log', '', 'EXECUTED', NULL, NULL, '3.6.3', '8452947939') {changeSet=migration/node-notary.changelog-worker-logging.xml::worker-logging::R3.Corda, databaseChangeLog=master.changelog.json}
?[m?[37m[INFO] 22:15:48,307 [Test worker] jvm.JdbcExecutor. - ALTER TABLE PUBLIC.node_notary_committed_txs DROP PRIMARY KEY {changeSet=migration/node-notary.changelog-v4.xml::node_notary_transaction_id_size::R3.Corda, databaseChangeLog=master.changelog.json}
?[m?[37m[INFO] 22:15:48,308 [Test worker] changelog.ChangeSet. - Primary key dropped from node_notary_committed_txs {changeSet=migration/node-notary.changelog-v4.xml::node_notary_transaction_id_size::R3.Corda, databaseChangeLog=master.changelog.json}
?[m?[37m[INFO] 22:15:48,308 [Test worker] jvm.JdbcExecutor. - ALTER TABLE PUBLIC.node_notary_committed_states DROP PRIMARY KEY {changeSet=migration/node-notary.changelog-v4.xml::node_notary_transaction_id_size::R3.Corda, databaseChangeLog=master.changelog.json}
?[m?[37m[INFO] 22:15:48,309 [Test worker] changelog.ChangeSet. - Primary key dropped from node_notary_committed_states {changeSet=migration/node-notary.changelog-v4.xml::node_notary_transaction_id_size::R3.Corda, databaseChangeLog=master.changelog.json}
?[m?[37m[INFO] 22:15:48,309 [Test worker] jvm.JdbcExecutor. - ALTER TABLE PUBLIC.node_notary_committed_txs ALTER COLUMN transaction_id SET NULL {changeSet=migration/node-notary.changelog-v4.xml::node_notary_transaction_id_size::R3.Corda, databaseChangeLog=master.changelog.json}
?[m?[37m[INFO] 22:15:48,310 [Test worker] changelog.ChangeSet. - Null constraint dropped from node_notary_committed_txs.transaction_id {changeSet=migration/node-notary.changelog-v4.xml::node_notary_transaction_id_size::R3.Corda, databaseChangeLog=master.changelog.json}
?[m?[37m[INFO] 22:15:48,310 [Test worker] jvm.JdbcExecutor. - ALTER TABLE PUBLIC.node_notary_committed_states ALTER COLUMN transaction_id SET NULL {changeSet=migration/node-notary.changelog-v4.xml::node_notary_transaction_id_size::R3.Corda, databaseChangeLog=master.changelog.json}
?[m?[37m[INFO] 22:15:48,311 [Test worker] changelog.ChangeSet. - Null constraint dropped from node_notary_committed_states.transaction_id {changeSet=migration/node-notary.changelog-v4.xml::node_notary_transaction_id_size::R3.Corda, databaseChangeLog=master.changelog.json}
?[m?[37m[INFO] 22:15:48,312 [Test worker] jvm.JdbcExecutor. - ALTER TABLE PUBLIC.node_notary_committed_states ALTER COLUMN consuming_transaction_id SET NULL {changeSet=migration/node-notary.changelog-v4.xml::node_notary_transaction_id_size::R3.Corda, databaseChangeLog=master.changelog.json}
?[m?[37m[INFO] 22:15:48,313 [Test worker] changelog.ChangeSet. - Null constraint dropped from node_notary_committed_states.consuming_transaction_id {changeSet=migration/node-notary.changelog-v4.xml::node_notary_transaction_id_size::R3.Corda, databaseChangeLog=master.changelog.json}
?[m?[37m[INFO] 22:15:48,313 [Test worker] jvm.JdbcExecutor. - ALTER TABLE PUBLIC.node_notary_request_log ALTER COLUMN consuming_transaction_id SET NULL {changeSet=migration/node-notary.changelog-v4.xml::node_notary_transaction_id_size::R3.Corda, databaseChangeLog=master.changelog.json}
?[m?[37m[INFO] 22:15:48,314 [Test worker] changelog.ChangeSet. - Null constraint dropped from node_notary_request_log.consuming_transaction_id {changeSet=migration/node-notary.changelog-v4.xml::node_notary_transaction_id_size::R3.Corda, databaseChangeLog=master.changelog.json}
?[m?[37m[INFO] 22:15:48,314 [Test worker] jvm.JdbcExecutor. - ALTER TABLE PUBLIC.node_notary_committed_txs ALTER COLUMN transaction_id NVARCHAR(144) {changeSet=migration/node-notary.changelog-v4.xml::node_notary_transaction_id_size::R3.Corda, databaseChangeLog=master.changelog.json}
?[m?[37m[INFO] 22:15:48,319 [Test worker] changelog.ChangeSet. - node_notary_committed_txs.transaction_id datatype was changed to NVARCHAR(144) {changeSet=migration/node-notary.changelog-v4.xml::node_notary_transaction_id_size::R3.Corda, databaseChangeLog=master.changelog.json}
?[m?[37m[INFO] 22:15:48,319 [Test worker] jvm.JdbcExecutor. - ALTER TABLE PUBLIC.node_notary_committed_states ALTER COLUMN transaction_id NVARCHAR(144) {changeSet=migration/node-notary.changelog-v4.xml::node_notary_transaction_id_size::R3.Corda, databaseChangeLog=master.changelog.json}
?[m?[37m[INFO] 22:15:48,324 [Test worker] changelog.ChangeSet. - node_notary_committed_states.transaction_id datatype was changed to NVARCHAR(144) {changeSet=migration/node-notary.changelog-v4.xml::node_notary_transaction_id_size::R3.Corda, databaseChangeLog=master.changelog.json}
?[m?[37m[INFO] 22:15:48,324 [Test worker] jvm.JdbcExecutor. - ALTER TABLE PUBLIC.node_notary_committed_states ALTER COLUMN consuming_transaction_id NVARCHAR(144) {changeSet=migration/node-notary.changelog-v4.xml::node_notary_transaction_id_size::R3.Corda, databaseChangeLog=master.changelog.json}
?[m?[37m[INFO] 22:15:48,328 [Test worker] changelog.ChangeSet. - node_notary_committed_states.consuming_transaction_id datatype was changed to NVARCHAR(144) {changeSet=migration/node-notary.changelog-v4.xml::node_notary_transaction_id_size::R3.Corda, databaseChangeLog=master.changelog.json}
?[m?[37m[INFO] 22:15:48,328 [Test worker] jvm.JdbcExecutor. - ALTER TABLE PUBLIC.node_notary_request_log ALTER COLUMN consuming_transaction_id NVARCHAR(144) {changeSet=migration/node-notary.changelog-v4.xml::node_notary_transaction_id_size::R3.Corda, databaseChangeLog=master.changelog.json}
?[m?[37m[INFO] 22:15:48,335 [Test worker] changelog.ChangeSet. - node_notary_request_log.consuming_transaction_id datatype was changed to NVARCHAR(144) {changeSet=migration/node-notary.changelog-v4.xml::node_notary_transaction_id_size::R3.Corda, databaseChangeLog=master.changelog.json}
?[m?[37m[INFO] 22:15:48,335 [Test worker] jvm.JdbcExecutor. - ALTER TABLE PUBLIC.node_notary_committed_txs ALTER COLUMN transaction_id SET NOT NULL {changeSet=migration/node-notary.changelog-v4.xml::node_notary_transaction_id_size::R3.Corda, databaseChangeLog=master.changelog.json}
?[m?[37m[INFO] 22:15:48,337 [Test worker] changelog.ChangeSet. - NOT NULL constraint has been added to node_notary_committed_txs.transaction_id {changeSet=migration/node-notary.changelog-v4.xml::node_notary_transaction_id_size::R3.Corda, databaseChangeLog=master.changelog.json}
?[m?[37m[INFO] 22:15:48,337 [Test worker] jvm.JdbcExecutor. - ALTER TABLE PUBLIC.node_notary_committed_states ALTER COLUMN transaction_id SET NOT NULL {changeSet=migration/node-notary.changelog-v4.xml::node_notary_transaction_id_size::R3.Corda, databaseChangeLog=master.changelog.json}
?[m?[37m[INFO] 22:15:48,338 [Test worker] changelog.ChangeSet. - NOT NULL constraint has been added to node_notary_committed_states.transaction_id {changeSet=migration/node-notary.changelog-v4.xml::node_notary_transaction_id_size::R3.Corda, databaseChangeLog=master.changelog.json}
?[m?[37m[INFO] 22:15:48,338 [Test worker] jvm.JdbcExecutor. - ALTER TABLE PUBLIC.node_notary_committed_states ALTER COLUMN consuming_transaction_id SET NOT NULL {changeSet=migration/node-notary.changelog-v4.xml::node_notary_transaction_id_size::R3.Corda, databaseChangeLog=master.changelog.json}
?[m?[37m[INFO] 22:15:48,339 [Test worker] changelog.ChangeSet. - NOT NULL constraint has been added to node_notary_committed_states.consuming_transaction_id {changeSet=migration/node-notary.changelog-v4.xml::node_notary_transaction_id_size::R3.Corda, databaseChangeLog=master.changelog.json}
?[m?[37m[INFO] 22:15:48,339 [Test worker] jvm.JdbcExecutor. - ALTER TABLE PUBLIC.node_notary_request_log ALTER COLUMN consuming_transaction_id SET NOT NULL {changeSet=migration/node-notary.changelog-v4.xml::node_notary_transaction_id_size::R3.Corda, databaseChangeLog=master.changelog.json}
?[m?[37m[INFO] 22:15:48,340 [Test worker] changelog.ChangeSet. - NOT NULL constraint has been added to node_notary_request_log.consuming_transaction_id {changeSet=migration/node-notary.changelog-v4.xml::node_notary_transaction_id_size::R3.Corda, databaseChangeLog=master.changelog.json}
?[m?[37m[INFO] 22:15:48,341 [Test worker] jvm.JdbcExecutor. - ALTER TABLE PUBLIC.node_notary_committed_txs ADD CONSTRAINT node_notary_transactions_pkey PRIMARY KEY (transaction_id) {changeSet=migration/node-notary.changelog-v4.xml::node_notary_transaction_id_size::R3.Corda, databaseChangeLog=master.changelog.json}
?[m?[37m[INFO] 22:15:48,342 [Test worker] changelog.ChangeSet. - Primary key added to node_notary_committed_txs (transaction_id) {changeSet=migration/node-notary.changelog-v4.xml::node_notary_transaction_id_size::R3.Corda, databaseChangeLog=master.changelog.json}
?[m?[37m[INFO] 22:15:48,342 [Test worker] jvm.JdbcExecutor. - ALTER TABLE PUBLIC.node_notary_committed_states ADD CONSTRAINT node_notary_states_pkey PRIMARY KEY (output_index, transaction_id) {changeSet=migration/node-notary.changelog-v4.xml::node_notary_transaction_id_size::R3.Corda, databaseChangeLog=master.changelog.json}
?[m?[37m[INFO] 22:15:48,344 [Test worker] changelog.ChangeSet. - Primary key added to node_notary_committed_states (output_index, transaction_id) {changeSet=migration/node-notary.changelog-v4.xml::node_notary_transaction_id_size::R3.Corda, databaseChangeLog=master.changelog.json}
?[m?[37m[INFO] 22:15:48,344 [Test worker] changelog.ChangeSet. - ChangeSet migration/node-notary.changelog-v4.xml::node_notary_transaction_id_size::R3.Corda ran successfully in 38ms {changeSet=migration/node-notary.changelog-v4.xml::node_notary_transaction_id_size::R3.Corda, databaseChangeLog=master.changelog.json}
?[m?[37m[INFO] 22:15:48,345 [Test worker] jvm.JdbcExecutor. - INSERT INTO PUBLIC.DATABASECHANGELOG (ID, AUTHOR, FILENAME, DATEEXECUTED, ORDEREXECUTED, MD5SUM, DESCRIPTION, COMMENTS, EXECTYPE, CONTEXTS, LABELS, LIQUIBASE, DEPLOYMENT_ID) VALUES ('node_notary_transaction_id_size', 'R3.Corda', 'migration/node-notary.changelog-v4.xml', NOW(), 122, '8:31f414081683e56e41cadb1c33e8cbe7', 'dropPrimaryKey constraintName=node_notary_transactions_pkey, tableName=node_notary_committed_txs; dropPrimaryKey constraintName=node_notary_states_pkey, tableName=node_notary_committed_states; dropNotNullConstraint columnName=transaction_id, table...', '', 'EXECUTED', NULL, NULL, '3.6.3', '8452947939') {changeSet=migration/node-notary.changelog-v4.xml::node_notary_transaction_id_size::R3.Corda, databaseChangeLog=master.changelog.json}
?[m?[37m[INFO] 22:15:48,348 [Test worker] jvm.JdbcExecutor. - INSERT INTO PUBLIC.DATABASECHANGELOG (ID, AUTHOR, FILENAME, DATEEXECUTED, ORDEREXECUTED, MD5SUM, DESCRIPTION, COMMENTS, EXECTYPE, CONTEXTS, LABELS, LIQUIBASE, DEPLOYMENT_ID) VALUES ('node_notary_transaction_id_size-non-clustered_pk', 'R3.Corda', 'migration/node-notary.changelog-v4.xml', NOW(), 123, '8:5b30922594a05dde8768e8af608451f5', 'dropPrimaryKey constraintName=node_notary_states_pkey, tableName=node_notary_committed_states; addPrimaryKey constraintName=node_notary_states_pkey, tableName=node_notary_committed_states', '', 'MARK_RAN', NULL, NULL, '3.6.3', '8452947939') {changeSet=migration/node-notary.changelog-v4.xml::node_notary_transaction_id_size-non-clustered_pk::R3.Corda, databaseChangeLog=master.changelog.json}
?[m?[37m[INFO] 22:15:48,352 [Test worker] lockservice.StandardLockService. - Successfully released change log lock
?[m?[37m[INFO] 22:15:48,454 [Test worker] jvm.JdbcExecutor. - SELECT MD5SUM FROM PUBLIC.DATABASECHANGELOG WHERE MD5SUM IS NOT NULL
?[m?[37m[INFO] 22:15:48,455 [Test worker] jvm.JdbcExecutor. - SELECT COUNT(*) FROM PUBLIC.DATABASECHANGELOG
?[m?[37m[INFO] 22:15:48,455 [Test worker] changelog.StandardChangeLogHistoryService. - Reading from PUBLIC.DATABASECHANGELOG
?[m?[37m[INFO] 22:15:48,455 [Test worker] jvm.JdbcExecutor. - SELECT * FROM PUBLIC.DATABASECHANGELOG ORDER BY DATEEXECUTED ASC, ORDEREXECUTED ASC
?[m?[37m[INFO] 22:15:48,459 [Test worker] jvm.JdbcExecutor. - SELECT COUNT(*) FROM PUBLIC.DATABASECHANGELOGLOCK
?[m?[37m[INFO] 22:15:48,459 [Test worker] jvm.JdbcExecutor. - SELECT COUNT(*) FROM PUBLIC.DATABASECHANGELOGLOCK
?[m?[37m[INFO] 22:15:48,466 [Test worker] jvm.JdbcExecutor. - SELECT LOCKED FROM PUBLIC.DATABASECHANGELOGLOCK WHERE ID=1
?[m?[37m[INFO] 22:15:48,468 [Test worker] lockservice.StandardLockService. - Successfully acquired change log lock
?[m?[37m[INFO] 22:15:48,472 [Test worker] jvm.JdbcExecutor. - CREATE TABLE PUBLIC.fungible_token (output_index INT NOT NULL, transaction_id NVARCHAR(64) NOT NULL, amount BIGINT NOT NULL, holder NVARCHAR(255) NOT NULL, issuer NVARCHAR(255) NOT NULL, token_class NVARCHAR(255) NOT NULL, token_identifier NVARCHAR(255) NOT NULL) {changeSet=migration/fungible-token-schema.changelog-init.xml::create_fungible_token_table_id::R3.Corda, databaseChangeLog=master.changelog.json}
?[m?[37m[INFO] 22:15:48,473 [Test worker] changelog.ChangeSet. - Table fungible_token created {changeSet=migration/fungible-token-schema.changelog-init.xml::create_fungible_token_table_id::R3.Corda, databaseChangeLog=master.changelog.json}
?[m?[37m[INFO] 22:15:48,473 [Test worker] changelog.ChangeSet. - ChangeSet migration/fungible-token-schema.changelog-init.xml::create_fungible_token_table_id::R3.Corda ran successfully in 2ms {changeSet=migration/fungible-token-schema.changelog-init.xml::create_fungible_token_table_id::R3.Corda, databaseChangeLog=master.changelog.json}
?[m?[37m[INFO] 22:15:48,473 [Test worker] jvm.JdbcExecutor. - SELECT MAX(ORDEREXECUTED) FROM PUBLIC.DATABASECHANGELOG {changeSet=migration/fungible-token-schema.changelog-init.xml::create_fungible_token_table_id::R3.Corda, databaseChangeLog=master.changelog.json}
?[m?[37m[INFO] 22:15:48,475 [Test worker] jvm.JdbcExecutor. - INSERT INTO PUBLIC.DATABASECHANGELOG (ID, AUTHOR, FILENAME, DATEEXECUTED, ORDEREXECUTED, MD5SUM, DESCRIPTION, COMMENTS, EXECTYPE, CONTEXTS, LABELS, LIQUIBASE, DEPLOYMENT_ID) VALUES ('create_fungible_token_table_id', 'R3.Corda', 'migration/fungible-token-schema.changelog-init.xml', NOW(), 124, '8:708f2a949e8783d30c0cc4b33ea5bfcd', 'createTable tableName=fungible_token', '', 'EXECUTED', NULL, NULL, '3.6.3', '8452948468') {changeSet=migration/fungible-token-schema.changelog-init.xml::create_fungible_token_table_id::R3.Corda, databaseChangeLog=master.changelog.json}
?[m?[37m[INFO] 22:15:48,477 [Test worker] jvm.JdbcExecutor. - ALTER TABLE PUBLIC.fungible_token ADD CONSTRAINT fungible_token_pkey PRIMARY KEY (output_index, transaction_id) {changeSet=migration/fungible-token-schema.changelog-init.xml::fungible_token_pkey_id::R3.Corda, databaseChangeLog=master.changelog.json}
?[m?[37m[INFO] 22:15:48,478 [Test worker] changelog.ChangeSet. - Primary key added to fungible_token (output_index, transaction_id) {changeSet=migration/fungible-token-schema.changelog-init.xml::fungible_token_pkey_id::R3.Corda, databaseChangeLog=master.changelog.json}
?[m?[37m[INFO] 22:15:48,478 [Test worker] changelog.ChangeSet. - ChangeSet migration/fungible-token-schema.changelog-init.xml::fungible_token_pkey_id::R3.Corda ran successfully in 2ms {changeSet=migration/fungible-token-schema.changelog-init.xml::fungible_token_pkey_id::R3.Corda, databaseChangeLog=master.changelog.json}
?[m?[37m[INFO] 22:15:48,479 [Test worker] jvm.JdbcExecutor. - INSERT INTO PUBLIC.DATABASECHANGELOG (ID, AUTHOR, FILENAME, DATEEXECUTED, ORDEREXECUTED, MD5SUM, DESCRIPTION, COMMENTS, EXECTYPE, CONTEXTS, LABELS, LIQUIBASE, DEPLOYMENT_ID) VALUES ('fungible_token_pkey_id', 'R3.Corda', 'migration/fungible-token-schema.changelog-init.xml', NOW(), 125, '8:6a623895e620b0cec9857d9f16bfec15', 'addPrimaryKey constraintName=fungible_token_pkey, tableName=fungible_token', '', 'EXECUTED', NULL, NULL, '3.6.3', '8452948468') {changeSet=migration/fungible-token-schema.changelog-init.xml::fungible_token_pkey_id::R3.Corda, databaseChangeLog=master.changelog.json}
?[m?[37m[INFO] 22:15:48,480 [Test worker] jvm.JdbcExecutor. - CREATE INDEX PUBLIC.amount_idx ON PUBLIC.fungible_token(amount) {changeSet=migration/fungible-token-schema.changelog-init.xml::amount_idx_id::R3.Corda, databaseChangeLog=master.changelog.json}
?[m?[37m[INFO] 22:15:48,481 [Test worker] changelog.ChangeSet. - Index amount_idx created {changeSet=migration/fungible-token-schema.changelog-init.xml::amount_idx_id::R3.Corda, databaseChangeLog=master.changelog.json}
?[m?[37m[INFO] 22:15:48,481 [Test worker] changelog.ChangeSet. - ChangeSet migration/fungible-token-schema.changelog-init.xml::amount_idx_id::R3.Corda ran successfully in 1ms {changeSet=migration/fungible-token-schema.changelog-init.xml::amount_idx_id::R3.Corda, databaseChangeLog=master.changelog.json}
?[m?[37m[INFO] 22:15:48,482 [Test worker] jvm.JdbcExecutor. - INSERT INTO PUBLIC.DATABASECHANGELOG (ID, AUTHOR, FILENAME, DATEEXECUTED, ORDEREXECUTED, MD5SUM, DESCRIPTION, COMMENTS, EXECTYPE, CONTEXTS, LABELS, LIQUIBASE, DEPLOYMENT_ID) VALUES ('amount_idx_id', 'R3.Corda', 'migration/fungible-token-schema.changelog-init.xml', NOW(), 126, '8:1ae6fc41a1462d4038cdb056e384dfa9', 'createIndex indexName=amount_idx, tableName=fungible_token', '', 'EXECUTED', NULL, NULL, '3.6.3', '8452948468') {changeSet=migration/fungible-token-schema.changelog-init.xml::amount_idx_id::R3.Corda, databaseChangeLog=master.changelog.json}
?[m?[37m[INFO] 22:15:48,484 [Test worker] jvm.JdbcExecutor. - CREATE INDEX PUBLIC.held_token_amount_idx ON PUBLIC.fungible_token(token_class, token_identifier) {changeSet=migration/fungible-token-schema.changelog-init.xml::held_token_amount_idx_id::R3.Corda, databaseChangeLog=master.changelog.json}
?[m?[37m[INFO] 22:15:48,485 [Test worker] changelog.ChangeSet. - Index held_token_amount_idx created {changeSet=migration/fungible-token-schema.changelog-init.xml::held_token_amount_idx_id::R3.Corda, databaseChangeLog=master.changelog.json}
?[m?[37m[INFO] 22:15:48,485 [Test worker] changelog.ChangeSet. - ChangeSet migration/fungible-token-schema.changelog-init.xml::held_token_amount_idx_id::R3.Corda ran successfully in 1ms {changeSet=migration/fungible-token-schema.changelog-init.xml::held_token_amount_idx_id::R3.Corda, databaseChangeLog=master.changelog.json}
?[m?[37m[INFO] 22:15:48,487 [Test worker] jvm.JdbcExecutor. - INSERT INTO PUBLIC.DATABASECHANGELOG (ID, AUTHOR, FILENAME, DATEEXECUTED, ORDEREXECUTED, MD5SUM, DESCRIPTION, COMMENTS, EXECTYPE, CONTEXTS, LABELS, LIQUIBASE, DEPLOYMENT_ID) VALUES ('held_token_amount_idx_id', 'R3.Corda', 'migration/fungible-token-schema.changelog-init.xml', NOW(), 127, '8:55ffda313ce1eca16721488c8b35ee79', 'createIndex indexName=held_token_amount_idx, tableName=fungible_token', '', 'EXECUTED', NULL, NULL, '3.6.3', '8452948468') {changeSet=migration/fungible-token-schema.changelog-init.xml::held_token_amount_idx_id::R3.Corda, databaseChangeLog=master.changelog.json}
?[m?[37m[INFO] 22:15:48,489 [Test worker] jvm.JdbcExecutor. - ALTER TABLE PUBLIC.fungible_token ADD holding_key NVARCHAR(64) {changeSet=migration/fungible-token-schema.changelog-1.xml::create_fungible_token_owner_column::R3.Corda, databaseChangeLog=master.changelog.json}
?[m?[37m[INFO] 22:15:48,498 [Test worker] changelog.ChangeSet. - Columns holding_key(NVARCHAR(64)) added to fungible_token {changeSet=migration/fungible-token-schema.changelog-1.xml::create_fungible_token_owner_column::R3.Corda, databaseChangeLog=master.changelog.json}
?[m?[37m[INFO] 22:15:48,498 [Test worker] changelog.ChangeSet. - ChangeSet migration/fungible-token-schema.changelog-1.xml::create_fungible_token_owner_column::R3.Corda ran successfully in 9ms {changeSet=migration/fungible-token-schema.changelog-1.xml::create_fungible_token_owner_column::R3.Corda, databaseChangeLog=master.changelog.json}
?[m?[37m[INFO] 22:15:48,499 [Test worker] jvm.JdbcExecutor. - INSERT INTO PUBLIC.DATABASECHANGELOG (ID, AUTHOR, FILENAME, DATEEXECUTED, ORDEREXECUTED, MD5SUM, DESCRIPTION, COMMENTS, EXECTYPE, CONTEXTS, LABELS, LIQUIBASE, DEPLOYMENT_ID) VALUES ('create_fungible_token_owner_column', 'R3.Corda', 'migration/fungible-token-schema.changelog-1.xml', NOW(), 128, '8:96ca96f1426465990f153b138b0dad7a', 'addColumn tableName=fungible_token', '', 'EXECUTED', NULL, NULL, '3.6.3', '8452948468') {changeSet=migration/fungible-token-schema.changelog-1.xml::create_fungible_token_owner_column::R3.Corda, databaseChangeLog=master.changelog.json}
?[m?[37m[INFO] 22:15:48,501 [Test worker] jvm.JdbcExecutor. - CREATE INDEX PUBLIC.holding_key_idx ON PUBLIC.fungible_token(holding_key) {changeSet=migration/fungible-token-schema.changelog-1.xml::create_holding_key_idx::R3.Corda, databaseChangeLog=master.changelog.json}
?[m?[37m[INFO] 22:15:48,501 [Test worker] changelog.ChangeSet. - Index holding_key_idx created {changeSet=migration/fungible-token-schema.changelog-1.xml::create_holding_key_idx::R3.Corda, databaseChangeLog=master.changelog.json}
?[m?[37m[INFO] 22:15:48,502 [Test worker] changelog.ChangeSet. - ChangeSet migration/fungible-token-schema.changelog-1.xml::create_holding_key_idx::R3.Corda ran successfully in 2ms {changeSet=migration/fungible-token-schema.changelog-1.xml::create_holding_key_idx::R3.Corda, databaseChangeLog=master.changelog.json}
?[m?[37m[INFO] 22:15:48,502 [Test worker] jvm.JdbcExecutor. - INSERT INTO PUBLIC.DATABASECHANGELOG (ID, AUTHOR, FILENAME, DATEEXECUTED, ORDEREXECUTED, MD5SUM, DESCRIPTION, COMMENTS, EXECTYPE, CONTEXTS, LABELS, LIQUIBASE, DEPLOYMENT_ID) VALUES ('create_holding_key_idx', 'R3.Corda', 'migration/fungible-token-schema.changelog-1.xml', NOW(), 129, '8:67e32a9250726807340c01844edeaf69', 'createIndex indexName=holding_key_idx, tableName=fungible_token', '', 'EXECUTED', NULL, NULL, '3.6.3', '8452948468') {changeSet=migration/fungible-token-schema.changelog-1.xml::create_holding_key_idx::R3.Corda, databaseChangeLog=master.changelog.json}
?[m?[37m[INFO] 22:15:48,516 [Test worker] changelog.ChangeSet. - null {changeSet=migration/fungible-token-schema.changelog-1.xml::map_owning_keys_from_transactionstore::R3.Corda, databaseChangeLog=master.changelog.json}
?[m?[37m[INFO] 22:15:48,516 [Test worker] changelog.ChangeSet. - ChangeSet migration/fungible-token-schema.changelog-1.xml::map_owning_keys_from_transactionstore::R3.Corda ran successfully in 12ms {changeSet=migration/fungible-token-schema.changelog-1.xml::map_owning_keys_from_transactionstore::R3.Corda, databaseChangeLog=master.changelog.json}
?[m?[37m[INFO] 22:15:48,517 [Test worker] jvm.JdbcExecutor. - INSERT INTO PUBLIC.DATABASECHANGELOG (ID, AUTHOR, FILENAME, DATEEXECUTED, ORDEREXECUTED, MD5SUM, DESCRIPTION, COMMENTS, EXECTYPE, CONTEXTS, LABELS, LIQUIBASE, DEPLOYMENT_ID) VALUES ('map_owning_keys_from_transactionstore', 'R3.Corda', 'migration/fungible-token-schema.changelog-1.xml', NOW(), 130, '8:df80639d10d7c4f59d49908643f4c85f', 'customChange', '', 'EXECUTED', NULL, NULL, '3.6.3', '8452948468') {changeSet=migration/fungible-token-schema.changelog-1.xml::map_owning_keys_from_transactionstore::R3.Corda, databaseChangeLog=master.changelog.json}
?[m?[37m[INFO] 22:15:48,518 [Test worker] jvm.JdbcExecutor. - CREATE TABLE PUBLIC.non_fungible_token (output_index INT NOT NULL, transaction_id NVARCHAR(64) NOT NULL, holder NVARCHAR(255) NOT NULL, issuer NVARCHAR(255) NOT NULL, token_class NVARCHAR(255) NOT NULL, token_identifier NVARCHAR(255)) {changeSet=migration/non-fungible-token-schema.changelog-init.xml::create_non_fungible_token_table_id::R3.Corda, databaseChangeLog=master.changelog.json}
?[m?[37m[INFO] 22:15:48,520 [Test worker] changelog.ChangeSet. - Table non_fungible_token created {changeSet=migration/non-fungible-token-schema.changelog-init.xml::create_non_fungible_token_table_id::R3.Corda, databaseChangeLog=master.changelog.json}
?[m?[37m[INFO] 22:15:48,520 [Test worker] changelog.ChangeSet. - ChangeSet migration/non-fungible-token-schema.changelog-init.xml::create_non_fungible_token_table_id::R3.Corda ran successfully in 2ms {changeSet=migration/non-fungible-token-schema.changelog-init.xml::create_non_fungible_token_table_id::R3.Corda, databaseChangeLog=master.changelog.json}
?[m?[37m[INFO] 22:15:48,521 [Test worker] jvm.JdbcExecutor. - INSERT INTO PUBLIC.DATABASECHANGELOG (ID, AUTHOR, FILENAME, DATEEXECUTED, ORDEREXECUTED, MD5SUM, DESCRIPTION, COMMENTS, EXECTYPE, CONTEXTS, LABELS, LIQUIBASE, DEPLOYMENT_ID) VALUES ('create_non_fungible_token_table_id', 'R3.Corda', 'migration/non-fungible-token-schema.changelog-init.xml', NOW(), 131, '8:537d4553becbc43bb11c0817e1639eae', 'createTable tableName=non_fungible_token', '', 'EXECUTED', NULL, NULL, '3.6.3', '8452948468') {changeSet=migration/non-fungible-token-schema.changelog-init.xml::create_non_fungible_token_table_id::R3.Corda, databaseChangeLog=master.changelog.json}
?[m?[37m[INFO] 22:15:48,523 [Test worker] jvm.JdbcExecutor. - ALTER TABLE PUBLIC.non_fungible_token ADD CONSTRAINT non_fungible_token_pkey PRIMARY KEY (output_index, transaction_id) {changeSet=migration/non-fungible-token-schema.changelog-init.xml::non_fungible_token_pkey_id::R3.Corda, databaseChangeLog=master.changelog.json}
?[m?[37m[INFO] 22:15:48,524 [Test worker] changelog.ChangeSet. - Primary key added to non_fungible_token (output_index, transaction_id) {changeSet=migration/non-fungible-token-schema.changelog-init.xml::non_fungible_token_pkey_id::R3.Corda, databaseChangeLog=master.changelog.json}
?[m?[37m[INFO] 22:15:48,524 [Test worker] changelog.ChangeSet. - ChangeSet migration/non-fungible-token-schema.changelog-init.xml::non_fungible_token_pkey_id::R3.Corda ran successfully in 2ms {changeSet=migration/non-fungible-token-schema.changelog-init.xml::non_fungible_token_pkey_id::R3.Corda, databaseChangeLog=master.changelog.json}
?[m?[37m[INFO] 22:15:48,525 [Test worker] jvm.JdbcExecutor. - INSERT INTO PUBLIC.DATABASECHANGELOG (ID, AUTHOR, FILENAME, DATEEXECUTED, ORDEREXECUTED, MD5SUM, DESCRIPTION, COMMENTS, EXECTYPE, CONTEXTS, LABELS, LIQUIBASE, DEPLOYMENT_ID) VALUES ('non_fungible_token_pkey_id', 'R3.Corda', 'migration/non-fungible-token-schema.changelog-init.xml', NOW(), 132, '8:d08935cf27a24a32cb4c14cec40b4c30', 'addPrimaryKey constraintName=non_fungible_token_pkey, tableName=non_fungible_token', '', 'EXECUTED', NULL, NULL, '3.6.3', '8452948468') {changeSet=migration/non-fungible-token-schema.changelog-init.xml::non_fungible_token_pkey_id::R3.Corda, databaseChangeLog=master.changelog.json}
?[m?[37m[INFO] 22:15:48,527 [Test worker] jvm.JdbcExecutor. - CREATE INDEX PUBLIC.held_token_idx ON PUBLIC.non_fungible_token(token_class, token_identifier) {changeSet=migration/non-fungible-token-schema.changelog-init.xml::held_token_idx_id::R3.Corda, databaseChangeLog=master.changelog.json}
?[m?[37m[INFO] 22:15:48,528 [Test worker] changelog.ChangeSet. - Index held_token_idx created {changeSet=migration/non-fungible-token-schema.changelog-init.xml::held_token_idx_id::R3.Corda, databaseChangeLog=master.changelog.json}
?[m?[37m[INFO] 22:15:48,528 [Test worker] changelog.ChangeSet. - ChangeSet migration/non-fungible-token-schema.changelog-init.xml::held_token_idx_id::R3.Corda ran successfully in 2ms {changeSet=migration/non-fungible-token-schema.changelog-init.xml::held_token_idx_id::R3.Corda, databaseChangeLog=master.changelog.json}
?[m?[37m[INFO] 22:15:48,529 [Test worker] jvm.JdbcExecutor. - INSERT INTO PUBLIC.DATABASECHANGELOG (ID, AUTHOR, FILENAME, DATEEXECUTED, ORDEREXECUTED, MD5SUM, DESCRIPTION, COMMENTS, EXECTYPE, CONTEXTS, LABELS, LIQUIBASE, DEPLOYMENT_ID) VALUES ('held_token_idx_id', 'R3.Corda', 'migration/non-fungible-token-schema.changelog-init.xml', NOW(), 133, '8:a13b131f129e2b15eeea3fd36b572fe4', 'createIndex indexName=held_token_idx, tableName=non_fungible_token', '', 'EXECUTED', NULL, NULL, '3.6.3', '8452948468') {changeSet=migration/non-fungible-token-schema.changelog-init.xml::held_token_idx_id::R3.Corda, databaseChangeLog=master.changelog.json}
?[m?[37m[INFO] 22:15:48,532 [Test worker] jvm.JdbcExecutor. - CREATE TABLE PUBLIC.distribution_record (id BIGINT NOT NULL, linear_id VARCHAR(255) NOT NULL, party NVARCHAR(255) NOT NULL) {changeSet=migration/distribution-record-schema.changelog-init.xml::create_distribution_record_table_id::R3.Corda, databaseChangeLog=master.changelog.json}
?[m?[37m[INFO] 22:15:48,533 [Test worker] changelog.ChangeSet. - Table distribution_record created {changeSet=migration/distribution-record-schema.changelog-init.xml::create_distribution_record_table_id::R3.Corda, databaseChangeLog=master.changelog.json}
?[m?[37m[INFO] 22:15:48,533 [Test worker] changelog.ChangeSet. - ChangeSet migration/distribution-record-schema.changelog-init.xml::create_distribution_record_table_id::R3.Corda ran successfully in 2ms {changeSet=migration/distribution-record-schema.changelog-init.xml::create_distribution_record_table_id::R3.Corda, databaseChangeLog=master.changelog.json}
?[m?[37m[INFO] 22:15:48,534 [Test worker] jvm.JdbcExecutor. - INSERT INTO PUBLIC.DATABASECHANGELOG (ID, AUTHOR, FILENAME, DATEEXECUTED, ORDEREXECUTED, MD5SUM, DESCRIPTION, COMMENTS, EXECTYPE, CONTEXTS, LABELS, LIQUIBASE, DEPLOYMENT_ID) VALUES ('create_distribution_record_table_id', 'R3.Corda', 'migration/distribution-record-schema.changelog-init.xml', NOW(), 134, '8:58bbe0f002fa9a550dbc9aa60a7fda96', 'createTable tableName=distribution_record', '', 'EXECUTED', NULL, NULL, '3.6.3', '8452948468') {changeSet=migration/distribution-record-schema.changelog-init.xml::create_distribution_record_table_id::R3.Corda, databaseChangeLog=master.changelog.json}
?[m?[37m[INFO] 22:15:48,536 [Test worker] jvm.JdbcExecutor. - ALTER TABLE PUBLIC.distribution_record ADD CONSTRAINT distribution_record_pkey PRIMARY KEY (id) {changeSet=migration/distribution-record-schema.changelog-init.xml::distribution_record_pkey_id::R3.Corda, databaseChangeLog=master.changelog.json}
?[m?[37m[INFO] 22:15:48,537 [Test worker] changelog.ChangeSet. - Primary key added to distribution_record (id) {changeSet=migration/distribution-record-schema.changelog-init.xml::distribution_record_pkey_id::R3.Corda, databaseChangeLog=master.changelog.json}
?[m?[37m[INFO] 22:15:48,537 [Test worker] changelog.ChangeSet. - ChangeSet migration/distribution-record-schema.changelog-init.xml::distribution_record_pkey_id::R3.Corda ran successfully in 1ms {changeSet=migration/distribution-record-schema.changelog-init.xml::distribution_record_pkey_id::R3.Corda, databaseChangeLog=master.changelog.json}
?[m?[37m[INFO] 22:15:48,538 [Test worker] jvm.JdbcExecutor. - INSERT INTO PUBLIC.DATABASECHANGELOG (ID, AUTHOR, FILENAME, DATEEXECUTED, ORDEREXECUTED, MD5SUM, DESCRIPTION, COMMENTS, EXECTYPE, CONTEXTS, LABELS, LIQUIBASE, DEPLOYMENT_ID) VALUES ('distribution_record_pkey_id', 'R3.Corda', 'migration/distribution-record-schema.changelog-init.xml', NOW(), 135, '8:0ac8470d7e72d959df72a2f31db8916f', 'addPrimaryKey constraintName=distribution_record_pkey, tableName=distribution_record', '', 'EXECUTED', NULL, NULL, '3.6.3', '8452948468') {changeSet=migration/distribution-record-schema.changelog-init.xml::distribution_record_pkey_id::R3.Corda, databaseChangeLog=master.changelog.json}
?[m?[37m[INFO] 22:15:48,540 [Test worker] jvm.JdbcExecutor. - CREATE INDEX PUBLIC.dist_record_idx ON PUBLIC.distribution_record(linear_id) {changeSet=migration/distribution-record-schema.changelog-init.xml::dist_record_idx_id::R3.Corda, databaseChangeLog=master.changelog.json}
?[m?[37m[INFO] 22:15:48,541 [Test worker] changelog.ChangeSet. - Index dist_record_idx created {changeSet=migration/distribution-record-schema.changelog-init.xml::dist_record_idx_id::R3.Corda, databaseChangeLog=master.changelog.json}
?[m?[37m[INFO] 22:15:48,541 [Test worker] changelog.ChangeSet. - ChangeSet migration/distribution-record-schema.changelog-init.xml::dist_record_idx_id::R3.Corda ran successfully in 1ms {changeSet=migration/distribution-record-schema.changelog-init.xml::dist_record_idx_id::R3.Corda, databaseChangeLog=master.changelog.json}
?[m?[37m[INFO] 22:15:48,542 [Test worker] jvm.JdbcExecutor. - INSERT INTO PUBLIC.DATABASECHANGELOG (ID, AUTHOR, FILENAME, DATEEXECUTED, ORDEREXECUTED, MD5SUM, DESCRIPTION, COMMENTS, EXECTYPE, CONTEXTS, LABELS, LIQUIBASE, DEPLOYMENT_ID) VALUES ('dist_record_idx_id', 'R3.Corda', 'migration/distribution-record-schema.changelog-init.xml', NOW(), 136, '8:0e8c85eaeb998b9c455afeaed17a20a8', 'createIndex indexName=dist_record_idx, tableName=distribution_record', '', 'EXECUTED', NULL, NULL, '3.6.3', '8452948468') {changeSet=migration/distribution-record-schema.changelog-init.xml::dist_record_idx_id::R3.Corda, databaseChangeLog=master.changelog.json}
?[m?[37m[INFO] 22:15:48,544 [Test worker] lockservice.StandardLockService. - Successfully released change log lock
?[m?[37m[INFO] 22:15:48,574 [Test worker] internal.InternalMockNetwork$MockNode. - Connected to H2 database.
?[m?[37m[INFO] 22:15:48,646 [Test worker] persistence.HibernateConfiguration. - Init HibernateConfiguration for schemas: [CommonSchemaV1(name=net.corda.core.schemas.CommonSchema, version=1), VaultSchemaV1(name=net.corda.node.services.vault.VaultSchema, version=1), NodeInfoSchemaV1(name=net.corda.node.internal.schemas.NodeInfoSchema, version=1), NodeCoreV1(name=net.corda.node.services.schema.NodeSchemaService$NodeCore, version=1), FungibleTokenSchemaV1(name=com.r3.corda.lib.tokens.contracts.internal.schemas.FungibleTokenSchema, version=1), NonFungibleTokenSchemaV1(name=com.r3.corda.lib.tokens.contracts.internal.schemas.NonFungibleTokenSchema, version=1), TokenSchemaV1(name=com.r3.corda.lib.tokens.contracts.schemas.TokenSchema, version=1), DistributionRecordSchemaV1(name=com.r3.corda.lib.tokens.workflows.internal.schemas.DistributionRecordSchema, version=1), JPANotarySchemaV1(name=net.corda.notary.jpa.JPANotarySchema, version=1)]
?[m?[37m[INFO] 22:15:48,651 [Test worker] factory.BaseSessionFactoryFactory. - Creating session factory for schemas: [CommonSchemaV1(name=net.corda.core.schemas.CommonSchema, version=1), VaultSchemaV1(name=net.corda.node.services.vault.VaultSchema, version=1), NodeInfoSchemaV1(name=net.corda.node.internal.schemas.NodeInfoSchema, version=1), NodeCoreV1(name=net.corda.node.services.schema.NodeSchemaService$NodeCore, version=1), FungibleTokenSchemaV1(name=com.r3.corda.lib.tokens.contracts.internal.schemas.FungibleTokenSchema, version=1), NonFungibleTokenSchemaV1(name=com.r3.corda.lib.tokens.contracts.internal.schemas.NonFungibleTokenSchema, version=1), TokenSchemaV1(name=com.r3.corda.lib.tokens.contracts.schemas.TokenSchema, version=1), DistributionRecordSchemaV1(name=com.r3.corda.lib.tokens.workflows.internal.schemas.DistributionRecordSchema, version=1), JPANotarySchemaV1(name=net.corda.notary.jpa.JPANotarySchema, version=1)]
?[m?[37m[INFO] 22:15:48,928 [Test worker] hibernate.Version. - HHH000412: Hibernate Core {5.4.3.Final}
?[m?[37m[INFO] 22:15:49,069 [Test worker] common.Version. - HCANN000001: Hibernate Commons Annotations {5.1.0.Final}
?[m?[37m[INFO] 22:15:49,270 [Test worker] internal.ConnectionProviderInitiator. - HHH000130: Instantiating explicit connection provider: net.corda.nodeapi.internal.persistence.HibernateConfiguration$NodeDatabaseConnectionProvider
?[m?[37m[INFO] 22:15:49,313 [Test worker] dialect.Dialect. - HHH000400: Using dialect: org.hibernate.dialect.H2Dialect
?[m?[37m[INFO] 22:15:50,646 [Test worker] connections.access. - HHH10001501: Connection obtained from JdbcConnectionAccess [org.hibernate.engine.jdbc.env.internal.JdbcEnvironmentInitiator$ConnectionProviderJdbcConnectionAccess@7837174a] for (non-JTA) DDL execution was not in auto-commit mode; the Connection 'local transaction' will be committed and the Connection will be set into auto-commit mode.
?[m?[37m[INFO] 22:15:50,806 [Test worker] internal.JtaPlatformInitiator. - HHH000490: Using JtaPlatform implementation: [org.hibernate.engine.transaction.jta.platform.internal.NoJtaPlatform]
?[m?[37m[INFO] 22:15:51,112 [Test worker] factory.BaseSessionFactoryFactory. - Created session factory for schemas: [CommonSchemaV1(name=net.corda.core.schemas.CommonSchema, version=1), VaultSchemaV1(name=net.corda.node.services.vault.VaultSchema, version=1), NodeInfoSchemaV1(name=net.corda.node.internal.schemas.NodeInfoSchema, version=1), NodeCoreV1(name=net.corda.node.services.schema.NodeSchemaService$NodeCore, version=1), FungibleTokenSchemaV1(name=com.r3.corda.lib.tokens.contracts.internal.schemas.FungibleTokenSchema, version=1), NonFungibleTokenSchemaV1(name=com.r3.corda.lib.tokens.contracts.internal.schemas.NonFungibleTokenSchema, version=1), TokenSchemaV1(name=com.r3.corda.lib.tokens.contracts.schemas.TokenSchema, version=1), DistributionRecordSchemaV1(name=com.r3.corda.lib.tokens.workflows.internal.schemas.DistributionRecordSchema, version=1), JPANotarySchemaV1(name=net.corda.notary.jpa.JPANotarySchema, version=1)]
?[m?[37m[INFO] 22:15:51,489 [Test worker] internal.InternalMockNetwork$MockNode. - Node-info has changed so submitting update. Old node-info was null
?[m?[37m[INFO] 22:15:51,496 [Test worker] network.PersistentNetworkMapCache. - Adding node with info: NodeInfo(addresses=[mock.node:1000], legalIdentitiesAndCerts=[O=Notary, L=London, C=GB], platformVersion=9, serial=1618452951489), owningKey=DL2x8rxZeQNYEsSRouy2JQEXiTTu5yVqnpwM8ZP5LBd1iw
?[m?[37m[INFO] 22:15:51,496 [Test worker] network.PersistentNetworkMapCache. - No previous node found for O=Notary, L=London, C=GB
?[m?[37m[INFO] 22:15:51,632 [Test worker] internal.InternalMockNetwork$MockNode. - New node-info: NodeInfo(addresses=[mock.node:1000], legalIdentitiesAndCerts=[O=Notary, L=London, C=GB], platformVersion=9, serial=1618452951489)
?[m?[37m[INFO] 22:15:51,685 [Test worker] network.NetworkMapUpdater. - Auto-accept enabled for network parameter changes which modify only: [epoch, modifiedTime, packageOwnership, whitelistedContractImplementations]
?[m?[37m[INFO] 22:15:51,713 [Test worker] internal.MockNodeMessagingService. - Status change to true
?[m?[37m[INFO] 22:15:51,715 [Test worker] internal.InternalMockNetwork$MockNode. - MessagingService active change to: true
?[m?[37m[INFO] 22:15:51,744 [MockNode-1-2] network.PersistentNetworkMapCache. - Adding node with info: NodeInfo(addresses=[mock.node:1000], legalIdentitiesAndCerts=[O=Notary, L=London, C=GB], platformVersion=9, serial=1618452951489), owningKey=DL2x8rxZeQNYEsSRouy2JQEXiTTu5yVqnpwM8ZP5LBd1iw
?[m?[37m[INFO] 22:15:51,745 [MockNode-1-2] network.PersistentNetworkMapCache. - Previous node was identical to incoming one - doing nothing
?[m?[37m[INFO] 22:15:51,822 [Test worker] ClassloaderUtils. - Contracts loading for '/var/folders/x7/xt1d06_j0y99kyh61nvgw1380000gp/T/attachment481129990234527102.jar' took 4 msec
?[m?[37m[INFO] 22:15:51,837 [Test worker] persistence.NodeAttachmentService. - Stored new attachment: id=65042D5889EDF33D6D804F8A0095BC2768F2C31D4F262A6EF73929E87375415F uploader=app filename=Template Contracts
?[m?[37m[INFO] 22:15:51,845 [Test worker] ClassloaderUtils. - Contracts loading for '/var/folders/x7/xt1d06_j0y99kyh61nvgw1380000gp/T/attachment2136068096678432733.jar' took 4 msec
?[m?[37m[INFO] 22:15:51,860 [Test worker] persistence.NodeAttachmentService. - Stored new attachment: id=34705DC9A2C8599998BBDBA7C3D13609AF04D8B3A772F7134D685ECC926D8320 uploader=app filename=Token SDK Contracts
?[m?[37m[INFO] 22:15:51,874 [Test worker] internal.InternalMockNetwork$MockNode. - Installed com.r3.corda.lib.tokens.selection.memory.services.VaultMigratorService Corda service
?[m?[37m[INFO] 22:15:51,883 [Test worker] cordapp.CordappConfigFileProvider. - Found config for cordapp tokens-workflows-1.2 in build/mock-network/20210415-021529.015-3E1BBE56169EE29D/nodes/0/cordapps/config/tokens-workflows-1.2.conf
?[m?[31m[WARN] 22:15:51,932 [Test worker] inMemoryConfigSelectionLogger. - Did not detect a configuration for InMemory selection - enabling memory usage for token indexing. Please set stateSelection.inMemory.enabled to "false" to disable this
?[m?[31m[WARN] 22:15:51,934 [Test worker] inMemoryConfigSelectionLogger. - No indexing method specified. Indexes will be created at run-time for each invocation of selectTokens
?[m?[37m[INFO] 22:15:51,934 [Test worker] inMemoryConfigSelectionLogger. - Found in memory token selection configuration with values indexing strategy: [], cacheSize: 1024
?[m?[31m[WARN] 22:15:51,957 [Test worker] vault.NodeVaultService. - trackBy is called with an already existing, open DB transaction. As a result, there might be states missing from both the snapshot and observable, included in the returned data feed, because of race conditions.
?[m?[31m[WARN] 22:15:52,026 [Test worker] inMemoryConfigSelectionLogger. - Did not detect a configuration for InMemory selection - enabling memory usage for token indexing. Please set stateSelection.inMemory.enabled to "false" to disable this
?[m?[31m[WARN] 22:15:52,026 [Test worker] inMemoryConfigSelectionLogger. - No indexing method specified. Indexes will be created at run-time for each invocation of selectTokens
?[m?[37m[INFO] 22:15:52,026 [Test worker] inMemoryConfigSelectionLogger. - Found in memory token selection configuration with values indexing strategy: [], cacheSize: 1024
?[m?[37m[INFO] 22:15:52,027 [Test worker] services.VaultWatcherService. - Starting async token loading from vault
?[m?[37m[INFO] 22:15:52,032 [Test worker] internal.InternalMockNetwork$MockNode. - Installed com.r3.corda.lib.tokens.selection.memory.services.VaultWatcherService Corda service
?[m?[37m[INFO] 22:15:52,032 [Test worker] utilities.NotaryLoader. - Starting notary service: class net.corda.notary.jpa.JPANotaryService
?[m?[37m[INFO] 22:15:52,043 [pool-11-thread-1] services.VaultWatcherService. - publishing 0 to async state loading callback
?[m?[37m[INFO] 22:15:52,044 [pool-11-thread-1] services.VaultWatcherService. - received token vault update with 0 consumed states and: 0 produced states
?[m?[37m[INFO] 22:15:52,044 [pool-11-thread-1] services.VaultWatcherService. - finished token loading
?[m?[37m[INFO] 22:15:52,688 [Test worker] statemachine.SingleThreadedStateMachineManager. - Node ready, info: NodeInfo(addresses=[mock.node:1000], legalIdentitiesAndCerts=[O=Notary, L=London, C=GB], platformVersion=9, serial=1618452951489)
?[m?[37m[INFO] 22:15:52,696 [Test worker] network.PersistentNetworkMapCache. - Adding node with info: NodeInfo(addresses=[mock.node:1000], legalIdentitiesAndCerts=[O=Notary, L=London, C=GB], platformVersion=9, serial=1618452951489), owningKey=DL2x8rxZeQNYEsSRouy2JQEXiTTu5yVqnpwM8ZP5LBd1iw
?[m?[37m[INFO] 22:15:52,696 [Test worker] network.PersistentNetworkMapCache. - Previous node was identical to incoming one - doing nothing
?[m?[37m[INFO] 22:15:52,696 [Test worker] network.PersistentNetworkMapCache. - Adding node with info: NodeInfo(addresses=[mock.node:1000], legalIdentitiesAndCerts=[O=Notary, L=London, C=GB], platformVersion=9, serial=1618452951489), owningKey=DL2x8rxZeQNYEsSRouy2JQEXiTTu5yVqnpwM8ZP5LBd1iw
?[m?[37m[INFO] 22:15:52,696 [Test worker] network.PersistentNetworkMapCache. - Previous node was identical to incoming one - doing nothing
?[m?[37m[INFO] 22:15:52,709 [Test worker] cordapp.JarScanningCordappLoader. - Looking for CorDapps in [build/mock-network/20210415-021529.015-3E1BBE56169EE29D/nodes/1/cordapps]
?[m?[37m[INFO] 22:15:52,710 [Test worker] cordapp.JarScanningCordappLoader. - Loading CorDapps from RestrictedURL(url=file:/Users/peterli/Desktop/tokenTest/workflows/build/mock-network/20210415-021529.015-3E1BBE56169EE29D/nodes/1/cordapps/contracts-0.1.jar, rootPackageName=null), RestrictedURL(url=file:/Users/peterli/Desktop/tokenTest/workflows/build/mock-network/20210415-021529.015-3E1BBE56169EE29D/nodes/1/cordapps/workflows-0.1.jar, rootPackageName=null), RestrictedURL(url=file:/Users/peterli/Desktop/tokenTest/workflows/build/mock-network/20210415-021529.015-3E1BBE56169EE29D/nodes/1/cordapps/tokens-contracts-1.2.jar, rootPackageName=null), RestrictedURL(url=file:/Users/peterli/Desktop/tokenTest/workflows/build/mock-network/20210415-021529.015-3E1BBE56169EE29D/nodes/1/cordapps/tokens-workflows-1.2.jar, rootPackageName=null)
?[m?[37m[INFO] 22:15:52,710 [Test worker] cordapp.JarScanningCordappLoader. - Scanning CorDapp in file:/Users/peterli/Desktop/tokenTest/workflows/build/mock-network/20210415-021529.015-3E1BBE56169EE29D/nodes/1/cordapps/contracts-0.1.jar
?[m?[37m[INFO] 22:15:52,718 [Test worker] cordapp.JarScanningCordappLoader. - Scanning CorDapp in file:/Users/peterli/Desktop/tokenTest/workflows/build/mock-network/20210415-021529.015-3E1BBE56169EE29D/nodes/1/cordapps/workflows-0.1.jar
?[m?[37m[INFO] 22:15:52,724 [Test worker] cordapp.JarScanningCordappLoader. - Scanning CorDapp in file:/Users/peterli/Desktop/tokenTest/workflows/build/mock-network/20210415-021529.015-3E1BBE56169EE29D/nodes/1/cordapps/tokens-contracts-1.2.jar
?[m?[37m[INFO] 22:15:52,735 [Test worker] cordapp.JarScanningCordappLoader. - Scanning CorDapp in file:/Users/peterli/Desktop/tokenTest/workflows/build/mock-network/20210415-021529.015-3E1BBE56169EE29D/nodes/1/cordapps/tokens-workflows-1.2.jar
?[m?[37m[INFO] 22:15:52,782 [Test worker] internal.InternalMockNetwork$MockNode. - MessagingService active change to: false
?[m?[37m[INFO] 22:15:52,783 [Test worker] internal.InternalMockNetwork$MockNode. - Flow external operation executor has a max of 2 threads
?[m?[37m[INFO] 22:15:52,784 [Test worker] internal.InternalMockNetwork$MockNode. - Node starting up ...
?[m?[37m[INFO] 22:15:52,826 [Test worker] internal.KeyStoreHandler. - Loaded trusted root certificate: DL7fwxLm5xbiMD8adUuYTsPZHAict46Ng4w6RNcySt5vAw, alias: cordarootca
?[m?[37m[INFO] 22:15:52,826 [Test worker] internal.KeyStoreHandler. - Loaded node identity key: DLBaSgPP5bRtQDpzG4Aux9uA8ubkafgxpn6rRg5CcAdMcJ, alias: identity-private-key
?[m?[37m[INFO] 22:15:52,833 [Test worker] internal.NodeFlowManager. - Registered com.template.flows.NormalTransaction$NormalTransactionInitiator to initiate com.template.flows.NormalTransaction$Responder (version 1)
?[m?[37m[INFO] 22:15:52,834 [Test worker] internal.NodeFlowManager. - Registered com.template.flows.TransferFungEvoToken$TransferFungEvoTokenInitiator to initiate com.template.flows.TransferFungEvoToken$TransferFungEvoTokenResponder (version 1)
?[m?[37m[INFO] 22:15:52,834 [Test worker] internal.NodeFlowManager. - Registered com.r3.corda.lib.tokens.workflows.flows.rpc.ConfidentialIssueTokens to initiate com.r3.corda.lib.tokens.workflows.flows.rpc.ConfidentialIssueTokensHandler (version 1)
?[m?[37m[INFO] 22:15:52,834 [Test worker] internal.NodeFlowManager. - Registered com.r3.corda.lib.tokens.workflows.flows.rpc.ConfidentialMoveFungibleTokens to initiate com.r3.corda.lib.tokens.workflows.flows.rpc.ConfidentialMoveFungibleTokensHandler (version 1)
?[m?[37m[INFO] 22:15:52,834 [Test worker] internal.NodeFlowManager. - Registered com.r3.corda.lib.tokens.workflows.flows.rpc.ConfidentialMoveNonFungibleTokens to initiate com.r3.corda.lib.tokens.workflows.flows.rpc.ConfidentialMoveNonFungibleTokensHandler (version 1)
?[m?[37m[INFO] 22:15:52,834 [Test worker] internal.NodeFlowManager. - Registered com.r3.corda.lib.tokens.workflows.flows.rpc.ConfidentialRedeemFungibleTokens to initiate com.r3.corda.lib.tokens.workflows.flows.rpc.ConfidentialRedeemFungibleTokensHandler (version 1)
?[m?[37m[INFO] 22:15:52,834 [Test worker] internal.NodeFlowManager. - Registered com.r3.corda.lib.tokens.workflows.flows.rpc.CreateEvolvableTokens to initiate com.r3.corda.lib.tokens.workflows.flows.rpc.CreateEvolvableTokensHandler (version 1)
?[m?[37m[INFO] 22:15:52,834 [Test worker] internal.NodeFlowManager. - Registered com.r3.corda.lib.tokens.workflows.flows.rpc.IssueTokens to initiate com.r3.corda.lib.tokens.workflows.flows.rpc.IssueTokensHandler (version 1)
?[m?[37m[INFO] 22:15:52,834 [Test worker] internal.NodeFlowManager. - Registered com.r3.corda.lib.tokens.workflows.flows.rpc.MoveFungibleTokens to initiate com.r3.corda.lib.tokens.workflows.flows.rpc.MoveFungibleTokensHandler (version 1)
?[m?[37m[INFO] 22:15:52,834 [Test worker] internal.NodeFlowManager. - Registered com.r3.corda.lib.tokens.workflows.flows.rpc.MoveNonFungibleTokens to initiate com.r3.corda.lib.tokens.workflows.flows.rpc.MoveNonFungibleTokensHandler (version 1)
?[m?[37m[INFO] 22:15:52,834 [Test worker] internal.NodeFlowManager. - Registered com.r3.corda.lib.tokens.workflows.flows.rpc.RedeemFungibleTokens to initiate com.r3.corda.lib.tokens.workflows.flows.rpc.RedeemFungibleTokensHandler (version 1)
?[m?[37m[INFO] 22:15:52,834 [Test worker] internal.NodeFlowManager. - Registered com.r3.corda.lib.tokens.workflows.flows.rpc.RedeemNonFungibleTokens to initiate com.r3.corda.lib.tokens.workflows.flows.rpc.RedeemNonFungibleTokensHandler (version 1)
?[m?[37m[INFO] 22:15:52,835 [Test worker] internal.NodeFlowManager. - Registered com.r3.corda.lib.tokens.workflows.flows.rpc.UpdateEvolvableToken to initiate com.r3.corda.lib.tokens.workflows.flows.rpc.UpdateEvolvableTokenHandler (version 1)
?[m?[37m[INFO] 22:15:52,835 [Test worker] internal.NodeFlowManager. - Registered com.r3.corda.lib.tokens.workflows.internal.flows.distribution.RequestAdditionToDistributionList$Initiator to initiate com.r3.corda.lib.tokens.workflows.internal.flows.distribution.RequestAdditionToDistributionList$Responder (version 1)
?[m?[37m[INFO] 22:15:52,835 [Test worker] internal.NodeFlowManager. - Registered com.r3.corda.lib.tokens.workflows.internal.flows.distribution.UpdateDistributionListFlow to initiate com.r3.corda.lib.tokens.workflows.internal.flows.distribution.UpdateDistributionListFlowHandler (version 1)
?[m?[37m[INFO] 22:15:52,835 [Test worker] internal.NodeFlowManager. - Registered com.r3.corda.lib.tokens.workflows.internal.testflows.DvPFlow to initiate com.r3.corda.lib.tokens.workflows.internal.testflows.DvPFlowHandler (version 1)
?[m?[37m[INFO] 22:15:52,840 [Test worker] internal.InternalMockNetwork$MockNode. - Loaded network parameters: NetworkParameters {
      minimumPlatformVersion=4
      notaries=[NotaryInfo(identity=O=Notary, L=London, C=GB, validating=true)]
      maxMessageSize=10485760
      maxTransactionSize=52428800
      whitelistedContractImplementations {
        
      }
      eventHorizon=PT51539607528H
      packageOwnership {
        
      }
      modifiedTime=2021-04-15T02:15:26.896Z
      epoch=1
  }
?[m?[37m[INFO] 22:15:52,840 [Test worker] hikari.HikariDataSource. - HikariPool-2 - Starting...
?[m?[37m[INFO] 22:15:52,855 [Test worker] hikari.HikariDataSource. - HikariPool-2 - Start completed.
?[m?[37m[INFO] 22:15:53,083 [Test worker] jvm.JdbcExecutor. - SELECT MD5SUM FROM PUBLIC.DATABASECHANGELOG WHERE MD5SUM IS NOT NULL
?[m?[37m[INFO] 22:15:53,084 [Test worker] jvm.JdbcExecutor. - SELECT COUNT(*) FROM PUBLIC.DATABASECHANGELOG
?[m?[37m[INFO] 22:15:53,084 [Test worker] changelog.StandardChangeLogHistoryService. - Reading from PUBLIC.DATABASECHANGELOG
?[m?[37m[INFO] 22:15:53,084 [Test worker] jvm.JdbcExecutor. - SELECT * FROM PUBLIC.DATABASECHANGELOG ORDER BY DATEEXECUTED ASC, ORDEREXECUTED ASC
?[m?[37m[INFO] 22:15:53,087 [Test worker] jvm.JdbcExecutor. - SELECT COUNT(*) FROM PUBLIC.DATABASECHANGELOGLOCK
?[m?[37m[INFO] 22:15:53,087 [Test worker] jvm.JdbcExecutor. - SELECT COUNT(*) FROM PUBLIC.DATABASECHANGELOGLOCK
?[m?[37m[INFO] 22:15:53,107 [Test worker] visitor.ValidatingVisitor. - Skipping change set migration/vault-schema.changelog-v13.xml::vault_transaction_id_size_non-clustered_pk-1::R3.Corda due to validation error(s): clustered is not allowed on h2 {changeSet=migration/vault-schema.changelog-v13.xml::vault_transaction_id_size_non-clustered_pk-1::R3.Corda, databaseChangeLog=master.changelog.json}
?[m?[37m[INFO] 22:15:53,108 [Test worker] visitor.ValidatingVisitor. - Skipping change set migration/vault-schema.changelog-v13.xml::vault_transaction_id_size_non-clustered_pk-2::R3.Corda due to validation error(s): clustered is not allowed on h2 {changeSet=migration/vault-schema.changelog-v13.xml::vault_transaction_id_size_non-clustered_pk-2::R3.Corda, databaseChangeLog=master.changelog.json}
?[m?[37m[INFO] 22:15:53,108 [Test worker] visitor.ValidatingVisitor. - Skipping change set migration/vault-schema.changelog-v13.xml::vault_transaction_id_size_non-clustered_pk-3::R3.Corda due to validation error(s): clustered is not allowed on h2 {changeSet=migration/vault-schema.changelog-v13.xml::vault_transaction_id_size_non-clustered_pk-3::R3.Corda, databaseChangeLog=master.changelog.json}
?[m?[37m[INFO] 22:15:53,144 [Test worker] visitor.ValidatingVisitor. - Skipping change set migration/node-core.changelog-v21.xml::node_transaction_id_size_non-clustered_pk::R3.Corda due to validation error(s): clustered is not allowed on h2 {changeSet=migration/node-core.changelog-v21.xml::node_transaction_id_size_non-clustered_pk::R3.Corda, databaseChangeLog=master.changelog.json}
?[m?[37m[INFO] 22:15:53,146 [Test worker] jvm.JdbcExecutor. - SELECT LOCKED FROM PUBLIC.DATABASECHANGELOGLOCK WHERE ID=1
?[m?[37m[INFO] 22:15:53,147 [Test worker] lockservice.StandardLockService. - Successfully acquired change log lock
?[m?[37m[INFO] 22:15:53,149 [Test worker] visitor.ValidatingVisitor. - Skipping change set migration/vault-schema.changelog-v13.xml::vault_transaction_id_size_non-clustered_pk-1::R3.Corda due to validation error(s): clustered is not allowed on h2 {changeSet=migration/vault-schema.changelog-v13.xml::vault_transaction_id_size_non-clustered_pk-1::R3.Corda, databaseChangeLog=master.changelog.json}
?[m?[37m[INFO] 22:15:53,149 [Test worker] visitor.ValidatingVisitor. - Skipping change set migration/vault-schema.changelog-v13.xml::vault_transaction_id_size_non-clustered_pk-2::R3.Corda due to validation error(s): clustered is not allowed on h2 {changeSet=migration/vault-schema.changelog-v13.xml::vault_transaction_id_size_non-clustered_pk-2::R3.Corda, databaseChangeLog=master.changelog.json}
?[m?[37m[INFO] 22:15:53,149 [Test worker] visitor.ValidatingVisitor. - Skipping change set migration/vault-schema.changelog-v13.xml::vault_transaction_id_size_non-clustered_pk-3::R3.Corda due to validation error(s): clustered is not allowed on h2 {changeSet=migration/vault-schema.changelog-v13.xml::vault_transaction_id_size_non-clustered_pk-3::R3.Corda, databaseChangeLog=master.changelog.json}
?[m?[37m[INFO] 22:15:53,153 [Test worker] visitor.ValidatingVisitor. - Skipping change set migration/node-core.changelog-v21.xml::node_transaction_id_size_non-clustered_pk::R3.Corda due to validation error(s): clustered is not allowed on h2 {changeSet=migration/node-core.changelog-v21.xml::node_transaction_id_size_non-clustered_pk::R3.Corda, databaseChangeLog=master.changelog.json}
?[m?[37m[INFO] 22:15:53,154 [Test worker] jvm.JdbcExecutor. - DROP VIEW PUBLIC.v_pkey_hash_ex_id_map {changeSet=migration/vault-schema.changelog-v13.xml::vault_transaction_id_size::R3.Corda, databaseChangeLog=master.changelog.json}
?[m?[37m[INFO] 22:15:53,154 [Test worker] changelog.ChangeSet. - View v_pkey_hash_ex_id_map dropped {changeSet=migration/vault-schema.changelog-v13.xml::vault_transaction_id_size::R3.Corda, databaseChangeLog=master.changelog.json}
?[m?[37m[INFO] 22:15:53,155 [Test worker] jvm.JdbcExecutor. - ALTER TABLE PUBLIC.vault_fungible_states_parts DROP CONSTRAINT FK__fung_st_parts__fung_st {changeSet=migration/vault-schema.changelog-v13.xml::vault_transaction_id_size::R3.Corda, databaseChangeLog=master.changelog.json}
?[m?[37m[INFO] 22:15:53,155 [Test worker] changelog.ChangeSet. - Foreign key FK__fung_st_parts__fung_st dropped {changeSet=migration/vault-schema.changelog-v13.xml::vault_transaction_id_size::R3.Corda, databaseChangeLog=master.changelog.json}
?[m?[37m[INFO] 22:15:53,155 [Test worker] jvm.JdbcExecutor. - ALTER TABLE PUBLIC.vault_linear_states_parts DROP CONSTRAINT FK__lin_stat_parts__lin_stat {changeSet=migration/vault-schema.changelog-v13.xml::vault_transaction_id_size::R3.Corda, databaseChangeLog=master.changelog.json}
?[m?[37m[INFO] 22:15:53,156 [Test worker] changelog.ChangeSet. - Foreign key FK__lin_stat_parts__lin_stat dropped {changeSet=migration/vault-schema.changelog-v13.xml::vault_transaction_id_size::R3.Corda, databaseChangeLog=master.changelog.json}
?[m?[37m[INFO] 22:15:53,156 [Test worker] jvm.JdbcExecutor. - ALTER TABLE PUBLIC.vault_fungible_states DROP PRIMARY KEY {changeSet=migration/vault-schema.changelog-v13.xml::vault_transaction_id_size::R3.Corda, databaseChangeLog=master.changelog.json}
?[m?[37m[INFO] 22:15:53,156 [Test worker] changelog.ChangeSet. - Primary key dropped from vault_fungible_states {changeSet=migration/vault-schema.changelog-v13.xml::vault_transaction_id_size::R3.Corda, databaseChangeLog=master.changelog.json}
?[m?[37m[INFO] 22:15:53,156 [Test worker] jvm.JdbcExecutor. - ALTER TABLE PUBLIC.vault_linear_states DROP PRIMARY KEY {changeSet=migration/vault-schema.changelog-v13.xml::vault_transaction_id_size::R3.Corda, databaseChangeLog=master.changelog.json}
?[m?[37m[INFO] 22:15:53,157 [Test worker] changelog.ChangeSet. - Primary key dropped from vault_linear_states {changeSet=migration/vault-schema.changelog-v13.xml::vault_transaction_id_size::R3.Corda, databaseChangeLog=master.changelog.json}
?[m?[37m[INFO] 22:15:53,157 [Test worker] jvm.JdbcExecutor. - ALTER TABLE PUBLIC.vault_states DROP PRIMARY KEY {changeSet=migration/vault-schema.changelog-v13.xml::vault_transaction_id_size::R3.Corda, databaseChangeLog=master.changelog.json}
?[m?[37m[INFO] 22:15:53,158 [Test worker] changelog.ChangeSet. - Primary key dropped from vault_states {changeSet=migration/vault-schema.changelog-v13.xml::vault_transaction_id_size::R3.Corda, databaseChangeLog=master.changelog.json}
?[m?[37m[INFO] 22:15:53,158 [Test worker] jvm.JdbcExecutor. - DROP INDEX PUBLIC.transaction_id_index {changeSet=migration/vault-schema.changelog-v13.xml::vault_transaction_id_size::R3.Corda, databaseChangeLog=master.changelog.json}
?[m?[37m[INFO] 22:15:53,158 [Test worker] changelog.ChangeSet. - Index transaction_id_index dropped from table vault_transaction_notes {changeSet=migration/vault-schema.changelog-v13.xml::vault_transaction_id_size::R3.Corda, databaseChangeLog=master.changelog.json}
?[m?[37m[INFO] 22:15:53,158 [Test worker] jvm.JdbcExecutor. - ALTER TABLE PUBLIC.vault_fungible_states ALTER COLUMN transaction_id SET NULL {changeSet=migration/vault-schema.changelog-v13.xml::vault_transaction_id_size::R3.Corda, databaseChangeLog=master.changelog.json}
?[m?[37m[INFO] 22:15:53,159 [Test worker] changelog.ChangeSet. - Null constraint dropped from vault_fungible_states.transaction_id {changeSet=migration/vault-schema.changelog-v13.xml::vault_transaction_id_size::R3.Corda, databaseChangeLog=master.changelog.json}
?[m?[37m[INFO] 22:15:53,159 [Test worker] jvm.JdbcExecutor. - ALTER TABLE PUBLIC.vault_fungible_states_parts ALTER COLUMN transaction_id SET NULL {changeSet=migration/vault-schema.changelog-v13.xml::vault_transaction_id_size::R3.Corda, databaseChangeLog=master.changelog.json}
?[m?[37m[INFO] 22:15:53,160 [Test worker] changelog.ChangeSet. - Null constraint dropped from vault_fungible_states_parts.transaction_id {changeSet=migration/vault-schema.changelog-v13.xml::vault_transaction_id_size::R3.Corda, databaseChangeLog=master.changelog.json}
?[m?[37m[INFO] 22:15:53,160 [Test worker] jvm.JdbcExecutor. - ALTER TABLE PUBLIC.vault_linear_states ALTER COLUMN transaction_id SET NULL {changeSet=migration/vault-schema.changelog-v13.xml::vault_transaction_id_size::R3.Corda, databaseChangeLog=master.changelog.json}
?[m?[37m[INFO] 22:15:53,160 [Test worker] changelog.ChangeSet. - Null constraint dropped from vault_linear_states.transaction_id {changeSet=migration/vault-schema.changelog-v13.xml::vault_transaction_id_size::R3.Corda, databaseChangeLog=master.changelog.json}
?[m?[37m[INFO] 22:15:53,161 [Test worker] jvm.JdbcExecutor. - ALTER TABLE PUBLIC.vault_linear_states_parts ALTER COLUMN transaction_id SET NULL {changeSet=migration/vault-schema.changelog-v13.xml::vault_transaction_id_size::R3.Corda, databaseChangeLog=master.changelog.json}
?[m?[37m[INFO] 22:15:53,161 [Test worker] changelog.ChangeSet. - Null constraint dropped from vault_linear_states_parts.transaction_id {changeSet=migration/vault-schema.changelog-v13.xml::vault_transaction_id_size::R3.Corda, databaseChangeLog=master.changelog.json}
?[m?[37m[INFO] 22:15:53,161 [Test worker] jvm.JdbcExecutor. - ALTER TABLE PUBLIC.vault_states ALTER COLUMN transaction_id SET NULL {changeSet=migration/vault-schema.changelog-v13.xml::vault_transaction_id_size::R3.Corda, databaseChangeLog=master.changelog.json}
?[m?[37m[INFO] 22:15:53,161 [Test worker] changelog.ChangeSet. - Null constraint dropped from vault_states.transaction_id {changeSet=migration/vault-schema.changelog-v13.xml::vault_transaction_id_size::R3.Corda, databaseChangeLog=master.changelog.json}
?[m?[37m[INFO] 22:15:53,162 [Test worker] jvm.JdbcExecutor. - ALTER TABLE PUBLIC.vault_fungible_states ALTER COLUMN transaction_id NVARCHAR(144) {changeSet=migration/vault-schema.changelog-v13.xml::vault_transaction_id_size::R3.Corda, databaseChangeLog=master.changelog.json}
?[m?[37m[INFO] 22:15:53,164 [Test worker] changelog.ChangeSet. - vault_fungible_states.transaction_id datatype was changed to NVARCHAR(144) {changeSet=migration/vault-schema.changelog-v13.xml::vault_transaction_id_size::R3.Corda, databaseChangeLog=master.changelog.json}
?[m?[37m[INFO] 22:15:53,164 [Test worker] jvm.JdbcExecutor. - ALTER TABLE PUBLIC.vault_fungible_states_parts ALTER COLUMN transaction_id NVARCHAR(144) {changeSet=migration/vault-schema.changelog-v13.xml::vault_transaction_id_size::R3.Corda, databaseChangeLog=master.changelog.json}
?[m?[37m[INFO] 22:15:53,167 [Test worker] changelog.ChangeSet. - vault_fungible_states_parts.transaction_id datatype was changed to NVARCHAR(144) {changeSet=migration/vault-schema.changelog-v13.xml::vault_transaction_id_size::R3.Corda, databaseChangeLog=master.changelog.json}
?[m?[37m[INFO] 22:15:53,167 [Test worker] jvm.JdbcExecutor. - ALTER TABLE PUBLIC.vault_linear_states ALTER COLUMN transaction_id NVARCHAR(144) {changeSet=migration/vault-schema.changelog-v13.xml::vault_transaction_id_size::R3.Corda, databaseChangeLog=master.changelog.json}
?[m?[37m[INFO] 22:15:53,171 [Test worker] changelog.ChangeSet. - vault_linear_states.transaction_id datatype was changed to NVARCHAR(144) {changeSet=migration/vault-schema.changelog-v13.xml::vault_transaction_id_size::R3.Corda, databaseChangeLog=master.changelog.json}
?[m?[37m[INFO] 22:15:53,171 [Test worker] jvm.JdbcExecutor. - ALTER TABLE PUBLIC.vault_linear_states_parts ALTER COLUMN transaction_id NVARCHAR(144) {changeSet=migration/vault-schema.changelog-v13.xml::vault_transaction_id_size::R3.Corda, databaseChangeLog=master.changelog.json}
?[m?[37m[INFO] 22:15:53,173 [Test worker] changelog.ChangeSet. - vault_linear_states_parts.transaction_id datatype was changed to NVARCHAR(144) {changeSet=migration/vault-schema.changelog-v13.xml::vault_transaction_id_size::R3.Corda, databaseChangeLog=master.changelog.json}
?[m?[37m[INFO] 22:15:53,173 [Test worker] jvm.JdbcExecutor. - ALTER TABLE PUBLIC.vault_states ALTER COLUMN transaction_id NVARCHAR(144) {changeSet=migration/vault-schema.changelog-v13.xml::vault_transaction_id_size::R3.Corda, databaseChangeLog=master.changelog.json}
?[m?[37m[INFO] 22:15:53,178 [Test worker] changelog.ChangeSet. - vault_states.transaction_id datatype was changed to NVARCHAR(144) {changeSet=migration/vault-schema.changelog-v13.xml::vault_transaction_id_size::R3.Corda, databaseChangeLog=master.changelog.json}
?[m?[37m[INFO] 22:15:53,178 [Test worker] jvm.JdbcExecutor. - ALTER TABLE PUBLIC.vault_transaction_notes ALTER COLUMN transaction_id NVARCHAR(144) {changeSet=migration/vault-schema.changelog-v13.xml::vault_transaction_id_size::R3.Corda, databaseChangeLog=master.changelog.json}
?[m?[37m[INFO] 22:15:53,182 [Test worker] changelog.ChangeSet. - vault_transaction_notes.transaction_id datatype was changed to NVARCHAR(144) {changeSet=migration/vault-schema.changelog-v13.xml::vault_transaction_id_size::R3.Corda, databaseChangeLog=master.changelog.json}
?[m?[37m[INFO] 22:15:53,182 [Test worker] jvm.JdbcExecutor. - ALTER TABLE PUBLIC.state_party ALTER COLUMN transaction_id NVARCHAR(144) {changeSet=migration/vault-schema.changelog-v13.xml::vault_transaction_id_size::R3.Corda, databaseChangeLog=master.changelog.json}
?[m?[37m[INFO] 22:15:53,187 [Test worker] changelog.ChangeSet. - state_party.transaction_id datatype was changed to NVARCHAR(144) {changeSet=migration/vault-schema.changelog-v13.xml::vault_transaction_id_size::R3.Corda, databaseChangeLog=master.changelog.json}
?[m?[37m[INFO] 22:15:53,187 [Test worker] jvm.JdbcExecutor. - ALTER TABLE PUBLIC.vault_fungible_states ALTER COLUMN transaction_id SET NOT NULL {changeSet=migration/vault-schema.changelog-v13.xml::vault_transaction_id_size::R3.Corda, databaseChangeLog=master.changelog.json}
?[m?[37m[INFO] 22:15:53,188 [Test worker] changelog.ChangeSet. - NOT NULL constraint has been added to vault_fungible_states.transaction_id {changeSet=migration/vault-schema.changelog-v13.xml::vault_transaction_id_size::R3.Corda, databaseChangeLog=master.changelog.json}
?[m?[37m[INFO] 22:15:53,188 [Test worker] jvm.JdbcExecutor. - ALTER TABLE PUBLIC.vault_fungible_states_parts ALTER COLUMN transaction_id SET NOT NULL {changeSet=migration/vault-schema.changelog-v13.xml::vault_transaction_id_size::R3.Corda, databaseChangeLog=master.changelog.json}
?[m?[37m[INFO] 22:15:53,189 [Test worker] changelog.ChangeSet. - NOT NULL constraint has been added to vault_fungible_states_parts.transaction_id {changeSet=migration/vault-schema.changelog-v13.xml::vault_transaction_id_size::R3.Corda, databaseChangeLog=master.changelog.json}
?[m?[37m[INFO] 22:15:53,189 [Test worker] jvm.JdbcExecutor. - ALTER TABLE PUBLIC.vault_linear_states ALTER COLUMN transaction_id SET NOT NULL {changeSet=migration/vault-schema.changelog-v13.xml::vault_transaction_id_size::R3.Corda, databaseChangeLog=master.changelog.json}
?[m?[37m[INFO] 22:15:53,190 [Test worker] changelog.ChangeSet. - NOT NULL constraint has been added to vault_linear_states.transaction_id {changeSet=migration/vault-schema.changelog-v13.xml::vault_transaction_id_size::R3.Corda, databaseChangeLog=master.changelog.json}
?[m?[37m[INFO] 22:15:53,190 [Test worker] jvm.JdbcExecutor. - ALTER TABLE PUBLIC.vault_linear_states_parts ALTER COLUMN transaction_id SET NOT NULL {changeSet=migration/vault-schema.changelog-v13.xml::vault_transaction_id_size::R3.Corda, databaseChangeLog=master.changelog.json}
?[m?[37m[INFO] 22:15:53,190 [Test worker] changelog.ChangeSet. - NOT NULL constraint has been added to vault_linear_states_parts.transaction_id {changeSet=migration/vault-schema.changelog-v13.xml::vault_transaction_id_size::R3.Corda, databaseChangeLog=master.changelog.json}
?[m?[37m[INFO] 22:15:53,191 [Test worker] jvm.JdbcExecutor. - ALTER TABLE PUBLIC.vault_states ALTER COLUMN transaction_id SET NOT NULL {changeSet=migration/vault-schema.changelog-v13.xml::vault_transaction_id_size::R3.Corda, databaseChangeLog=master.changelog.json}
?[m?[37m[INFO] 22:15:53,191 [Test worker] changelog.ChangeSet. - NOT NULL constraint has been added to vault_states.transaction_id {changeSet=migration/vault-schema.changelog-v13.xml::vault_transaction_id_size::R3.Corda, databaseChangeLog=master.changelog.json}
?[m?[37m[INFO] 22:15:53,192 [Test worker] jvm.JdbcExecutor. - ALTER TABLE PUBLIC.vault_fungible_states ADD CONSTRAINT vault_fungible_states_pkey PRIMARY KEY (transaction_id, output_index) {changeSet=migration/vault-schema.changelog-v13.xml::vault_transaction_id_size::R3.Corda, databaseChangeLog=master.changelog.json}
?[m?[37m[INFO] 22:15:53,192 [Test worker] changelog.ChangeSet. - Primary key added to vault_fungible_states (transaction_id, output_index) {changeSet=migration/vault-schema.changelog-v13.xml::vault_transaction_id_size::R3.Corda, databaseChangeLog=master.changelog.json}
?[m?[37m[INFO] 22:15:53,192 [Test worker] jvm.JdbcExecutor. - ALTER TABLE PUBLIC.vault_linear_states ADD CONSTRAINT vault_linear_states_pkey PRIMARY KEY (transaction_id, output_index) {changeSet=migration/vault-schema.changelog-v13.xml::vault_transaction_id_size::R3.Corda, databaseChangeLog=master.changelog.json}
?[m?[37m[INFO] 22:15:53,193 [Test worker] changelog.ChangeSet. - Primary key added to vault_linear_states (transaction_id, output_index) {changeSet=migration/vault-schema.changelog-v13.xml::vault_transaction_id_size::R3.Corda, databaseChangeLog=master.changelog.json}
?[m?[37m[INFO] 22:15:53,193 [Test worker] jvm.JdbcExecutor. - ALTER TABLE PUBLIC.vault_states ADD CONSTRAINT vault_states_pkey PRIMARY KEY (transaction_id, output_index) {changeSet=migration/vault-schema.changelog-v13.xml::vault_transaction_id_size::R3.Corda, databaseChangeLog=master.changelog.json}
?[m?[37m[INFO] 22:15:53,194 [Test worker] changelog.ChangeSet. - Primary key added to vault_states (transaction_id, output_index) {changeSet=migration/vault-schema.changelog-v13.xml::vault_transaction_id_size::R3.Corda, databaseChangeLog=master.changelog.json}
?[m?[37m[INFO] 22:15:53,194 [Test worker] jvm.JdbcExecutor. - CREATE INDEX PUBLIC.transaction_id_index ON PUBLIC.vault_transaction_notes(transaction_id) {changeSet=migration/vault-schema.changelog-v13.xml::vault_transaction_id_size::R3.Corda, databaseChangeLog=master.changelog.json}
?[m?[37m[INFO] 22:15:53,194 [Test worker] changelog.ChangeSet. - Index transaction_id_index created {changeSet=migration/vault-schema.changelog-v13.xml::vault_transaction_id_size::R3.Corda, databaseChangeLog=master.changelog.json}
?[m?[37m[INFO] 22:15:53,194 [Test worker] changelog.ChangeSet. - ChangeSet migration/vault-schema.changelog-v13.xml::vault_transaction_id_size::R3.Corda ran successfully in 40ms {changeSet=migration/vault-schema.changelog-v13.xml::vault_transaction_id_size::R3.Corda, databaseChangeLog=master.changelog.json}
?[m?[37m[INFO] 22:15:53,195 [Test worker] jvm.JdbcExecutor. - SELECT MAX(ORDEREXECUTED) FROM PUBLIC.DATABASECHANGELOG {changeSet=migration/vault-schema.changelog-v13.xml::vault_transaction_id_size::R3.Corda, databaseChangeLog=master.changelog.json}
?[m?[37m[INFO] 22:15:53,197 [Test worker] jvm.JdbcExecutor. - INSERT INTO PUBLIC.DATABASECHANGELOG (ID, AUTHOR, FILENAME, DATEEXECUTED, ORDEREXECUTED, MD5SUM, DESCRIPTION, COMMENTS, EXECTYPE, CONTEXTS, LABELS, LIQUIBASE, DEPLOYMENT_ID) VALUES ('vault_transaction_id_size', 'R3.Corda', 'migration/vault-schema.changelog-v13.xml', NOW(), 94, '8:6251c962c4f12e03040c4fceecdc07e0', 'dropView viewName=v_pkey_hash_ex_id_map; dropForeignKeyConstraint baseTableName=vault_fungible_states_parts, constraintName=FK__fung_st_parts__fung_st; dropForeignKeyConstraint baseTableName=vault_linear_states_parts, constraintName=FK__lin_stat_p...', '', 'EXECUTED', NULL, NULL, '3.6.3', '8452953147') {changeSet=migration/vault-schema.changelog-v13.xml::vault_transaction_id_size::R3.Corda, databaseChangeLog=master.changelog.json}
?[m?[37m[INFO] 22:15:53,201 [Test worker] jvm.JdbcExecutor. - INSERT INTO PUBLIC.DATABASECHANGELOG (ID, AUTHOR, FILENAME, DATEEXECUTED, ORDEREXECUTED, MD5SUM, DESCRIPTION, COMMENTS, EXECTYPE, CONTEXTS, LABELS, LIQUIBASE, DEPLOYMENT_ID) VALUES ('vault_transaction_id_size_non-clustered_pk-1', 'R3.Corda', 'migration/vault-schema.changelog-v13.xml', NOW(), 95, '8:d9c822bbaf7c5eea4cd2559f94a17eba', 'dropPrimaryKey constraintName=vault_fungible_states_pkey, tableName=vault_fungible_states; addPrimaryKey constraintName=vault_fungible_states_pkey, tableName=vault_fungible_states', '', 'MARK_RAN', NULL, NULL, '3.6.3', '8452953147') {changeSet=migration/vault-schema.changelog-v13.xml::vault_transaction_id_size_non-clustered_pk-1::R3.Corda, databaseChangeLog=master.changelog.json}
?[m?[37m[INFO] 22:15:53,202 [Test worker] jvm.JdbcExecutor. - INSERT INTO PUBLIC.DATABASECHANGELOG (ID, AUTHOR, FILENAME, DATEEXECUTED, ORDEREXECUTED, MD5SUM, DESCRIPTION, COMMENTS, EXECTYPE, CONTEXTS, LABELS, LIQUIBASE, DEPLOYMENT_ID) VALUES ('vault_transaction_id_size_non-clustered_pk-2', 'R3.Corda', 'migration/vault-schema.changelog-v13.xml', NOW(), 96, '8:fb2cd4970e95f7c7936b9754a6438da5', 'dropPrimaryKey constraintName=vault_linear_states_pkey, tableName=vault_linear_states; addPrimaryKey constraintName=vault_linear_states_pkey, tableName=vault_linear_states', '', 'MARK_RAN', NULL, NULL, '3.6.3', '8452953147') {changeSet=migration/vault-schema.changelog-v13.xml::vault_transaction_id_size_non-clustered_pk-2::R3.Corda, databaseChangeLog=master.changelog.json}
?[m?[37m[INFO] 22:15:53,204 [Test worker] jvm.JdbcExecutor. - INSERT INTO PUBLIC.DATABASECHANGELOG (ID, AUTHOR, FILENAME, DATEEXECUTED, ORDEREXECUTED, MD5SUM, DESCRIPTION, COMMENTS, EXECTYPE, CONTEXTS, LABELS, LIQUIBASE, DEPLOYMENT_ID) VALUES ('vault_transaction_id_size_non-clustered_pk-3', 'R3.Corda', 'migration/vault-schema.changelog-v13.xml', NOW(), 97, '8:54bd9c17ce296bb02c369a5cfbedd866', 'dropPrimaryKey constraintName=vault_states_pkey, tableName=vault_states; addPrimaryKey constraintName=vault_states_pkey, tableName=vault_states', '', 'MARK_RAN', NULL, NULL, '3.6.3', '8452953147') {changeSet=migration/vault-schema.changelog-v13.xml::vault_transaction_id_size_non-clustered_pk-3::R3.Corda, databaseChangeLog=master.changelog.json}
?[m?[37m[INFO] 22:15:53,205 [Test worker] jvm.JdbcExecutor. - ALTER TABLE PUBLIC.vault_fungible_states_parts ADD CONSTRAINT FK__fung_st_parts__fung_st FOREIGN KEY (transaction_id, output_index) REFERENCES PUBLIC.vault_fungible_states (transaction_id, output_index) {changeSet=migration/vault-schema.changelog-v13.xml::vault_transaction_id_size_2::R3.Corda, databaseChangeLog=master.changelog.json}
?[m?[37m[INFO] 22:15:53,207 [Test worker] changelog.ChangeSet. - Foreign key constraint added to vault_fungible_states_parts (transaction_id,output_index) {changeSet=migration/vault-schema.changelog-v13.xml::vault_transaction_id_size_2::R3.Corda, databaseChangeLog=master.changelog.json}
?[m?[37m[INFO] 22:15:53,207 [Test worker] jvm.JdbcExecutor. - ALTER TABLE PUBLIC.vault_linear_states_parts ADD CONSTRAINT FK__lin_stat_parts__lin_stat FOREIGN KEY (transaction_id, output_index) REFERENCES PUBLIC.vault_linear_states (transaction_id, output_index) {changeSet=migration/vault-schema.changelog-v13.xml::vault_transaction_id_size_2::R3.Corda, databaseChangeLog=master.changelog.json}
?[m?[37m[INFO] 22:15:53,209 [Test worker] changelog.ChangeSet. - Foreign key constraint added to vault_linear_states_parts (transaction_id,output_index) {changeSet=migration/vault-schema.changelog-v13.xml::vault_transaction_id_size_2::R3.Corda, databaseChangeLog=master.changelog.json}
?[m?[37m[INFO] 22:15:53,210 [Test worker] jvm.JdbcExecutor. - CREATE VIEW PUBLIC.v_pkey_hash_ex_id_map AS select
            state_party.public_key_hash,
            state_party.transaction_id,
            state_party.output_index,
            pk_hash_to_ext_id_map.external_id
            from state_party
            join pk_hash_to_ext_id_map
            on state_party.public_key_hash = pk_hash_to_ext_id_map.public_key_hash {changeSet=migration/vault-schema.changelog-v13.xml::vault_transaction_id_size_2::R3.Corda, databaseChangeLog=master.changelog.json}
?[m?[37m[INFO] 22:15:53,211 [Test worker] changelog.ChangeSet. - View v_pkey_hash_ex_id_map created {changeSet=migration/vault-schema.changelog-v13.xml::vault_transaction_id_size_2::R3.Corda, databaseChangeLog=master.changelog.json}
?[m?[37m[INFO] 22:15:53,211 [Test worker] changelog.ChangeSet. - ChangeSet migration/vault-schema.changelog-v13.xml::vault_transaction_id_size_2::R3.Corda ran successfully in 6ms {changeSet=migration/vault-schema.changelog-v13.xml::vault_transaction_id_size_2::R3.Corda, databaseChangeLog=master.changelog.json}
?[m?[37m[INFO] 22:15:53,212 [Test worker] jvm.JdbcExecutor. - INSERT INTO PUBLIC.DATABASECHANGELOG (ID, AUTHOR, FILENAME, DATEEXECUTED, ORDEREXECUTED, MD5SUM, DESCRIPTION, COMMENTS, EXECTYPE, CONTEXTS, LABELS, LIQUIBASE, DEPLOYMENT_ID) VALUES ('vault_transaction_id_size_2', 'R3.Corda', 'migration/vault-schema.changelog-v13.xml', NOW(), 98, '8:39d3cb14fba7c771c1fd93a8ec497365', 'addForeignKeyConstraint baseTableName=vault_fungible_states_parts, constraintName=FK__fung_st_parts__fung_st, referencedTableName=vault_fungible_states; addForeignKeyConstraint baseTableName=vault_linear_states_parts, constraintName=FK__lin_stat_p...', '', 'EXECUTED', NULL, NULL, '3.6.3', '8452953147') {changeSet=migration/vault-schema.changelog-v13.xml::vault_transaction_id_size_2::R3.Corda, databaseChangeLog=master.changelog.json}
?[m?[37m[INFO] 22:15:53,215 [Test worker] jvm.JdbcExecutor. - ALTER TABLE PUBLIC.node_identities_no_cert ADD owning_pk_hash NVARCHAR(130) {changeSet=migration/node-services.changelog-init.xml::identity_service_key_rotation::R3.Corda, databaseChangeLog=master.changelog.json}
?[m?[37m[INFO] 22:15:53,219 [Test worker] changelog.ChangeSet. - Columns owning_pk_hash(NVARCHAR(130)) added to node_identities_no_cert {changeSet=migration/node-services.changelog-init.xml::identity_service_key_rotation::R3.Corda, databaseChangeLog=master.changelog.json}
?[m?[37m[INFO] 22:15:53,220 [Test worker] jvm.JdbcExecutor. - UPDATE node_identities_no_cert SET owning_pk_hash =
            (SELECT pk_hash FROM node_named_identities WHERE node_named_identities.name = node_identities_no_cert.name) {changeSet=migration/node-services.changelog-init.xml::identity_service_key_rotation::R3.Corda, databaseChangeLog=master.changelog.json}
?[m?[37m[INFO] 22:15:53,220 [Test worker] changelog.ChangeSet. - Custom SQL executed {changeSet=migration/node-services.changelog-init.xml::identity_service_key_rotation::R3.Corda, databaseChangeLog=master.changelog.json}
?[m?[37m[INFO] 22:15:53,220 [Test worker] jvm.JdbcExecutor. - UPDATE node_identities_no_cert SET owning_pk_hash = 'unresolved' WHERE owning_pk_hash IS NULL {changeSet=migration/node-services.changelog-init.xml::identity_service_key_rotation::R3.Corda, databaseChangeLog=master.changelog.json}
?[m?[37m[INFO] 22:15:53,221 [Test worker] changelog.ChangeSet. - Custom SQL executed {changeSet=migration/node-services.changelog-init.xml::identity_service_key_rotation::R3.Corda, databaseChangeLog=master.changelog.json}
?[m?[37m[INFO] 22:15:53,221 [Test worker] jvm.JdbcExecutor. - ALTER TABLE PUBLIC.node_identities_no_cert ALTER COLUMN owning_pk_hash SET NOT NULL {changeSet=migration/node-services.changelog-init.xml::identity_service_key_rotation::R3.Corda, databaseChangeLog=master.changelog.json}
?[m?[37m[INFO] 22:15:53,221 [Test worker] changelog.ChangeSet. - NOT NULL constraint has been added to node_identities_no_cert.owning_pk_hash {changeSet=migration/node-services.changelog-init.xml::identity_service_key_rotation::R3.Corda, databaseChangeLog=master.changelog.json}
?[m?[37m[INFO] 22:15:53,222 [Test worker] jvm.JdbcExecutor. - DROP TABLE PUBLIC.node_named_identities {changeSet=migration/node-services.changelog-init.xml::identity_service_key_rotation::R3.Corda, databaseChangeLog=master.changelog.json}
?[m?[37m[INFO] 22:15:53,223 [Test worker] changelog.ChangeSet. - Table node_named_identities dropped {changeSet=migration/node-services.changelog-init.xml::identity_service_key_rotation::R3.Corda, databaseChangeLog=master.changelog.json}
?[m?[37m[INFO] 22:15:53,223 [Test worker] changelog.ChangeSet. - ChangeSet migration/node-services.changelog-init.xml::identity_service_key_rotation::R3.Corda ran successfully in 9ms {changeSet=migration/node-services.changelog-init.xml::identity_service_key_rotation::R3.Corda, databaseChangeLog=master.changelog.json}
?[m?[37m[INFO] 22:15:53,223 [Test worker] jvm.JdbcExecutor. - INSERT INTO PUBLIC.DATABASECHANGELOG (ID, AUTHOR, FILENAME, DATEEXECUTED, ORDEREXECUTED, MD5SUM, DESCRIPTION, COMMENTS, EXECTYPE, CONTEXTS, LABELS, LIQUIBASE, DEPLOYMENT_ID) VALUES ('identity_service_key_rotation', 'R3.Corda', 'migration/node-services.changelog-init.xml', NOW(), 99, '8:45514f858c3ac818303f4ef9950eda23', 'addColumn tableName=node_identities_no_cert; sql; sql; addNotNullConstraint columnName=owning_pk_hash, tableName=node_identities_no_cert; dropTable tableName=node_named_identities', '', 'EXECUTED', NULL, NULL, '3.6.3', '8452953147') {changeSet=migration/node-services.changelog-init.xml::identity_service_key_rotation::R3.Corda, databaseChangeLog=master.changelog.json}
?[m?[37m[INFO] 22:15:53,225 [Test worker] jvm.JdbcExecutor. - DROP TABLE PUBLIC.node_checkpoints {changeSet=migration/node-services.changelog-init.xml::add_new_checkpoints_table::R3.Corda, databaseChangeLog=master.changelog.json}
?[m?[37m[INFO] 22:15:53,225 [Test worker] changelog.ChangeSet. - Table node_checkpoints dropped {changeSet=migration/node-services.changelog-init.xml::add_new_checkpoints_table::R3.Corda, databaseChangeLog=master.changelog.json}
?[m?[37m[INFO] 22:15:53,226 [Test worker] jvm.JdbcExecutor. - CREATE TABLE PUBLIC.node_checkpoints (flow_id NVARCHAR(64) NOT NULL, status INT NOT NULL, compatible BOOLEAN NOT NULL, progress_step NVARCHAR(256), flow_io_request NVARCHAR(128), timestamp TIMESTAMP NOT NULL) {changeSet=migration/node-services.changelog-init.xml::add_new_checkpoints_table::R3.Corda, databaseChangeLog=master.changelog.json}
?[m?[37m[INFO] 22:15:53,227 [Test worker] changelog.ChangeSet. - Table node_checkpoints created {changeSet=migration/node-services.changelog-init.xml::add_new_checkpoints_table::R3.Corda, databaseChangeLog=master.changelog.json}
?[m?[37m[INFO] 22:15:53,227 [Test worker] changelog.ChangeSet. - ChangeSet migration/node-services.changelog-init.xml::add_new_checkpoints_table::R3.Corda ran successfully in 3ms {changeSet=migration/node-services.changelog-init.xml::add_new_checkpoints_table::R3.Corda, databaseChangeLog=master.changelog.json}
?[m?[37m[INFO] 22:15:53,227 [Test worker] jvm.JdbcExecutor. - INSERT INTO PUBLIC.DATABASECHANGELOG (ID, AUTHOR, FILENAME, DATEEXECUTED, ORDEREXECUTED, MD5SUM, DESCRIPTION, COMMENTS, EXECTYPE, CONTEXTS, LABELS, LIQUIBASE, DEPLOYMENT_ID) VALUES ('add_new_checkpoints_table', 'R3.Corda', 'migration/node-services.changelog-init.xml', NOW(), 100, '8:cc00474f248a40e330cf0f42c5b7e1a6', 'dropTable tableName=node_checkpoints; createTable tableName=node_checkpoints', '', 'EXECUTED', NULL, NULL, '3.6.3', '8452953147') {changeSet=migration/node-services.changelog-init.xml::add_new_checkpoints_table::R3.Corda, databaseChangeLog=master.changelog.json}
?[m?[37m[INFO] 22:15:53,229 [Test worker] jvm.JdbcExecutor. - CREATE TABLE PUBLIC.node_checkpoint_blobs (flow_id NVARCHAR(64) NOT NULL, checkpoint_value BLOB NOT NULL, flow_state BLOB, timestamp TIMESTAMP NOT NULL, hmac VARBINARY(32) NOT NULL) {changeSet=migration/node-services.changelog-init.xml::add_new_checkpoint_blob_table::R3.Corda, databaseChangeLog=master.changelog.json}
?[m?[37m[INFO] 22:15:53,229 [Test worker] changelog.ChangeSet. - Table node_checkpoint_blobs created {changeSet=migration/node-services.changelog-init.xml::add_new_checkpoint_blob_table::R3.Corda, databaseChangeLog=master.changelog.json}
?[m?[37m[INFO] 22:15:53,229 [Test worker] changelog.ChangeSet. - ChangeSet migration/node-services.changelog-init.xml::add_new_checkpoint_blob_table::R3.Corda ran successfully in 1ms {changeSet=migration/node-services.changelog-init.xml::add_new_checkpoint_blob_table::R3.Corda, databaseChangeLog=master.changelog.json}
?[m?[37m[INFO] 22:15:53,230 [Test worker] jvm.JdbcExecutor. - INSERT INTO PUBLIC.DATABASECHANGELOG (ID, AUTHOR, FILENAME, DATEEXECUTED, ORDEREXECUTED, MD5SUM, DESCRIPTION, COMMENTS, EXECTYPE, CONTEXTS, LABELS, LIQUIBASE, DEPLOYMENT_ID) VALUES ('add_new_checkpoint_blob_table', 'R3.Corda', 'migration/node-services.changelog-init.xml', NOW(), 101, '8:e973d6b794fe4753423964b13fe9fbe6', 'createTable tableName=node_checkpoint_blobs', '', 'EXECUTED', NULL, NULL, '3.6.3', '8452953147') {changeSet=migration/node-services.changelog-init.xml::add_new_checkpoint_blob_table::R3.Corda, databaseChangeLog=master.changelog.json}
?[m?[37m[INFO] 22:15:53,231 [Test worker] jvm.JdbcExecutor. - CREATE TABLE PUBLIC.node_flow_results (flow_id NVARCHAR(64) NOT NULL, result_value BLOB, timestamp TIMESTAMP NOT NULL) {changeSet=migration/node-services.changelog-init.xml::add_new_flow_result_table::R3.Corda, databaseChangeLog=master.changelog.json}
?[m?[37m[INFO] 22:15:53,232 [Test worker] changelog.ChangeSet. - Table node_flow_results created {changeSet=migration/node-services.changelog-init.xml::add_new_flow_result_table::R3.Corda, databaseChangeLog=master.changelog.json}
?[m?[37m[INFO] 22:15:53,232 [Test worker] changelog.ChangeSet. - ChangeSet migration/node-services.changelog-init.xml::add_new_flow_result_table::R3.Corda ran successfully in 1ms {changeSet=migration/node-services.changelog-init.xml::add_new_flow_result_table::R3.Corda, databaseChangeLog=master.changelog.json}
?[m?[37m[INFO] 22:15:53,232 [Test worker] jvm.JdbcExecutor. - INSERT INTO PUBLIC.DATABASECHANGELOG (ID, AUTHOR, FILENAME, DATEEXECUTED, ORDEREXECUTED, MD5SUM, DESCRIPTION, COMMENTS, EXECTYPE, CONTEXTS, LABELS, LIQUIBASE, DEPLOYMENT_ID) VALUES ('add_new_flow_result_table', 'R3.Corda', 'migration/node-services.changelog-init.xml', NOW(), 102, '8:79f1c80610f26db24d6ab757f57e68b7', 'createTable tableName=node_flow_results', '', 'EXECUTED', NULL, NULL, '3.6.3', '8452953147') {changeSet=migration/node-services.changelog-init.xml::add_new_flow_result_table::R3.Corda, databaseChangeLog=master.changelog.json}
?[m?[37m[INFO] 22:15:53,234 [Test worker] jvm.JdbcExecutor. - CREATE TABLE PUBLIC.node_flow_exceptions (flow_id NVARCHAR(64) NOT NULL, type NVARCHAR(256) NOT NULL, exception_message NVARCHAR(2000), stack_trace NVARCHAR(2000) NOT NULL, exception_value BLOB, timestamp TIMESTAMP NOT NULL) {changeSet=migration/node-services.changelog-init.xml::add_new_flow_exceptions_table::R3.Corda, databaseChangeLog=master.changelog.json}
?[m?[37m[INFO] 22:15:53,235 [Test worker] changelog.ChangeSet. - Table node_flow_exceptions created {changeSet=migration/node-services.changelog-init.xml::add_new_flow_exceptions_table::R3.Corda, databaseChangeLog=master.changelog.json}
?[m?[37m[INFO] 22:15:53,235 [Test worker] changelog.ChangeSet. - ChangeSet migration/node-services.changelog-init.xml::add_new_flow_exceptions_table::R3.Corda ran successfully in 1ms {changeSet=migration/node-services.changelog-init.xml::add_new_flow_exceptions_table::R3.Corda, databaseChangeLog=master.changelog.json}
?[m?[37m[INFO] 22:15:53,236 [Test worker] jvm.JdbcExecutor. - INSERT INTO PUBLIC.DATABASECHANGELOG (ID, AUTHOR, FILENAME, DATEEXECUTED, ORDEREXECUTED, MD5SUM, DESCRIPTION, COMMENTS, EXECTYPE, CONTEXTS, LABELS, LIQUIBASE, DEPLOYMENT_ID) VALUES ('add_new_flow_exceptions_table', 'R3.Corda', 'migration/node-services.changelog-init.xml', NOW(), 103, '8:fb0d523c5cf42025c566f105731b34a2', 'createTable tableName=node_flow_exceptions', '', 'EXECUTED', NULL, NULL, '3.6.3', '8452953147') {changeSet=migration/node-services.changelog-init.xml::add_new_flow_exceptions_table::R3.Corda, databaseChangeLog=master.changelog.json}
?[m?[37m[INFO] 22:15:53,238 [Test worker] jvm.JdbcExecutor. - CREATE TABLE PUBLIC.node_flow_metadata (flow_id NVARCHAR(64) NOT NULL, invocation_id NVARCHAR(128) NOT NULL, flow_name NVARCHAR(128) NOT NULL, flow_identifier NVARCHAR(512), started_type INT NOT NULL, flow_parameters BLOB NOT NULL, cordapp_name NVARCHAR(128) NOT NULL, platform_version INT NOT NULL, started_by NVARCHAR(128) NOT NULL, invocation_time TIMESTAMP NOT NULL, start_time TIMESTAMP NOT NULL, finish_time TIMESTAMP) {changeSet=migration/node-services.changelog-init.xml::add_new_flow_metadata_table::R3.Corda, databaseChangeLog=master.changelog.json}
?[m?[37m[INFO] 22:15:53,239 [Test worker] changelog.ChangeSet. - Table node_flow_metadata created {changeSet=migration/node-services.changelog-init.xml::add_new_flow_metadata_table::R3.Corda, databaseChangeLog=master.changelog.json}
?[m?[37m[INFO] 22:15:53,239 [Test worker] changelog.ChangeSet. - ChangeSet migration/node-services.changelog-init.xml::add_new_flow_metadata_table::R3.Corda ran successfully in 2ms {changeSet=migration/node-services.changelog-init.xml::add_new_flow_metadata_table::R3.Corda, databaseChangeLog=master.changelog.json}
?[m?[37m[INFO] 22:15:53,240 [Test worker] jvm.JdbcExecutor. - INSERT INTO PUBLIC.DATABASECHANGELOG (ID, AUTHOR, FILENAME, DATEEXECUTED, ORDEREXECUTED, MD5SUM, DESCRIPTION, COMMENTS, EXECTYPE, CONTEXTS, LABELS, LIQUIBASE, DEPLOYMENT_ID) VALUES ('add_new_flow_metadata_table', 'R3.Corda', 'migration/node-services.changelog-init.xml', NOW(), 104, '8:edede3ddf0425fb6d012735a7415013e', 'createTable tableName=node_flow_metadata', '', 'EXECUTED', NULL, NULL, '3.6.3', '8452953147') {changeSet=migration/node-services.changelog-init.xml::add_new_flow_metadata_table::R3.Corda, databaseChangeLog=master.changelog.json}
?[m?[37m[INFO] 22:15:53,241 [Test worker] jvm.JdbcExecutor. - ALTER TABLE PUBLIC.node_checkpoints ADD CONSTRAINT node_checkpoints_pk PRIMARY KEY (flow_id) {changeSet=migration/node-services.changelog-init.xml::add_new_checkpoint_schema_primary_keys-h2_postgres_oracle::R3.Corda, databaseChangeLog=master.changelog.json}
?[m?[37m[INFO] 22:15:53,242 [Test worker] changelog.ChangeSet. - Primary key added to node_checkpoints (flow_id) {changeSet=migration/node-services.changelog-init.xml::add_new_checkpoint_schema_primary_keys-h2_postgres_oracle::R3.Corda, databaseChangeLog=master.changelog.json}
?[m?[37m[INFO] 22:15:53,242 [Test worker] changelog.ChangeSet. - ChangeSet migration/node-services.changelog-init.xml::add_new_checkpoint_schema_primary_keys-h2_postgres_oracle::R3.Corda ran successfully in 2ms {changeSet=migration/node-services.changelog-init.xml::add_new_checkpoint_schema_primary_keys-h2_postgres_oracle::R3.Corda, databaseChangeLog=master.changelog.json}
?[m?[37m[INFO] 22:15:53,243 [Test worker] jvm.JdbcExecutor. - INSERT INTO PUBLIC.DATABASECHANGELOG (ID, AUTHOR, FILENAME, DATEEXECUTED, ORDEREXECUTED, MD5SUM, DESCRIPTION, COMMENTS, EXECTYPE, CONTEXTS, LABELS, LIQUIBASE, DEPLOYMENT_ID) VALUES ('add_new_checkpoint_schema_primary_keys-h2_postgres_oracle', 'R3.Corda', 'migration/node-services.changelog-init.xml', NOW(), 105, '8:23141f3e3b5917c1cd0196f7b03b8f71', 'addPrimaryKey constraintName=node_checkpoints_pk, tableName=node_checkpoints', '', 'EXECUTED', NULL, NULL, '3.6.3', '8452953147') {changeSet=migration/node-services.changelog-init.xml::add_new_checkpoint_schema_primary_keys-h2_postgres_oracle::R3.Corda, databaseChangeLog=master.changelog.json}
?[m?[37m[INFO] 22:15:53,244 [Test worker] jvm.JdbcExecutor. - CREATE UNIQUE INDEX PUBLIC.node_checkpoint_blobs_idx ON PUBLIC.node_checkpoint_blobs(flow_id) {changeSet=migration/node-services.changelog-init.xml::add_new_checkpoint_schema_indexes::R3.Corda, databaseChangeLog=master.changelog.json}
?[m?[37m[INFO] 22:15:53,245 [Test worker] changelog.ChangeSet. - Index node_checkpoint_blobs_idx created {changeSet=migration/node-services.changelog-init.xml::add_new_checkpoint_schema_indexes::R3.Corda, databaseChangeLog=master.changelog.json}
?[m?[37m[INFO] 22:15:53,245 [Test worker] jvm.JdbcExecutor. - CREATE UNIQUE INDEX PUBLIC.node_flow_results_idx ON PUBLIC.node_flow_results(flow_id) {changeSet=migration/node-services.changelog-init.xml::add_new_checkpoint_schema_indexes::R3.Corda, databaseChangeLog=master.changelog.json}
?[m?[37m[INFO] 22:15:53,246 [Test worker] changelog.ChangeSet. - Index node_flow_results_idx created {changeSet=migration/node-services.changelog-init.xml::add_new_checkpoint_schema_indexes::R3.Corda, databaseChangeLog=master.changelog.json}
?[m?[37m[INFO] 22:15:53,246 [Test worker] jvm.JdbcExecutor. - CREATE UNIQUE INDEX PUBLIC.node_flow_exceptions_idx ON PUBLIC.node_flow_exceptions(flow_id) {changeSet=migration/node-services.changelog-init.xml::add_new_checkpoint_schema_indexes::R3.Corda, databaseChangeLog=master.changelog.json}
?[m?[37m[INFO] 22:15:53,247 [Test worker] changelog.ChangeSet. - Index node_flow_exceptions_idx created {changeSet=migration/node-services.changelog-init.xml::add_new_checkpoint_schema_indexes::R3.Corda, databaseChangeLog=master.changelog.json}
?[m?[37m[INFO] 22:15:53,247 [Test worker] jvm.JdbcExecutor. - CREATE UNIQUE INDEX PUBLIC.node_flow_metadata_idx ON PUBLIC.node_flow_metadata(flow_id) {changeSet=migration/node-services.changelog-init.xml::add_new_checkpoint_schema_indexes::R3.Corda, databaseChangeLog=master.changelog.json}
?[m?[37m[INFO] 22:15:53,247 [Test worker] changelog.ChangeSet. - Index node_flow_metadata_idx created {changeSet=migration/node-services.changelog-init.xml::add_new_checkpoint_schema_indexes::R3.Corda, databaseChangeLog=master.changelog.json}
?[m?[37m[INFO] 22:15:53,247 [Test worker] changelog.ChangeSet. - ChangeSet migration/node-services.changelog-init.xml::add_new_checkpoint_schema_indexes::R3.Corda ran successfully in 3ms {changeSet=migration/node-services.changelog-init.xml::add_new_checkpoint_schema_indexes::R3.Corda, databaseChangeLog=master.changelog.json}
?[m?[37m[INFO] 22:15:53,248 [Test worker] jvm.JdbcExecutor. - INSERT INTO PUBLIC.DATABASECHANGELOG (ID, AUTHOR, FILENAME, DATEEXECUTED, ORDEREXECUTED, MD5SUM, DESCRIPTION, COMMENTS, EXECTYPE, CONTEXTS, LABELS, LIQUIBASE, DEPLOYMENT_ID) VALUES ('add_new_checkpoint_schema_indexes', 'R3.Corda', 'migration/node-services.changelog-init.xml', NOW(), 106, '8:56612ddd39f61523990e27c1b429f467', 'createIndex indexName=node_checkpoint_blobs_idx, tableName=node_checkpoint_blobs; createIndex indexName=node_flow_results_idx, tableName=node_flow_results; createIndex indexName=node_flow_exceptions_idx, tableName=node_flow_exceptions; createIndex...', '', 'EXECUTED', NULL, NULL, '3.6.3', '8452953147') {changeSet=migration/node-services.changelog-init.xml::add_new_checkpoint_schema_indexes::R3.Corda, databaseChangeLog=master.changelog.json}
?[m?[37m[INFO] 22:15:53,250 [Test worker] jvm.JdbcExecutor. - ALTER TABLE PUBLIC.node_transactions DROP PRIMARY KEY {changeSet=migration/node-core.changelog-v21.xml::node_transaction_id_size::R3.Corda, databaseChangeLog=master.changelog.json}
?[m?[37m[INFO] 22:15:53,250 [Test worker] changelog.ChangeSet. - Primary key dropped from node_transactions {changeSet=migration/node-core.changelog-v21.xml::node_transaction_id_size::R3.Corda, databaseChangeLog=master.changelog.json}
?[m?[37m[INFO] 22:15:53,251 [Test worker] jvm.JdbcExecutor. - ALTER TABLE PUBLIC.node_scheduled_states DROP PRIMARY KEY {changeSet=migration/node-core.changelog-v21.xml::node_transaction_id_size::R3.Corda, databaseChangeLog=master.changelog.json}
?[m?[37m[INFO] 22:15:53,251 [Test worker] changelog.ChangeSet. - Primary key dropped from node_scheduled_states {changeSet=migration/node-core.changelog-v21.xml::node_transaction_id_size::R3.Corda, databaseChangeLog=master.changelog.json}
?[m?[37m[INFO] 22:15:53,251 [Test worker] jvm.JdbcExecutor. - ALTER TABLE PUBLIC.node_transactions ALTER COLUMN tx_id SET NULL {changeSet=migration/node-core.changelog-v21.xml::node_transaction_id_size::R3.Corda, databaseChangeLog=master.changelog.json}
?[m?[37m[INFO] 22:15:53,252 [Test worker] changelog.ChangeSet. - Null constraint dropped from node_transactions.tx_id {changeSet=migration/node-core.changelog-v21.xml::node_transaction_id_size::R3.Corda, databaseChangeLog=master.changelog.json}
?[m?[37m[INFO] 22:15:53,252 [Test worker] jvm.JdbcExecutor. - ALTER TABLE PUBLIC.node_scheduled_states ALTER COLUMN transaction_id SET NULL {changeSet=migration/node-core.changelog-v21.xml::node_transaction_id_size::R3.Corda, databaseChangeLog=master.changelog.json}
?[m?[37m[INFO] 22:15:53,252 [Test worker] changelog.ChangeSet. - Null constraint dropped from node_scheduled_states.transaction_id {changeSet=migration/node-core.changelog-v21.xml::node_transaction_id_size::R3.Corda, databaseChangeLog=master.changelog.json}
?[m?[37m[INFO] 22:15:53,253 [Test worker] jvm.JdbcExecutor. - ALTER TABLE PUBLIC.node_transactions ALTER COLUMN tx_id NVARCHAR(144) {changeSet=migration/node-core.changelog-v21.xml::node_transaction_id_size::R3.Corda, databaseChangeLog=master.changelog.json}
?[m?[37m[INFO] 22:15:53,255 [Test worker] changelog.ChangeSet. - node_transactions.tx_id datatype was changed to NVARCHAR(144) {changeSet=migration/node-core.changelog-v21.xml::node_transaction_id_size::R3.Corda, databaseChangeLog=master.changelog.json}
?[m?[37m[INFO] 22:15:53,256 [Test worker] jvm.JdbcExecutor. - ALTER TABLE PUBLIC.node_scheduled_states ALTER COLUMN transaction_id NVARCHAR(144) {changeSet=migration/node-core.changelog-v21.xml::node_transaction_id_size::R3.Corda, databaseChangeLog=master.changelog.json}
?[m?[37m[INFO] 22:15:53,258 [Test worker] changelog.ChangeSet. - node_scheduled_states.transaction_id datatype was changed to NVARCHAR(144) {changeSet=migration/node-core.changelog-v21.xml::node_transaction_id_size::R3.Corda, databaseChangeLog=master.changelog.json}
?[m?[37m[INFO] 22:15:53,258 [Test worker] jvm.JdbcExecutor. - ALTER TABLE PUBLIC.node_transactions ALTER COLUMN tx_id SET NOT NULL {changeSet=migration/node-core.changelog-v21.xml::node_transaction_id_size::R3.Corda, databaseChangeLog=master.changelog.json}
?[m?[37m[INFO] 22:15:53,259 [Test worker] changelog.ChangeSet. - NOT NULL constraint has been added to node_transactions.tx_id {changeSet=migration/node-core.changelog-v21.xml::node_transaction_id_size::R3.Corda, databaseChangeLog=master.changelog.json}
?[m?[37m[INFO] 22:15:53,259 [Test worker] jvm.JdbcExecutor. - ALTER TABLE PUBLIC.node_scheduled_states ALTER COLUMN transaction_id SET NOT NULL {changeSet=migration/node-core.changelog-v21.xml::node_transaction_id_size::R3.Corda, databaseChangeLog=master.changelog.json}
?[m?[37m[INFO] 22:15:53,260 [Test worker] changelog.ChangeSet. - NOT NULL constraint has been added to node_scheduled_states.transaction_id {changeSet=migration/node-core.changelog-v21.xml::node_transaction_id_size::R3.Corda, databaseChangeLog=master.changelog.json}
?[m?[37m[INFO] 22:15:53,260 [Test worker] jvm.JdbcExecutor. - ALTER TABLE PUBLIC.node_transactions ADD CONSTRAINT node_transactions_pkey PRIMARY KEY (tx_id) {changeSet=migration/node-core.changelog-v21.xml::node_transaction_id_size::R3.Corda, databaseChangeLog=master.changelog.json}
?[m?[37m[INFO] 22:15:53,261 [Test worker] changelog.ChangeSet. - Primary key added to node_transactions (tx_id) {changeSet=migration/node-core.changelog-v21.xml::node_transaction_id_size::R3.Corda, databaseChangeLog=master.changelog.json}
?[m?[37m[INFO] 22:15:53,263 [Test worker] jvm.JdbcExecutor. - ALTER TABLE PUBLIC.node_scheduled_states ADD CONSTRAINT node_scheduled_states_pkey PRIMARY KEY (output_index, transaction_id) {changeSet=migration/node-core.changelog-v21.xml::node_transaction_id_size::R3.Corda, databaseChangeLog=master.changelog.json}
?[m?[37m[INFO] 22:15:53,264 [Test worker] changelog.ChangeSet. - Primary key added to node_scheduled_states (output_index, transaction_id) {changeSet=migration/node-core.changelog-v21.xml::node_transaction_id_size::R3.Corda, databaseChangeLog=master.changelog.json}
?[m?[37m[INFO] 22:15:53,264 [Test worker] changelog.ChangeSet. - ChangeSet migration/node-core.changelog-v21.xml::node_transaction_id_size::R3.Corda ran successfully in 15ms {changeSet=migration/node-core.changelog-v21.xml::node_transaction_id_size::R3.Corda, databaseChangeLog=master.changelog.json}
?[m?[37m[INFO] 22:15:53,265 [Test worker] jvm.JdbcExecutor. - INSERT INTO PUBLIC.DATABASECHANGELOG (ID, AUTHOR, FILENAME, DATEEXECUTED, ORDEREXECUTED, MD5SUM, DESCRIPTION, COMMENTS, EXECTYPE, CONTEXTS, LABELS, LIQUIBASE, DEPLOYMENT_ID) VALUES ('node_transaction_id_size', 'R3.Corda', 'migration/node-core.changelog-v21.xml', NOW(), 107, '8:9267fdf76dd8a7da392f65d5422718c3', 'dropPrimaryKey constraintName=node_transactions_pkey, tableName=node_transactions; dropPrimaryKey constraintName=node_scheduled_states_pkey, tableName=node_scheduled_states; dropNotNullConstraint columnName=tx_id, tableName=node_transactions; drop...', '', 'EXECUTED', NULL, NULL, '3.6.3', '8452953147') {changeSet=migration/node-core.changelog-v21.xml::node_transaction_id_size::R3.Corda, databaseChangeLog=master.changelog.json}
?[m?[37m[INFO] 22:15:53,268 [Test worker] jvm.JdbcExecutor. - INSERT INTO PUBLIC.DATABASECHANGELOG (ID, AUTHOR, FILENAME, DATEEXECUTED, ORDEREXECUTED, MD5SUM, DESCRIPTION, COMMENTS, EXECTYPE, CONTEXTS, LABELS, LIQUIBASE, DEPLOYMENT_ID) VALUES ('node_transaction_id_size_non-clustered_pk', 'R3.Corda', 'migration/node-core.changelog-v21.xml', NOW(), 108, '8:64773359f27e2f85fe6df6097823ce69', 'dropPrimaryKey constraintName=node_transactions_pkey, tableName=node_transactions; addPrimaryKey constraintName=node_transactions_pkey, tableName=node_transactions', '', 'MARK_RAN', NULL, NULL, '3.6.3', '8452953147') {changeSet=migration/node-core.changelog-v21.xml::node_transaction_id_size_non-clustered_pk::R3.Corda, databaseChangeLog=master.changelog.json}
?[m?[37m[INFO] 22:15:53,269 [Test worker] jvm.JdbcExecutor. - ALTER TABLE PUBLIC.node_contract_upgrades DROP PRIMARY KEY {changeSet=migration/node-core.changelog-v21.xml::node_contract_upgrades_state_ref_size::R3.Corda, databaseChangeLog=master.changelog.json}
?[m?[37m[INFO] 22:15:53,270 [Test worker] changelog.ChangeSet. - Primary key dropped from node_contract_upgrades {changeSet=migration/node-core.changelog-v21.xml::node_contract_upgrades_state_ref_size::R3.Corda, databaseChangeLog=master.changelog.json}
?[m?[37m[INFO] 22:15:53,270 [Test worker] jvm.JdbcExecutor. - ALTER TABLE PUBLIC.node_contract_upgrades ALTER COLUMN state_ref SET NULL {changeSet=migration/node-core.changelog-v21.xml::node_contract_upgrades_state_ref_size::R3.Corda, databaseChangeLog=master.changelog.json}
?[m?[37m[INFO] 22:15:53,271 [Test worker] changelog.ChangeSet. - Null constraint dropped from node_contract_upgrades.state_ref {changeSet=migration/node-core.changelog-v21.xml::node_contract_upgrades_state_ref_size::R3.Corda, databaseChangeLog=master.changelog.json}
?[m?[37m[INFO] 22:15:53,271 [Test worker] jvm.JdbcExecutor. - ALTER TABLE PUBLIC.node_contract_upgrades ALTER COLUMN state_ref NVARCHAR(176) {changeSet=migration/node-core.changelog-v21.xml::node_contract_upgrades_state_ref_size::R3.Corda, databaseChangeLog=master.changelog.json}
?[m?[37m[INFO] 22:15:53,276 [Test worker] changelog.ChangeSet. - node_contract_upgrades.state_ref datatype was changed to NVARCHAR(176) {changeSet=migration/node-core.changelog-v21.xml::node_contract_upgrades_state_ref_size::R3.Corda, databaseChangeLog=master.changelog.json}
?[m?[37m[INFO] 22:15:53,276 [Test worker] jvm.JdbcExecutor. - ALTER TABLE PUBLIC.node_contract_upgrades ALTER COLUMN state_ref SET NOT NULL {changeSet=migration/node-core.changelog-v21.xml::node_contract_upgrades_state_ref_size::R3.Corda, databaseChangeLog=master.changelog.json}
?[m?[37m[INFO] 22:15:53,277 [Test worker] changelog.ChangeSet. - NOT NULL constraint has been added to node_contract_upgrades.state_ref {changeSet=migration/node-core.changelog-v21.xml::node_contract_upgrades_state_ref_size::R3.Corda, databaseChangeLog=master.changelog.json}
?[m?[37m[INFO] 22:15:53,277 [Test worker] jvm.JdbcExecutor. - ALTER TABLE PUBLIC.node_contract_upgrades ADD CONSTRAINT node_contract_upgrades_pkey PRIMARY KEY (state_ref) {changeSet=migration/node-core.changelog-v21.xml::node_contract_upgrades_state_ref_size::R3.Corda, databaseChangeLog=master.changelog.json}
?[m?[37m[INFO] 22:15:53,278 [Test worker] changelog.ChangeSet. - Primary key added to node_contract_upgrades (state_ref) {changeSet=migration/node-core.changelog-v21.xml::node_contract_upgrades_state_ref_size::R3.Corda, databaseChangeLog=master.changelog.json}
?[m?[37m[INFO] 22:15:53,278 [Test worker] changelog.ChangeSet. - ChangeSet migration/node-core.changelog-v21.xml::node_contract_upgrades_state_ref_size::R3.Corda ran successfully in 9ms {changeSet=migration/node-core.changelog-v21.xml::node_contract_upgrades_state_ref_size::R3.Corda, databaseChangeLog=master.changelog.json}
?[m?[37m[INFO] 22:15:53,279 [Test worker] jvm.JdbcExecutor. - INSERT INTO PUBLIC.DATABASECHANGELOG (ID, AUTHOR, FILENAME, DATEEXECUTED, ORDEREXECUTED, MD5SUM, DESCRIPTION, COMMENTS, EXECTYPE, CONTEXTS, LABELS, LIQUIBASE, DEPLOYMENT_ID) VALUES ('node_contract_upgrades_state_ref_size', 'R3.Corda', 'migration/node-core.changelog-v21.xml', NOW(), 109, '8:25a17205698e008ce77364ab975aa8b3', 'dropPrimaryKey constraintName=node_contract_upgrades_pkey, tableName=node_contract_upgrades; dropNotNullConstraint columnName=state_ref, tableName=node_contract_upgrades; modifyDataType columnName=state_ref, tableName=node_contract_upgrades; addNo...', '', 'EXECUTED', NULL, NULL, '3.6.3', '8452953147') {changeSet=migration/node-core.changelog-v21.xml::node_contract_upgrades_state_ref_size::R3.Corda, databaseChangeLog=master.changelog.json}
?[m?[37m[INFO] 22:15:53,282 [Test worker] lockservice.StandardLockService. - Successfully released change log lock
?[m?[37m[INFO] 22:15:53,351 [Test worker] jvm.JdbcExecutor. - SELECT MD5SUM FROM PUBLIC.DATABASECHANGELOG WHERE MD5SUM IS NOT NULL
?[m?[37m[INFO] 22:15:53,352 [Test worker] jvm.JdbcExecutor. - SELECT COUNT(*) FROM PUBLIC.DATABASECHANGELOG
?[m?[37m[INFO] 22:15:53,352 [Test worker] changelog.StandardChangeLogHistoryService. - Reading from PUBLIC.DATABASECHANGELOG
?[m?[37m[INFO] 22:15:53,352 [Test worker] jvm.JdbcExecutor. - SELECT * FROM PUBLIC.DATABASECHANGELOG ORDER BY DATEEXECUTED ASC, ORDEREXECUTED ASC
?[m?[37m[INFO] 22:15:53,355 [Test worker] jvm.JdbcExecutor. - SELECT COUNT(*) FROM PUBLIC.DATABASECHANGELOGLOCK
?[m?[37m[INFO] 22:15:53,356 [Test worker] jvm.JdbcExecutor. - SELECT COUNT(*) FROM PUBLIC.DATABASECHANGELOGLOCK
?[m?[37m[INFO] 22:15:53,365 [Test worker] jvm.JdbcExecutor. - SELECT LOCKED FROM PUBLIC.DATABASECHANGELOGLOCK WHERE ID=1
?[m?[37m[INFO] 22:15:53,366 [Test worker] lockservice.StandardLockService. - Successfully acquired change log lock
?[m?[37m[INFO] 22:15:53,370 [Test worker] jvm.JdbcExecutor. - CREATE TABLE PUBLIC.fungible_token (output_index INT NOT NULL, transaction_id NVARCHAR(64) NOT NULL, amount BIGINT NOT NULL, holder NVARCHAR(255) NOT NULL, issuer NVARCHAR(255) NOT NULL, token_class NVARCHAR(255) NOT NULL, token_identifier NVARCHAR(255) NOT NULL) {changeSet=migration/fungible-token-schema.changelog-init.xml::create_fungible_token_table_id::R3.Corda, databaseChangeLog=master.changelog.json}
?[m?[37m[INFO] 22:15:53,371 [Test worker] changelog.ChangeSet. - Table fungible_token created {changeSet=migration/fungible-token-schema.changelog-init.xml::create_fungible_token_table_id::R3.Corda, databaseChangeLog=master.changelog.json}
?[m?[37m[INFO] 22:15:53,371 [Test worker] changelog.ChangeSet. - ChangeSet migration/fungible-token-schema.changelog-init.xml::create_fungible_token_table_id::R3.Corda ran successfully in 1ms {changeSet=migration/fungible-token-schema.changelog-init.xml::create_fungible_token_table_id::R3.Corda, databaseChangeLog=master.changelog.json}
?[m?[37m[INFO] 22:15:53,371 [Test worker] jvm.JdbcExecutor. - SELECT MAX(ORDEREXECUTED) FROM PUBLIC.DATABASECHANGELOG {changeSet=migration/fungible-token-schema.changelog-init.xml::create_fungible_token_table_id::R3.Corda, databaseChangeLog=master.changelog.json}
?[m?[37m[INFO] 22:15:53,373 [Test worker] jvm.JdbcExecutor. - INSERT INTO PUBLIC.DATABASECHANGELOG (ID, AUTHOR, FILENAME, DATEEXECUTED, ORDEREXECUTED, MD5SUM, DESCRIPTION, COMMENTS, EXECTYPE, CONTEXTS, LABELS, LIQUIBASE, DEPLOYMENT_ID) VALUES ('create_fungible_token_table_id', 'R3.Corda', 'migration/fungible-token-schema.changelog-init.xml', NOW(), 110, '8:708f2a949e8783d30c0cc4b33ea5bfcd', 'createTable tableName=fungible_token', '', 'EXECUTED', NULL, NULL, '3.6.3', '8452953366') {changeSet=migration/fungible-token-schema.changelog-init.xml::create_fungible_token_table_id::R3.Corda, databaseChangeLog=master.changelog.json}
?[m?[37m[INFO] 22:15:53,374 [Test worker] jvm.JdbcExecutor. - ALTER TABLE PUBLIC.fungible_token ADD CONSTRAINT fungible_token_pkey PRIMARY KEY (output_index, transaction_id) {changeSet=migration/fungible-token-schema.changelog-init.xml::fungible_token_pkey_id::R3.Corda, databaseChangeLog=master.changelog.json}
?[m?[37m[INFO] 22:15:53,375 [Test worker] changelog.ChangeSet. - Primary key added to fungible_token (output_index, transaction_id) {changeSet=migration/fungible-token-schema.changelog-init.xml::fungible_token_pkey_id::R3.Corda, databaseChangeLog=master.changelog.json}
?[m?[37m[INFO] 22:15:53,375 [Test worker] changelog.ChangeSet. - ChangeSet migration/fungible-token-schema.changelog-init.xml::fungible_token_pkey_id::R3.Corda ran successfully in 1ms {changeSet=migration/fungible-token-schema.changelog-init.xml::fungible_token_pkey_id::R3.Corda, databaseChangeLog=master.changelog.json}
?[m?[37m[INFO] 22:15:53,376 [Test worker] jvm.JdbcExecutor. - INSERT INTO PUBLIC.DATABASECHANGELOG (ID, AUTHOR, FILENAME, DATEEXECUTED, ORDEREXECUTED, MD5SUM, DESCRIPTION, COMMENTS, EXECTYPE, CONTEXTS, LABELS, LIQUIBASE, DEPLOYMENT_ID) VALUES ('fungible_token_pkey_id', 'R3.Corda', 'migration/fungible-token-schema.changelog-init.xml', NOW(), 111, '8:6a623895e620b0cec9857d9f16bfec15', 'addPrimaryKey constraintName=fungible_token_pkey, tableName=fungible_token', '', 'EXECUTED', NULL, NULL, '3.6.3', '8452953366') {changeSet=migration/fungible-token-schema.changelog-init.xml::fungible_token_pkey_id::R3.Corda, databaseChangeLog=master.changelog.json}
?[m?[37m[INFO] 22:15:53,377 [Test worker] jvm.JdbcExecutor. - CREATE INDEX PUBLIC.amount_idx ON PUBLIC.fungible_token(amount) {changeSet=migration/fungible-token-schema.changelog-init.xml::amount_idx_id::R3.Corda, databaseChangeLog=master.changelog.json}
?[m?[37m[INFO] 22:15:53,378 [Test worker] changelog.ChangeSet. - Index amount_idx created {changeSet=migration/fungible-token-schema.changelog-init.xml::amount_idx_id::R3.Corda, databaseChangeLog=master.changelog.json}
?[m?[37m[INFO] 22:15:53,378 [Test worker] changelog.ChangeSet. - ChangeSet migration/fungible-token-schema.changelog-init.xml::amount_idx_id::R3.Corda ran successfully in 1ms {changeSet=migration/fungible-token-schema.changelog-init.xml::amount_idx_id::R3.Corda, databaseChangeLog=master.changelog.json}
?[m?[37m[INFO] 22:15:53,379 [Test worker] jvm.JdbcExecutor. - INSERT INTO PUBLIC.DATABASECHANGELOG (ID, AUTHOR, FILENAME, DATEEXECUTED, ORDEREXECUTED, MD5SUM, DESCRIPTION, COMMENTS, EXECTYPE, CONTEXTS, LABELS, LIQUIBASE, DEPLOYMENT_ID) VALUES ('amount_idx_id', 'R3.Corda', 'migration/fungible-token-schema.changelog-init.xml', NOW(), 112, '8:1ae6fc41a1462d4038cdb056e384dfa9', 'createIndex indexName=amount_idx, tableName=fungible_token', '', 'EXECUTED', NULL, NULL, '3.6.3', '8452953366') {changeSet=migration/fungible-token-schema.changelog-init.xml::amount_idx_id::R3.Corda, databaseChangeLog=master.changelog.json}
?[m?[37m[INFO] 22:15:53,380 [Test worker] jvm.JdbcExecutor. - CREATE INDEX PUBLIC.held_token_amount_idx ON PUBLIC.fungible_token(token_class, token_identifier) {changeSet=migration/fungible-token-schema.changelog-init.xml::held_token_amount_idx_id::R3.Corda, databaseChangeLog=master.changelog.json}
?[m?[37m[INFO] 22:15:53,381 [Test worker] changelog.ChangeSet. - Index held_token_amount_idx created {changeSet=migration/fungible-token-schema.changelog-init.xml::held_token_amount_idx_id::R3.Corda, databaseChangeLog=master.changelog.json}
?[m?[37m[INFO] 22:15:53,381 [Test worker] changelog.ChangeSet. - ChangeSet migration/fungible-token-schema.changelog-init.xml::held_token_amount_idx_id::R3.Corda ran successfully in 1ms {changeSet=migration/fungible-token-schema.changelog-init.xml::held_token_amount_idx_id::R3.Corda, databaseChangeLog=master.changelog.json}
?[m?[37m[INFO] 22:15:53,382 [Test worker] jvm.JdbcExecutor. - INSERT INTO PUBLIC.DATABASECHANGELOG (ID, AUTHOR, FILENAME, DATEEXECUTED, ORDEREXECUTED, MD5SUM, DESCRIPTION, COMMENTS, EXECTYPE, CONTEXTS, LABELS, LIQUIBASE, DEPLOYMENT_ID) VALUES ('held_token_amount_idx_id', 'R3.Corda', 'migration/fungible-token-schema.changelog-init.xml', NOW(), 113, '8:55ffda313ce1eca16721488c8b35ee79', 'createIndex indexName=held_token_amount_idx, tableName=fungible_token', '', 'EXECUTED', NULL, NULL, '3.6.3', '8452953366') {changeSet=migration/fungible-token-schema.changelog-init.xml::held_token_amount_idx_id::R3.Corda, databaseChangeLog=master.changelog.json}
?[m?[37m[INFO] 22:15:53,383 [Test worker] jvm.JdbcExecutor. - ALTER TABLE PUBLIC.fungible_token ADD holding_key NVARCHAR(64) {changeSet=migration/fungible-token-schema.changelog-1.xml::create_fungible_token_owner_column::R3.Corda, databaseChangeLog=master.changelog.json}
?[m?[37m[INFO] 22:15:53,389 [Test worker] changelog.ChangeSet. - Columns holding_key(NVARCHAR(64)) added to fungible_token {changeSet=migration/fungible-token-schema.changelog-1.xml::create_fungible_token_owner_column::R3.Corda, databaseChangeLog=master.changelog.json}
?[m?[37m[INFO] 22:15:53,389 [Test worker] changelog.ChangeSet. - ChangeSet migration/fungible-token-schema.changelog-1.xml::create_fungible_token_owner_column::R3.Corda ran successfully in 6ms {changeSet=migration/fungible-token-schema.changelog-1.xml::create_fungible_token_owner_column::R3.Corda, databaseChangeLog=master.changelog.json}
?[m?[37m[INFO] 22:15:53,390 [Test worker] jvm.JdbcExecutor. - INSERT INTO PUBLIC.DATABASECHANGELOG (ID, AUTHOR, FILENAME, DATEEXECUTED, ORDEREXECUTED, MD5SUM, DESCRIPTION, COMMENTS, EXECTYPE, CONTEXTS, LABELS, LIQUIBASE, DEPLOYMENT_ID) VALUES ('create_fungible_token_owner_column', 'R3.Corda', 'migration/fungible-token-schema.changelog-1.xml', NOW(), 114, '8:96ca96f1426465990f153b138b0dad7a', 'addColumn tableName=fungible_token', '', 'EXECUTED', NULL, NULL, '3.6.3', '8452953366') {changeSet=migration/fungible-token-schema.changelog-1.xml::create_fungible_token_owner_column::R3.Corda, databaseChangeLog=master.changelog.json}
?[m?[37m[INFO] 22:15:53,391 [Test worker] jvm.JdbcExecutor. - CREATE INDEX PUBLIC.holding_key_idx ON PUBLIC.fungible_token(holding_key) {changeSet=migration/fungible-token-schema.changelog-1.xml::create_holding_key_idx::R3.Corda, databaseChangeLog=master.changelog.json}
?[m?[37m[INFO] 22:15:53,391 [Test worker] changelog.ChangeSet. - Index holding_key_idx created {changeSet=migration/fungible-token-schema.changelog-1.xml::create_holding_key_idx::R3.Corda, databaseChangeLog=master.changelog.json}
?[m?[37m[INFO] 22:15:53,391 [Test worker] changelog.ChangeSet. - ChangeSet migration/fungible-token-schema.changelog-1.xml::create_holding_key_idx::R3.Corda ran successfully in 0ms {changeSet=migration/fungible-token-schema.changelog-1.xml::create_holding_key_idx::R3.Corda, databaseChangeLog=master.changelog.json}
?[m?[37m[INFO] 22:15:53,392 [Test worker] jvm.JdbcExecutor. - INSERT INTO PUBLIC.DATABASECHANGELOG (ID, AUTHOR, FILENAME, DATEEXECUTED, ORDEREXECUTED, MD5SUM, DESCRIPTION, COMMENTS, EXECTYPE, CONTEXTS, LABELS, LIQUIBASE, DEPLOYMENT_ID) VALUES ('create_holding_key_idx', 'R3.Corda', 'migration/fungible-token-schema.changelog-1.xml', NOW(), 115, '8:67e32a9250726807340c01844edeaf69', 'createIndex indexName=holding_key_idx, tableName=fungible_token', '', 'EXECUTED', NULL, NULL, '3.6.3', '8452953366') {changeSet=migration/fungible-token-schema.changelog-1.xml::create_holding_key_idx::R3.Corda, databaseChangeLog=master.changelog.json}
?[m?[37m[INFO] 22:15:53,394 [Test worker] changelog.ChangeSet. - null {changeSet=migration/fungible-token-schema.changelog-1.xml::map_owning_keys_from_transactionstore::R3.Corda, databaseChangeLog=master.changelog.json}
?[m?[37m[INFO] 22:15:53,394 [Test worker] changelog.ChangeSet. - ChangeSet migration/fungible-token-schema.changelog-1.xml::map_owning_keys_from_transactionstore::R3.Corda ran successfully in 1ms {changeSet=migration/fungible-token-schema.changelog-1.xml::map_owning_keys_from_transactionstore::R3.Corda, databaseChangeLog=master.changelog.json}
?[m?[37m[INFO] 22:15:53,395 [Test worker] jvm.JdbcExecutor. - INSERT INTO PUBLIC.DATABASECHANGELOG (ID, AUTHOR, FILENAME, DATEEXECUTED, ORDEREXECUTED, MD5SUM, DESCRIPTION, COMMENTS, EXECTYPE, CONTEXTS, LABELS, LIQUIBASE, DEPLOYMENT_ID) VALUES ('map_owning_keys_from_transactionstore', 'R3.Corda', 'migration/fungible-token-schema.changelog-1.xml', NOW(), 116, '8:df80639d10d7c4f59d49908643f4c85f', 'customChange', '', 'EXECUTED', NULL, NULL, '3.6.3', '8452953366') {changeSet=migration/fungible-token-schema.changelog-1.xml::map_owning_keys_from_transactionstore::R3.Corda, databaseChangeLog=master.changelog.json}
?[m?[37m[INFO] 22:15:53,396 [Test worker] jvm.JdbcExecutor. - CREATE TABLE PUBLIC.non_fungible_token (output_index INT NOT NULL, transaction_id NVARCHAR(64) NOT NULL, holder NVARCHAR(255) NOT NULL, issuer NVARCHAR(255) NOT NULL, token_class NVARCHAR(255) NOT NULL, token_identifier NVARCHAR(255)) {changeSet=migration/non-fungible-token-schema.changelog-init.xml::create_non_fungible_token_table_id::R3.Corda, databaseChangeLog=master.changelog.json}
?[m?[37m[INFO] 22:15:53,397 [Test worker] changelog.ChangeSet. - Table non_fungible_token created {changeSet=migration/non-fungible-token-schema.changelog-init.xml::create_non_fungible_token_table_id::R3.Corda, databaseChangeLog=master.changelog.json}
?[m?[37m[INFO] 22:15:53,397 [Test worker] changelog.ChangeSet. - ChangeSet migration/non-fungible-token-schema.changelog-init.xml::create_non_fungible_token_table_id::R3.Corda ran successfully in 1ms {changeSet=migration/non-fungible-token-schema.changelog-init.xml::create_non_fungible_token_table_id::R3.Corda, databaseChangeLog=master.changelog.json}
?[m?[37m[INFO] 22:15:53,398 [Test worker] jvm.JdbcExecutor. - INSERT INTO PUBLIC.DATABASECHANGELOG (ID, AUTHOR, FILENAME, DATEEXECUTED, ORDEREXECUTED, MD5SUM, DESCRIPTION, COMMENTS, EXECTYPE, CONTEXTS, LABELS, LIQUIBASE, DEPLOYMENT_ID) VALUES ('create_non_fungible_token_table_id', 'R3.Corda', 'migration/non-fungible-token-schema.changelog-init.xml', NOW(), 117, '8:537d4553becbc43bb11c0817e1639eae', 'createTable tableName=non_fungible_token', '', 'EXECUTED', NULL, NULL, '3.6.3', '8452953366') {changeSet=migration/non-fungible-token-schema.changelog-init.xml::create_non_fungible_token_table_id::R3.Corda, databaseChangeLog=master.changelog.json}
?[m?[37m[INFO] 22:15:53,399 [Test worker] jvm.JdbcExecutor. - ALTER TABLE PUBLIC.non_fungible_token ADD CONSTRAINT non_fungible_token_pkey PRIMARY KEY (output_index, transaction_id) {changeSet=migration/non-fungible-token-schema.changelog-init.xml::non_fungible_token_pkey_id::R3.Corda, databaseChangeLog=master.changelog.json}
?[m?[37m[INFO] 22:15:53,400 [Test worker] changelog.ChangeSet. - Primary key added to non_fungible_token (output_index, transaction_id) {changeSet=migration/non-fungible-token-schema.changelog-init.xml::non_fungible_token_pkey_id::R3.Corda, databaseChangeLog=master.changelog.json}
?[m?[37m[INFO] 22:15:53,400 [Test worker] changelog.ChangeSet. - ChangeSet migration/non-fungible-token-schema.changelog-init.xml::non_fungible_token_pkey_id::R3.Corda ran successfully in 1ms {changeSet=migration/non-fungible-token-schema.changelog-init.xml::non_fungible_token_pkey_id::R3.Corda, databaseChangeLog=master.changelog.json}
?[m?[37m[INFO] 22:15:53,401 [Test worker] jvm.JdbcExecutor. - INSERT INTO PUBLIC.DATABASECHANGELOG (ID, AUTHOR, FILENAME, DATEEXECUTED, ORDEREXECUTED, MD5SUM, DESCRIPTION, COMMENTS, EXECTYPE, CONTEXTS, LABELS, LIQUIBASE, DEPLOYMENT_ID) VALUES ('non_fungible_token_pkey_id', 'R3.Corda', 'migration/non-fungible-token-schema.changelog-init.xml', NOW(), 118, '8:d08935cf27a24a32cb4c14cec40b4c30', 'addPrimaryKey constraintName=non_fungible_token_pkey, tableName=non_fungible_token', '', 'EXECUTED', NULL, NULL, '3.6.3', '8452953366') {changeSet=migration/non-fungible-token-schema.changelog-init.xml::non_fungible_token_pkey_id::R3.Corda, databaseChangeLog=master.changelog.json}
?[m?[37m[INFO] 22:15:53,402 [Test worker] jvm.JdbcExecutor. - CREATE INDEX PUBLIC.held_token_idx ON PUBLIC.non_fungible_token(token_class, token_identifier) {changeSet=migration/non-fungible-token-schema.changelog-init.xml::held_token_idx_id::R3.Corda, databaseChangeLog=master.changelog.json}
?[m?[37m[INFO] 22:15:53,403 [Test worker] changelog.ChangeSet. - Index held_token_idx created {changeSet=migration/non-fungible-token-schema.changelog-init.xml::held_token_idx_id::R3.Corda, databaseChangeLog=master.changelog.json}
?[m?[37m[INFO] 22:15:53,403 [Test worker] changelog.ChangeSet. - ChangeSet migration/non-fungible-token-schema.changelog-init.xml::held_token_idx_id::R3.Corda ran successfully in 1ms {changeSet=migration/non-fungible-token-schema.changelog-init.xml::held_token_idx_id::R3.Corda, databaseChangeLog=master.changelog.json}
?[m?[37m[INFO] 22:15:53,404 [Test worker] jvm.JdbcExecutor. - INSERT INTO PUBLIC.DATABASECHANGELOG (ID, AUTHOR, FILENAME, DATEEXECUTED, ORDEREXECUTED, MD5SUM, DESCRIPTION, COMMENTS, EXECTYPE, CONTEXTS, LABELS, LIQUIBASE, DEPLOYMENT_ID) VALUES ('held_token_idx_id', 'R3.Corda', 'migration/non-fungible-token-schema.changelog-init.xml', NOW(), 119, '8:a13b131f129e2b15eeea3fd36b572fe4', 'createIndex indexName=held_token_idx, tableName=non_fungible_token', '', 'EXECUTED', NULL, NULL, '3.6.3', '8452953366') {changeSet=migration/non-fungible-token-schema.changelog-init.xml::held_token_idx_id::R3.Corda, databaseChangeLog=master.changelog.json}
?[m?[37m[INFO] 22:15:53,405 [Test worker] jvm.JdbcExecutor. - CREATE TABLE PUBLIC.distribution_record (id BIGINT NOT NULL, linear_id VARCHAR(255) NOT NULL, party NVARCHAR(255) NOT NULL) {changeSet=migration/distribution-record-schema.changelog-init.xml::create_distribution_record_table_id::R3.Corda, databaseChangeLog=master.changelog.json}
?[m?[37m[INFO] 22:15:53,406 [Test worker] changelog.ChangeSet. - Table distribution_record created {changeSet=migration/distribution-record-schema.changelog-init.xml::create_distribution_record_table_id::R3.Corda, databaseChangeLog=master.changelog.json}
?[m?[37m[INFO] 22:15:53,406 [Test worker] changelog.ChangeSet. - ChangeSet migration/distribution-record-schema.changelog-init.xml::create_distribution_record_table_id::R3.Corda ran successfully in 1ms {changeSet=migration/distribution-record-schema.changelog-init.xml::create_distribution_record_table_id::R3.Corda, databaseChangeLog=master.changelog.json}
?[m?[37m[INFO] 22:15:53,407 [Test worker] jvm.JdbcExecutor. - INSERT INTO PUBLIC.DATABASECHANGELOG (ID, AUTHOR, FILENAME, DATEEXECUTED, ORDEREXECUTED, MD5SUM, DESCRIPTION, COMMENTS, EXECTYPE, CONTEXTS, LABELS, LIQUIBASE, DEPLOYMENT_ID) VALUES ('create_distribution_record_table_id', 'R3.Corda', 'migration/distribution-record-schema.changelog-init.xml', NOW(), 120, '8:58bbe0f002fa9a550dbc9aa60a7fda96', 'createTable tableName=distribution_record', '', 'EXECUTED', NULL, NULL, '3.6.3', '8452953366') {changeSet=migration/distribution-record-schema.changelog-init.xml::create_distribution_record_table_id::R3.Corda, databaseChangeLog=master.changelog.json}
?[m?[37m[INFO] 22:15:53,408 [Test worker] jvm.JdbcExecutor. - ALTER TABLE PUBLIC.distribution_record ADD CONSTRAINT distribution_record_pkey PRIMARY KEY (id) {changeSet=migration/distribution-record-schema.changelog-init.xml::distribution_record_pkey_id::R3.Corda, databaseChangeLog=master.changelog.json}
?[m?[37m[INFO] 22:15:53,409 [Test worker] changelog.ChangeSet. - Primary key added to distribution_record (id) {changeSet=migration/distribution-record-schema.changelog-init.xml::distribution_record_pkey_id::R3.Corda, databaseChangeLog=master.changelog.json}
?[m?[37m[INFO] 22:15:53,409 [Test worker] changelog.ChangeSet. - ChangeSet migration/distribution-record-schema.changelog-init.xml::distribution_record_pkey_id::R3.Corda ran successfully in 1ms {changeSet=migration/distribution-record-schema.changelog-init.xml::distribution_record_pkey_id::R3.Corda, databaseChangeLog=master.changelog.json}
?[m?[37m[INFO] 22:15:53,410 [Test worker] jvm.JdbcExecutor. - INSERT INTO PUBLIC.DATABASECHANGELOG (ID, AUTHOR, FILENAME, DATEEXECUTED, ORDEREXECUTED, MD5SUM, DESCRIPTION, COMMENTS, EXECTYPE, CONTEXTS, LABELS, LIQUIBASE, DEPLOYMENT_ID) VALUES ('distribution_record_pkey_id', 'R3.Corda', 'migration/distribution-record-schema.changelog-init.xml', NOW(), 121, '8:0ac8470d7e72d959df72a2f31db8916f', 'addPrimaryKey constraintName=distribution_record_pkey, tableName=distribution_record', '', 'EXECUTED', NULL, NULL, '3.6.3', '8452953366') {changeSet=migration/distribution-record-schema.changelog-init.xml::distribution_record_pkey_id::R3.Corda, databaseChangeLog=master.changelog.json}
?[m?[37m[INFO] 22:15:53,411 [Test worker] jvm.JdbcExecutor. - CREATE INDEX PUBLIC.dist_record_idx ON PUBLIC.distribution_record(linear_id) {changeSet=migration/distribution-record-schema.changelog-init.xml::dist_record_idx_id::R3.Corda, databaseChangeLog=master.changelog.json}
?[m?[37m[INFO] 22:15:53,412 [Test worker] changelog.ChangeSet. - Index dist_record_idx created {changeSet=migration/distribution-record-schema.changelog-init.xml::dist_record_idx_id::R3.Corda, databaseChangeLog=master.changelog.json}
?[m?[37m[INFO] 22:15:53,412 [Test worker] changelog.ChangeSet. - ChangeSet migration/distribution-record-schema.changelog-init.xml::dist_record_idx_id::R3.Corda ran successfully in 1ms {changeSet=migration/distribution-record-schema.changelog-init.xml::dist_record_idx_id::R3.Corda, databaseChangeLog=master.changelog.json}
?[m?[37m[INFO] 22:15:53,413 [Test worker] jvm.JdbcExecutor. - INSERT INTO PUBLIC.DATABASECHANGELOG (ID, AUTHOR, FILENAME, DATEEXECUTED, ORDEREXECUTED, MD5SUM, DESCRIPTION, COMMENTS, EXECTYPE, CONTEXTS, LABELS, LIQUIBASE, DEPLOYMENT_ID) VALUES ('dist_record_idx_id', 'R3.Corda', 'migration/distribution-record-schema.changelog-init.xml', NOW(), 122, '8:0e8c85eaeb998b9c455afeaed17a20a8', 'createIndex indexName=dist_record_idx, tableName=distribution_record', '', 'EXECUTED', NULL, NULL, '3.6.3', '8452953366') {changeSet=migration/distribution-record-schema.changelog-init.xml::dist_record_idx_id::R3.Corda, databaseChangeLog=master.changelog.json}
?[m?[37m[INFO] 22:15:53,414 [Test worker] lockservice.StandardLockService. - Successfully released change log lock
?[m?[37m[INFO] 22:15:53,415 [Test worker] internal.InternalMockNetwork$MockNode. - Connected to H2 database.
?[m?[37m[INFO] 22:15:53,416 [Test worker] persistence.HibernateConfiguration. - Init HibernateConfiguration for schemas: [CommonSchemaV1(name=net.corda.core.schemas.CommonSchema, version=1), VaultSchemaV1(name=net.corda.node.services.vault.VaultSchema, version=1), NodeInfoSchemaV1(name=net.corda.node.internal.schemas.NodeInfoSchema, version=1), NodeCoreV1(name=net.corda.node.services.schema.NodeSchemaService$NodeCore, version=1), FungibleTokenSchemaV1(name=com.r3.corda.lib.tokens.contracts.internal.schemas.FungibleTokenSchema, version=1), NonFungibleTokenSchemaV1(name=com.r3.corda.lib.tokens.contracts.internal.schemas.NonFungibleTokenSchema, version=1), TokenSchemaV1(name=com.r3.corda.lib.tokens.contracts.schemas.TokenSchema, version=1), DistributionRecordSchemaV1(name=com.r3.corda.lib.tokens.workflows.internal.schemas.DistributionRecordSchema, version=1)]
?[m?[37m[INFO] 22:15:53,416 [Test worker] factory.BaseSessionFactoryFactory. - Creating session factory for schemas: [CommonSchemaV1(name=net.corda.core.schemas.CommonSchema, version=1), VaultSchemaV1(name=net.corda.node.services.vault.VaultSchema, version=1), NodeInfoSchemaV1(name=net.corda.node.internal.schemas.NodeInfoSchema, version=1), NodeCoreV1(name=net.corda.node.services.schema.NodeSchemaService$NodeCore, version=1), FungibleTokenSchemaV1(name=com.r3.corda.lib.tokens.contracts.internal.schemas.FungibleTokenSchema, version=1), NonFungibleTokenSchemaV1(name=com.r3.corda.lib.tokens.contracts.internal.schemas.NonFungibleTokenSchema, version=1), TokenSchemaV1(name=com.r3.corda.lib.tokens.contracts.schemas.TokenSchema, version=1), DistributionRecordSchemaV1(name=com.r3.corda.lib.tokens.workflows.internal.schemas.DistributionRecordSchema, version=1)]
?[m?[37m[INFO] 22:15:53,422 [Test worker] internal.ConnectionProviderInitiator. - HHH000130: Instantiating explicit connection provider: net.corda.nodeapi.internal.persistence.HibernateConfiguration$NodeDatabaseConnectionProvider
?[m?[37m[INFO] 22:15:53,423 [Test worker] dialect.Dialect. - HHH000400: Using dialect: org.hibernate.dialect.H2Dialect
?[m?[37m[INFO] 22:15:53,522 [Test worker] connections.access. - HHH10001501: Connection obtained from JdbcConnectionAccess [org.hibernate.engine.jdbc.env.internal.JdbcEnvironmentInitiator$ConnectionProviderJdbcConnectionAccess@1106e8b8] for (non-JTA) DDL execution was not in auto-commit mode; the Connection 'local transaction' will be committed and the Connection will be set into auto-commit mode.
?[m?[37m[INFO] 22:15:53,567 [Test worker] internal.JtaPlatformInitiator. - HHH000490: Using JtaPlatform implementation: [org.hibernate.engine.transaction.jta.platform.internal.NoJtaPlatform]
?[m?[37m[INFO] 22:15:53,568 [Test worker] factory.BaseSessionFactoryFactory. - Created session factory for schemas: [CommonSchemaV1(name=net.corda.core.schemas.CommonSchema, version=1), VaultSchemaV1(name=net.corda.node.services.vault.VaultSchema, version=1), NodeInfoSchemaV1(name=net.corda.node.internal.schemas.NodeInfoSchema, version=1), NodeCoreV1(name=net.corda.node.services.schema.NodeSchemaService$NodeCore, version=1), FungibleTokenSchemaV1(name=com.r3.corda.lib.tokens.contracts.internal.schemas.FungibleTokenSchema, version=1), NonFungibleTokenSchemaV1(name=com.r3.corda.lib.tokens.contracts.internal.schemas.NonFungibleTokenSchema, version=1), TokenSchemaV1(name=com.r3.corda.lib.tokens.contracts.schemas.TokenSchema, version=1), DistributionRecordSchemaV1(name=com.r3.corda.lib.tokens.workflows.internal.schemas.DistributionRecordSchema, version=1)]
?[m?[37m[INFO] 22:15:53,573 [Test worker] internal.InternalMockNetwork$MockNode. - Node-info has changed so submitting update. Old node-info was null
?[m?[37m[INFO] 22:15:53,576 [Test worker] network.PersistentNetworkMapCache. - Adding node with info: NodeInfo(addresses=[mock.node:1000], legalIdentitiesAndCerts=[O=InvestorA, L=TestLand, C=US], platformVersion=9, serial=1618452953573), owningKey=DLBaSgPP5bRtQDpzG4Aux9uA8ubkafgxpn6rRg5CcAdMcJ
?[m?[37m[INFO] 22:15:53,576 [Test worker] network.PersistentNetworkMapCache. - No previous node found for O=InvestorA, L=TestLand, C=US
?[m?[37m[INFO] 22:15:53,584 [Test worker] internal.InternalMockNetwork$MockNode. - New node-info: NodeInfo(addresses=[mock.node:1000], legalIdentitiesAndCerts=[O=InvestorA, L=TestLand, C=US], platformVersion=9, serial=1618452953573)
?[m?[37m[INFO] 22:15:53,590 [Test worker] network.NetworkMapUpdater. - Auto-accept enabled for network parameter changes which modify only: [epoch, modifiedTime, packageOwnership, whitelistedContractImplementations]
?[m?[37m[INFO] 22:15:53,590 [Test worker] internal.MockNodeMessagingService. - Status change to true
?[m?[37m[INFO] 22:15:53,590 [Test worker] internal.InternalMockNetwork$MockNode. - MessagingService active change to: true
?[m?[37m[INFO] 22:15:53,598 [MockNode-2-2] network.PersistentNetworkMapCache. - Adding node with info: NodeInfo(addresses=[mock.node:1000], legalIdentitiesAndCerts=[O=InvestorA, L=TestLand, C=US], platformVersion=9, serial=1618452953573), owningKey=DLBaSgPP5bRtQDpzG4Aux9uA8ubkafgxpn6rRg5CcAdMcJ
?[m?[37m[INFO] 22:15:53,598 [MockNode-2-2] network.PersistentNetworkMapCache. - Previous node was identical to incoming one - doing nothing
?[m?[37m[INFO] 22:15:53,614 [Test worker] ClassloaderUtils. - Contracts loading for '/var/folders/x7/xt1d06_j0y99kyh61nvgw1380000gp/T/attachment7000638435734815966.jar' took 4 msec
?[m?[37m[INFO] 22:15:53,626 [Test worker] persistence.NodeAttachmentService. - Stored new attachment: id=65042D5889EDF33D6D804F8A0095BC2768F2C31D4F262A6EF73929E87375415F uploader=app filename=Template Contracts
?[m?[37m[INFO] 22:15:53,632 [Test worker] ClassloaderUtils. - Contracts loading for '/var/folders/x7/xt1d06_j0y99kyh61nvgw1380000gp/T/attachment5377277020609334255.jar' took 4 msec
?[m?[37m[INFO] 22:15:53,648 [Test worker] persistence.NodeAttachmentService. - Stored new attachment: id=34705DC9A2C8599998BBDBA7C3D13609AF04D8B3A772F7134D685ECC926D8320 uploader=app filename=Token SDK Contracts
?[m?[37m[INFO] 22:15:53,651 [Test worker] internal.InternalMockNetwork$MockNode. - Installed com.r3.corda.lib.tokens.selection.memory.services.VaultMigratorService Corda service
?[m?[37m[INFO] 22:15:53,651 [Test worker] cordapp.CordappConfigFileProvider. - Found config for cordapp tokens-workflows-1.2 in build/mock-network/20210415-021529.015-3E1BBE56169EE29D/nodes/1/cordapps/config/tokens-workflows-1.2.conf
?[m?[31m[WARN] 22:15:53,651 [Test worker] inMemoryConfigSelectionLogger. - Did not detect a configuration for InMemory selection - enabling memory usage for token indexing. Please set stateSelection.inMemory.enabled to "false" to disable this
?[m?[31m[WARN] 22:15:53,651 [Test worker] inMemoryConfigSelectionLogger. - No indexing method specified. Indexes will be created at run-time for each invocation of selectTokens
?[m?[37m[INFO] 22:15:53,651 [Test worker] inMemoryConfigSelectionLogger. - Found in memory token selection configuration with values indexing strategy: [], cacheSize: 1024
?[m?[31m[WARN] 22:15:53,652 [Test worker] vault.NodeVaultService. - trackBy is called with an already existing, open DB transaction. As a result, there might be states missing from both the snapshot and observable, included in the returned data feed, because of race conditions.
?[m?[31m[WARN] 22:15:53,656 [Test worker] inMemoryConfigSelectionLogger. - Did not detect a configuration for InMemory selection - enabling memory usage for token indexing. Please set stateSelection.inMemory.enabled to "false" to disable this
?[m?[31m[WARN] 22:15:53,656 [Test worker] inMemoryConfigSelectionLogger. - No indexing method specified. Indexes will be created at run-time for each invocation of selectTokens
?[m?[37m[INFO] 22:15:53,656 [Test worker] inMemoryConfigSelectionLogger. - Found in memory token selection configuration with values indexing strategy: [], cacheSize: 1024
?[m?[37m[INFO] 22:15:53,656 [Test worker] services.VaultWatcherService. - Starting async token loading from vault
?[m?[37m[INFO] 22:15:53,657 [Test worker] internal.InternalMockNetwork$MockNode. - Installed com.r3.corda.lib.tokens.selection.memory.services.VaultWatcherService Corda service
?[m?[37m[INFO] 22:15:53,662 [pool-11-thread-1] services.VaultWatcherService. - publishing 0 to async state loading callback
?[m?[37m[INFO] 22:15:53,662 [pool-11-thread-1] services.VaultWatcherService. - received token vault update with 0 consumed states and: 0 produced states
?[m?[37m[INFO] 22:15:53,662 [pool-11-thread-1] services.VaultWatcherService. - finished token loading
?[m?[37m[INFO] 22:15:53,682 [Test worker] statemachine.SingleThreadedStateMachineManager. - Node ready, info: NodeInfo(addresses=[mock.node:1000], legalIdentitiesAndCerts=[O=InvestorA, L=TestLand, C=US], platformVersion=9, serial=1618452953573)
?[m?[37m[INFO] 22:15:53,685 [Test worker] network.PersistentNetworkMapCache. - Adding node with info: NodeInfo(addresses=[mock.node:1000], legalIdentitiesAndCerts=[O=Notary, L=London, C=GB], platformVersion=9, serial=1618452951489), owningKey=DL2x8rxZeQNYEsSRouy2JQEXiTTu5yVqnpwM8ZP5LBd1iw
?[m?[37m[INFO] 22:15:53,685 [Test worker] network.PersistentNetworkMapCache. - No previous node found for O=Notary, L=London, C=GB
?[m?[37m[INFO] 22:15:53,702 [Test worker] network.PersistentNetworkMapCache. - Adding node with info: NodeInfo(addresses=[mock.node:1000], legalIdentitiesAndCerts=[O=InvestorA, L=TestLand, C=US], platformVersion=9, serial=1618452953573), owningKey=DLBaSgPP5bRtQDpzG4Aux9uA8ubkafgxpn6rRg5CcAdMcJ
?[m?[37m[INFO] 22:15:53,702 [Test worker] network.PersistentNetworkMapCache. - No previous node found for O=InvestorA, L=TestLand, C=US
?[m?[37m[INFO] 22:15:53,717 [Test worker] network.PersistentNetworkMapCache. - Adding node with info: NodeInfo(addresses=[mock.node:1000], legalIdentitiesAndCerts=[O=InvestorA, L=TestLand, C=US], platformVersion=9, serial=1618452953573), owningKey=DLBaSgPP5bRtQDpzG4Aux9uA8ubkafgxpn6rRg5CcAdMcJ
?[m?[37m[INFO] 22:15:53,718 [Test worker] network.PersistentNetworkMapCache. - Previous node was identical to incoming one - doing nothing
?[m?[37m[INFO] 22:15:53,718 [Test worker] network.PersistentNetworkMapCache. - Adding node with info: NodeInfo(addresses=[mock.node:1000], legalIdentitiesAndCerts=[O=InvestorA, L=TestLand, C=US], platformVersion=9, serial=1618452953573), owningKey=DLBaSgPP5bRtQDpzG4Aux9uA8ubkafgxpn6rRg5CcAdMcJ
?[m?[37m[INFO] 22:15:53,718 [Test worker] network.PersistentNetworkMapCache. - Previous node was identical to incoming one - doing nothing
?[m?[37m[INFO] 22:15:53,729 [Test worker] cordapp.JarScanningCordappLoader. - Looking for CorDapps in [build/mock-network/20210415-021529.015-3E1BBE56169EE29D/nodes/2/cordapps]
?[m?[37m[INFO] 22:15:53,729 [Test worker] cordapp.JarScanningCordappLoader. - Loading CorDapps from RestrictedURL(url=file:/Users/peterli/Desktop/tokenTest/workflows/build/mock-network/20210415-021529.015-3E1BBE56169EE29D/nodes/2/cordapps/contracts-0.1.jar, rootPackageName=null), RestrictedURL(url=file:/Users/peterli/Desktop/tokenTest/workflows/build/mock-network/20210415-021529.015-3E1BBE56169EE29D/nodes/2/cordapps/workflows-0.1.jar, rootPackageName=null), RestrictedURL(url=file:/Users/peterli/Desktop/tokenTest/workflows/build/mock-network/20210415-021529.015-3E1BBE56169EE29D/nodes/2/cordapps/tokens-contracts-1.2.jar, rootPackageName=null), RestrictedURL(url=file:/Users/peterli/Desktop/tokenTest/workflows/build/mock-network/20210415-021529.015-3E1BBE56169EE29D/nodes/2/cordapps/tokens-workflows-1.2.jar, rootPackageName=null)
?[m?[37m[INFO] 22:15:53,729 [Test worker] cordapp.JarScanningCordappLoader. - Scanning CorDapp in file:/Users/peterli/Desktop/tokenTest/workflows/build/mock-network/20210415-021529.015-3E1BBE56169EE29D/nodes/2/cordapps/contracts-0.1.jar
?[m?[37m[INFO] 22:15:53,738 [Test worker] cordapp.JarScanningCordappLoader. - Scanning CorDapp in file:/Users/peterli/Desktop/tokenTest/workflows/build/mock-network/20210415-021529.015-3E1BBE56169EE29D/nodes/2/cordapps/workflows-0.1.jar
?[m?[37m[INFO] 22:15:53,745 [Test worker] cordapp.JarScanningCordappLoader. - Scanning CorDapp in file:/Users/peterli/Desktop/tokenTest/workflows/build/mock-network/20210415-021529.015-3E1BBE56169EE29D/nodes/2/cordapps/tokens-contracts-1.2.jar
?[m?[37m[INFO] 22:15:53,758 [Test worker] cordapp.JarScanningCordappLoader. - Scanning CorDapp in file:/Users/peterli/Desktop/tokenTest/workflows/build/mock-network/20210415-021529.015-3E1BBE56169EE29D/nodes/2/cordapps/tokens-workflows-1.2.jar
?[m?[37m[INFO] 22:15:53,813 [Test worker] internal.InternalMockNetwork$MockNode. - MessagingService active change to: false
?[m?[37m[INFO] 22:15:53,814 [Test worker] internal.InternalMockNetwork$MockNode. - Flow external operation executor has a max of 2 threads
?[m?[37m[INFO] 22:15:53,815 [Test worker] internal.InternalMockNetwork$MockNode. - Node starting up ...
?[m?[37m[INFO] 22:15:53,861 [Test worker] internal.KeyStoreHandler. - Loaded trusted root certificate: DL7fwxLm5xbiMD8adUuYTsPZHAict46Ng4w6RNcySt5vAw, alias: cordarootca
?[m?[37m[INFO] 22:15:53,861 [Test worker] internal.KeyStoreHandler. - Loaded node identity key: DL2rLegMKKKaE4uiNzPsFyo6y7MGug3LdNpadWSe2hqX6S, alias: identity-private-key
?[m?[37m[INFO] 22:15:53,872 [Test worker] internal.NodeFlowManager. - Registered com.template.flows.NormalTransaction$NormalTransactionInitiator to initiate com.template.flows.NormalTransaction$Responder (version 1)
?[m?[37m[INFO] 22:15:53,872 [Test worker] internal.NodeFlowManager. - Registered com.template.flows.TransferFungEvoToken$TransferFungEvoTokenInitiator to initiate com.template.flows.TransferFungEvoToken$TransferFungEvoTokenResponder (version 1)
?[m?[37m[INFO] 22:15:53,872 [Test worker] internal.NodeFlowManager. - Registered com.r3.corda.lib.tokens.workflows.flows.rpc.ConfidentialIssueTokens to initiate com.r3.corda.lib.tokens.workflows.flows.rpc.ConfidentialIssueTokensHandler (version 1)
?[m?[37m[INFO] 22:15:53,872 [Test worker] internal.NodeFlowManager. - Registered com.r3.corda.lib.tokens.workflows.flows.rpc.ConfidentialMoveFungibleTokens to initiate com.r3.corda.lib.tokens.workflows.flows.rpc.ConfidentialMoveFungibleTokensHandler (version 1)
?[m?[37m[INFO] 22:15:53,872 [Test worker] internal.NodeFlowManager. - Registered com.r3.corda.lib.tokens.workflows.flows.rpc.ConfidentialMoveNonFungibleTokens to initiate com.r3.corda.lib.tokens.workflows.flows.rpc.ConfidentialMoveNonFungibleTokensHandler (version 1)
?[m?[37m[INFO] 22:15:53,872 [Test worker] internal.NodeFlowManager. - Registered com.r3.corda.lib.tokens.workflows.flows.rpc.ConfidentialRedeemFungibleTokens to initiate com.r3.corda.lib.tokens.workflows.flows.rpc.ConfidentialRedeemFungibleTokensHandler (version 1)
?[m?[37m[INFO] 22:15:53,872 [Test worker] internal.NodeFlowManager. - Registered com.r3.corda.lib.tokens.workflows.flows.rpc.CreateEvolvableTokens to initiate com.r3.corda.lib.tokens.workflows.flows.rpc.CreateEvolvableTokensHandler (version 1)
?[m?[37m[INFO] 22:15:53,872 [Test worker] internal.NodeFlowManager. - Registered com.r3.corda.lib.tokens.workflows.flows.rpc.IssueTokens to initiate com.r3.corda.lib.tokens.workflows.flows.rpc.IssueTokensHandler (version 1)
?[m?[37m[INFO] 22:15:53,873 [Test worker] internal.NodeFlowManager. - Registered com.r3.corda.lib.tokens.workflows.flows.rpc.MoveFungibleTokens to initiate com.r3.corda.lib.tokens.workflows.flows.rpc.MoveFungibleTokensHandler (version 1)
?[m?[37m[INFO] 22:15:53,873 [Test worker] internal.NodeFlowManager. - Registered com.r3.corda.lib.tokens.workflows.flows.rpc.MoveNonFungibleTokens to initiate com.r3.corda.lib.tokens.workflows.flows.rpc.MoveNonFungibleTokensHandler (version 1)
?[m?[37m[INFO] 22:15:53,873 [Test worker] internal.NodeFlowManager. - Registered com.r3.corda.lib.tokens.workflows.flows.rpc.RedeemFungibleTokens to initiate com.r3.corda.lib.tokens.workflows.flows.rpc.RedeemFungibleTokensHandler (version 1)
?[m?[37m[INFO] 22:15:53,873 [Test worker] internal.NodeFlowManager. - Registered com.r3.corda.lib.tokens.workflows.flows.rpc.RedeemNonFungibleTokens to initiate com.r3.corda.lib.tokens.workflows.flows.rpc.RedeemNonFungibleTokensHandler (version 1)
?[m?[37m[INFO] 22:15:53,873 [Test worker] internal.NodeFlowManager. - Registered com.r3.corda.lib.tokens.workflows.flows.rpc.UpdateEvolvableToken to initiate com.r3.corda.lib.tokens.workflows.flows.rpc.UpdateEvolvableTokenHandler (version 1)
?[m?[37m[INFO] 22:15:53,873 [Test worker] internal.NodeFlowManager. - Registered com.r3.corda.lib.tokens.workflows.internal.flows.distribution.RequestAdditionToDistributionList$Initiator to initiate com.r3.corda.lib.tokens.workflows.internal.flows.distribution.RequestAdditionToDistributionList$Responder (version 1)
?[m?[37m[INFO] 22:15:53,873 [Test worker] internal.NodeFlowManager. - Registered com.r3.corda.lib.tokens.workflows.internal.flows.distribution.UpdateDistributionListFlow to initiate com.r3.corda.lib.tokens.workflows.internal.flows.distribution.UpdateDistributionListFlowHandler (version 1)
?[m?[37m[INFO] 22:15:53,873 [Test worker] internal.NodeFlowManager. - Registered com.r3.corda.lib.tokens.workflows.internal.testflows.DvPFlow to initiate com.r3.corda.lib.tokens.workflows.internal.testflows.DvPFlowHandler (version 1)
?[m?[37m[INFO] 22:15:53,880 [Test worker] internal.InternalMockNetwork$MockNode. - Loaded network parameters: NetworkParameters {
      minimumPlatformVersion=4
      notaries=[NotaryInfo(identity=O=Notary, L=London, C=GB, validating=true)]
      maxMessageSize=10485760
      maxTransactionSize=52428800
      whitelistedContractImplementations {
        
      }
      eventHorizon=PT51539607528H
      packageOwnership {
        
      }
      modifiedTime=2021-04-15T02:15:26.896Z
      epoch=1
  }
?[m?[37m[INFO] 22:15:53,881 [Test worker] hikari.HikariDataSource. - HikariPool-3 - Starting...
?[m?[37m[INFO] 22:15:53,903 [Test worker] hikari.HikariDataSource. - HikariPool-3 - Start completed.
?[m?[37m[INFO] 22:15:54,147 [Test worker] jvm.JdbcExecutor. - SELECT MD5SUM FROM PUBLIC.DATABASECHANGELOG WHERE MD5SUM IS NOT NULL
?[m?[37m[INFO] 22:15:54,148 [Test worker] jvm.JdbcExecutor. - SELECT COUNT(*) FROM PUBLIC.DATABASECHANGELOG
?[m?[37m[INFO] 22:15:54,148 [Test worker] changelog.StandardChangeLogHistoryService. - Reading from PUBLIC.DATABASECHANGELOG
?[m?[37m[INFO] 22:15:54,148 [Test worker] jvm.JdbcExecutor. - SELECT * FROM PUBLIC.DATABASECHANGELOG ORDER BY DATEEXECUTED ASC, ORDEREXECUTED ASC
?[m?[37m[INFO] 22:15:54,150 [Test worker] jvm.JdbcExecutor. - SELECT COUNT(*) FROM PUBLIC.DATABASECHANGELOGLOCK
?[m?[37m[INFO] 22:15:54,151 [Test worker] jvm.JdbcExecutor. - SELECT COUNT(*) FROM PUBLIC.DATABASECHANGELOGLOCK
?[m?[37m[INFO] 22:15:54,163 [Test worker] visitor.ValidatingVisitor. - Skipping change set migration/vault-schema.changelog-v13.xml::vault_transaction_id_size_non-clustered_pk-1::R3.Corda due to validation error(s): clustered is not allowed on h2 {changeSet=migration/vault-schema.changelog-v13.xml::vault_transaction_id_size_non-clustered_pk-1::R3.Corda, databaseChangeLog=master.changelog.json}
?[m?[37m[INFO] 22:15:54,164 [Test worker] visitor.ValidatingVisitor. - Skipping change set migration/vault-schema.changelog-v13.xml::vault_transaction_id_size_non-clustered_pk-2::R3.Corda due to validation error(s): clustered is not allowed on h2 {changeSet=migration/vault-schema.changelog-v13.xml::vault_transaction_id_size_non-clustered_pk-2::R3.Corda, databaseChangeLog=master.changelog.json}
?[m?[37m[INFO] 22:15:54,164 [Test worker] visitor.ValidatingVisitor. - Skipping change set migration/vault-schema.changelog-v13.xml::vault_transaction_id_size_non-clustered_pk-3::R3.Corda due to validation error(s): clustered is not allowed on h2 {changeSet=migration/vault-schema.changelog-v13.xml::vault_transaction_id_size_non-clustered_pk-3::R3.Corda, databaseChangeLog=master.changelog.json}
?[m?[37m[INFO] 22:15:54,187 [Test worker] visitor.ValidatingVisitor. - Skipping change set migration/node-core.changelog-v21.xml::node_transaction_id_size_non-clustered_pk::R3.Corda due to validation error(s): clustered is not allowed on h2 {changeSet=migration/node-core.changelog-v21.xml::node_transaction_id_size_non-clustered_pk::R3.Corda, databaseChangeLog=master.changelog.json}
?[m?[37m[INFO] 22:15:54,188 [Test worker] jvm.JdbcExecutor. - SELECT LOCKED FROM PUBLIC.DATABASECHANGELOGLOCK WHERE ID=1
?[m?[37m[INFO] 22:15:54,190 [Test worker] lockservice.StandardLockService. - Successfully acquired change log lock
?[m?[37m[INFO] 22:15:54,191 [Test worker] visitor.ValidatingVisitor. - Skipping change set migration/vault-schema.changelog-v13.xml::vault_transaction_id_size_non-clustered_pk-1::R3.Corda due to validation error(s): clustered is not allowed on h2 {changeSet=migration/vault-schema.changelog-v13.xml::vault_transaction_id_size_non-clustered_pk-1::R3.Corda, databaseChangeLog=master.changelog.json}
?[m?[37m[INFO] 22:15:54,191 [Test worker] visitor.ValidatingVisitor. - Skipping change set migration/vault-schema.changelog-v13.xml::vault_transaction_id_size_non-clustered_pk-2::R3.Corda due to validation error(s): clustered is not allowed on h2 {changeSet=migration/vault-schema.changelog-v13.xml::vault_transaction_id_size_non-clustered_pk-2::R3.Corda, databaseChangeLog=master.changelog.json}
?[m?[37m[INFO] 22:15:54,191 [Test worker] visitor.ValidatingVisitor. - Skipping change set migration/vault-schema.changelog-v13.xml::vault_transaction_id_size_non-clustered_pk-3::R3.Corda due to validation error(s): clustered is not allowed on h2 {changeSet=migration/vault-schema.changelog-v13.xml::vault_transaction_id_size_non-clustered_pk-3::R3.Corda, databaseChangeLog=master.changelog.json}
?[m?[37m[INFO] 22:15:54,194 [Test worker] visitor.ValidatingVisitor. - Skipping change set migration/node-core.changelog-v21.xml::node_transaction_id_size_non-clustered_pk::R3.Corda due to validation error(s): clustered is not allowed on h2 {changeSet=migration/node-core.changelog-v21.xml::node_transaction_id_size_non-clustered_pk::R3.Corda, databaseChangeLog=master.changelog.json}
?[m?[37m[INFO] 22:15:54,195 [Test worker] jvm.JdbcExecutor. - DROP VIEW PUBLIC.v_pkey_hash_ex_id_map {changeSet=migration/vault-schema.changelog-v13.xml::vault_transaction_id_size::R3.Corda, databaseChangeLog=master.changelog.json}
?[m?[37m[INFO] 22:15:54,196 [Test worker] changelog.ChangeSet. - View v_pkey_hash_ex_id_map dropped {changeSet=migration/vault-schema.changelog-v13.xml::vault_transaction_id_size::R3.Corda, databaseChangeLog=master.changelog.json}
?[m?[37m[INFO] 22:15:54,196 [Test worker] jvm.JdbcExecutor. - ALTER TABLE PUBLIC.vault_fungible_states_parts DROP CONSTRAINT FK__fung_st_parts__fung_st {changeSet=migration/vault-schema.changelog-v13.xml::vault_transaction_id_size::R3.Corda, databaseChangeLog=master.changelog.json}
?[m?[37m[INFO] 22:15:54,196 [Test worker] changelog.ChangeSet. - Foreign key FK__fung_st_parts__fung_st dropped {changeSet=migration/vault-schema.changelog-v13.xml::vault_transaction_id_size::R3.Corda, databaseChangeLog=master.changelog.json}
?[m?[37m[INFO] 22:15:54,196 [Test worker] jvm.JdbcExecutor. - ALTER TABLE PUBLIC.vault_linear_states_parts DROP CONSTRAINT FK__lin_stat_parts__lin_stat {changeSet=migration/vault-schema.changelog-v13.xml::vault_transaction_id_size::R3.Corda, databaseChangeLog=master.changelog.json}
?[m?[37m[INFO] 22:15:54,197 [Test worker] changelog.ChangeSet. - Foreign key FK__lin_stat_parts__lin_stat dropped {changeSet=migration/vault-schema.changelog-v13.xml::vault_transaction_id_size::R3.Corda, databaseChangeLog=master.changelog.json}
?[m?[37m[INFO] 22:15:54,197 [Test worker] jvm.JdbcExecutor. - ALTER TABLE PUBLIC.vault_fungible_states DROP PRIMARY KEY {changeSet=migration/vault-schema.changelog-v13.xml::vault_transaction_id_size::R3.Corda, databaseChangeLog=master.changelog.json}
?[m?[37m[INFO] 22:15:54,197 [Test worker] changelog.ChangeSet. - Primary key dropped from vault_fungible_states {changeSet=migration/vault-schema.changelog-v13.xml::vault_transaction_id_size::R3.Corda, databaseChangeLog=master.changelog.json}
?[m?[37m[INFO] 22:15:54,197 [Test worker] jvm.JdbcExecutor. - ALTER TABLE PUBLIC.vault_linear_states DROP PRIMARY KEY {changeSet=migration/vault-schema.changelog-v13.xml::vault_transaction_id_size::R3.Corda, databaseChangeLog=master.changelog.json}
?[m?[37m[INFO] 22:15:54,198 [Test worker] changelog.ChangeSet. - Primary key dropped from vault_linear_states {changeSet=migration/vault-schema.changelog-v13.xml::vault_transaction_id_size::R3.Corda, databaseChangeLog=master.changelog.json}
?[m?[37m[INFO] 22:15:54,198 [Test worker] jvm.JdbcExecutor. - ALTER TABLE PUBLIC.vault_states DROP PRIMARY KEY {changeSet=migration/vault-schema.changelog-v13.xml::vault_transaction_id_size::R3.Corda, databaseChangeLog=master.changelog.json}
?[m?[37m[INFO] 22:15:54,198 [Test worker] changelog.ChangeSet. - Primary key dropped from vault_states {changeSet=migration/vault-schema.changelog-v13.xml::vault_transaction_id_size::R3.Corda, databaseChangeLog=master.changelog.json}
?[m?[37m[INFO] 22:15:54,198 [Test worker] jvm.JdbcExecutor. - DROP INDEX PUBLIC.transaction_id_index {changeSet=migration/vault-schema.changelog-v13.xml::vault_transaction_id_size::R3.Corda, databaseChangeLog=master.changelog.json}
?[m?[37m[INFO] 22:15:54,199 [Test worker] changelog.ChangeSet. - Index transaction_id_index dropped from table vault_transaction_notes {changeSet=migration/vault-schema.changelog-v13.xml::vault_transaction_id_size::R3.Corda, databaseChangeLog=master.changelog.json}
?[m?[37m[INFO] 22:15:54,199 [Test worker] jvm.JdbcExecutor. - ALTER TABLE PUBLIC.vault_fungible_states ALTER COLUMN transaction_id SET NULL {changeSet=migration/vault-schema.changelog-v13.xml::vault_transaction_id_size::R3.Corda, databaseChangeLog=master.changelog.json}
?[m?[37m[INFO] 22:15:54,199 [Test worker] changelog.ChangeSet. - Null constraint dropped from vault_fungible_states.transaction_id {changeSet=migration/vault-schema.changelog-v13.xml::vault_transaction_id_size::R3.Corda, databaseChangeLog=master.changelog.json}
?[m?[37m[INFO] 22:15:54,200 [Test worker] jvm.JdbcExecutor. - ALTER TABLE PUBLIC.vault_fungible_states_parts ALTER COLUMN transaction_id SET NULL {changeSet=migration/vault-schema.changelog-v13.xml::vault_transaction_id_size::R3.Corda, databaseChangeLog=master.changelog.json}
?[m?[37m[INFO] 22:15:54,200 [Test worker] changelog.ChangeSet. - Null constraint dropped from vault_fungible_states_parts.transaction_id {changeSet=migration/vault-schema.changelog-v13.xml::vault_transaction_id_size::R3.Corda, databaseChangeLog=master.changelog.json}
?[m?[37m[INFO] 22:15:54,200 [Test worker] jvm.JdbcExecutor. - ALTER TABLE PUBLIC.vault_linear_states ALTER COLUMN transaction_id SET NULL {changeSet=migration/vault-schema.changelog-v13.xml::vault_transaction_id_size::R3.Corda, databaseChangeLog=master.changelog.json}
?[m?[37m[INFO] 22:15:54,201 [Test worker] changelog.ChangeSet. - Null constraint dropped from vault_linear_states.transaction_id {changeSet=migration/vault-schema.changelog-v13.xml::vault_transaction_id_size::R3.Corda, databaseChangeLog=master.changelog.json}
?[m?[37m[INFO] 22:15:54,201 [Test worker] jvm.JdbcExecutor. - ALTER TABLE PUBLIC.vault_linear_states_parts ALTER COLUMN transaction_id SET NULL {changeSet=migration/vault-schema.changelog-v13.xml::vault_transaction_id_size::R3.Corda, databaseChangeLog=master.changelog.json}
?[m?[37m[INFO] 22:15:54,201 [Test worker] changelog.ChangeSet. - Null constraint dropped from vault_linear_states_parts.transaction_id {changeSet=migration/vault-schema.changelog-v13.xml::vault_transaction_id_size::R3.Corda, databaseChangeLog=master.changelog.json}
?[m?[37m[INFO] 22:15:54,201 [Test worker] jvm.JdbcExecutor. - ALTER TABLE PUBLIC.vault_states ALTER COLUMN transaction_id SET NULL {changeSet=migration/vault-schema.changelog-v13.xml::vault_transaction_id_size::R3.Corda, databaseChangeLog=master.changelog.json}
?[m?[37m[INFO] 22:15:54,201 [Test worker] changelog.ChangeSet. - Null constraint dropped from vault_states.transaction_id {changeSet=migration/vault-schema.changelog-v13.xml::vault_transaction_id_size::R3.Corda, databaseChangeLog=master.changelog.json}
?[m?[37m[INFO] 22:15:54,201 [Test worker] jvm.JdbcExecutor. - ALTER TABLE PUBLIC.vault_fungible_states ALTER COLUMN transaction_id NVARCHAR(144) {changeSet=migration/vault-schema.changelog-v13.xml::vault_transaction_id_size::R3.Corda, databaseChangeLog=master.changelog.json}
?[m?[37m[INFO] 22:15:54,203 [Test worker] changelog.ChangeSet. - vault_fungible_states.transaction_id datatype was changed to NVARCHAR(144) {changeSet=migration/vault-schema.changelog-v13.xml::vault_transaction_id_size::R3.Corda, databaseChangeLog=master.changelog.json}
?[m?[37m[INFO] 22:15:54,204 [Test worker] jvm.JdbcExecutor. - ALTER TABLE PUBLIC.vault_fungible_states_parts ALTER COLUMN transaction_id NVARCHAR(144) {changeSet=migration/vault-schema.changelog-v13.xml::vault_transaction_id_size::R3.Corda, databaseChangeLog=master.changelog.json}
?[m?[37m[INFO] 22:15:54,205 [Test worker] changelog.ChangeSet. - vault_fungible_states_parts.transaction_id datatype was changed to NVARCHAR(144) {changeSet=migration/vault-schema.changelog-v13.xml::vault_transaction_id_size::R3.Corda, databaseChangeLog=master.changelog.json}
?[m?[37m[INFO] 22:15:54,206 [Test worker] jvm.JdbcExecutor. - ALTER TABLE PUBLIC.vault_linear_states ALTER COLUMN transaction_id NVARCHAR(144) {changeSet=migration/vault-schema.changelog-v13.xml::vault_transaction_id_size::R3.Corda, databaseChangeLog=master.changelog.json}
?[m?[37m[INFO] 22:15:54,209 [Test worker] changelog.ChangeSet. - vault_linear_states.transaction_id datatype was changed to NVARCHAR(144) {changeSet=migration/vault-schema.changelog-v13.xml::vault_transaction_id_size::R3.Corda, databaseChangeLog=master.changelog.json}
?[m?[37m[INFO] 22:15:54,209 [Test worker] jvm.JdbcExecutor. - ALTER TABLE PUBLIC.vault_linear_states_parts ALTER COLUMN transaction_id NVARCHAR(144) {changeSet=migration/vault-schema.changelog-v13.xml::vault_transaction_id_size::R3.Corda, databaseChangeLog=master.changelog.json}
?[m?[37m[INFO] 22:15:54,211 [Test worker] changelog.ChangeSet. - vault_linear_states_parts.transaction_id datatype was changed to NVARCHAR(144) {changeSet=migration/vault-schema.changelog-v13.xml::vault_transaction_id_size::R3.Corda, databaseChangeLog=master.changelog.json}
?[m?[37m[INFO] 22:15:54,211 [Test worker] jvm.JdbcExecutor. - ALTER TABLE PUBLIC.vault_states ALTER COLUMN transaction_id NVARCHAR(144) {changeSet=migration/vault-schema.changelog-v13.xml::vault_transaction_id_size::R3.Corda, databaseChangeLog=master.changelog.json}
?[m?[37m[INFO] 22:15:54,214 [Test worker] changelog.ChangeSet. - vault_states.transaction_id datatype was changed to NVARCHAR(144) {changeSet=migration/vault-schema.changelog-v13.xml::vault_transaction_id_size::R3.Corda, databaseChangeLog=master.changelog.json}
?[m?[37m[INFO] 22:15:54,214 [Test worker] jvm.JdbcExecutor. - ALTER TABLE PUBLIC.vault_transaction_notes ALTER COLUMN transaction_id NVARCHAR(144) {changeSet=migration/vault-schema.changelog-v13.xml::vault_transaction_id_size::R3.Corda, databaseChangeLog=master.changelog.json}
?[m?[37m[INFO] 22:15:54,218 [Test worker] changelog.ChangeSet. - vault_transaction_notes.transaction_id datatype was changed to NVARCHAR(144) {changeSet=migration/vault-schema.changelog-v13.xml::vault_transaction_id_size::R3.Corda, databaseChangeLog=master.changelog.json}
?[m?[37m[INFO] 22:15:54,218 [Test worker] jvm.JdbcExecutor. - ALTER TABLE PUBLIC.state_party ALTER COLUMN transaction_id NVARCHAR(144) {changeSet=migration/vault-schema.changelog-v13.xml::vault_transaction_id_size::R3.Corda, databaseChangeLog=master.changelog.json}
?[m?[37m[INFO] 22:15:54,222 [Test worker] changelog.ChangeSet. - state_party.transaction_id datatype was changed to NVARCHAR(144) {changeSet=migration/vault-schema.changelog-v13.xml::vault_transaction_id_size::R3.Corda, databaseChangeLog=master.changelog.json}
?[m?[37m[INFO] 22:15:54,223 [Test worker] jvm.JdbcExecutor. - ALTER TABLE PUBLIC.vault_fungible_states ALTER COLUMN transaction_id SET NOT NULL {changeSet=migration/vault-schema.changelog-v13.xml::vault_transaction_id_size::R3.Corda, databaseChangeLog=master.changelog.json}
?[m?[37m[INFO] 22:15:54,223 [Test worker] changelog.ChangeSet. - NOT NULL constraint has been added to vault_fungible_states.transaction_id {changeSet=migration/vault-schema.changelog-v13.xml::vault_transaction_id_size::R3.Corda, databaseChangeLog=master.changelog.json}
?[m?[37m[INFO] 22:15:54,223 [Test worker] jvm.JdbcExecutor. - ALTER TABLE PUBLIC.vault_fungible_states_parts ALTER COLUMN transaction_id SET NOT NULL {changeSet=migration/vault-schema.changelog-v13.xml::vault_transaction_id_size::R3.Corda, databaseChangeLog=master.changelog.json}
?[m?[37m[INFO] 22:15:54,224 [Test worker] changelog.ChangeSet. - NOT NULL constraint has been added to vault_fungible_states_parts.transaction_id {changeSet=migration/vault-schema.changelog-v13.xml::vault_transaction_id_size::R3.Corda, databaseChangeLog=master.changelog.json}
?[m?[37m[INFO] 22:15:54,224 [Test worker] jvm.JdbcExecutor. - ALTER TABLE PUBLIC.vault_linear_states ALTER COLUMN transaction_id SET NOT NULL {changeSet=migration/vault-schema.changelog-v13.xml::vault_transaction_id_size::R3.Corda, databaseChangeLog=master.changelog.json}
?[m?[37m[INFO] 22:15:54,225 [Test worker] changelog.ChangeSet. - NOT NULL constraint has been added to vault_linear_states.transaction_id {changeSet=migration/vault-schema.changelog-v13.xml::vault_transaction_id_size::R3.Corda, databaseChangeLog=master.changelog.json}
?[m?[37m[INFO] 22:15:54,225 [Test worker] jvm.JdbcExecutor. - ALTER TABLE PUBLIC.vault_linear_states_parts ALTER COLUMN transaction_id SET NOT NULL {changeSet=migration/vault-schema.changelog-v13.xml::vault_transaction_id_size::R3.Corda, databaseChangeLog=master.changelog.json}
?[m?[37m[INFO] 22:15:54,226 [Test worker] changelog.ChangeSet. - NOT NULL constraint has been added to vault_linear_states_parts.transaction_id {changeSet=migration/vault-schema.changelog-v13.xml::vault_transaction_id_size::R3.Corda, databaseChangeLog=master.changelog.json}
?[m?[37m[INFO] 22:15:54,226 [Test worker] jvm.JdbcExecutor. - ALTER TABLE PUBLIC.vault_states ALTER COLUMN transaction_id SET NOT NULL {changeSet=migration/vault-schema.changelog-v13.xml::vault_transaction_id_size::R3.Corda, databaseChangeLog=master.changelog.json}
?[m?[37m[INFO] 22:15:54,227 [Test worker] changelog.ChangeSet. - NOT NULL constraint has been added to vault_states.transaction_id {changeSet=migration/vault-schema.changelog-v13.xml::vault_transaction_id_size::R3.Corda, databaseChangeLog=master.changelog.json}
?[m?[37m[INFO] 22:15:54,227 [Test worker] jvm.JdbcExecutor. - ALTER TABLE PUBLIC.vault_fungible_states ADD CONSTRAINT vault_fungible_states_pkey PRIMARY KEY (transaction_id, output_index) {changeSet=migration/vault-schema.changelog-v13.xml::vault_transaction_id_size::R3.Corda, databaseChangeLog=master.changelog.json}
?[m?[37m[INFO] 22:15:54,228 [Test worker] changelog.ChangeSet. - Primary key added to vault_fungible_states (transaction_id, output_index) {changeSet=migration/vault-schema.changelog-v13.xml::vault_transaction_id_size::R3.Corda, databaseChangeLog=master.changelog.json}
?[m?[37m[INFO] 22:15:54,228 [Test worker] jvm.JdbcExecutor. - ALTER TABLE PUBLIC.vault_linear_states ADD CONSTRAINT vault_linear_states_pkey PRIMARY KEY (transaction_id, output_index) {changeSet=migration/vault-schema.changelog-v13.xml::vault_transaction_id_size::R3.Corda, databaseChangeLog=master.changelog.json}
?[m?[37m[INFO] 22:15:54,229 [Test worker] changelog.ChangeSet. - Primary key added to vault_linear_states (transaction_id, output_index) {changeSet=migration/vault-schema.changelog-v13.xml::vault_transaction_id_size::R3.Corda, databaseChangeLog=master.changelog.json}
?[m?[37m[INFO] 22:15:54,229 [Test worker] jvm.JdbcExecutor. - ALTER TABLE PUBLIC.vault_states ADD CONSTRAINT vault_states_pkey PRIMARY KEY (transaction_id, output_index) {changeSet=migration/vault-schema.changelog-v13.xml::vault_transaction_id_size::R3.Corda, databaseChangeLog=master.changelog.json}
?[m?[37m[INFO] 22:15:54,230 [Test worker] changelog.ChangeSet. - Primary key added to vault_states (transaction_id, output_index) {changeSet=migration/vault-schema.changelog-v13.xml::vault_transaction_id_size::R3.Corda, databaseChangeLog=master.changelog.json}
?[m?[37m[INFO] 22:15:54,230 [Test worker] jvm.JdbcExecutor. - CREATE INDEX PUBLIC.transaction_id_index ON PUBLIC.vault_transaction_notes(transaction_id) {changeSet=migration/vault-schema.changelog-v13.xml::vault_transaction_id_size::R3.Corda, databaseChangeLog=master.changelog.json}
?[m?[37m[INFO] 22:15:54,231 [Test worker] changelog.ChangeSet. - Index transaction_id_index created {changeSet=migration/vault-schema.changelog-v13.xml::vault_transaction_id_size::R3.Corda, databaseChangeLog=master.changelog.json}
?[m?[37m[INFO] 22:15:54,231 [Test worker] changelog.ChangeSet. - ChangeSet migration/vault-schema.changelog-v13.xml::vault_transaction_id_size::R3.Corda ran successfully in 36ms {changeSet=migration/vault-schema.changelog-v13.xml::vault_transaction_id_size::R3.Corda, databaseChangeLog=master.changelog.json}
?[m?[37m[INFO] 22:15:54,231 [Test worker] jvm.JdbcExecutor. - SELECT MAX(ORDEREXECUTED) FROM PUBLIC.DATABASECHANGELOG {changeSet=migration/vault-schema.changelog-v13.xml::vault_transaction_id_size::R3.Corda, databaseChangeLog=master.changelog.json}
?[m?[37m[INFO] 22:15:54,233 [Test worker] jvm.JdbcExecutor. - INSERT INTO PUBLIC.DATABASECHANGELOG (ID, AUTHOR, FILENAME, DATEEXECUTED, ORDEREXECUTED, MD5SUM, DESCRIPTION, COMMENTS, EXECTYPE, CONTEXTS, LABELS, LIQUIBASE, DEPLOYMENT_ID) VALUES ('vault_transaction_id_size', 'R3.Corda', 'migration/vault-schema.changelog-v13.xml', NOW(), 94, '8:6251c962c4f12e03040c4fceecdc07e0', 'dropView viewName=v_pkey_hash_ex_id_map; dropForeignKeyConstraint baseTableName=vault_fungible_states_parts, constraintName=FK__fung_st_parts__fung_st; dropForeignKeyConstraint baseTableName=vault_linear_states_parts, constraintName=FK__lin_stat_p...', '', 'EXECUTED', NULL, NULL, '3.6.3', '8452954190') {changeSet=migration/vault-schema.changelog-v13.xml::vault_transaction_id_size::R3.Corda, databaseChangeLog=master.changelog.json}
?[m?[37m[INFO] 22:15:54,235 [Test worker] jvm.JdbcExecutor. - INSERT INTO PUBLIC.DATABASECHANGELOG (ID, AUTHOR, FILENAME, DATEEXECUTED, ORDEREXECUTED, MD5SUM, DESCRIPTION, COMMENTS, EXECTYPE, CONTEXTS, LABELS, LIQUIBASE, DEPLOYMENT_ID) VALUES ('vault_transaction_id_size_non-clustered_pk-1', 'R3.Corda', 'migration/vault-schema.changelog-v13.xml', NOW(), 95, '8:d9c822bbaf7c5eea4cd2559f94a17eba', 'dropPrimaryKey constraintName=vault_fungible_states_pkey, tableName=vault_fungible_states; addPrimaryKey constraintName=vault_fungible_states_pkey, tableName=vault_fungible_states', '', 'MARK_RAN', NULL, NULL, '3.6.3', '8452954190') {changeSet=migration/vault-schema.changelog-v13.xml::vault_transaction_id_size_non-clustered_pk-1::R3.Corda, databaseChangeLog=master.changelog.json}
?[m?[37m[INFO] 22:15:54,237 [Test worker] jvm.JdbcExecutor. - INSERT INTO PUBLIC.DATABASECHANGELOG (ID, AUTHOR, FILENAME, DATEEXECUTED, ORDEREXECUTED, MD5SUM, DESCRIPTION, COMMENTS, EXECTYPE, CONTEXTS, LABELS, LIQUIBASE, DEPLOYMENT_ID) VALUES ('vault_transaction_id_size_non-clustered_pk-2', 'R3.Corda', 'migration/vault-schema.changelog-v13.xml', NOW(), 96, '8:fb2cd4970e95f7c7936b9754a6438da5', 'dropPrimaryKey constraintName=vault_linear_states_pkey, tableName=vault_linear_states; addPrimaryKey constraintName=vault_linear_states_pkey, tableName=vault_linear_states', '', 'MARK_RAN', NULL, NULL, '3.6.3', '8452954190') {changeSet=migration/vault-schema.changelog-v13.xml::vault_transaction_id_size_non-clustered_pk-2::R3.Corda, databaseChangeLog=master.changelog.json}
?[m?[37m[INFO] 22:15:54,239 [Test worker] jvm.JdbcExecutor. - INSERT INTO PUBLIC.DATABASECHANGELOG (ID, AUTHOR, FILENAME, DATEEXECUTED, ORDEREXECUTED, MD5SUM, DESCRIPTION, COMMENTS, EXECTYPE, CONTEXTS, LABELS, LIQUIBASE, DEPLOYMENT_ID) VALUES ('vault_transaction_id_size_non-clustered_pk-3', 'R3.Corda', 'migration/vault-schema.changelog-v13.xml', NOW(), 97, '8:54bd9c17ce296bb02c369a5cfbedd866', 'dropPrimaryKey constraintName=vault_states_pkey, tableName=vault_states; addPrimaryKey constraintName=vault_states_pkey, tableName=vault_states', '', 'MARK_RAN', NULL, NULL, '3.6.3', '8452954190') {changeSet=migration/vault-schema.changelog-v13.xml::vault_transaction_id_size_non-clustered_pk-3::R3.Corda, databaseChangeLog=master.changelog.json}
?[m?[37m[INFO] 22:15:54,241 [Test worker] jvm.JdbcExecutor. - ALTER TABLE PUBLIC.vault_fungible_states_parts ADD CONSTRAINT FK__fung_st_parts__fung_st FOREIGN KEY (transaction_id, output_index) REFERENCES PUBLIC.vault_fungible_states (transaction_id, output_index) {changeSet=migration/vault-schema.changelog-v13.xml::vault_transaction_id_size_2::R3.Corda, databaseChangeLog=master.changelog.json}
?[m?[37m[INFO] 22:15:54,243 [Test worker] changelog.ChangeSet. - Foreign key constraint added to vault_fungible_states_parts (transaction_id,output_index) {changeSet=migration/vault-schema.changelog-v13.xml::vault_transaction_id_size_2::R3.Corda, databaseChangeLog=master.changelog.json}
?[m?[37m[INFO] 22:15:54,243 [Test worker] jvm.JdbcExecutor. - ALTER TABLE PUBLIC.vault_linear_states_parts ADD CONSTRAINT FK__lin_stat_parts__lin_stat FOREIGN KEY (transaction_id, output_index) REFERENCES PUBLIC.vault_linear_states (transaction_id, output_index) {changeSet=migration/vault-schema.changelog-v13.xml::vault_transaction_id_size_2::R3.Corda, databaseChangeLog=master.changelog.json}
?[m?[37m[INFO] 22:15:54,245 [Test worker] changelog.ChangeSet. - Foreign key constraint added to vault_linear_states_parts (transaction_id,output_index) {changeSet=migration/vault-schema.changelog-v13.xml::vault_transaction_id_size_2::R3.Corda, databaseChangeLog=master.changelog.json}
?[m?[37m[INFO] 22:15:54,245 [Test worker] jvm.JdbcExecutor. - CREATE VIEW PUBLIC.v_pkey_hash_ex_id_map AS select
            state_party.public_key_hash,
            state_party.transaction_id,
            state_party.output_index,
            pk_hash_to_ext_id_map.external_id
            from state_party
            join pk_hash_to_ext_id_map
            on state_party.public_key_hash = pk_hash_to_ext_id_map.public_key_hash {changeSet=migration/vault-schema.changelog-v13.xml::vault_transaction_id_size_2::R3.Corda, databaseChangeLog=master.changelog.json}
?[m?[37m[INFO] 22:15:54,247 [Test worker] changelog.ChangeSet. - View v_pkey_hash_ex_id_map created {changeSet=migration/vault-schema.changelog-v13.xml::vault_transaction_id_size_2::R3.Corda, databaseChangeLog=master.changelog.json}
?[m?[37m[INFO] 22:15:54,247 [Test worker] changelog.ChangeSet. - ChangeSet migration/vault-schema.changelog-v13.xml::vault_transaction_id_size_2::R3.Corda ran successfully in 7ms {changeSet=migration/vault-schema.changelog-v13.xml::vault_transaction_id_size_2::R3.Corda, databaseChangeLog=master.changelog.json}
?[m?[37m[INFO] 22:15:54,247 [Test worker] jvm.JdbcExecutor. - INSERT INTO PUBLIC.DATABASECHANGELOG (ID, AUTHOR, FILENAME, DATEEXECUTED, ORDEREXECUTED, MD5SUM, DESCRIPTION, COMMENTS, EXECTYPE, CONTEXTS, LABELS, LIQUIBASE, DEPLOYMENT_ID) VALUES ('vault_transaction_id_size_2', 'R3.Corda', 'migration/vault-schema.changelog-v13.xml', NOW(), 98, '8:39d3cb14fba7c771c1fd93a8ec497365', 'addForeignKeyConstraint baseTableName=vault_fungible_states_parts, constraintName=FK__fung_st_parts__fung_st, referencedTableName=vault_fungible_states; addForeignKeyConstraint baseTableName=vault_linear_states_parts, constraintName=FK__lin_stat_p...', '', 'EXECUTED', NULL, NULL, '3.6.3', '8452954190') {changeSet=migration/vault-schema.changelog-v13.xml::vault_transaction_id_size_2::R3.Corda, databaseChangeLog=master.changelog.json}
?[m?[37m[INFO] 22:15:54,249 [Test worker] jvm.JdbcExecutor. - ALTER TABLE PUBLIC.node_identities_no_cert ADD owning_pk_hash NVARCHAR(130) {changeSet=migration/node-services.changelog-init.xml::identity_service_key_rotation::R3.Corda, databaseChangeLog=master.changelog.json}
?[m?[37m[INFO] 22:15:54,253 [Test worker] changelog.ChangeSet. - Columns owning_pk_hash(NVARCHAR(130)) added to node_identities_no_cert {changeSet=migration/node-services.changelog-init.xml::identity_service_key_rotation::R3.Corda, databaseChangeLog=master.changelog.json}
?[m?[37m[INFO] 22:15:54,253 [Test worker] jvm.JdbcExecutor. - UPDATE node_identities_no_cert SET owning_pk_hash =
            (SELECT pk_hash FROM node_named_identities WHERE node_named_identities.name = node_identities_no_cert.name) {changeSet=migration/node-services.changelog-init.xml::identity_service_key_rotation::R3.Corda, databaseChangeLog=master.changelog.json}
?[m?[37m[INFO] 22:15:54,253 [Test worker] changelog.ChangeSet. - Custom SQL executed {changeSet=migration/node-services.changelog-init.xml::identity_service_key_rotation::R3.Corda, databaseChangeLog=master.changelog.json}
?[m?[37m[INFO] 22:15:54,254 [Test worker] jvm.JdbcExecutor. - UPDATE node_identities_no_cert SET owning_pk_hash = 'unresolved' WHERE owning_pk_hash IS NULL {changeSet=migration/node-services.changelog-init.xml::identity_service_key_rotation::R3.Corda, databaseChangeLog=master.changelog.json}
?[m?[37m[INFO] 22:15:54,254 [Test worker] changelog.ChangeSet. - Custom SQL executed {changeSet=migration/node-services.changelog-init.xml::identity_service_key_rotation::R3.Corda, databaseChangeLog=master.changelog.json}
?[m?[37m[INFO] 22:15:54,254 [Test worker] jvm.JdbcExecutor. - ALTER TABLE PUBLIC.node_identities_no_cert ALTER COLUMN owning_pk_hash SET NOT NULL {changeSet=migration/node-services.changelog-init.xml::identity_service_key_rotation::R3.Corda, databaseChangeLog=master.changelog.json}
?[m?[37m[INFO] 22:15:54,255 [Test worker] changelog.ChangeSet. - NOT NULL constraint has been added to node_identities_no_cert.owning_pk_hash {changeSet=migration/node-services.changelog-init.xml::identity_service_key_rotation::R3.Corda, databaseChangeLog=master.changelog.json}
?[m?[37m[INFO] 22:15:54,255 [Test worker] jvm.JdbcExecutor. - DROP TABLE PUBLIC.node_named_identities {changeSet=migration/node-services.changelog-init.xml::identity_service_key_rotation::R3.Corda, databaseChangeLog=master.changelog.json}
?[m?[37m[INFO] 22:15:54,256 [Test worker] changelog.ChangeSet. - Table node_named_identities dropped {changeSet=migration/node-services.changelog-init.xml::identity_service_key_rotation::R3.Corda, databaseChangeLog=master.changelog.json}
?[m?[37m[INFO] 22:15:54,256 [Test worker] changelog.ChangeSet. - ChangeSet migration/node-services.changelog-init.xml::identity_service_key_rotation::R3.Corda ran successfully in 7ms {changeSet=migration/node-services.changelog-init.xml::identity_service_key_rotation::R3.Corda, databaseChangeLog=master.changelog.json}
?[m?[37m[INFO] 22:15:54,257 [Test worker] jvm.JdbcExecutor. - INSERT INTO PUBLIC.DATABASECHANGELOG (ID, AUTHOR, FILENAME, DATEEXECUTED, ORDEREXECUTED, MD5SUM, DESCRIPTION, COMMENTS, EXECTYPE, CONTEXTS, LABELS, LIQUIBASE, DEPLOYMENT_ID) VALUES ('identity_service_key_rotation', 'R3.Corda', 'migration/node-services.changelog-init.xml', NOW(), 99, '8:45514f858c3ac818303f4ef9950eda23', 'addColumn tableName=node_identities_no_cert; sql; sql; addNotNullConstraint columnName=owning_pk_hash, tableName=node_identities_no_cert; dropTable tableName=node_named_identities', '', 'EXECUTED', NULL, NULL, '3.6.3', '8452954190') {changeSet=migration/node-services.changelog-init.xml::identity_service_key_rotation::R3.Corda, databaseChangeLog=master.changelog.json}
?[m?[37m[INFO] 22:15:54,258 [Test worker] jvm.JdbcExecutor. - DROP TABLE PUBLIC.node_checkpoints {changeSet=migration/node-services.changelog-init.xml::add_new_checkpoints_table::R3.Corda, databaseChangeLog=master.changelog.json}
?[m?[37m[INFO] 22:15:54,259 [Test worker] changelog.ChangeSet. - Table node_checkpoints dropped {changeSet=migration/node-services.changelog-init.xml::add_new_checkpoints_table::R3.Corda, databaseChangeLog=master.changelog.json}
?[m?[37m[INFO] 22:15:54,259 [Test worker] jvm.JdbcExecutor. - CREATE TABLE PUBLIC.node_checkpoints (flow_id NVARCHAR(64) NOT NULL, status INT NOT NULL, compatible BOOLEAN NOT NULL, progress_step NVARCHAR(256), flow_io_request NVARCHAR(128), timestamp TIMESTAMP NOT NULL) {changeSet=migration/node-services.changelog-init.xml::add_new_checkpoints_table::R3.Corda, databaseChangeLog=master.changelog.json}
?[m?[37m[INFO] 22:15:54,260 [Test worker] changelog.ChangeSet. - Table node_checkpoints created {changeSet=migration/node-services.changelog-init.xml::add_new_checkpoints_table::R3.Corda, databaseChangeLog=master.changelog.json}
?[m?[37m[INFO] 22:15:54,260 [Test worker] changelog.ChangeSet. - ChangeSet migration/node-services.changelog-init.xml::add_new_checkpoints_table::R3.Corda ran successfully in 2ms {changeSet=migration/node-services.changelog-init.xml::add_new_checkpoints_table::R3.Corda, databaseChangeLog=master.changelog.json}
?[m?[37m[INFO] 22:15:54,261 [Test worker] jvm.JdbcExecutor. - INSERT INTO PUBLIC.DATABASECHANGELOG (ID, AUTHOR, FILENAME, DATEEXECUTED, ORDEREXECUTED, MD5SUM, DESCRIPTION, COMMENTS, EXECTYPE, CONTEXTS, LABELS, LIQUIBASE, DEPLOYMENT_ID) VALUES ('add_new_checkpoints_table', 'R3.Corda', 'migration/node-services.changelog-init.xml', NOW(), 100, '8:cc00474f248a40e330cf0f42c5b7e1a6', 'dropTable tableName=node_checkpoints; createTable tableName=node_checkpoints', '', 'EXECUTED', NULL, NULL, '3.6.3', '8452954190') {changeSet=migration/node-services.changelog-init.xml::add_new_checkpoints_table::R3.Corda, databaseChangeLog=master.changelog.json}
?[m?[37m[INFO] 22:15:54,262 [Test worker] jvm.JdbcExecutor. - CREATE TABLE PUBLIC.node_checkpoint_blobs (flow_id NVARCHAR(64) NOT NULL, checkpoint_value BLOB NOT NULL, flow_state BLOB, timestamp TIMESTAMP NOT NULL, hmac VARBINARY(32) NOT NULL) {changeSet=migration/node-services.changelog-init.xml::add_new_checkpoint_blob_table::R3.Corda, databaseChangeLog=master.changelog.json}
?[m?[37m[INFO] 22:15:54,263 [Test worker] changelog.ChangeSet. - Table node_checkpoint_blobs created {changeSet=migration/node-services.changelog-init.xml::add_new_checkpoint_blob_table::R3.Corda, databaseChangeLog=master.changelog.json}
?[m?[37m[INFO] 22:15:54,263 [Test worker] changelog.ChangeSet. - ChangeSet migration/node-services.changelog-init.xml::add_new_checkpoint_blob_table::R3.Corda ran successfully in 1ms {changeSet=migration/node-services.changelog-init.xml::add_new_checkpoint_blob_table::R3.Corda, databaseChangeLog=master.changelog.json}
?[m?[37m[INFO] 22:15:54,264 [Test worker] jvm.JdbcExecutor. - INSERT INTO PUBLIC.DATABASECHANGELOG (ID, AUTHOR, FILENAME, DATEEXECUTED, ORDEREXECUTED, MD5SUM, DESCRIPTION, COMMENTS, EXECTYPE, CONTEXTS, LABELS, LIQUIBASE, DEPLOYMENT_ID) VALUES ('add_new_checkpoint_blob_table', 'R3.Corda', 'migration/node-services.changelog-init.xml', NOW(), 101, '8:e973d6b794fe4753423964b13fe9fbe6', 'createTable tableName=node_checkpoint_blobs', '', 'EXECUTED', NULL, NULL, '3.6.3', '8452954190') {changeSet=migration/node-services.changelog-init.xml::add_new_checkpoint_blob_table::R3.Corda, databaseChangeLog=master.changelog.json}
?[m?[37m[INFO] 22:15:54,265 [Test worker] jvm.JdbcExecutor. - CREATE TABLE PUBLIC.node_flow_results (flow_id NVARCHAR(64) NOT NULL, result_value BLOB, timestamp TIMESTAMP NOT NULL) {changeSet=migration/node-services.changelog-init.xml::add_new_flow_result_table::R3.Corda, databaseChangeLog=master.changelog.json}
?[m?[37m[INFO] 22:15:54,266 [Test worker] changelog.ChangeSet. - Table node_flow_results created {changeSet=migration/node-services.changelog-init.xml::add_new_flow_result_table::R3.Corda, databaseChangeLog=master.changelog.json}
?[m?[37m[INFO] 22:15:54,266 [Test worker] changelog.ChangeSet. - ChangeSet migration/node-services.changelog-init.xml::add_new_flow_result_table::R3.Corda ran successfully in 1ms {changeSet=migration/node-services.changelog-init.xml::add_new_flow_result_table::R3.Corda, databaseChangeLog=master.changelog.json}
?[m?[37m[INFO] 22:15:54,267 [Test worker] jvm.JdbcExecutor. - INSERT INTO PUBLIC.DATABASECHANGELOG (ID, AUTHOR, FILENAME, DATEEXECUTED, ORDEREXECUTED, MD5SUM, DESCRIPTION, COMMENTS, EXECTYPE, CONTEXTS, LABELS, LIQUIBASE, DEPLOYMENT_ID) VALUES ('add_new_flow_result_table', 'R3.Corda', 'migration/node-services.changelog-init.xml', NOW(), 102, '8:79f1c80610f26db24d6ab757f57e68b7', 'createTable tableName=node_flow_results', '', 'EXECUTED', NULL, NULL, '3.6.3', '8452954190') {changeSet=migration/node-services.changelog-init.xml::add_new_flow_result_table::R3.Corda, databaseChangeLog=master.changelog.json}
?[m?[37m[INFO] 22:15:54,269 [Test worker] jvm.JdbcExecutor. - CREATE TABLE PUBLIC.node_flow_exceptions (flow_id NVARCHAR(64) NOT NULL, type NVARCHAR(256) NOT NULL, exception_message NVARCHAR(2000), stack_trace NVARCHAR(2000) NOT NULL, exception_value BLOB, timestamp TIMESTAMP NOT NULL) {changeSet=migration/node-services.changelog-init.xml::add_new_flow_exceptions_table::R3.Corda, databaseChangeLog=master.changelog.json}
?[m?[37m[INFO] 22:15:54,269 [Test worker] changelog.ChangeSet. - Table node_flow_exceptions created {changeSet=migration/node-services.changelog-init.xml::add_new_flow_exceptions_table::R3.Corda, databaseChangeLog=master.changelog.json}
?[m?[37m[INFO] 22:15:54,270 [Test worker] changelog.ChangeSet. - ChangeSet migration/node-services.changelog-init.xml::add_new_flow_exceptions_table::R3.Corda ran successfully in 2ms {changeSet=migration/node-services.changelog-init.xml::add_new_flow_exceptions_table::R3.Corda, databaseChangeLog=master.changelog.json}
?[m?[37m[INFO] 22:15:54,270 [Test worker] jvm.JdbcExecutor. - INSERT INTO PUBLIC.DATABASECHANGELOG (ID, AUTHOR, FILENAME, DATEEXECUTED, ORDEREXECUTED, MD5SUM, DESCRIPTION, COMMENTS, EXECTYPE, CONTEXTS, LABELS, LIQUIBASE, DEPLOYMENT_ID) VALUES ('add_new_flow_exceptions_table', 'R3.Corda', 'migration/node-services.changelog-init.xml', NOW(), 103, '8:fb0d523c5cf42025c566f105731b34a2', 'createTable tableName=node_flow_exceptions', '', 'EXECUTED', NULL, NULL, '3.6.3', '8452954190') {changeSet=migration/node-services.changelog-init.xml::add_new_flow_exceptions_table::R3.Corda, databaseChangeLog=master.changelog.json}
?[m?[37m[INFO] 22:15:54,272 [Test worker] jvm.JdbcExecutor. - CREATE TABLE PUBLIC.node_flow_metadata (flow_id NVARCHAR(64) NOT NULL, invocation_id NVARCHAR(128) NOT NULL, flow_name NVARCHAR(128) NOT NULL, flow_identifier NVARCHAR(512), started_type INT NOT NULL, flow_parameters BLOB NOT NULL, cordapp_name NVARCHAR(128) NOT NULL, platform_version INT NOT NULL, started_by NVARCHAR(128) NOT NULL, invocation_time TIMESTAMP NOT NULL, start_time TIMESTAMP NOT NULL, finish_time TIMESTAMP) {changeSet=migration/node-services.changelog-init.xml::add_new_flow_metadata_table::R3.Corda, databaseChangeLog=master.changelog.json}
?[m?[37m[INFO] 22:15:54,273 [Test worker] changelog.ChangeSet. - Table node_flow_metadata created {changeSet=migration/node-services.changelog-init.xml::add_new_flow_metadata_table::R3.Corda, databaseChangeLog=master.changelog.json}
?[m?[37m[INFO] 22:15:54,273 [Test worker] changelog.ChangeSet. - ChangeSet migration/node-services.changelog-init.xml::add_new_flow_metadata_table::R3.Corda ran successfully in 2ms {changeSet=migration/node-services.changelog-init.xml::add_new_flow_metadata_table::R3.Corda, databaseChangeLog=master.changelog.json}
?[m?[37m[INFO] 22:15:54,274 [Test worker] jvm.JdbcExecutor. - INSERT INTO PUBLIC.DATABASECHANGELOG (ID, AUTHOR, FILENAME, DATEEXECUTED, ORDEREXECUTED, MD5SUM, DESCRIPTION, COMMENTS, EXECTYPE, CONTEXTS, LABELS, LIQUIBASE, DEPLOYMENT_ID) VALUES ('add_new_flow_metadata_table', 'R3.Corda', 'migration/node-services.changelog-init.xml', NOW(), 104, '8:edede3ddf0425fb6d012735a7415013e', 'createTable tableName=node_flow_metadata', '', 'EXECUTED', NULL, NULL, '3.6.3', '8452954190') {changeSet=migration/node-services.changelog-init.xml::add_new_flow_metadata_table::R3.Corda, databaseChangeLog=master.changelog.json}
?[m?[37m[INFO] 22:15:54,275 [Test worker] jvm.JdbcExecutor. - ALTER TABLE PUBLIC.node_checkpoints ADD CONSTRAINT node_checkpoints_pk PRIMARY KEY (flow_id) {changeSet=migration/node-services.changelog-init.xml::add_new_checkpoint_schema_primary_keys-h2_postgres_oracle::R3.Corda, databaseChangeLog=master.changelog.json}
?[m?[37m[INFO] 22:15:54,276 [Test worker] changelog.ChangeSet. - Primary key added to node_checkpoints (flow_id) {changeSet=migration/node-services.changelog-init.xml::add_new_checkpoint_schema_primary_keys-h2_postgres_oracle::R3.Corda, databaseChangeLog=master.changelog.json}
?[m?[37m[INFO] 22:15:54,276 [Test worker] changelog.ChangeSet. - ChangeSet migration/node-services.changelog-init.xml::add_new_checkpoint_schema_primary_keys-h2_postgres_oracle::R3.Corda ran successfully in 1ms {changeSet=migration/node-services.changelog-init.xml::add_new_checkpoint_schema_primary_keys-h2_postgres_oracle::R3.Corda, databaseChangeLog=master.changelog.json}
?[m?[37m[INFO] 22:15:54,277 [Test worker] jvm.JdbcExecutor. - INSERT INTO PUBLIC.DATABASECHANGELOG (ID, AUTHOR, FILENAME, DATEEXECUTED, ORDEREXECUTED, MD5SUM, DESCRIPTION, COMMENTS, EXECTYPE, CONTEXTS, LABELS, LIQUIBASE, DEPLOYMENT_ID) VALUES ('add_new_checkpoint_schema_primary_keys-h2_postgres_oracle', 'R3.Corda', 'migration/node-services.changelog-init.xml', NOW(), 105, '8:23141f3e3b5917c1cd0196f7b03b8f71', 'addPrimaryKey constraintName=node_checkpoints_pk, tableName=node_checkpoints', '', 'EXECUTED', NULL, NULL, '3.6.3', '8452954190') {changeSet=migration/node-services.changelog-init.xml::add_new_checkpoint_schema_primary_keys-h2_postgres_oracle::R3.Corda, databaseChangeLog=master.changelog.json}
?[m?[37m[INFO] 22:15:54,278 [Test worker] jvm.JdbcExecutor. - CREATE UNIQUE INDEX PUBLIC.node_checkpoint_blobs_idx ON PUBLIC.node_checkpoint_blobs(flow_id) {changeSet=migration/node-services.changelog-init.xml::add_new_checkpoint_schema_indexes::R3.Corda, databaseChangeLog=master.changelog.json}
?[m?[37m[INFO] 22:15:54,278 [Test worker] changelog.ChangeSet. - Index node_checkpoint_blobs_idx created {changeSet=migration/node-services.changelog-init.xml::add_new_checkpoint_schema_indexes::R3.Corda, databaseChangeLog=master.changelog.json}
?[m?[37m[INFO] 22:15:54,279 [Test worker] jvm.JdbcExecutor. - CREATE UNIQUE INDEX PUBLIC.node_flow_results_idx ON PUBLIC.node_flow_results(flow_id) {changeSet=migration/node-services.changelog-init.xml::add_new_checkpoint_schema_indexes::R3.Corda, databaseChangeLog=master.changelog.json}
?[m?[37m[INFO] 22:15:54,279 [Test worker] changelog.ChangeSet. - Index node_flow_results_idx created {changeSet=migration/node-services.changelog-init.xml::add_new_checkpoint_schema_indexes::R3.Corda, databaseChangeLog=master.changelog.json}
?[m?[37m[INFO] 22:15:54,279 [Test worker] jvm.JdbcExecutor. - CREATE UNIQUE INDEX PUBLIC.node_flow_exceptions_idx ON PUBLIC.node_flow_exceptions(flow_id) {changeSet=migration/node-services.changelog-init.xml::add_new_checkpoint_schema_indexes::R3.Corda, databaseChangeLog=master.changelog.json}
?[m?[37m[INFO] 22:15:54,280 [Test worker] changelog.ChangeSet. - Index node_flow_exceptions_idx created {changeSet=migration/node-services.changelog-init.xml::add_new_checkpoint_schema_indexes::R3.Corda, databaseChangeLog=master.changelog.json}
?[m?[37m[INFO] 22:15:54,280 [Test worker] jvm.JdbcExecutor. - CREATE UNIQUE INDEX PUBLIC.node_flow_metadata_idx ON PUBLIC.node_flow_metadata(flow_id) {changeSet=migration/node-services.changelog-init.xml::add_new_checkpoint_schema_indexes::R3.Corda, databaseChangeLog=master.changelog.json}
?[m?[37m[INFO] 22:15:54,281 [Test worker] changelog.ChangeSet. - Index node_flow_metadata_idx created {changeSet=migration/node-services.changelog-init.xml::add_new_checkpoint_schema_indexes::R3.Corda, databaseChangeLog=master.changelog.json}
?[m?[37m[INFO] 22:15:54,281 [Test worker] changelog.ChangeSet. - ChangeSet migration/node-services.changelog-init.xml::add_new_checkpoint_schema_indexes::R3.Corda ran successfully in 4ms {changeSet=migration/node-services.changelog-init.xml::add_new_checkpoint_schema_indexes::R3.Corda, databaseChangeLog=master.changelog.json}
?[m?[37m[INFO] 22:15:54,281 [Test worker] jvm.JdbcExecutor. - INSERT INTO PUBLIC.DATABASECHANGELOG (ID, AUTHOR, FILENAME, DATEEXECUTED, ORDEREXECUTED, MD5SUM, DESCRIPTION, COMMENTS, EXECTYPE, CONTEXTS, LABELS, LIQUIBASE, DEPLOYMENT_ID) VALUES ('add_new_checkpoint_schema_indexes', 'R3.Corda', 'migration/node-services.changelog-init.xml', NOW(), 106, '8:56612ddd39f61523990e27c1b429f467', 'createIndex indexName=node_checkpoint_blobs_idx, tableName=node_checkpoint_blobs; createIndex indexName=node_flow_results_idx, tableName=node_flow_results; createIndex indexName=node_flow_exceptions_idx, tableName=node_flow_exceptions; createIndex...', '', 'EXECUTED', NULL, NULL, '3.6.3', '8452954190') {changeSet=migration/node-services.changelog-init.xml::add_new_checkpoint_schema_indexes::R3.Corda, databaseChangeLog=master.changelog.json}
?[m?[37m[INFO] 22:15:54,283 [Test worker] jvm.JdbcExecutor. - ALTER TABLE PUBLIC.node_transactions DROP PRIMARY KEY {changeSet=migration/node-core.changelog-v21.xml::node_transaction_id_size::R3.Corda, databaseChangeLog=master.changelog.json}
?[m?[37m[INFO] 22:15:54,283 [Test worker] changelog.ChangeSet. - Primary key dropped from node_transactions {changeSet=migration/node-core.changelog-v21.xml::node_transaction_id_size::R3.Corda, databaseChangeLog=master.changelog.json}
?[m?[37m[INFO] 22:15:54,283 [Test worker] jvm.JdbcExecutor. - ALTER TABLE PUBLIC.node_scheduled_states DROP PRIMARY KEY {changeSet=migration/node-core.changelog-v21.xml::node_transaction_id_size::R3.Corda, databaseChangeLog=master.changelog.json}
?[m?[37m[INFO] 22:15:54,284 [Test worker] changelog.ChangeSet. - Primary key dropped from node_scheduled_states {changeSet=migration/node-core.changelog-v21.xml::node_transaction_id_size::R3.Corda, databaseChangeLog=master.changelog.json}
?[m?[37m[INFO] 22:15:54,284 [Test worker] jvm.JdbcExecutor. - ALTER TABLE PUBLIC.node_transactions ALTER COLUMN tx_id SET NULL {changeSet=migration/node-core.changelog-v21.xml::node_transaction_id_size::R3.Corda, databaseChangeLog=master.changelog.json}
?[m?[37m[INFO] 22:15:54,285 [Test worker] changelog.ChangeSet. - Null constraint dropped from node_transactions.tx_id {changeSet=migration/node-core.changelog-v21.xml::node_transaction_id_size::R3.Corda, databaseChangeLog=master.changelog.json}
?[m?[37m[INFO] 22:15:54,285 [Test worker] jvm.JdbcExecutor. - ALTER TABLE PUBLIC.node_scheduled_states ALTER COLUMN transaction_id SET NULL {changeSet=migration/node-core.changelog-v21.xml::node_transaction_id_size::R3.Corda, databaseChangeLog=master.changelog.json}
?[m?[37m[INFO] 22:15:54,285 [Test worker] changelog.ChangeSet. - Null constraint dropped from node_scheduled_states.transaction_id {changeSet=migration/node-core.changelog-v21.xml::node_transaction_id_size::R3.Corda, databaseChangeLog=master.changelog.json}
?[m?[37m[INFO] 22:15:54,285 [Test worker] jvm.JdbcExecutor. - ALTER TABLE PUBLIC.node_transactions ALTER COLUMN tx_id NVARCHAR(144) {changeSet=migration/node-core.changelog-v21.xml::node_transaction_id_size::R3.Corda, databaseChangeLog=master.changelog.json}
?[m?[37m[INFO] 22:15:54,288 [Test worker] changelog.ChangeSet. - node_transactions.tx_id datatype was changed to NVARCHAR(144) {changeSet=migration/node-core.changelog-v21.xml::node_transaction_id_size::R3.Corda, databaseChangeLog=master.changelog.json}
?[m?[37m[INFO] 22:15:54,288 [Test worker] jvm.JdbcExecutor. - ALTER TABLE PUBLIC.node_scheduled_states ALTER COLUMN transaction_id NVARCHAR(144) {changeSet=migration/node-core.changelog-v21.xml::node_transaction_id_size::R3.Corda, databaseChangeLog=master.changelog.json}
?[m?[37m[INFO] 22:15:54,291 [Test worker] changelog.ChangeSet. - node_scheduled_states.transaction_id datatype was changed to NVARCHAR(144) {changeSet=migration/node-core.changelog-v21.xml::node_transaction_id_size::R3.Corda, databaseChangeLog=master.changelog.json}
?[m?[37m[INFO] 22:15:54,291 [Test worker] jvm.JdbcExecutor. - ALTER TABLE PUBLIC.node_transactions ALTER COLUMN tx_id SET NOT NULL {changeSet=migration/node-core.changelog-v21.xml::node_transaction_id_size::R3.Corda, databaseChangeLog=master.changelog.json}
?[m?[37m[INFO] 22:15:54,292 [Test worker] changelog.ChangeSet. - NOT NULL constraint has been added to node_transactions.tx_id {changeSet=migration/node-core.changelog-v21.xml::node_transaction_id_size::R3.Corda, databaseChangeLog=master.changelog.json}
?[m?[37m[INFO] 22:15:54,292 [Test worker] jvm.JdbcExecutor. - ALTER TABLE PUBLIC.node_scheduled_states ALTER COLUMN transaction_id SET NOT NULL {changeSet=migration/node-core.changelog-v21.xml::node_transaction_id_size::R3.Corda, databaseChangeLog=master.changelog.json}
?[m?[37m[INFO] 22:15:54,292 [Test worker] changelog.ChangeSet. - NOT NULL constraint has been added to node_scheduled_states.transaction_id {changeSet=migration/node-core.changelog-v21.xml::node_transaction_id_size::R3.Corda, databaseChangeLog=master.changelog.json}
?[m?[37m[INFO] 22:15:54,293 [Test worker] jvm.JdbcExecutor. - ALTER TABLE PUBLIC.node_transactions ADD CONSTRAINT node_transactions_pkey PRIMARY KEY (tx_id) {changeSet=migration/node-core.changelog-v21.xml::node_transaction_id_size::R3.Corda, databaseChangeLog=master.changelog.json}
?[m?[37m[INFO] 22:15:54,293 [Test worker] changelog.ChangeSet. - Primary key added to node_transactions (tx_id) {changeSet=migration/node-core.changelog-v21.xml::node_transaction_id_size::R3.Corda, databaseChangeLog=master.changelog.json}
?[m?[37m[INFO] 22:15:54,294 [Test worker] jvm.JdbcExecutor. - ALTER TABLE PUBLIC.node_scheduled_states ADD CONSTRAINT node_scheduled_states_pkey PRIMARY KEY (output_index, transaction_id) {changeSet=migration/node-core.changelog-v21.xml::node_transaction_id_size::R3.Corda, databaseChangeLog=master.changelog.json}
?[m?[37m[INFO] 22:15:54,294 [Test worker] changelog.ChangeSet. - Primary key added to node_scheduled_states (output_index, transaction_id) {changeSet=migration/node-core.changelog-v21.xml::node_transaction_id_size::R3.Corda, databaseChangeLog=master.changelog.json}
?[m?[37m[INFO] 22:15:54,294 [Test worker] changelog.ChangeSet. - ChangeSet migration/node-core.changelog-v21.xml::node_transaction_id_size::R3.Corda ran successfully in 12ms {changeSet=migration/node-core.changelog-v21.xml::node_transaction_id_size::R3.Corda, databaseChangeLog=master.changelog.json}
?[m?[37m[INFO] 22:15:54,295 [Test worker] jvm.JdbcExecutor. - INSERT INTO PUBLIC.DATABASECHANGELOG (ID, AUTHOR, FILENAME, DATEEXECUTED, ORDEREXECUTED, MD5SUM, DESCRIPTION, COMMENTS, EXECTYPE, CONTEXTS, LABELS, LIQUIBASE, DEPLOYMENT_ID) VALUES ('node_transaction_id_size', 'R3.Corda', 'migration/node-core.changelog-v21.xml', NOW(), 107, '8:9267fdf76dd8a7da392f65d5422718c3', 'dropPrimaryKey constraintName=node_transactions_pkey, tableName=node_transactions; dropPrimaryKey constraintName=node_scheduled_states_pkey, tableName=node_scheduled_states; dropNotNullConstraint columnName=tx_id, tableName=node_transactions; drop...', '', 'EXECUTED', NULL, NULL, '3.6.3', '8452954190') {changeSet=migration/node-core.changelog-v21.xml::node_transaction_id_size::R3.Corda, databaseChangeLog=master.changelog.json}
?[m?[37m[INFO] 22:15:54,297 [Test worker] jvm.JdbcExecutor. - INSERT INTO PUBLIC.DATABASECHANGELOG (ID, AUTHOR, FILENAME, DATEEXECUTED, ORDEREXECUTED, MD5SUM, DESCRIPTION, COMMENTS, EXECTYPE, CONTEXTS, LABELS, LIQUIBASE, DEPLOYMENT_ID) VALUES ('node_transaction_id_size_non-clustered_pk', 'R3.Corda', 'migration/node-core.changelog-v21.xml', NOW(), 108, '8:64773359f27e2f85fe6df6097823ce69', 'dropPrimaryKey constraintName=node_transactions_pkey, tableName=node_transactions; addPrimaryKey constraintName=node_transactions_pkey, tableName=node_transactions', '', 'MARK_RAN', NULL, NULL, '3.6.3', '8452954190') {changeSet=migration/node-core.changelog-v21.xml::node_transaction_id_size_non-clustered_pk::R3.Corda, databaseChangeLog=master.changelog.json}
?[m?[37m[INFO] 22:15:54,304 [Test worker] jvm.JdbcExecutor. - ALTER TABLE PUBLIC.node_contract_upgrades DROP PRIMARY KEY {changeSet=migration/node-core.changelog-v21.xml::node_contract_upgrades_state_ref_size::R3.Corda, databaseChangeLog=master.changelog.json}
?[m?[37m[INFO] 22:15:54,304 [Test worker] changelog.ChangeSet. - Primary key dropped from node_contract_upgrades {changeSet=migration/node-core.changelog-v21.xml::node_contract_upgrades_state_ref_size::R3.Corda, databaseChangeLog=master.changelog.json}
?[m?[37m[INFO] 22:15:54,304 [Test worker] jvm.JdbcExecutor. - ALTER TABLE PUBLIC.node_contract_upgrades ALTER COLUMN state_ref SET NULL {changeSet=migration/node-core.changelog-v21.xml::node_contract_upgrades_state_ref_size::R3.Corda, databaseChangeLog=master.changelog.json}
?[m?[37m[INFO] 22:15:54,305 [Test worker] changelog.ChangeSet. - Null constraint dropped from node_contract_upgrades.state_ref {changeSet=migration/node-core.changelog-v21.xml::node_contract_upgrades_state_ref_size::R3.Corda, databaseChangeLog=master.changelog.json}
?[m?[37m[INFO] 22:15:54,305 [Test worker] jvm.JdbcExecutor. - ALTER TABLE PUBLIC.node_contract_upgrades ALTER COLUMN state_ref NVARCHAR(176) {changeSet=migration/node-core.changelog-v21.xml::node_contract_upgrades_state_ref_size::R3.Corda, databaseChangeLog=master.changelog.json}
?[m?[37m[INFO] 22:15:54,307 [Test worker] changelog.ChangeSet. - node_contract_upgrades.state_ref datatype was changed to NVARCHAR(176) {changeSet=migration/node-core.changelog-v21.xml::node_contract_upgrades_state_ref_size::R3.Corda, databaseChangeLog=master.changelog.json}
?[m?[37m[INFO] 22:15:54,307 [Test worker] jvm.JdbcExecutor. - ALTER TABLE PUBLIC.node_contract_upgrades ALTER COLUMN state_ref SET NOT NULL {changeSet=migration/node-core.changelog-v21.xml::node_contract_upgrades_state_ref_size::R3.Corda, databaseChangeLog=master.changelog.json}
?[m?[37m[INFO] 22:15:54,308 [Test worker] changelog.ChangeSet. - NOT NULL constraint has been added to node_contract_upgrades.state_ref {changeSet=migration/node-core.changelog-v21.xml::node_contract_upgrades_state_ref_size::R3.Corda, databaseChangeLog=master.changelog.json}
?[m?[37m[INFO] 22:15:54,308 [Test worker] jvm.JdbcExecutor. - ALTER TABLE PUBLIC.node_contract_upgrades ADD CONSTRAINT node_contract_upgrades_pkey PRIMARY KEY (state_ref) {changeSet=migration/node-core.changelog-v21.xml::node_contract_upgrades_state_ref_size::R3.Corda, databaseChangeLog=master.changelog.json}
?[m?[37m[INFO] 22:15:54,309 [Test worker] changelog.ChangeSet. - Primary key added to node_contract_upgrades (state_ref) {changeSet=migration/node-core.changelog-v21.xml::node_contract_upgrades_state_ref_size::R3.Corda, databaseChangeLog=master.changelog.json}
?[m?[37m[INFO] 22:15:54,309 [Test worker] changelog.ChangeSet. - ChangeSet migration/node-core.changelog-v21.xml::node_contract_upgrades_state_ref_size::R3.Corda ran successfully in 11ms {changeSet=migration/node-core.changelog-v21.xml::node_contract_upgrades_state_ref_size::R3.Corda, databaseChangeLog=master.changelog.json}
?[m?[37m[INFO] 22:15:54,310 [Test worker] jvm.JdbcExecutor. - INSERT INTO PUBLIC.DATABASECHANGELOG (ID, AUTHOR, FILENAME, DATEEXECUTED, ORDEREXECUTED, MD5SUM, DESCRIPTION, COMMENTS, EXECTYPE, CONTEXTS, LABELS, LIQUIBASE, DEPLOYMENT_ID) VALUES ('node_contract_upgrades_state_ref_size', 'R3.Corda', 'migration/node-core.changelog-v21.xml', NOW(), 109, '8:25a17205698e008ce77364ab975aa8b3', 'dropPrimaryKey constraintName=node_contract_upgrades_pkey, tableName=node_contract_upgrades; dropNotNullConstraint columnName=state_ref, tableName=node_contract_upgrades; modifyDataType columnName=state_ref, tableName=node_contract_upgrades; addNo...', '', 'EXECUTED', NULL, NULL, '3.6.3', '8452954190') {changeSet=migration/node-core.changelog-v21.xml::node_contract_upgrades_state_ref_size::R3.Corda, databaseChangeLog=master.changelog.json}
?[m?[37m[INFO] 22:15:54,311 [Test worker] lockservice.StandardLockService. - Successfully released change log lock
?[m?[37m[INFO] 22:15:54,365 [Test worker] jvm.JdbcExecutor. - SELECT MD5SUM FROM PUBLIC.DATABASECHANGELOG WHERE MD5SUM IS NOT NULL
?[m?[37m[INFO] 22:15:54,366 [Test worker] jvm.JdbcExecutor. - SELECT COUNT(*) FROM PUBLIC.DATABASECHANGELOG
?[m?[37m[INFO] 22:15:54,366 [Test worker] changelog.StandardChangeLogHistoryService. - Reading from PUBLIC.DATABASECHANGELOG
?[m?[37m[INFO] 22:15:54,366 [Test worker] jvm.JdbcExecutor. - SELECT * FROM PUBLIC.DATABASECHANGELOG ORDER BY DATEEXECUTED ASC, ORDEREXECUTED ASC
?[m?[37m[INFO] 22:15:54,369 [Test worker] jvm.JdbcExecutor. - SELECT COUNT(*) FROM PUBLIC.DATABASECHANGELOGLOCK
?[m?[37m[INFO] 22:15:54,369 [Test worker] jvm.JdbcExecutor. - SELECT COUNT(*) FROM PUBLIC.DATABASECHANGELOGLOCK
?[m?[37m[INFO] 22:15:54,376 [Test worker] jvm.JdbcExecutor. - SELECT LOCKED FROM PUBLIC.DATABASECHANGELOGLOCK WHERE ID=1
?[m?[37m[INFO] 22:15:54,377 [Test worker] lockservice.StandardLockService. - Successfully acquired change log lock
?[m?[37m[INFO] 22:15:54,380 [Test worker] jvm.JdbcExecutor. - CREATE TABLE PUBLIC.fungible_token (output_index INT NOT NULL, transaction_id NVARCHAR(64) NOT NULL, amount BIGINT NOT NULL, holder NVARCHAR(255) NOT NULL, issuer NVARCHAR(255) NOT NULL, token_class NVARCHAR(255) NOT NULL, token_identifier NVARCHAR(255) NOT NULL) {changeSet=migration/fungible-token-schema.changelog-init.xml::create_fungible_token_table_id::R3.Corda, databaseChangeLog=master.changelog.json}
?[m?[37m[INFO] 22:15:54,381 [Test worker] changelog.ChangeSet. - Table fungible_token created {changeSet=migration/fungible-token-schema.changelog-init.xml::create_fungible_token_table_id::R3.Corda, databaseChangeLog=master.changelog.json}
?[m?[37m[INFO] 22:15:54,381 [Test worker] changelog.ChangeSet. - ChangeSet migration/fungible-token-schema.changelog-init.xml::create_fungible_token_table_id::R3.Corda ran successfully in 2ms {changeSet=migration/fungible-token-schema.changelog-init.xml::create_fungible_token_table_id::R3.Corda, databaseChangeLog=master.changelog.json}
?[m?[37m[INFO] 22:15:54,381 [Test worker] jvm.JdbcExecutor. - SELECT MAX(ORDEREXECUTED) FROM PUBLIC.DATABASECHANGELOG {changeSet=migration/fungible-token-schema.changelog-init.xml::create_fungible_token_table_id::R3.Corda, databaseChangeLog=master.changelog.json}
?[m?[37m[INFO] 22:15:54,382 [Test worker] jvm.JdbcExecutor. - INSERT INTO PUBLIC.DATABASECHANGELOG (ID, AUTHOR, FILENAME, DATEEXECUTED, ORDEREXECUTED, MD5SUM, DESCRIPTION, COMMENTS, EXECTYPE, CONTEXTS, LABELS, LIQUIBASE, DEPLOYMENT_ID) VALUES ('create_fungible_token_table_id', 'R3.Corda', 'migration/fungible-token-schema.changelog-init.xml', NOW(), 110, '8:708f2a949e8783d30c0cc4b33ea5bfcd', 'createTable tableName=fungible_token', '', 'EXECUTED', NULL, NULL, '3.6.3', '8452954377') {changeSet=migration/fungible-token-schema.changelog-init.xml::create_fungible_token_table_id::R3.Corda, databaseChangeLog=master.changelog.json}
?[m?[37m[INFO] 22:15:54,383 [Test worker] jvm.JdbcExecutor. - ALTER TABLE PUBLIC.fungible_token ADD CONSTRAINT fungible_token_pkey PRIMARY KEY (output_index, transaction_id) {changeSet=migration/fungible-token-schema.changelog-init.xml::fungible_token_pkey_id::R3.Corda, databaseChangeLog=master.changelog.json}
?[m?[37m[INFO] 22:15:54,384 [Test worker] changelog.ChangeSet. - Primary key added to fungible_token (output_index, transaction_id) {changeSet=migration/fungible-token-schema.changelog-init.xml::fungible_token_pkey_id::R3.Corda, databaseChangeLog=master.changelog.json}
?[m?[37m[INFO] 22:15:54,384 [Test worker] changelog.ChangeSet. - ChangeSet migration/fungible-token-schema.changelog-init.xml::fungible_token_pkey_id::R3.Corda ran successfully in 1ms {changeSet=migration/fungible-token-schema.changelog-init.xml::fungible_token_pkey_id::R3.Corda, databaseChangeLog=master.changelog.json}
?[m?[37m[INFO] 22:15:54,385 [Test worker] jvm.JdbcExecutor. - INSERT INTO PUBLIC.DATABASECHANGELOG (ID, AUTHOR, FILENAME, DATEEXECUTED, ORDEREXECUTED, MD5SUM, DESCRIPTION, COMMENTS, EXECTYPE, CONTEXTS, LABELS, LIQUIBASE, DEPLOYMENT_ID) VALUES ('fungible_token_pkey_id', 'R3.Corda', 'migration/fungible-token-schema.changelog-init.xml', NOW(), 111, '8:6a623895e620b0cec9857d9f16bfec15', 'addPrimaryKey constraintName=fungible_token_pkey, tableName=fungible_token', '', 'EXECUTED', NULL, NULL, '3.6.3', '8452954377') {changeSet=migration/fungible-token-schema.changelog-init.xml::fungible_token_pkey_id::R3.Corda, databaseChangeLog=master.changelog.json}
?[m?[37m[INFO] 22:15:54,386 [Test worker] jvm.JdbcExecutor. - CREATE INDEX PUBLIC.amount_idx ON PUBLIC.fungible_token(amount) {changeSet=migration/fungible-token-schema.changelog-init.xml::amount_idx_id::R3.Corda, databaseChangeLog=master.changelog.json}
?[m?[37m[INFO] 22:15:54,387 [Test worker] changelog.ChangeSet. - Index amount_idx created {changeSet=migration/fungible-token-schema.changelog-init.xml::amount_idx_id::R3.Corda, databaseChangeLog=master.changelog.json}
?[m?[37m[INFO] 22:15:54,387 [Test worker] changelog.ChangeSet. - ChangeSet migration/fungible-token-schema.changelog-init.xml::amount_idx_id::R3.Corda ran successfully in 1ms {changeSet=migration/fungible-token-schema.changelog-init.xml::amount_idx_id::R3.Corda, databaseChangeLog=master.changelog.json}
?[m?[37m[INFO] 22:15:54,387 [Test worker] jvm.JdbcExecutor. - INSERT INTO PUBLIC.DATABASECHANGELOG (ID, AUTHOR, FILENAME, DATEEXECUTED, ORDEREXECUTED, MD5SUM, DESCRIPTION, COMMENTS, EXECTYPE, CONTEXTS, LABELS, LIQUIBASE, DEPLOYMENT_ID) VALUES ('amount_idx_id', 'R3.Corda', 'migration/fungible-token-schema.changelog-init.xml', NOW(), 112, '8:1ae6fc41a1462d4038cdb056e384dfa9', 'createIndex indexName=amount_idx, tableName=fungible_token', '', 'EXECUTED', NULL, NULL, '3.6.3', '8452954377') {changeSet=migration/fungible-token-schema.changelog-init.xml::amount_idx_id::R3.Corda, databaseChangeLog=master.changelog.json}
?[m?[37m[INFO] 22:15:54,389 [Test worker] jvm.JdbcExecutor. - CREATE INDEX PUBLIC.held_token_amount_idx ON PUBLIC.fungible_token(token_class, token_identifier) {changeSet=migration/fungible-token-schema.changelog-init.xml::held_token_amount_idx_id::R3.Corda, databaseChangeLog=master.changelog.json}
?[m?[37m[INFO] 22:15:54,389 [Test worker] changelog.ChangeSet. - Index held_token_amount_idx created {changeSet=migration/fungible-token-schema.changelog-init.xml::held_token_amount_idx_id::R3.Corda, databaseChangeLog=master.changelog.json}
?[m?[37m[INFO] 22:15:54,389 [Test worker] changelog.ChangeSet. - ChangeSet migration/fungible-token-schema.changelog-init.xml::held_token_amount_idx_id::R3.Corda ran successfully in 1ms {changeSet=migration/fungible-token-schema.changelog-init.xml::held_token_amount_idx_id::R3.Corda, databaseChangeLog=master.changelog.json}
?[m?[37m[INFO] 22:15:54,390 [Test worker] jvm.JdbcExecutor. - INSERT INTO PUBLIC.DATABASECHANGELOG (ID, AUTHOR, FILENAME, DATEEXECUTED, ORDEREXECUTED, MD5SUM, DESCRIPTION, COMMENTS, EXECTYPE, CONTEXTS, LABELS, LIQUIBASE, DEPLOYMENT_ID) VALUES ('held_token_amount_idx_id', 'R3.Corda', 'migration/fungible-token-schema.changelog-init.xml', NOW(), 113, '8:55ffda313ce1eca16721488c8b35ee79', 'createIndex indexName=held_token_amount_idx, tableName=fungible_token', '', 'EXECUTED', NULL, NULL, '3.6.3', '8452954377') {changeSet=migration/fungible-token-schema.changelog-init.xml::held_token_amount_idx_id::R3.Corda, databaseChangeLog=master.changelog.json}
?[m?[37m[INFO] 22:15:54,391 [Test worker] jvm.JdbcExecutor. - ALTER TABLE PUBLIC.fungible_token ADD holding_key NVARCHAR(64) {changeSet=migration/fungible-token-schema.changelog-1.xml::create_fungible_token_owner_column::R3.Corda, databaseChangeLog=master.changelog.json}
?[m?[37m[INFO] 22:15:54,395 [Test worker] changelog.ChangeSet. - Columns holding_key(NVARCHAR(64)) added to fungible_token {changeSet=migration/fungible-token-schema.changelog-1.xml::create_fungible_token_owner_column::R3.Corda, databaseChangeLog=master.changelog.json}
?[m?[37m[INFO] 22:15:54,395 [Test worker] changelog.ChangeSet. - ChangeSet migration/fungible-token-schema.changelog-1.xml::create_fungible_token_owner_column::R3.Corda ran successfully in 4ms {changeSet=migration/fungible-token-schema.changelog-1.xml::create_fungible_token_owner_column::R3.Corda, databaseChangeLog=master.changelog.json}
?[m?[37m[INFO] 22:15:54,396 [Test worker] jvm.JdbcExecutor. - INSERT INTO PUBLIC.DATABASECHANGELOG (ID, AUTHOR, FILENAME, DATEEXECUTED, ORDEREXECUTED, MD5SUM, DESCRIPTION, COMMENTS, EXECTYPE, CONTEXTS, LABELS, LIQUIBASE, DEPLOYMENT_ID) VALUES ('create_fungible_token_owner_column', 'R3.Corda', 'migration/fungible-token-schema.changelog-1.xml', NOW(), 114, '8:96ca96f1426465990f153b138b0dad7a', 'addColumn tableName=fungible_token', '', 'EXECUTED', NULL, NULL, '3.6.3', '8452954377') {changeSet=migration/fungible-token-schema.changelog-1.xml::create_fungible_token_owner_column::R3.Corda, databaseChangeLog=master.changelog.json}
?[m?[37m[INFO] 22:15:54,397 [Test worker] jvm.JdbcExecutor. - CREATE INDEX PUBLIC.holding_key_idx ON PUBLIC.fungible_token(holding_key) {changeSet=migration/fungible-token-schema.changelog-1.xml::create_holding_key_idx::R3.Corda, databaseChangeLog=master.changelog.json}
?[m?[37m[INFO] 22:15:54,398 [Test worker] changelog.ChangeSet. - Index holding_key_idx created {changeSet=migration/fungible-token-schema.changelog-1.xml::create_holding_key_idx::R3.Corda, databaseChangeLog=master.changelog.json}
?[m?[37m[INFO] 22:15:54,398 [Test worker] changelog.ChangeSet. - ChangeSet migration/fungible-token-schema.changelog-1.xml::create_holding_key_idx::R3.Corda ran successfully in 2ms {changeSet=migration/fungible-token-schema.changelog-1.xml::create_holding_key_idx::R3.Corda, databaseChangeLog=master.changelog.json}
?[m?[37m[INFO] 22:15:54,398 [Test worker] jvm.JdbcExecutor. - INSERT INTO PUBLIC.DATABASECHANGELOG (ID, AUTHOR, FILENAME, DATEEXECUTED, ORDEREXECUTED, MD5SUM, DESCRIPTION, COMMENTS, EXECTYPE, CONTEXTS, LABELS, LIQUIBASE, DEPLOYMENT_ID) VALUES ('create_holding_key_idx', 'R3.Corda', 'migration/fungible-token-schema.changelog-1.xml', NOW(), 115, '8:67e32a9250726807340c01844edeaf69', 'createIndex indexName=holding_key_idx, tableName=fungible_token', '', 'EXECUTED', NULL, NULL, '3.6.3', '8452954377') {changeSet=migration/fungible-token-schema.changelog-1.xml::create_holding_key_idx::R3.Corda, databaseChangeLog=master.changelog.json}
?[m?[37m[INFO] 22:15:54,400 [Test worker] changelog.ChangeSet. - null {changeSet=migration/fungible-token-schema.changelog-1.xml::map_owning_keys_from_transactionstore::R3.Corda, databaseChangeLog=master.changelog.json}
?[m?[37m[INFO] 22:15:54,400 [Test worker] changelog.ChangeSet. - ChangeSet migration/fungible-token-schema.changelog-1.xml::map_owning_keys_from_transactionstore::R3.Corda ran successfully in 1ms {changeSet=migration/fungible-token-schema.changelog-1.xml::map_owning_keys_from_transactionstore::R3.Corda, databaseChangeLog=master.changelog.json}
?[m?[37m[INFO] 22:15:54,401 [Test worker] jvm.JdbcExecutor. - INSERT INTO PUBLIC.DATABASECHANGELOG (ID, AUTHOR, FILENAME, DATEEXECUTED, ORDEREXECUTED, MD5SUM, DESCRIPTION, COMMENTS, EXECTYPE, CONTEXTS, LABELS, LIQUIBASE, DEPLOYMENT_ID) VALUES ('map_owning_keys_from_transactionstore', 'R3.Corda', 'migration/fungible-token-schema.changelog-1.xml', NOW(), 116, '8:df80639d10d7c4f59d49908643f4c85f', 'customChange', '', 'EXECUTED', NULL, NULL, '3.6.3', '8452954377') {changeSet=migration/fungible-token-schema.changelog-1.xml::map_owning_keys_from_transactionstore::R3.Corda, databaseChangeLog=master.changelog.json}
?[m?[37m[INFO] 22:15:54,402 [Test worker] jvm.JdbcExecutor. - CREATE TABLE PUBLIC.non_fungible_token (output_index INT NOT NULL, transaction_id NVARCHAR(64) NOT NULL, holder NVARCHAR(255) NOT NULL, issuer NVARCHAR(255) NOT NULL, token_class NVARCHAR(255) NOT NULL, token_identifier NVARCHAR(255)) {changeSet=migration/non-fungible-token-schema.changelog-init.xml::create_non_fungible_token_table_id::R3.Corda, databaseChangeLog=master.changelog.json}
?[m?[37m[INFO] 22:15:54,403 [Test worker] changelog.ChangeSet. - Table non_fungible_token created {changeSet=migration/non-fungible-token-schema.changelog-init.xml::create_non_fungible_token_table_id::R3.Corda, databaseChangeLog=master.changelog.json}
?[m?[37m[INFO] 22:15:54,403 [Test worker] changelog.ChangeSet. - ChangeSet migration/non-fungible-token-schema.changelog-init.xml::create_non_fungible_token_table_id::R3.Corda ran successfully in 1ms {changeSet=migration/non-fungible-token-schema.changelog-init.xml::create_non_fungible_token_table_id::R3.Corda, databaseChangeLog=master.changelog.json}
?[m?[37m[INFO] 22:15:54,404 [Test worker] jvm.JdbcExecutor. - INSERT INTO PUBLIC.DATABASECHANGELOG (ID, AUTHOR, FILENAME, DATEEXECUTED, ORDEREXECUTED, MD5SUM, DESCRIPTION, COMMENTS, EXECTYPE, CONTEXTS, LABELS, LIQUIBASE, DEPLOYMENT_ID) VALUES ('create_non_fungible_token_table_id', 'R3.Corda', 'migration/non-fungible-token-schema.changelog-init.xml', NOW(), 117, '8:537d4553becbc43bb11c0817e1639eae', 'createTable tableName=non_fungible_token', '', 'EXECUTED', NULL, NULL, '3.6.3', '8452954377') {changeSet=migration/non-fungible-token-schema.changelog-init.xml::create_non_fungible_token_table_id::R3.Corda, databaseChangeLog=master.changelog.json}
?[m?[37m[INFO] 22:15:54,405 [Test worker] jvm.JdbcExecutor. - ALTER TABLE PUBLIC.non_fungible_token ADD CONSTRAINT non_fungible_token_pkey PRIMARY KEY (output_index, transaction_id) {changeSet=migration/non-fungible-token-schema.changelog-init.xml::non_fungible_token_pkey_id::R3.Corda, databaseChangeLog=master.changelog.json}
?[m?[37m[INFO] 22:15:54,405 [Test worker] changelog.ChangeSet. - Primary key added to non_fungible_token (output_index, transaction_id) {changeSet=migration/non-fungible-token-schema.changelog-init.xml::non_fungible_token_pkey_id::R3.Corda, databaseChangeLog=master.changelog.json}
?[m?[37m[INFO] 22:15:54,405 [Test worker] changelog.ChangeSet. - ChangeSet migration/non-fungible-token-schema.changelog-init.xml::non_fungible_token_pkey_id::R3.Corda ran successfully in 1ms {changeSet=migration/non-fungible-token-schema.changelog-init.xml::non_fungible_token_pkey_id::R3.Corda, databaseChangeLog=master.changelog.json}
?[m?[37m[INFO] 22:15:54,406 [Test worker] jvm.JdbcExecutor. - INSERT INTO PUBLIC.DATABASECHANGELOG (ID, AUTHOR, FILENAME, DATEEXECUTED, ORDEREXECUTED, MD5SUM, DESCRIPTION, COMMENTS, EXECTYPE, CONTEXTS, LABELS, LIQUIBASE, DEPLOYMENT_ID) VALUES ('non_fungible_token_pkey_id', 'R3.Corda', 'migration/non-fungible-token-schema.changelog-init.xml', NOW(), 118, '8:d08935cf27a24a32cb4c14cec40b4c30', 'addPrimaryKey constraintName=non_fungible_token_pkey, tableName=non_fungible_token', '', 'EXECUTED', NULL, NULL, '3.6.3', '8452954377') {changeSet=migration/non-fungible-token-schema.changelog-init.xml::non_fungible_token_pkey_id::R3.Corda, databaseChangeLog=master.changelog.json}
?[m?[37m[INFO] 22:15:54,408 [Test worker] jvm.JdbcExecutor. - CREATE INDEX PUBLIC.held_token_idx ON PUBLIC.non_fungible_token(token_class, token_identifier) {changeSet=migration/non-fungible-token-schema.changelog-init.xml::held_token_idx_id::R3.Corda, databaseChangeLog=master.changelog.json}
?[m?[37m[INFO] 22:15:54,408 [Test worker] changelog.ChangeSet. - Index held_token_idx created {changeSet=migration/non-fungible-token-schema.changelog-init.xml::held_token_idx_id::R3.Corda, databaseChangeLog=master.changelog.json}
?[m?[37m[INFO] 22:15:54,408 [Test worker] changelog.ChangeSet. - ChangeSet migration/non-fungible-token-schema.changelog-init.xml::held_token_idx_id::R3.Corda ran successfully in 1ms {changeSet=migration/non-fungible-token-schema.changelog-init.xml::held_token_idx_id::R3.Corda, databaseChangeLog=master.changelog.json}
?[m?[37m[INFO] 22:15:54,409 [Test worker] jvm.JdbcExecutor. - INSERT INTO PUBLIC.DATABASECHANGELOG (ID, AUTHOR, FILENAME, DATEEXECUTED, ORDEREXECUTED, MD5SUM, DESCRIPTION, COMMENTS, EXECTYPE, CONTEXTS, LABELS, LIQUIBASE, DEPLOYMENT_ID) VALUES ('held_token_idx_id', 'R3.Corda', 'migration/non-fungible-token-schema.changelog-init.xml', NOW(), 119, '8:a13b131f129e2b15eeea3fd36b572fe4', 'createIndex indexName=held_token_idx, tableName=non_fungible_token', '', 'EXECUTED', NULL, NULL, '3.6.3', '8452954377') {changeSet=migration/non-fungible-token-schema.changelog-init.xml::held_token_idx_id::R3.Corda, databaseChangeLog=master.changelog.json}
?[m?[37m[INFO] 22:15:54,411 [Test worker] jvm.JdbcExecutor. - CREATE TABLE PUBLIC.distribution_record (id BIGINT NOT NULL, linear_id VARCHAR(255) NOT NULL, party NVARCHAR(255) NOT NULL) {changeSet=migration/distribution-record-schema.changelog-init.xml::create_distribution_record_table_id::R3.Corda, databaseChangeLog=master.changelog.json}
?[m?[37m[INFO] 22:15:54,411 [Test worker] changelog.ChangeSet. - Table distribution_record created {changeSet=migration/distribution-record-schema.changelog-init.xml::create_distribution_record_table_id::R3.Corda, databaseChangeLog=master.changelog.json}
?[m?[37m[INFO] 22:15:54,411 [Test worker] changelog.ChangeSet. - ChangeSet migration/distribution-record-schema.changelog-init.xml::create_distribution_record_table_id::R3.Corda ran successfully in 1ms {changeSet=migration/distribution-record-schema.changelog-init.xml::create_distribution_record_table_id::R3.Corda, databaseChangeLog=master.changelog.json}
?[m?[37m[INFO] 22:15:54,412 [Test worker] jvm.JdbcExecutor. - INSERT INTO PUBLIC.DATABASECHANGELOG (ID, AUTHOR, FILENAME, DATEEXECUTED, ORDEREXECUTED, MD5SUM, DESCRIPTION, COMMENTS, EXECTYPE, CONTEXTS, LABELS, LIQUIBASE, DEPLOYMENT_ID) VALUES ('create_distribution_record_table_id', 'R3.Corda', 'migration/distribution-record-schema.changelog-init.xml', NOW(), 120, '8:58bbe0f002fa9a550dbc9aa60a7fda96', 'createTable tableName=distribution_record', '', 'EXECUTED', NULL, NULL, '3.6.3', '8452954377') {changeSet=migration/distribution-record-schema.changelog-init.xml::create_distribution_record_table_id::R3.Corda, databaseChangeLog=master.changelog.json}
?[m?[37m[INFO] 22:15:54,413 [Test worker] jvm.JdbcExecutor. - ALTER TABLE PUBLIC.distribution_record ADD CONSTRAINT distribution_record_pkey PRIMARY KEY (id) {changeSet=migration/distribution-record-schema.changelog-init.xml::distribution_record_pkey_id::R3.Corda, databaseChangeLog=master.changelog.json}
?[m?[37m[INFO] 22:15:54,413 [Test worker] changelog.ChangeSet. - Primary key added to distribution_record (id) {changeSet=migration/distribution-record-schema.changelog-init.xml::distribution_record_pkey_id::R3.Corda, databaseChangeLog=master.changelog.json}
?[m?[37m[INFO] 22:15:54,414 [Test worker] changelog.ChangeSet. - ChangeSet migration/distribution-record-schema.changelog-init.xml::distribution_record_pkey_id::R3.Corda ran successfully in 0ms {changeSet=migration/distribution-record-schema.changelog-init.xml::distribution_record_pkey_id::R3.Corda, databaseChangeLog=master.changelog.json}
?[m?[37m[INFO] 22:15:54,414 [Test worker] jvm.JdbcExecutor. - INSERT INTO PUBLIC.DATABASECHANGELOG (ID, AUTHOR, FILENAME, DATEEXECUTED, ORDEREXECUTED, MD5SUM, DESCRIPTION, COMMENTS, EXECTYPE, CONTEXTS, LABELS, LIQUIBASE, DEPLOYMENT_ID) VALUES ('distribution_record_pkey_id', 'R3.Corda', 'migration/distribution-record-schema.changelog-init.xml', NOW(), 121, '8:0ac8470d7e72d959df72a2f31db8916f', 'addPrimaryKey constraintName=distribution_record_pkey, tableName=distribution_record', '', 'EXECUTED', NULL, NULL, '3.6.3', '8452954377') {changeSet=migration/distribution-record-schema.changelog-init.xml::distribution_record_pkey_id::R3.Corda, databaseChangeLog=master.changelog.json}
?[m?[37m[INFO] 22:15:54,415 [Test worker] jvm.JdbcExecutor. - CREATE INDEX PUBLIC.dist_record_idx ON PUBLIC.distribution_record(linear_id) {changeSet=migration/distribution-record-schema.changelog-init.xml::dist_record_idx_id::R3.Corda, databaseChangeLog=master.changelog.json}
?[m?[37m[INFO] 22:15:54,416 [Test worker] changelog.ChangeSet. - Index dist_record_idx created {changeSet=migration/distribution-record-schema.changelog-init.xml::dist_record_idx_id::R3.Corda, databaseChangeLog=master.changelog.json}
?[m?[37m[INFO] 22:15:54,416 [Test worker] changelog.ChangeSet. - ChangeSet migration/distribution-record-schema.changelog-init.xml::dist_record_idx_id::R3.Corda ran successfully in 1ms {changeSet=migration/distribution-record-schema.changelog-init.xml::dist_record_idx_id::R3.Corda, databaseChangeLog=master.changelog.json}
?[m?[37m[INFO] 22:15:54,417 [Test worker] jvm.JdbcExecutor. - INSERT INTO PUBLIC.DATABASECHANGELOG (ID, AUTHOR, FILENAME, DATEEXECUTED, ORDEREXECUTED, MD5SUM, DESCRIPTION, COMMENTS, EXECTYPE, CONTEXTS, LABELS, LIQUIBASE, DEPLOYMENT_ID) VALUES ('dist_record_idx_id', 'R3.Corda', 'migration/distribution-record-schema.changelog-init.xml', NOW(), 122, '8:0e8c85eaeb998b9c455afeaed17a20a8', 'createIndex indexName=dist_record_idx, tableName=distribution_record', '', 'EXECUTED', NULL, NULL, '3.6.3', '8452954377') {changeSet=migration/distribution-record-schema.changelog-init.xml::dist_record_idx_id::R3.Corda, databaseChangeLog=master.changelog.json}
?[m?[37m[INFO] 22:15:54,418 [Test worker] lockservice.StandardLockService. - Successfully released change log lock
?[m?[37m[INFO] 22:15:54,419 [Test worker] internal.InternalMockNetwork$MockNode. - Connected to H2 database.
?[m?[37m[INFO] 22:15:54,420 [Test worker] persistence.HibernateConfiguration. - Init HibernateConfiguration for schemas: [CommonSchemaV1(name=net.corda.core.schemas.CommonSchema, version=1), VaultSchemaV1(name=net.corda.node.services.vault.VaultSchema, version=1), NodeInfoSchemaV1(name=net.corda.node.internal.schemas.NodeInfoSchema, version=1), NodeCoreV1(name=net.corda.node.services.schema.NodeSchemaService$NodeCore, version=1), FungibleTokenSchemaV1(name=com.r3.corda.lib.tokens.contracts.internal.schemas.FungibleTokenSchema, version=1), NonFungibleTokenSchemaV1(name=com.r3.corda.lib.tokens.contracts.internal.schemas.NonFungibleTokenSchema, version=1), TokenSchemaV1(name=com.r3.corda.lib.tokens.contracts.schemas.TokenSchema, version=1), DistributionRecordSchemaV1(name=com.r3.corda.lib.tokens.workflows.internal.schemas.DistributionRecordSchema, version=1)]
?[m?[37m[INFO] 22:15:54,421 [Test worker] factory.BaseSessionFactoryFactory. - Creating session factory for schemas: [CommonSchemaV1(name=net.corda.core.schemas.CommonSchema, version=1), VaultSchemaV1(name=net.corda.node.services.vault.VaultSchema, version=1), NodeInfoSchemaV1(name=net.corda.node.internal.schemas.NodeInfoSchema, version=1), NodeCoreV1(name=net.corda.node.services.schema.NodeSchemaService$NodeCore, version=1), FungibleTokenSchemaV1(name=com.r3.corda.lib.tokens.contracts.internal.schemas.FungibleTokenSchema, version=1), NonFungibleTokenSchemaV1(name=com.r3.corda.lib.tokens.contracts.internal.schemas.NonFungibleTokenSchema, version=1), TokenSchemaV1(name=com.r3.corda.lib.tokens.contracts.schemas.TokenSchema, version=1), DistributionRecordSchemaV1(name=com.r3.corda.lib.tokens.workflows.internal.schemas.DistributionRecordSchema, version=1)]
?[m?[37m[INFO] 22:15:54,427 [Test worker] internal.ConnectionProviderInitiator. - HHH000130: Instantiating explicit connection provider: net.corda.nodeapi.internal.persistence.HibernateConfiguration$NodeDatabaseConnectionProvider
?[m?[37m[INFO] 22:15:54,428 [Test worker] dialect.Dialect. - HHH000400: Using dialect: org.hibernate.dialect.H2Dialect
?[m?[37m[INFO] 22:15:54,524 [Test worker] connections.access. - HHH10001501: Connection obtained from JdbcConnectionAccess [org.hibernate.engine.jdbc.env.internal.JdbcEnvironmentInitiator$ConnectionProviderJdbcConnectionAccess@6a91860f] for (non-JTA) DDL execution was not in auto-commit mode; the Connection 'local transaction' will be committed and the Connection will be set into auto-commit mode.
?[m?[37m[INFO] 22:15:54,563 [Test worker] internal.JtaPlatformInitiator. - HHH000490: Using JtaPlatform implementation: [org.hibernate.engine.transaction.jta.platform.internal.NoJtaPlatform]
?[m?[37m[INFO] 22:15:54,563 [Test worker] factory.BaseSessionFactoryFactory. - Created session factory for schemas: [CommonSchemaV1(name=net.corda.core.schemas.CommonSchema, version=1), VaultSchemaV1(name=net.corda.node.services.vault.VaultSchema, version=1), NodeInfoSchemaV1(name=net.corda.node.internal.schemas.NodeInfoSchema, version=1), NodeCoreV1(name=net.corda.node.services.schema.NodeSchemaService$NodeCore, version=1), FungibleTokenSchemaV1(name=com.r3.corda.lib.tokens.contracts.internal.schemas.FungibleTokenSchema, version=1), NonFungibleTokenSchemaV1(name=com.r3.corda.lib.tokens.contracts.internal.schemas.NonFungibleTokenSchema, version=1), TokenSchemaV1(name=com.r3.corda.lib.tokens.contracts.schemas.TokenSchema, version=1), DistributionRecordSchemaV1(name=com.r3.corda.lib.tokens.workflows.internal.schemas.DistributionRecordSchema, version=1)]
?[m?[37m[INFO] 22:15:54,569 [Test worker] internal.InternalMockNetwork$MockNode. - Node-info has changed so submitting update. Old node-info was null
?[m?[37m[INFO] 22:15:54,572 [Test worker] network.PersistentNetworkMapCache. - Adding node with info: NodeInfo(addresses=[mock.node:1000], legalIdentitiesAndCerts=[O=InvestorB, L=TestCity, C=US], platformVersion=9, serial=1618452954569), owningKey=DL2rLegMKKKaE4uiNzPsFyo6y7MGug3LdNpadWSe2hqX6S
?[m?[37m[INFO] 22:15:54,572 [Test worker] network.PersistentNetworkMapCache. - No previous node found for O=InvestorB, L=TestCity, C=US
?[m?[37m[INFO] 22:15:54,580 [Test worker] internal.InternalMockNetwork$MockNode. - New node-info: NodeInfo(addresses=[mock.node:1000], legalIdentitiesAndCerts=[O=InvestorB, L=TestCity, C=US], platformVersion=9, serial=1618452954569)
?[m?[37m[INFO] 22:15:54,588 [Test worker] network.NetworkMapUpdater. - Auto-accept enabled for network parameter changes which modify only: [epoch, modifiedTime, packageOwnership, whitelistedContractImplementations]
?[m?[37m[INFO] 22:15:54,589 [Test worker] internal.MockNodeMessagingService. - Status change to true
?[m?[37m[INFO] 22:15:54,589 [Test worker] internal.InternalMockNetwork$MockNode. - MessagingService active change to: true
?[m?[37m[INFO] 22:15:54,596 [MockNode-3-2] network.PersistentNetworkMapCache. - Adding node with info: NodeInfo(addresses=[mock.node:1000], legalIdentitiesAndCerts=[O=InvestorB, L=TestCity, C=US], platformVersion=9, serial=1618452954569), owningKey=DL2rLegMKKKaE4uiNzPsFyo6y7MGug3LdNpadWSe2hqX6S
?[m?[37m[INFO] 22:15:54,596 [MockNode-3-2] network.PersistentNetworkMapCache. - Previous node was identical to incoming one - doing nothing
?[m?[37m[INFO] 22:15:54,612 [Test worker] ClassloaderUtils. - Contracts loading for '/var/folders/x7/xt1d06_j0y99kyh61nvgw1380000gp/T/attachment8092514435922741582.jar' took 3 msec
?[m?[37m[INFO] 22:15:54,623 [Test worker] persistence.NodeAttachmentService. - Stored new attachment: id=65042D5889EDF33D6D804F8A0095BC2768F2C31D4F262A6EF73929E87375415F uploader=app filename=Template Contracts
?[m?[37m[INFO] 22:15:54,628 [Test worker] ClassloaderUtils. - Contracts loading for '/var/folders/x7/xt1d06_j0y99kyh61nvgw1380000gp/T/attachment992217272915156130.jar' took 3 msec
?[m?[37m[INFO] 22:15:54,643 [Test worker] persistence.NodeAttachmentService. - Stored new attachment: id=34705DC9A2C8599998BBDBA7C3D13609AF04D8B3A772F7134D685ECC926D8320 uploader=app filename=Token SDK Contracts
?[m?[37m[INFO] 22:15:54,646 [Test worker] internal.InternalMockNetwork$MockNode. - Installed com.r3.corda.lib.tokens.selection.memory.services.VaultMigratorService Corda service
?[m?[37m[INFO] 22:15:54,646 [Test worker] cordapp.CordappConfigFileProvider. - Found config for cordapp tokens-workflows-1.2 in build/mock-network/20210415-021529.015-3E1BBE56169EE29D/nodes/2/cordapps/config/tokens-workflows-1.2.conf
?[m?[31m[WARN] 22:15:54,647 [Test worker] inMemoryConfigSelectionLogger. - Did not detect a configuration for InMemory selection - enabling memory usage for token indexing. Please set stateSelection.inMemory.enabled to "false" to disable this
?[m?[31m[WARN] 22:15:54,647 [Test worker] inMemoryConfigSelectionLogger. - No indexing method specified. Indexes will be created at run-time for each invocation of selectTokens
?[m?[37m[INFO] 22:15:54,647 [Test worker] inMemoryConfigSelectionLogger. - Found in memory token selection configuration with values indexing strategy: [], cacheSize: 1024
?[m?[31m[WARN] 22:15:54,647 [Test worker] vault.NodeVaultService. - trackBy is called with an already existing, open DB transaction. As a result, there might be states missing from both the snapshot and observable, included in the returned data feed, because of race conditions.
?[m?[31m[WARN] 22:15:54,651 [Test worker] inMemoryConfigSelectionLogger. - Did not detect a configuration for InMemory selection - enabling memory usage for token indexing. Please set stateSelection.inMemory.enabled to "false" to disable this
?[m?[31m[WARN] 22:15:54,651 [Test worker] inMemoryConfigSelectionLogger. - No indexing method specified. Indexes will be created at run-time for each invocation of selectTokens
?[m?[37m[INFO] 22:15:54,651 [Test worker] inMemoryConfigSelectionLogger. - Found in memory token selection configuration with values indexing strategy: [], cacheSize: 1024
?[m?[37m[INFO] 22:15:54,651 [Test worker] services.VaultWatcherService. - Starting async token loading from vault
?[m?[37m[INFO] 22:15:54,651 [Test worker] internal.InternalMockNetwork$MockNode. - Installed com.r3.corda.lib.tokens.selection.memory.services.VaultWatcherService Corda service
?[m?[37m[INFO] 22:15:54,658 [pool-11-thread-1] services.VaultWatcherService. - publishing 0 to async state loading callback
?[m?[37m[INFO] 22:15:54,658 [pool-11-thread-1] services.VaultWatcherService. - received token vault update with 0 consumed states and: 0 produced states
?[m?[37m[INFO] 22:15:54,658 [pool-11-thread-1] services.VaultWatcherService. - finished token loading
?[m?[37m[INFO] 22:15:54,673 [Test worker] statemachine.SingleThreadedStateMachineManager. - Node ready, info: NodeInfo(addresses=[mock.node:1000], legalIdentitiesAndCerts=[O=InvestorB, L=TestCity, C=US], platformVersion=9, serial=1618452954569)
?[m?[37m[INFO] 22:15:54,676 [Test worker] network.PersistentNetworkMapCache. - Adding node with info: NodeInfo(addresses=[mock.node:1000], legalIdentitiesAndCerts=[O=Notary, L=London, C=GB], platformVersion=9, serial=1618452951489), owningKey=DL2x8rxZeQNYEsSRouy2JQEXiTTu5yVqnpwM8ZP5LBd1iw
?[m?[37m[INFO] 22:15:54,676 [Test worker] network.PersistentNetworkMapCache. - No previous node found for O=Notary, L=London, C=GB
?[m?[37m[INFO] 22:15:54,689 [Test worker] network.PersistentNetworkMapCache. - Adding node with info: NodeInfo(addresses=[mock.node:1000], legalIdentitiesAndCerts=[O=InvestorB, L=TestCity, C=US], platformVersion=9, serial=1618452954569), owningKey=DL2rLegMKKKaE4uiNzPsFyo6y7MGug3LdNpadWSe2hqX6S
?[m?[37m[INFO] 22:15:54,689 [Test worker] network.PersistentNetworkMapCache. - No previous node found for O=InvestorB, L=TestCity, C=US
?[m?[37m[INFO] 22:15:54,702 [Test worker] network.PersistentNetworkMapCache. - Adding node with info: NodeInfo(addresses=[mock.node:1000], legalIdentitiesAndCerts=[O=InvestorA, L=TestLand, C=US], platformVersion=9, serial=1618452953573), owningKey=DLBaSgPP5bRtQDpzG4Aux9uA8ubkafgxpn6rRg5CcAdMcJ
?[m?[37m[INFO] 22:15:54,702 [Test worker] network.PersistentNetworkMapCache. - No previous node found for O=InvestorA, L=TestLand, C=US
?[m?[37m[INFO] 22:15:54,712 [Test worker] network.PersistentNetworkMapCache. - Adding node with info: NodeInfo(addresses=[mock.node:1000], legalIdentitiesAndCerts=[O=InvestorB, L=TestCity, C=US], platformVersion=9, serial=1618452954569), owningKey=DL2rLegMKKKaE4uiNzPsFyo6y7MGug3LdNpadWSe2hqX6S
?[m?[37m[INFO] 22:15:54,712 [Test worker] network.PersistentNetworkMapCache. - No previous node found for O=InvestorB, L=TestCity, C=US
?[m?[37m[INFO] 22:15:54,721 [Test worker] network.PersistentNetworkMapCache. - Adding node with info: NodeInfo(addresses=[mock.node:1000], legalIdentitiesAndCerts=[O=InvestorB, L=TestCity, C=US], platformVersion=9, serial=1618452954569), owningKey=DL2rLegMKKKaE4uiNzPsFyo6y7MGug3LdNpadWSe2hqX6S
?[m?[37m[INFO] 22:15:54,721 [Test worker] network.PersistentNetworkMapCache. - Previous node was identical to incoming one - doing nothing
?[m?[37m[INFO] 22:15:54,722 [Test worker] network.PersistentNetworkMapCache. - Adding node with info: NodeInfo(addresses=[mock.node:1000], legalIdentitiesAndCerts=[O=InvestorB, L=TestCity, C=US], platformVersion=9, serial=1618452954569), owningKey=DL2rLegMKKKaE4uiNzPsFyo6y7MGug3LdNpadWSe2hqX6S
?[m?[37m[INFO] 22:15:54,722 [Test worker] network.PersistentNetworkMapCache. - Previous node was identical to incoming one - doing nothing
?[m?[37m[INFO] 22:15:54,730 [Test worker] cordapp.JarScanningCordappLoader. - Looking for CorDapps in [build/mock-network/20210415-021529.015-3E1BBE56169EE29D/nodes/3/cordapps]
?[m?[37m[INFO] 22:15:54,731 [Test worker] cordapp.JarScanningCordappLoader. - Loading CorDapps from RestrictedURL(url=file:/Users/peterli/Desktop/tokenTest/workflows/build/mock-network/20210415-021529.015-3E1BBE56169EE29D/nodes/3/cordapps/contracts-0.1.jar, rootPackageName=null), RestrictedURL(url=file:/Users/peterli/Desktop/tokenTest/workflows/build/mock-network/20210415-021529.015-3E1BBE56169EE29D/nodes/3/cordapps/workflows-0.1.jar, rootPackageName=null), RestrictedURL(url=file:/Users/peterli/Desktop/tokenTest/workflows/build/mock-network/20210415-021529.015-3E1BBE56169EE29D/nodes/3/cordapps/tokens-contracts-1.2.jar, rootPackageName=null), RestrictedURL(url=file:/Users/peterli/Desktop/tokenTest/workflows/build/mock-network/20210415-021529.015-3E1BBE56169EE29D/nodes/3/cordapps/tokens-workflows-1.2.jar, rootPackageName=null)
?[m?[37m[INFO] 22:15:54,731 [Test worker] cordapp.JarScanningCordappLoader. - Scanning CorDapp in file:/Users/peterli/Desktop/tokenTest/workflows/build/mock-network/20210415-021529.015-3E1BBE56169EE29D/nodes/3/cordapps/contracts-0.1.jar
?[m?[37m[INFO] 22:15:54,737 [Test worker] cordapp.JarScanningCordappLoader. - Scanning CorDapp in file:/Users/peterli/Desktop/tokenTest/workflows/build/mock-network/20210415-021529.015-3E1BBE56169EE29D/nodes/3/cordapps/workflows-0.1.jar
?[m?[37m[INFO] 22:15:54,742 [Test worker] cordapp.JarScanningCordappLoader. - Scanning CorDapp in file:/Users/peterli/Desktop/tokenTest/workflows/build/mock-network/20210415-021529.015-3E1BBE56169EE29D/nodes/3/cordapps/tokens-contracts-1.2.jar
?[m?[37m[INFO] 22:15:54,758 [Test worker] cordapp.JarScanningCordappLoader. - Scanning CorDapp in file:/Users/peterli/Desktop/tokenTest/workflows/build/mock-network/20210415-021529.015-3E1BBE56169EE29D/nodes/3/cordapps/tokens-workflows-1.2.jar
?[m?[37m[INFO] 22:15:54,796 [Test worker] internal.InternalMockNetwork$MockNode. - MessagingService active change to: false
?[m?[37m[INFO] 22:15:54,796 [Test worker] internal.InternalMockNetwork$MockNode. - Flow external operation executor has a max of 2 threads
?[m?[37m[INFO] 22:15:54,798 [Test worker] internal.InternalMockNetwork$MockNode. - Node starting up ...
?[m?[37m[INFO] 22:15:54,835 [Test worker] internal.KeyStoreHandler. - Loaded trusted root certificate: DL7fwxLm5xbiMD8adUuYTsPZHAict46Ng4w6RNcySt5vAw, alias: cordarootca
?[m?[37m[INFO] 22:15:54,835 [Test worker] internal.KeyStoreHandler. - Loaded node identity key: DLHDWuPrmxSvtaQNchVk23ePZZbKmgM3mnc2JuJGQ3jss2, alias: identity-private-key
?[m?[37m[INFO] 22:15:54,841 [Test worker] internal.NodeFlowManager. - Registered com.template.flows.NormalTransaction$NormalTransactionInitiator to initiate com.template.flows.NormalTransaction$Responder (version 1)
?[m?[37m[INFO] 22:15:54,842 [Test worker] internal.NodeFlowManager. - Registered com.template.flows.TransferFungEvoToken$TransferFungEvoTokenInitiator to initiate com.template.flows.TransferFungEvoToken$TransferFungEvoTokenResponder (version 1)
?[m?[37m[INFO] 22:15:54,842 [Test worker] internal.NodeFlowManager. - Registered com.r3.corda.lib.tokens.workflows.flows.rpc.ConfidentialIssueTokens to initiate com.r3.corda.lib.tokens.workflows.flows.rpc.ConfidentialIssueTokensHandler (version 1)
?[m?[37m[INFO] 22:15:54,842 [Test worker] internal.NodeFlowManager. - Registered com.r3.corda.lib.tokens.workflows.flows.rpc.ConfidentialMoveFungibleTokens to initiate com.r3.corda.lib.tokens.workflows.flows.rpc.ConfidentialMoveFungibleTokensHandler (version 1)
?[m?[37m[INFO] 22:15:54,842 [Test worker] internal.NodeFlowManager. - Registered com.r3.corda.lib.tokens.workflows.flows.rpc.ConfidentialMoveNonFungibleTokens to initiate com.r3.corda.lib.tokens.workflows.flows.rpc.ConfidentialMoveNonFungibleTokensHandler (version 1)
?[m?[37m[INFO] 22:15:54,842 [Test worker] internal.NodeFlowManager. - Registered com.r3.corda.lib.tokens.workflows.flows.rpc.ConfidentialRedeemFungibleTokens to initiate com.r3.corda.lib.tokens.workflows.flows.rpc.ConfidentialRedeemFungibleTokensHandler (version 1)
?[m?[37m[INFO] 22:15:54,842 [Test worker] internal.NodeFlowManager. - Registered com.r3.corda.lib.tokens.workflows.flows.rpc.CreateEvolvableTokens to initiate com.r3.corda.lib.tokens.workflows.flows.rpc.CreateEvolvableTokensHandler (version 1)
?[m?[37m[INFO] 22:15:54,842 [Test worker] internal.NodeFlowManager. - Registered com.r3.corda.lib.tokens.workflows.flows.rpc.IssueTokens to initiate com.r3.corda.lib.tokens.workflows.flows.rpc.IssueTokensHandler (version 1)
?[m?[37m[INFO] 22:15:54,842 [Test worker] internal.NodeFlowManager. - Registered com.r3.corda.lib.tokens.workflows.flows.rpc.MoveFungibleTokens to initiate com.r3.corda.lib.tokens.workflows.flows.rpc.MoveFungibleTokensHandler (version 1)
?[m?[37m[INFO] 22:15:54,842 [Test worker] internal.NodeFlowManager. - Registered com.r3.corda.lib.tokens.workflows.flows.rpc.MoveNonFungibleTokens to initiate com.r3.corda.lib.tokens.workflows.flows.rpc.MoveNonFungibleTokensHandler (version 1)
?[m?[37m[INFO] 22:15:54,842 [Test worker] internal.NodeFlowManager. - Registered com.r3.corda.lib.tokens.workflows.flows.rpc.RedeemFungibleTokens to initiate com.r3.corda.lib.tokens.workflows.flows.rpc.RedeemFungibleTokensHandler (version 1)
?[m?[37m[INFO] 22:15:54,842 [Test worker] internal.NodeFlowManager. - Registered com.r3.corda.lib.tokens.workflows.flows.rpc.RedeemNonFungibleTokens to initiate com.r3.corda.lib.tokens.workflows.flows.rpc.RedeemNonFungibleTokensHandler (version 1)
?[m?[37m[INFO] 22:15:54,842 [Test worker] internal.NodeFlowManager. - Registered com.r3.corda.lib.tokens.workflows.flows.rpc.UpdateEvolvableToken to initiate com.r3.corda.lib.tokens.workflows.flows.rpc.UpdateEvolvableTokenHandler (version 1)
?[m?[37m[INFO] 22:15:54,842 [Test worker] internal.NodeFlowManager. - Registered com.r3.corda.lib.tokens.workflows.internal.flows.distribution.RequestAdditionToDistributionList$Initiator to initiate com.r3.corda.lib.tokens.workflows.internal.flows.distribution.RequestAdditionToDistributionList$Responder (version 1)
?[m?[37m[INFO] 22:15:54,842 [Test worker] internal.NodeFlowManager. - Registered com.r3.corda.lib.tokens.workflows.internal.flows.distribution.UpdateDistributionListFlow to initiate com.r3.corda.lib.tokens.workflows.internal.flows.distribution.UpdateDistributionListFlowHandler (version 1)
?[m?[37m[INFO] 22:15:54,843 [Test worker] internal.NodeFlowManager. - Registered com.r3.corda.lib.tokens.workflows.internal.testflows.DvPFlow to initiate com.r3.corda.lib.tokens.workflows.internal.testflows.DvPFlowHandler (version 1)
?[m?[37m[INFO] 22:15:54,846 [Test worker] internal.InternalMockNetwork$MockNode. - Loaded network parameters: NetworkParameters {
      minimumPlatformVersion=4
      notaries=[NotaryInfo(identity=O=Notary, L=London, C=GB, validating=true)]
      maxMessageSize=10485760
      maxTransactionSize=52428800
      whitelistedContractImplementations {
        
      }
      eventHorizon=PT51539607528H
      packageOwnership {
        
      }
      modifiedTime=2021-04-15T02:15:26.896Z
      epoch=1
  }
?[m?[37m[INFO] 22:15:54,846 [Test worker] hikari.HikariDataSource. - HikariPool-4 - Starting...
?[m?[37m[INFO] 22:15:54,859 [Test worker] hikari.HikariDataSource. - HikariPool-4 - Start completed.
?[m?[37m[INFO] 22:15:55,047 [Test worker] jvm.JdbcExecutor. - SELECT MD5SUM FROM PUBLIC.DATABASECHANGELOG WHERE MD5SUM IS NOT NULL
?[m?[37m[INFO] 22:15:55,047 [Test worker] jvm.JdbcExecutor. - SELECT COUNT(*) FROM PUBLIC.DATABASECHANGELOG
?[m?[37m[INFO] 22:15:55,047 [Test worker] changelog.StandardChangeLogHistoryService. - Reading from PUBLIC.DATABASECHANGELOG
?[m?[37m[INFO] 22:15:55,048 [Test worker] jvm.JdbcExecutor. - SELECT * FROM PUBLIC.DATABASECHANGELOG ORDER BY DATEEXECUTED ASC, ORDEREXECUTED ASC
?[m?[37m[INFO] 22:15:55,049 [Test worker] jvm.JdbcExecutor. - SELECT COUNT(*) FROM PUBLIC.DATABASECHANGELOGLOCK
?[m?[37m[INFO] 22:15:55,049 [Test worker] jvm.JdbcExecutor. - SELECT COUNT(*) FROM PUBLIC.DATABASECHANGELOGLOCK
?[m?[37m[INFO] 22:15:55,070 [Test worker] visitor.ValidatingVisitor. - Skipping change set migration/vault-schema.changelog-v13.xml::vault_transaction_id_size_non-clustered_pk-1::R3.Corda due to validation error(s): clustered is not allowed on h2 {changeSet=migration/vault-schema.changelog-v13.xml::vault_transaction_id_size_non-clustered_pk-1::R3.Corda, databaseChangeLog=master.changelog.json}
?[m?[37m[INFO] 22:15:55,070 [Test worker] visitor.ValidatingVisitor. - Skipping change set migration/vault-schema.changelog-v13.xml::vault_transaction_id_size_non-clustered_pk-2::R3.Corda due to validation error(s): clustered is not allowed on h2 {changeSet=migration/vault-schema.changelog-v13.xml::vault_transaction_id_size_non-clustered_pk-2::R3.Corda, databaseChangeLog=master.changelog.json}
?[m?[37m[INFO] 22:15:55,071 [Test worker] visitor.ValidatingVisitor. - Skipping change set migration/vault-schema.changelog-v13.xml::vault_transaction_id_size_non-clustered_pk-3::R3.Corda due to validation error(s): clustered is not allowed on h2 {changeSet=migration/vault-schema.changelog-v13.xml::vault_transaction_id_size_non-clustered_pk-3::R3.Corda, databaseChangeLog=master.changelog.json}
?[m?[37m[INFO] 22:15:55,092 [Test worker] visitor.ValidatingVisitor. - Skipping change set migration/node-core.changelog-v21.xml::node_transaction_id_size_non-clustered_pk::R3.Corda due to validation error(s): clustered is not allowed on h2 {changeSet=migration/node-core.changelog-v21.xml::node_transaction_id_size_non-clustered_pk::R3.Corda, databaseChangeLog=master.changelog.json}
?[m?[37m[INFO] 22:15:55,093 [Test worker] jvm.JdbcExecutor. - SELECT LOCKED FROM PUBLIC.DATABASECHANGELOGLOCK WHERE ID=1
?[m?[37m[INFO] 22:15:55,094 [Test worker] lockservice.StandardLockService. - Successfully acquired change log lock
?[m?[37m[INFO] 22:15:55,096 [Test worker] visitor.ValidatingVisitor. - Skipping change set migration/vault-schema.changelog-v13.xml::vault_transaction_id_size_non-clustered_pk-1::R3.Corda due to validation error(s): clustered is not allowed on h2 {changeSet=migration/vault-schema.changelog-v13.xml::vault_transaction_id_size_non-clustered_pk-1::R3.Corda, databaseChangeLog=master.changelog.json}
?[m?[37m[INFO] 22:15:55,096 [Test worker] visitor.ValidatingVisitor. - Skipping change set migration/vault-schema.changelog-v13.xml::vault_transaction_id_size_non-clustered_pk-2::R3.Corda due to validation error(s): clustered is not allowed on h2 {changeSet=migration/vault-schema.changelog-v13.xml::vault_transaction_id_size_non-clustered_pk-2::R3.Corda, databaseChangeLog=master.changelog.json}
?[m?[37m[INFO] 22:15:55,096 [Test worker] visitor.ValidatingVisitor. - Skipping change set migration/vault-schema.changelog-v13.xml::vault_transaction_id_size_non-clustered_pk-3::R3.Corda due to validation error(s): clustered is not allowed on h2 {changeSet=migration/vault-schema.changelog-v13.xml::vault_transaction_id_size_non-clustered_pk-3::R3.Corda, databaseChangeLog=master.changelog.json}
?[m?[37m[INFO] 22:15:55,100 [Test worker] visitor.ValidatingVisitor. - Skipping change set migration/node-core.changelog-v21.xml::node_transaction_id_size_non-clustered_pk::R3.Corda due to validation error(s): clustered is not allowed on h2 {changeSet=migration/node-core.changelog-v21.xml::node_transaction_id_size_non-clustered_pk::R3.Corda, databaseChangeLog=master.changelog.json}
?[m?[37m[INFO] 22:15:55,100 [Test worker] jvm.JdbcExecutor. - DROP VIEW PUBLIC.v_pkey_hash_ex_id_map {changeSet=migration/vault-schema.changelog-v13.xml::vault_transaction_id_size::R3.Corda, databaseChangeLog=master.changelog.json}
?[m?[37m[INFO] 22:15:55,101 [Test worker] changelog.ChangeSet. - View v_pkey_hash_ex_id_map dropped {changeSet=migration/vault-schema.changelog-v13.xml::vault_transaction_id_size::R3.Corda, databaseChangeLog=master.changelog.json}
?[m?[37m[INFO] 22:15:55,101 [Test worker] jvm.JdbcExecutor. - ALTER TABLE PUBLIC.vault_fungible_states_parts DROP CONSTRAINT FK__fung_st_parts__fung_st {changeSet=migration/vault-schema.changelog-v13.xml::vault_transaction_id_size::R3.Corda, databaseChangeLog=master.changelog.json}
?[m?[37m[INFO] 22:15:55,101 [Test worker] changelog.ChangeSet. - Foreign key FK__fung_st_parts__fung_st dropped {changeSet=migration/vault-schema.changelog-v13.xml::vault_transaction_id_size::R3.Corda, databaseChangeLog=master.changelog.json}
?[m?[37m[INFO] 22:15:55,101 [Test worker] jvm.JdbcExecutor. - ALTER TABLE PUBLIC.vault_linear_states_parts DROP CONSTRAINT FK__lin_stat_parts__lin_stat {changeSet=migration/vault-schema.changelog-v13.xml::vault_transaction_id_size::R3.Corda, databaseChangeLog=master.changelog.json}
?[m?[37m[INFO] 22:15:55,102 [Test worker] changelog.ChangeSet. - Foreign key FK__lin_stat_parts__lin_stat dropped {changeSet=migration/vault-schema.changelog-v13.xml::vault_transaction_id_size::R3.Corda, databaseChangeLog=master.changelog.json}
?[m?[37m[INFO] 22:15:55,102 [Test worker] jvm.JdbcExecutor. - ALTER TABLE PUBLIC.vault_fungible_states DROP PRIMARY KEY {changeSet=migration/vault-schema.changelog-v13.xml::vault_transaction_id_size::R3.Corda, databaseChangeLog=master.changelog.json}
?[m?[37m[INFO] 22:15:55,102 [Test worker] changelog.ChangeSet. - Primary key dropped from vault_fungible_states {changeSet=migration/vault-schema.changelog-v13.xml::vault_transaction_id_size::R3.Corda, databaseChangeLog=master.changelog.json}
?[m?[37m[INFO] 22:15:55,102 [Test worker] jvm.JdbcExecutor. - ALTER TABLE PUBLIC.vault_linear_states DROP PRIMARY KEY {changeSet=migration/vault-schema.changelog-v13.xml::vault_transaction_id_size::R3.Corda, databaseChangeLog=master.changelog.json}
?[m?[37m[INFO] 22:15:55,103 [Test worker] changelog.ChangeSet. - Primary key dropped from vault_linear_states {changeSet=migration/vault-schema.changelog-v13.xml::vault_transaction_id_size::R3.Corda, databaseChangeLog=master.changelog.json}
?[m?[37m[INFO] 22:15:55,103 [Test worker] jvm.JdbcExecutor. - ALTER TABLE PUBLIC.vault_states DROP PRIMARY KEY {changeSet=migration/vault-schema.changelog-v13.xml::vault_transaction_id_size::R3.Corda, databaseChangeLog=master.changelog.json}
?[m?[37m[INFO] 22:15:55,103 [Test worker] changelog.ChangeSet. - Primary key dropped from vault_states {changeSet=migration/vault-schema.changelog-v13.xml::vault_transaction_id_size::R3.Corda, databaseChangeLog=master.changelog.json}
?[m?[37m[INFO] 22:15:55,103 [Test worker] jvm.JdbcExecutor. - DROP INDEX PUBLIC.transaction_id_index {changeSet=migration/vault-schema.changelog-v13.xml::vault_transaction_id_size::R3.Corda, databaseChangeLog=master.changelog.json}
?[m?[37m[INFO] 22:15:55,104 [Test worker] changelog.ChangeSet. - Index transaction_id_index dropped from table vault_transaction_notes {changeSet=migration/vault-schema.changelog-v13.xml::vault_transaction_id_size::R3.Corda, databaseChangeLog=master.changelog.json}
?[m?[37m[INFO] 22:15:55,104 [Test worker] jvm.JdbcExecutor. - ALTER TABLE PUBLIC.vault_fungible_states ALTER COLUMN transaction_id SET NULL {changeSet=migration/vault-schema.changelog-v13.xml::vault_transaction_id_size::R3.Corda, databaseChangeLog=master.changelog.json}
?[m?[37m[INFO] 22:15:55,104 [Test worker] changelog.ChangeSet. - Null constraint dropped from vault_fungible_states.transaction_id {changeSet=migration/vault-schema.changelog-v13.xml::vault_transaction_id_size::R3.Corda, databaseChangeLog=master.changelog.json}
?[m?[37m[INFO] 22:15:55,104 [Test worker] jvm.JdbcExecutor. - ALTER TABLE PUBLIC.vault_fungible_states_parts ALTER COLUMN transaction_id SET NULL {changeSet=migration/vault-schema.changelog-v13.xml::vault_transaction_id_size::R3.Corda, databaseChangeLog=master.changelog.json}
?[m?[37m[INFO] 22:15:55,104 [Test worker] changelog.ChangeSet. - Null constraint dropped from vault_fungible_states_parts.transaction_id {changeSet=migration/vault-schema.changelog-v13.xml::vault_transaction_id_size::R3.Corda, databaseChangeLog=master.changelog.json}
?[m?[37m[INFO] 22:15:55,105 [Test worker] jvm.JdbcExecutor. - ALTER TABLE PUBLIC.vault_linear_states ALTER COLUMN transaction_id SET NULL {changeSet=migration/vault-schema.changelog-v13.xml::vault_transaction_id_size::R3.Corda, databaseChangeLog=master.changelog.json}
?[m?[37m[INFO] 22:15:55,105 [Test worker] changelog.ChangeSet. - Null constraint dropped from vault_linear_states.transaction_id {changeSet=migration/vault-schema.changelog-v13.xml::vault_transaction_id_size::R3.Corda, databaseChangeLog=master.changelog.json}
?[m?[37m[INFO] 22:15:55,105 [Test worker] jvm.JdbcExecutor. - ALTER TABLE PUBLIC.vault_linear_states_parts ALTER COLUMN transaction_id SET NULL {changeSet=migration/vault-schema.changelog-v13.xml::vault_transaction_id_size::R3.Corda, databaseChangeLog=master.changelog.json}
?[m?[37m[INFO] 22:15:55,105 [Test worker] changelog.ChangeSet. - Null constraint dropped from vault_linear_states_parts.transaction_id {changeSet=migration/vault-schema.changelog-v13.xml::vault_transaction_id_size::R3.Corda, databaseChangeLog=master.changelog.json}
?[m?[37m[INFO] 22:15:55,105 [Test worker] jvm.JdbcExecutor. - ALTER TABLE PUBLIC.vault_states ALTER COLUMN transaction_id SET NULL {changeSet=migration/vault-schema.changelog-v13.xml::vault_transaction_id_size::R3.Corda, databaseChangeLog=master.changelog.json}
?[m?[37m[INFO] 22:15:55,105 [Test worker] changelog.ChangeSet. - Null constraint dropped from vault_states.transaction_id {changeSet=migration/vault-schema.changelog-v13.xml::vault_transaction_id_size::R3.Corda, databaseChangeLog=master.changelog.json}
?[m?[37m[INFO] 22:15:55,105 [Test worker] jvm.JdbcExecutor. - ALTER TABLE PUBLIC.vault_fungible_states ALTER COLUMN transaction_id NVARCHAR(144) {changeSet=migration/vault-schema.changelog-v13.xml::vault_transaction_id_size::R3.Corda, databaseChangeLog=master.changelog.json}
?[m?[37m[INFO] 22:15:55,107 [Test worker] changelog.ChangeSet. - vault_fungible_states.transaction_id datatype was changed to NVARCHAR(144) {changeSet=migration/vault-schema.changelog-v13.xml::vault_transaction_id_size::R3.Corda, databaseChangeLog=master.changelog.json}
?[m?[37m[INFO] 22:15:55,107 [Test worker] jvm.JdbcExecutor. - ALTER TABLE PUBLIC.vault_fungible_states_parts ALTER COLUMN transaction_id NVARCHAR(144) {changeSet=migration/vault-schema.changelog-v13.xml::vault_transaction_id_size::R3.Corda, databaseChangeLog=master.changelog.json}
?[m?[37m[INFO] 22:15:55,109 [Test worker] changelog.ChangeSet. - vault_fungible_states_parts.transaction_id datatype was changed to NVARCHAR(144) {changeSet=migration/vault-schema.changelog-v13.xml::vault_transaction_id_size::R3.Corda, databaseChangeLog=master.changelog.json}
?[m?[37m[INFO] 22:15:55,109 [Test worker] jvm.JdbcExecutor. - ALTER TABLE PUBLIC.vault_linear_states ALTER COLUMN transaction_id NVARCHAR(144) {changeSet=migration/vault-schema.changelog-v13.xml::vault_transaction_id_size::R3.Corda, databaseChangeLog=master.changelog.json}
?[m?[37m[INFO] 22:15:55,112 [Test worker] changelog.ChangeSet. - vault_linear_states.transaction_id datatype was changed to NVARCHAR(144) {changeSet=migration/vault-schema.changelog-v13.xml::vault_transaction_id_size::R3.Corda, databaseChangeLog=master.changelog.json}
?[m?[37m[INFO] 22:15:55,112 [Test worker] jvm.JdbcExecutor. - ALTER TABLE PUBLIC.vault_linear_states_parts ALTER COLUMN transaction_id NVARCHAR(144) {changeSet=migration/vault-schema.changelog-v13.xml::vault_transaction_id_size::R3.Corda, databaseChangeLog=master.changelog.json}
?[m?[37m[INFO] 22:15:55,113 [Test worker] changelog.ChangeSet. - vault_linear_states_parts.transaction_id datatype was changed to NVARCHAR(144) {changeSet=migration/vault-schema.changelog-v13.xml::vault_transaction_id_size::R3.Corda, databaseChangeLog=master.changelog.json}
?[m?[37m[INFO] 22:15:55,114 [Test worker] jvm.JdbcExecutor. - ALTER TABLE PUBLIC.vault_states ALTER COLUMN transaction_id NVARCHAR(144) {changeSet=migration/vault-schema.changelog-v13.xml::vault_transaction_id_size::R3.Corda, databaseChangeLog=master.changelog.json}
?[m?[37m[INFO] 22:15:55,116 [Test worker] changelog.ChangeSet. - vault_states.transaction_id datatype was changed to NVARCHAR(144) {changeSet=migration/vault-schema.changelog-v13.xml::vault_transaction_id_size::R3.Corda, databaseChangeLog=master.changelog.json}
?[m?[37m[INFO] 22:15:55,116 [Test worker] jvm.JdbcExecutor. - ALTER TABLE PUBLIC.vault_transaction_notes ALTER COLUMN transaction_id NVARCHAR(144) {changeSet=migration/vault-schema.changelog-v13.xml::vault_transaction_id_size::R3.Corda, databaseChangeLog=master.changelog.json}
?[m?[37m[INFO] 22:15:55,119 [Test worker] changelog.ChangeSet. - vault_transaction_notes.transaction_id datatype was changed to NVARCHAR(144) {changeSet=migration/vault-schema.changelog-v13.xml::vault_transaction_id_size::R3.Corda, databaseChangeLog=master.changelog.json}
?[m?[37m[INFO] 22:15:55,119 [Test worker] jvm.JdbcExecutor. - ALTER TABLE PUBLIC.state_party ALTER COLUMN transaction_id NVARCHAR(144) {changeSet=migration/vault-schema.changelog-v13.xml::vault_transaction_id_size::R3.Corda, databaseChangeLog=master.changelog.json}
?[m?[37m[INFO] 22:15:55,121 [Test worker] changelog.ChangeSet. - state_party.transaction_id datatype was changed to NVARCHAR(144) {changeSet=migration/vault-schema.changelog-v13.xml::vault_transaction_id_size::R3.Corda, databaseChangeLog=master.changelog.json}
?[m?[37m[INFO] 22:15:55,122 [Test worker] jvm.JdbcExecutor. - ALTER TABLE PUBLIC.vault_fungible_states ALTER COLUMN transaction_id SET NOT NULL {changeSet=migration/vault-schema.changelog-v13.xml::vault_transaction_id_size::R3.Corda, databaseChangeLog=master.changelog.json}
?[m?[37m[INFO] 22:15:55,122 [Test worker] changelog.ChangeSet. - NOT NULL constraint has been added to vault_fungible_states.transaction_id {changeSet=migration/vault-schema.changelog-v13.xml::vault_transaction_id_size::R3.Corda, databaseChangeLog=master.changelog.json}
?[m?[37m[INFO] 22:15:55,122 [Test worker] jvm.JdbcExecutor. - ALTER TABLE PUBLIC.vault_fungible_states_parts ALTER COLUMN transaction_id SET NOT NULL {changeSet=migration/vault-schema.changelog-v13.xml::vault_transaction_id_size::R3.Corda, databaseChangeLog=master.changelog.json}
?[m?[37m[INFO] 22:15:55,123 [Test worker] changelog.ChangeSet. - NOT NULL constraint has been added to vault_fungible_states_parts.transaction_id {changeSet=migration/vault-schema.changelog-v13.xml::vault_transaction_id_size::R3.Corda, databaseChangeLog=master.changelog.json}
?[m?[37m[INFO] 22:15:55,123 [Test worker] jvm.JdbcExecutor. - ALTER TABLE PUBLIC.vault_linear_states ALTER COLUMN transaction_id SET NOT NULL {changeSet=migration/vault-schema.changelog-v13.xml::vault_transaction_id_size::R3.Corda, databaseChangeLog=master.changelog.json}
?[m?[37m[INFO] 22:15:55,123 [Test worker] changelog.ChangeSet. - NOT NULL constraint has been added to vault_linear_states.transaction_id {changeSet=migration/vault-schema.changelog-v13.xml::vault_transaction_id_size::R3.Corda, databaseChangeLog=master.changelog.json}
?[m?[37m[INFO] 22:15:55,123 [Test worker] jvm.JdbcExecutor. - ALTER TABLE PUBLIC.vault_linear_states_parts ALTER COLUMN transaction_id SET NOT NULL {changeSet=migration/vault-schema.changelog-v13.xml::vault_transaction_id_size::R3.Corda, databaseChangeLog=master.changelog.json}
?[m?[37m[INFO] 22:15:55,124 [Test worker] changelog.ChangeSet. - NOT NULL constraint has been added to vault_linear_states_parts.transaction_id {changeSet=migration/vault-schema.changelog-v13.xml::vault_transaction_id_size::R3.Corda, databaseChangeLog=master.changelog.json}
?[m?[37m[INFO] 22:15:55,124 [Test worker] jvm.JdbcExecutor. - ALTER TABLE PUBLIC.vault_states ALTER COLUMN transaction_id SET NOT NULL {changeSet=migration/vault-schema.changelog-v13.xml::vault_transaction_id_size::R3.Corda, databaseChangeLog=master.changelog.json}
?[m?[37m[INFO] 22:15:55,124 [Test worker] changelog.ChangeSet. - NOT NULL constraint has been added to vault_states.transaction_id {changeSet=migration/vault-schema.changelog-v13.xml::vault_transaction_id_size::R3.Corda, databaseChangeLog=master.changelog.json}
?[m?[37m[INFO] 22:15:55,125 [Test worker] jvm.JdbcExecutor. - ALTER TABLE PUBLIC.vault_fungible_states ADD CONSTRAINT vault_fungible_states_pkey PRIMARY KEY (transaction_id, output_index) {changeSet=migration/vault-schema.changelog-v13.xml::vault_transaction_id_size::R3.Corda, databaseChangeLog=master.changelog.json}
?[m?[37m[INFO] 22:15:55,125 [Test worker] changelog.ChangeSet. - Primary key added to vault_fungible_states (transaction_id, output_index) {changeSet=migration/vault-schema.changelog-v13.xml::vault_transaction_id_size::R3.Corda, databaseChangeLog=master.changelog.json}
?[m?[37m[INFO] 22:15:55,125 [Test worker] jvm.JdbcExecutor. - ALTER TABLE PUBLIC.vault_linear_states ADD CONSTRAINT vault_linear_states_pkey PRIMARY KEY (transaction_id, output_index) {changeSet=migration/vault-schema.changelog-v13.xml::vault_transaction_id_size::R3.Corda, databaseChangeLog=master.changelog.json}
?[m?[37m[INFO] 22:15:55,126 [Test worker] changelog.ChangeSet. - Primary key added to vault_linear_states (transaction_id, output_index) {changeSet=migration/vault-schema.changelog-v13.xml::vault_transaction_id_size::R3.Corda, databaseChangeLog=master.changelog.json}
?[m?[37m[INFO] 22:15:55,126 [Test worker] jvm.JdbcExecutor. - ALTER TABLE PUBLIC.vault_states ADD CONSTRAINT vault_states_pkey PRIMARY KEY (transaction_id, output_index) {changeSet=migration/vault-schema.changelog-v13.xml::vault_transaction_id_size::R3.Corda, databaseChangeLog=master.changelog.json}
?[m?[37m[INFO] 22:15:55,127 [Test worker] changelog.ChangeSet. - Primary key added to vault_states (transaction_id, output_index) {changeSet=migration/vault-schema.changelog-v13.xml::vault_transaction_id_size::R3.Corda, databaseChangeLog=master.changelog.json}
?[m?[37m[INFO] 22:15:55,127 [Test worker] jvm.JdbcExecutor. - CREATE INDEX PUBLIC.transaction_id_index ON PUBLIC.vault_transaction_notes(transaction_id) {changeSet=migration/vault-schema.changelog-v13.xml::vault_transaction_id_size::R3.Corda, databaseChangeLog=master.changelog.json}
?[m?[37m[INFO] 22:15:55,127 [Test worker] changelog.ChangeSet. - Index transaction_id_index created {changeSet=migration/vault-schema.changelog-v13.xml::vault_transaction_id_size::R3.Corda, databaseChangeLog=master.changelog.json}
?[m?[37m[INFO] 22:15:55,127 [Test worker] changelog.ChangeSet. - ChangeSet migration/vault-schema.changelog-v13.xml::vault_transaction_id_size::R3.Corda ran successfully in 27ms {changeSet=migration/vault-schema.changelog-v13.xml::vault_transaction_id_size::R3.Corda, databaseChangeLog=master.changelog.json}
?[m?[37m[INFO] 22:15:55,127 [Test worker] jvm.JdbcExecutor. - SELECT MAX(ORDEREXECUTED) FROM PUBLIC.DATABASECHANGELOG {changeSet=migration/vault-schema.changelog-v13.xml::vault_transaction_id_size::R3.Corda, databaseChangeLog=master.changelog.json}
?[m?[37m[INFO] 22:15:55,129 [Test worker] jvm.JdbcExecutor. - INSERT INTO PUBLIC.DATABASECHANGELOG (ID, AUTHOR, FILENAME, DATEEXECUTED, ORDEREXECUTED, MD5SUM, DESCRIPTION, COMMENTS, EXECTYPE, CONTEXTS, LABELS, LIQUIBASE, DEPLOYMENT_ID) VALUES ('vault_transaction_id_size', 'R3.Corda', 'migration/vault-schema.changelog-v13.xml', NOW(), 94, '8:6251c962c4f12e03040c4fceecdc07e0', 'dropView viewName=v_pkey_hash_ex_id_map; dropForeignKeyConstraint baseTableName=vault_fungible_states_parts, constraintName=FK__fung_st_parts__fung_st; dropForeignKeyConstraint baseTableName=vault_linear_states_parts, constraintName=FK__lin_stat_p...', '', 'EXECUTED', NULL, NULL, '3.6.3', '8452955094') {changeSet=migration/vault-schema.changelog-v13.xml::vault_transaction_id_size::R3.Corda, databaseChangeLog=master.changelog.json}
?[m?[37m[INFO] 22:15:55,132 [Test worker] jvm.JdbcExecutor. - INSERT INTO PUBLIC.DATABASECHANGELOG (ID, AUTHOR, FILENAME, DATEEXECUTED, ORDEREXECUTED, MD5SUM, DESCRIPTION, COMMENTS, EXECTYPE, CONTEXTS, LABELS, LIQUIBASE, DEPLOYMENT_ID) VALUES ('vault_transaction_id_size_non-clustered_pk-1', 'R3.Corda', 'migration/vault-schema.changelog-v13.xml', NOW(), 95, '8:d9c822bbaf7c5eea4cd2559f94a17eba', 'dropPrimaryKey constraintName=vault_fungible_states_pkey, tableName=vault_fungible_states; addPrimaryKey constraintName=vault_fungible_states_pkey, tableName=vault_fungible_states', '', 'MARK_RAN', NULL, NULL, '3.6.3', '8452955094') {changeSet=migration/vault-schema.changelog-v13.xml::vault_transaction_id_size_non-clustered_pk-1::R3.Corda, databaseChangeLog=master.changelog.json}
?[m?[37m[INFO] 22:15:55,133 [Test worker] jvm.JdbcExecutor. - INSERT INTO PUBLIC.DATABASECHANGELOG (ID, AUTHOR, FILENAME, DATEEXECUTED, ORDEREXECUTED, MD5SUM, DESCRIPTION, COMMENTS, EXECTYPE, CONTEXTS, LABELS, LIQUIBASE, DEPLOYMENT_ID) VALUES ('vault_transaction_id_size_non-clustered_pk-2', 'R3.Corda', 'migration/vault-schema.changelog-v13.xml', NOW(), 96, '8:fb2cd4970e95f7c7936b9754a6438da5', 'dropPrimaryKey constraintName=vault_linear_states_pkey, tableName=vault_linear_states; addPrimaryKey constraintName=vault_linear_states_pkey, tableName=vault_linear_states', '', 'MARK_RAN', NULL, NULL, '3.6.3', '8452955094') {changeSet=migration/vault-schema.changelog-v13.xml::vault_transaction_id_size_non-clustered_pk-2::R3.Corda, databaseChangeLog=master.changelog.json}
?[m?[37m[INFO] 22:15:55,135 [Test worker] jvm.JdbcExecutor. - INSERT INTO PUBLIC.DATABASECHANGELOG (ID, AUTHOR, FILENAME, DATEEXECUTED, ORDEREXECUTED, MD5SUM, DESCRIPTION, COMMENTS, EXECTYPE, CONTEXTS, LABELS, LIQUIBASE, DEPLOYMENT_ID) VALUES ('vault_transaction_id_size_non-clustered_pk-3', 'R3.Corda', 'migration/vault-schema.changelog-v13.xml', NOW(), 97, '8:54bd9c17ce296bb02c369a5cfbedd866', 'dropPrimaryKey constraintName=vault_states_pkey, tableName=vault_states; addPrimaryKey constraintName=vault_states_pkey, tableName=vault_states', '', 'MARK_RAN', NULL, NULL, '3.6.3', '8452955094') {changeSet=migration/vault-schema.changelog-v13.xml::vault_transaction_id_size_non-clustered_pk-3::R3.Corda, databaseChangeLog=master.changelog.json}
?[m?[37m[INFO] 22:15:55,136 [Test worker] jvm.JdbcExecutor. - ALTER TABLE PUBLIC.vault_fungible_states_parts ADD CONSTRAINT FK__fung_st_parts__fung_st FOREIGN KEY (transaction_id, output_index) REFERENCES PUBLIC.vault_fungible_states (transaction_id, output_index) {changeSet=migration/vault-schema.changelog-v13.xml::vault_transaction_id_size_2::R3.Corda, databaseChangeLog=master.changelog.json}
?[m?[37m[INFO] 22:15:55,137 [Test worker] changelog.ChangeSet. - Foreign key constraint added to vault_fungible_states_parts (transaction_id,output_index) {changeSet=migration/vault-schema.changelog-v13.xml::vault_transaction_id_size_2::R3.Corda, databaseChangeLog=master.changelog.json}
?[m?[37m[INFO] 22:15:55,137 [Test worker] jvm.JdbcExecutor. - ALTER TABLE PUBLIC.vault_linear_states_parts ADD CONSTRAINT FK__lin_stat_parts__lin_stat FOREIGN KEY (transaction_id, output_index) REFERENCES PUBLIC.vault_linear_states (transaction_id, output_index) {changeSet=migration/vault-schema.changelog-v13.xml::vault_transaction_id_size_2::R3.Corda, databaseChangeLog=master.changelog.json}
?[m?[37m[INFO] 22:15:55,138 [Test worker] changelog.ChangeSet. - Foreign key constraint added to vault_linear_states_parts (transaction_id,output_index) {changeSet=migration/vault-schema.changelog-v13.xml::vault_transaction_id_size_2::R3.Corda, databaseChangeLog=master.changelog.json}
?[m?[37m[INFO] 22:15:55,139 [Test worker] jvm.JdbcExecutor. - CREATE VIEW PUBLIC.v_pkey_hash_ex_id_map AS select
            state_party.public_key_hash,
            state_party.transaction_id,
            state_party.output_index,
            pk_hash_to_ext_id_map.external_id
            from state_party
            join pk_hash_to_ext_id_map
            on state_party.public_key_hash = pk_hash_to_ext_id_map.public_key_hash {changeSet=migration/vault-schema.changelog-v13.xml::vault_transaction_id_size_2::R3.Corda, databaseChangeLog=master.changelog.json}
?[m?[37m[INFO] 22:15:55,140 [Test worker] changelog.ChangeSet. - View v_pkey_hash_ex_id_map created {changeSet=migration/vault-schema.changelog-v13.xml::vault_transaction_id_size_2::R3.Corda, databaseChangeLog=master.changelog.json}
?[m?[37m[INFO] 22:15:55,140 [Test worker] changelog.ChangeSet. - ChangeSet migration/vault-schema.changelog-v13.xml::vault_transaction_id_size_2::R3.Corda ran successfully in 4ms {changeSet=migration/vault-schema.changelog-v13.xml::vault_transaction_id_size_2::R3.Corda, databaseChangeLog=master.changelog.json}
?[m?[37m[INFO] 22:15:55,141 [Test worker] jvm.JdbcExecutor. - INSERT INTO PUBLIC.DATABASECHANGELOG (ID, AUTHOR, FILENAME, DATEEXECUTED, ORDEREXECUTED, MD5SUM, DESCRIPTION, COMMENTS, EXECTYPE, CONTEXTS, LABELS, LIQUIBASE, DEPLOYMENT_ID) VALUES ('vault_transaction_id_size_2', 'R3.Corda', 'migration/vault-schema.changelog-v13.xml', NOW(), 98, '8:39d3cb14fba7c771c1fd93a8ec497365', 'addForeignKeyConstraint baseTableName=vault_fungible_states_parts, constraintName=FK__fung_st_parts__fung_st, referencedTableName=vault_fungible_states; addForeignKeyConstraint baseTableName=vault_linear_states_parts, constraintName=FK__lin_stat_p...', '', 'EXECUTED', NULL, NULL, '3.6.3', '8452955094') {changeSet=migration/vault-schema.changelog-v13.xml::vault_transaction_id_size_2::R3.Corda, databaseChangeLog=master.changelog.json}
?[m?[37m[INFO] 22:15:55,143 [Test worker] jvm.JdbcExecutor. - ALTER TABLE PUBLIC.node_identities_no_cert ADD owning_pk_hash NVARCHAR(130) {changeSet=migration/node-services.changelog-init.xml::identity_service_key_rotation::R3.Corda, databaseChangeLog=master.changelog.json}
?[m?[37m[INFO] 22:15:55,145 [Test worker] changelog.ChangeSet. - Columns owning_pk_hash(NVARCHAR(130)) added to node_identities_no_cert {changeSet=migration/node-services.changelog-init.xml::identity_service_key_rotation::R3.Corda, databaseChangeLog=master.changelog.json}
?[m?[37m[INFO] 22:15:55,145 [Test worker] jvm.JdbcExecutor. - UPDATE node_identities_no_cert SET owning_pk_hash =
            (SELECT pk_hash FROM node_named_identities WHERE node_named_identities.name = node_identities_no_cert.name) {changeSet=migration/node-services.changelog-init.xml::identity_service_key_rotation::R3.Corda, databaseChangeLog=master.changelog.json}
?[m?[37m[INFO] 22:15:55,146 [Test worker] changelog.ChangeSet. - Custom SQL executed {changeSet=migration/node-services.changelog-init.xml::identity_service_key_rotation::R3.Corda, databaseChangeLog=master.changelog.json}
?[m?[37m[INFO] 22:15:55,146 [Test worker] jvm.JdbcExecutor. - UPDATE node_identities_no_cert SET owning_pk_hash = 'unresolved' WHERE owning_pk_hash IS NULL {changeSet=migration/node-services.changelog-init.xml::identity_service_key_rotation::R3.Corda, databaseChangeLog=master.changelog.json}
?[m?[37m[INFO] 22:15:55,146 [Test worker] changelog.ChangeSet. - Custom SQL executed {changeSet=migration/node-services.changelog-init.xml::identity_service_key_rotation::R3.Corda, databaseChangeLog=master.changelog.json}
?[m?[37m[INFO] 22:15:55,146 [Test worker] jvm.JdbcExecutor. - ALTER TABLE PUBLIC.node_identities_no_cert ALTER COLUMN owning_pk_hash SET NOT NULL {changeSet=migration/node-services.changelog-init.xml::identity_service_key_rotation::R3.Corda, databaseChangeLog=master.changelog.json}
?[m?[37m[INFO] 22:15:55,147 [Test worker] changelog.ChangeSet. - NOT NULL constraint has been added to node_identities_no_cert.owning_pk_hash {changeSet=migration/node-services.changelog-init.xml::identity_service_key_rotation::R3.Corda, databaseChangeLog=master.changelog.json}
?[m?[37m[INFO] 22:15:55,147 [Test worker] jvm.JdbcExecutor. - DROP TABLE PUBLIC.node_named_identities {changeSet=migration/node-services.changelog-init.xml::identity_service_key_rotation::R3.Corda, databaseChangeLog=master.changelog.json}
?[m?[37m[INFO] 22:15:55,148 [Test worker] changelog.ChangeSet. - Table node_named_identities dropped {changeSet=migration/node-services.changelog-init.xml::identity_service_key_rotation::R3.Corda, databaseChangeLog=master.changelog.json}
?[m?[37m[INFO] 22:15:55,148 [Test worker] changelog.ChangeSet. - ChangeSet migration/node-services.changelog-init.xml::identity_service_key_rotation::R3.Corda ran successfully in 6ms {changeSet=migration/node-services.changelog-init.xml::identity_service_key_rotation::R3.Corda, databaseChangeLog=master.changelog.json}
?[m?[37m[INFO] 22:15:55,149 [Test worker] jvm.JdbcExecutor. - INSERT INTO PUBLIC.DATABASECHANGELOG (ID, AUTHOR, FILENAME, DATEEXECUTED, ORDEREXECUTED, MD5SUM, DESCRIPTION, COMMENTS, EXECTYPE, CONTEXTS, LABELS, LIQUIBASE, DEPLOYMENT_ID) VALUES ('identity_service_key_rotation', 'R3.Corda', 'migration/node-services.changelog-init.xml', NOW(), 99, '8:45514f858c3ac818303f4ef9950eda23', 'addColumn tableName=node_identities_no_cert; sql; sql; addNotNullConstraint columnName=owning_pk_hash, tableName=node_identities_no_cert; dropTable tableName=node_named_identities', '', 'EXECUTED', NULL, NULL, '3.6.3', '8452955094') {changeSet=migration/node-services.changelog-init.xml::identity_service_key_rotation::R3.Corda, databaseChangeLog=master.changelog.json}
?[m?[37m[INFO] 22:15:55,150 [Test worker] jvm.JdbcExecutor. - DROP TABLE PUBLIC.node_checkpoints {changeSet=migration/node-services.changelog-init.xml::add_new_checkpoints_table::R3.Corda, databaseChangeLog=master.changelog.json}
?[m?[37m[INFO] 22:15:55,151 [Test worker] changelog.ChangeSet. - Table node_checkpoints dropped {changeSet=migration/node-services.changelog-init.xml::add_new_checkpoints_table::R3.Corda, databaseChangeLog=master.changelog.json}
?[m?[37m[INFO] 22:15:55,151 [Test worker] jvm.JdbcExecutor. - CREATE TABLE PUBLIC.node_checkpoints (flow_id NVARCHAR(64) NOT NULL, status INT NOT NULL, compatible BOOLEAN NOT NULL, progress_step NVARCHAR(256), flow_io_request NVARCHAR(128), timestamp TIMESTAMP NOT NULL) {changeSet=migration/node-services.changelog-init.xml::add_new_checkpoints_table::R3.Corda, databaseChangeLog=master.changelog.json}
?[m?[37m[INFO] 22:15:55,152 [Test worker] changelog.ChangeSet. - Table node_checkpoints created {changeSet=migration/node-services.changelog-init.xml::add_new_checkpoints_table::R3.Corda, databaseChangeLog=master.changelog.json}
?[m?[37m[INFO] 22:15:55,152 [Test worker] changelog.ChangeSet. - ChangeSet migration/node-services.changelog-init.xml::add_new_checkpoints_table::R3.Corda ran successfully in 2ms {changeSet=migration/node-services.changelog-init.xml::add_new_checkpoints_table::R3.Corda, databaseChangeLog=master.changelog.json}
?[m?[37m[INFO] 22:15:55,152 [Test worker] jvm.JdbcExecutor. - INSERT INTO PUBLIC.DATABASECHANGELOG (ID, AUTHOR, FILENAME, DATEEXECUTED, ORDEREXECUTED, MD5SUM, DESCRIPTION, COMMENTS, EXECTYPE, CONTEXTS, LABELS, LIQUIBASE, DEPLOYMENT_ID) VALUES ('add_new_checkpoints_table', 'R3.Corda', 'migration/node-services.changelog-init.xml', NOW(), 100, '8:cc00474f248a40e330cf0f42c5b7e1a6', 'dropTable tableName=node_checkpoints; createTable tableName=node_checkpoints', '', 'EXECUTED', NULL, NULL, '3.6.3', '8452955094') {changeSet=migration/node-services.changelog-init.xml::add_new_checkpoints_table::R3.Corda, databaseChangeLog=master.changelog.json}
?[m?[37m[INFO] 22:15:55,154 [Test worker] jvm.JdbcExecutor. - CREATE TABLE PUBLIC.node_checkpoint_blobs (flow_id NVARCHAR(64) NOT NULL, checkpoint_value BLOB NOT NULL, flow_state BLOB, timestamp TIMESTAMP NOT NULL, hmac VARBINARY(32) NOT NULL) {changeSet=migration/node-services.changelog-init.xml::add_new_checkpoint_blob_table::R3.Corda, databaseChangeLog=master.changelog.json}
?[m?[37m[INFO] 22:15:55,154 [Test worker] changelog.ChangeSet. - Table node_checkpoint_blobs created {changeSet=migration/node-services.changelog-init.xml::add_new_checkpoint_blob_table::R3.Corda, databaseChangeLog=master.changelog.json}
?[m?[37m[INFO] 22:15:55,154 [Test worker] changelog.ChangeSet. - ChangeSet migration/node-services.changelog-init.xml::add_new_checkpoint_blob_table::R3.Corda ran successfully in 1ms {changeSet=migration/node-services.changelog-init.xml::add_new_checkpoint_blob_table::R3.Corda, databaseChangeLog=master.changelog.json}
?[m?[37m[INFO] 22:15:55,155 [Test worker] jvm.JdbcExecutor. - INSERT INTO PUBLIC.DATABASECHANGELOG (ID, AUTHOR, FILENAME, DATEEXECUTED, ORDEREXECUTED, MD5SUM, DESCRIPTION, COMMENTS, EXECTYPE, CONTEXTS, LABELS, LIQUIBASE, DEPLOYMENT_ID) VALUES ('add_new_checkpoint_blob_table', 'R3.Corda', 'migration/node-services.changelog-init.xml', NOW(), 101, '8:e973d6b794fe4753423964b13fe9fbe6', 'createTable tableName=node_checkpoint_blobs', '', 'EXECUTED', NULL, NULL, '3.6.3', '8452955094') {changeSet=migration/node-services.changelog-init.xml::add_new_checkpoint_blob_table::R3.Corda, databaseChangeLog=master.changelog.json}
?[m?[37m[INFO] 22:15:55,157 [Test worker] jvm.JdbcExecutor. - CREATE TABLE PUBLIC.node_flow_results (flow_id NVARCHAR(64) NOT NULL, result_value BLOB, timestamp TIMESTAMP NOT NULL) {changeSet=migration/node-services.changelog-init.xml::add_new_flow_result_table::R3.Corda, databaseChangeLog=master.changelog.json}
?[m?[37m[INFO] 22:15:55,157 [Test worker] changelog.ChangeSet. - Table node_flow_results created {changeSet=migration/node-services.changelog-init.xml::add_new_flow_result_table::R3.Corda, databaseChangeLog=master.changelog.json}
?[m?[37m[INFO] 22:15:55,157 [Test worker] changelog.ChangeSet. - ChangeSet migration/node-services.changelog-init.xml::add_new_flow_result_table::R3.Corda ran successfully in 1ms {changeSet=migration/node-services.changelog-init.xml::add_new_flow_result_table::R3.Corda, databaseChangeLog=master.changelog.json}
?[m?[37m[INFO] 22:15:55,158 [Test worker] jvm.JdbcExecutor. - INSERT INTO PUBLIC.DATABASECHANGELOG (ID, AUTHOR, FILENAME, DATEEXECUTED, ORDEREXECUTED, MD5SUM, DESCRIPTION, COMMENTS, EXECTYPE, CONTEXTS, LABELS, LIQUIBASE, DEPLOYMENT_ID) VALUES ('add_new_flow_result_table', 'R3.Corda', 'migration/node-services.changelog-init.xml', NOW(), 102, '8:79f1c80610f26db24d6ab757f57e68b7', 'createTable tableName=node_flow_results', '', 'EXECUTED', NULL, NULL, '3.6.3', '8452955094') {changeSet=migration/node-services.changelog-init.xml::add_new_flow_result_table::R3.Corda, databaseChangeLog=master.changelog.json}
?[m?[37m[INFO] 22:15:55,159 [Test worker] jvm.JdbcExecutor. - CREATE TABLE PUBLIC.node_flow_exceptions (flow_id NVARCHAR(64) NOT NULL, type NVARCHAR(256) NOT NULL, exception_message NVARCHAR(2000), stack_trace NVARCHAR(2000) NOT NULL, exception_value BLOB, timestamp TIMESTAMP NOT NULL) {changeSet=migration/node-services.changelog-init.xml::add_new_flow_exceptions_table::R3.Corda, databaseChangeLog=master.changelog.json}
?[m?[37m[INFO] 22:15:55,160 [Test worker] changelog.ChangeSet. - Table node_flow_exceptions created {changeSet=migration/node-services.changelog-init.xml::add_new_flow_exceptions_table::R3.Corda, databaseChangeLog=master.changelog.json}
?[m?[37m[INFO] 22:15:55,160 [Test worker] changelog.ChangeSet. - ChangeSet migration/node-services.changelog-init.xml::add_new_flow_exceptions_table::R3.Corda ran successfully in 1ms {changeSet=migration/node-services.changelog-init.xml::add_new_flow_exceptions_table::R3.Corda, databaseChangeLog=master.changelog.json}
?[m?[37m[INFO] 22:15:55,161 [Test worker] jvm.JdbcExecutor. - INSERT INTO PUBLIC.DATABASECHANGELOG (ID, AUTHOR, FILENAME, DATEEXECUTED, ORDEREXECUTED, MD5SUM, DESCRIPTION, COMMENTS, EXECTYPE, CONTEXTS, LABELS, LIQUIBASE, DEPLOYMENT_ID) VALUES ('add_new_flow_exceptions_table', 'R3.Corda', 'migration/node-services.changelog-init.xml', NOW(), 103, '8:fb0d523c5cf42025c566f105731b34a2', 'createTable tableName=node_flow_exceptions', '', 'EXECUTED', NULL, NULL, '3.6.3', '8452955094') {changeSet=migration/node-services.changelog-init.xml::add_new_flow_exceptions_table::R3.Corda, databaseChangeLog=master.changelog.json}
?[m?[37m[INFO] 22:15:55,162 [Test worker] jvm.JdbcExecutor. - CREATE TABLE PUBLIC.node_flow_metadata (flow_id NVARCHAR(64) NOT NULL, invocation_id NVARCHAR(128) NOT NULL, flow_name NVARCHAR(128) NOT NULL, flow_identifier NVARCHAR(512), started_type INT NOT NULL, flow_parameters BLOB NOT NULL, cordapp_name NVARCHAR(128) NOT NULL, platform_version INT NOT NULL, started_by NVARCHAR(128) NOT NULL, invocation_time TIMESTAMP NOT NULL, start_time TIMESTAMP NOT NULL, finish_time TIMESTAMP) {changeSet=migration/node-services.changelog-init.xml::add_new_flow_metadata_table::R3.Corda, databaseChangeLog=master.changelog.json}
?[m?[37m[INFO] 22:15:55,163 [Test worker] changelog.ChangeSet. - Table node_flow_metadata created {changeSet=migration/node-services.changelog-init.xml::add_new_flow_metadata_table::R3.Corda, databaseChangeLog=master.changelog.json}
?[m?[37m[INFO] 22:15:55,163 [Test worker] changelog.ChangeSet. - ChangeSet migration/node-services.changelog-init.xml::add_new_flow_metadata_table::R3.Corda ran successfully in 1ms {changeSet=migration/node-services.changelog-init.xml::add_new_flow_metadata_table::R3.Corda, databaseChangeLog=master.changelog.json}
?[m?[37m[INFO] 22:15:55,164 [Test worker] jvm.JdbcExecutor. - INSERT INTO PUBLIC.DATABASECHANGELOG (ID, AUTHOR, FILENAME, DATEEXECUTED, ORDEREXECUTED, MD5SUM, DESCRIPTION, COMMENTS, EXECTYPE, CONTEXTS, LABELS, LIQUIBASE, DEPLOYMENT_ID) VALUES ('add_new_flow_metadata_table', 'R3.Corda', 'migration/node-services.changelog-init.xml', NOW(), 104, '8:edede3ddf0425fb6d012735a7415013e', 'createTable tableName=node_flow_metadata', '', 'EXECUTED', NULL, NULL, '3.6.3', '8452955094') {changeSet=migration/node-services.changelog-init.xml::add_new_flow_metadata_table::R3.Corda, databaseChangeLog=master.changelog.json}
?[m?[37m[INFO] 22:15:55,166 [Test worker] jvm.JdbcExecutor. - ALTER TABLE PUBLIC.node_checkpoints ADD CONSTRAINT node_checkpoints_pk PRIMARY KEY (flow_id) {changeSet=migration/node-services.changelog-init.xml::add_new_checkpoint_schema_primary_keys-h2_postgres_oracle::R3.Corda, databaseChangeLog=master.changelog.json}
?[m?[37m[INFO] 22:15:55,166 [Test worker] changelog.ChangeSet. - Primary key added to node_checkpoints (flow_id) {changeSet=migration/node-services.changelog-init.xml::add_new_checkpoint_schema_primary_keys-h2_postgres_oracle::R3.Corda, databaseChangeLog=master.changelog.json}
?[m?[37m[INFO] 22:15:55,166 [Test worker] changelog.ChangeSet. - ChangeSet migration/node-services.changelog-init.xml::add_new_checkpoint_schema_primary_keys-h2_postgres_oracle::R3.Corda ran successfully in 1ms {changeSet=migration/node-services.changelog-init.xml::add_new_checkpoint_schema_primary_keys-h2_postgres_oracle::R3.Corda, databaseChangeLog=master.changelog.json}
?[m?[37m[INFO] 22:15:55,167 [Test worker] jvm.JdbcExecutor. - INSERT INTO PUBLIC.DATABASECHANGELOG (ID, AUTHOR, FILENAME, DATEEXECUTED, ORDEREXECUTED, MD5SUM, DESCRIPTION, COMMENTS, EXECTYPE, CONTEXTS, LABELS, LIQUIBASE, DEPLOYMENT_ID) VALUES ('add_new_checkpoint_schema_primary_keys-h2_postgres_oracle', 'R3.Corda', 'migration/node-services.changelog-init.xml', NOW(), 105, '8:23141f3e3b5917c1cd0196f7b03b8f71', 'addPrimaryKey constraintName=node_checkpoints_pk, tableName=node_checkpoints', '', 'EXECUTED', NULL, NULL, '3.6.3', '8452955094') {changeSet=migration/node-services.changelog-init.xml::add_new_checkpoint_schema_primary_keys-h2_postgres_oracle::R3.Corda, databaseChangeLog=master.changelog.json}
?[m?[37m[INFO] 22:15:55,168 [Test worker] jvm.JdbcExecutor. - CREATE UNIQUE INDEX PUBLIC.node_checkpoint_blobs_idx ON PUBLIC.node_checkpoint_blobs(flow_id) {changeSet=migration/node-services.changelog-init.xml::add_new_checkpoint_schema_indexes::R3.Corda, databaseChangeLog=master.changelog.json}
?[m?[37m[INFO] 22:15:55,169 [Test worker] changelog.ChangeSet. - Index node_checkpoint_blobs_idx created {changeSet=migration/node-services.changelog-init.xml::add_new_checkpoint_schema_indexes::R3.Corda, databaseChangeLog=master.changelog.json}
?[m?[37m[INFO] 22:15:55,169 [Test worker] jvm.JdbcExecutor. - CREATE UNIQUE INDEX PUBLIC.node_flow_results_idx ON PUBLIC.node_flow_results(flow_id) {changeSet=migration/node-services.changelog-init.xml::add_new_checkpoint_schema_indexes::R3.Corda, databaseChangeLog=master.changelog.json}
?[m?[37m[INFO] 22:15:55,170 [Test worker] changelog.ChangeSet. - Index node_flow_results_idx created {changeSet=migration/node-services.changelog-init.xml::add_new_checkpoint_schema_indexes::R3.Corda, databaseChangeLog=master.changelog.json}
?[m?[37m[INFO] 22:15:55,170 [Test worker] jvm.JdbcExecutor. - CREATE UNIQUE INDEX PUBLIC.node_flow_exceptions_idx ON PUBLIC.node_flow_exceptions(flow_id) {changeSet=migration/node-services.changelog-init.xml::add_new_checkpoint_schema_indexes::R3.Corda, databaseChangeLog=master.changelog.json}
?[m?[37m[INFO] 22:15:55,171 [Test worker] changelog.ChangeSet. - Index node_flow_exceptions_idx created {changeSet=migration/node-services.changelog-init.xml::add_new_checkpoint_schema_indexes::R3.Corda, databaseChangeLog=master.changelog.json}
?[m?[37m[INFO] 22:15:55,171 [Test worker] jvm.JdbcExecutor. - CREATE UNIQUE INDEX PUBLIC.node_flow_metadata_idx ON PUBLIC.node_flow_metadata(flow_id) {changeSet=migration/node-services.changelog-init.xml::add_new_checkpoint_schema_indexes::R3.Corda, databaseChangeLog=master.changelog.json}
?[m?[37m[INFO] 22:15:55,172 [Test worker] changelog.ChangeSet. - Index node_flow_metadata_idx created {changeSet=migration/node-services.changelog-init.xml::add_new_checkpoint_schema_indexes::R3.Corda, databaseChangeLog=master.changelog.json}
?[m?[37m[INFO] 22:15:55,172 [Test worker] changelog.ChangeSet. - ChangeSet migration/node-services.changelog-init.xml::add_new_checkpoint_schema_indexes::R3.Corda ran successfully in 4ms {changeSet=migration/node-services.changelog-init.xml::add_new_checkpoint_schema_indexes::R3.Corda, databaseChangeLog=master.changelog.json}
?[m?[37m[INFO] 22:15:55,173 [Test worker] jvm.JdbcExecutor. - INSERT INTO PUBLIC.DATABASECHANGELOG (ID, AUTHOR, FILENAME, DATEEXECUTED, ORDEREXECUTED, MD5SUM, DESCRIPTION, COMMENTS, EXECTYPE, CONTEXTS, LABELS, LIQUIBASE, DEPLOYMENT_ID) VALUES ('add_new_checkpoint_schema_indexes', 'R3.Corda', 'migration/node-services.changelog-init.xml', NOW(), 106, '8:56612ddd39f61523990e27c1b429f467', 'createIndex indexName=node_checkpoint_blobs_idx, tableName=node_checkpoint_blobs; createIndex indexName=node_flow_results_idx, tableName=node_flow_results; createIndex indexName=node_flow_exceptions_idx, tableName=node_flow_exceptions; createIndex...', '', 'EXECUTED', NULL, NULL, '3.6.3', '8452955094') {changeSet=migration/node-services.changelog-init.xml::add_new_checkpoint_schema_indexes::R3.Corda, databaseChangeLog=master.changelog.json}
?[m?[37m[INFO] 22:15:55,175 [Test worker] jvm.JdbcExecutor. - ALTER TABLE PUBLIC.node_transactions DROP PRIMARY KEY {changeSet=migration/node-core.changelog-v21.xml::node_transaction_id_size::R3.Corda, databaseChangeLog=master.changelog.json}
?[m?[37m[INFO] 22:15:55,176 [Test worker] changelog.ChangeSet. - Primary key dropped from node_transactions {changeSet=migration/node-core.changelog-v21.xml::node_transaction_id_size::R3.Corda, databaseChangeLog=master.changelog.json}
?[m?[37m[INFO] 22:15:55,176 [Test worker] jvm.JdbcExecutor. - ALTER TABLE PUBLIC.node_scheduled_states DROP PRIMARY KEY {changeSet=migration/node-core.changelog-v21.xml::node_transaction_id_size::R3.Corda, databaseChangeLog=master.changelog.json}
?[m?[37m[INFO] 22:15:55,177 [Test worker] changelog.ChangeSet. - Primary key dropped from node_scheduled_states {changeSet=migration/node-core.changelog-v21.xml::node_transaction_id_size::R3.Corda, databaseChangeLog=master.changelog.json}
?[m?[37m[INFO] 22:15:55,177 [Test worker] jvm.JdbcExecutor. - ALTER TABLE PUBLIC.node_transactions ALTER COLUMN tx_id SET NULL {changeSet=migration/node-core.changelog-v21.xml::node_transaction_id_size::R3.Corda, databaseChangeLog=master.changelog.json}
?[m?[37m[INFO] 22:15:55,178 [Test worker] changelog.ChangeSet. - Null constraint dropped from node_transactions.tx_id {changeSet=migration/node-core.changelog-v21.xml::node_transaction_id_size::R3.Corda, databaseChangeLog=master.changelog.json}
?[m?[37m[INFO] 22:15:55,178 [Test worker] jvm.JdbcExecutor. - ALTER TABLE PUBLIC.node_scheduled_states ALTER COLUMN transaction_id SET NULL {changeSet=migration/node-core.changelog-v21.xml::node_transaction_id_size::R3.Corda, databaseChangeLog=master.changelog.json}
?[m?[37m[INFO] 22:15:55,178 [Test worker] changelog.ChangeSet. - Null constraint dropped from node_scheduled_states.transaction_id {changeSet=migration/node-core.changelog-v21.xml::node_transaction_id_size::R3.Corda, databaseChangeLog=master.changelog.json}
?[m?[37m[INFO] 22:15:55,179 [Test worker] jvm.JdbcExecutor. - ALTER TABLE PUBLIC.node_transactions ALTER COLUMN tx_id NVARCHAR(144) {changeSet=migration/node-core.changelog-v21.xml::node_transaction_id_size::R3.Corda, databaseChangeLog=master.changelog.json}
?[m?[37m[INFO] 22:15:55,181 [Test worker] changelog.ChangeSet. - node_transactions.tx_id datatype was changed to NVARCHAR(144) {changeSet=migration/node-core.changelog-v21.xml::node_transaction_id_size::R3.Corda, databaseChangeLog=master.changelog.json}
?[m?[37m[INFO] 22:15:55,182 [Test worker] jvm.JdbcExecutor. - ALTER TABLE PUBLIC.node_scheduled_states ALTER COLUMN transaction_id NVARCHAR(144) {changeSet=migration/node-core.changelog-v21.xml::node_transaction_id_size::R3.Corda, databaseChangeLog=master.changelog.json}
?[m?[37m[INFO] 22:15:55,184 [Test worker] changelog.ChangeSet. - node_scheduled_states.transaction_id datatype was changed to NVARCHAR(144) {changeSet=migration/node-core.changelog-v21.xml::node_transaction_id_size::R3.Corda, databaseChangeLog=master.changelog.json}
?[m?[37m[INFO] 22:15:55,184 [Test worker] jvm.JdbcExecutor. - ALTER TABLE PUBLIC.node_transactions ALTER COLUMN tx_id SET NOT NULL {changeSet=migration/node-core.changelog-v21.xml::node_transaction_id_size::R3.Corda, databaseChangeLog=master.changelog.json}
?[m?[37m[INFO] 22:15:55,185 [Test worker] changelog.ChangeSet. - NOT NULL constraint has been added to node_transactions.tx_id {changeSet=migration/node-core.changelog-v21.xml::node_transaction_id_size::R3.Corda, databaseChangeLog=master.changelog.json}
?[m?[37m[INFO] 22:15:55,185 [Test worker] jvm.JdbcExecutor. - ALTER TABLE PUBLIC.node_scheduled_states ALTER COLUMN transaction_id SET NOT NULL {changeSet=migration/node-core.changelog-v21.xml::node_transaction_id_size::R3.Corda, databaseChangeLog=master.changelog.json}
?[m?[37m[INFO] 22:15:55,186 [Test worker] changelog.ChangeSet. - NOT NULL constraint has been added to node_scheduled_states.transaction_id {changeSet=migration/node-core.changelog-v21.xml::node_transaction_id_size::R3.Corda, databaseChangeLog=master.changelog.json}
?[m?[37m[INFO] 22:15:55,186 [Test worker] jvm.JdbcExecutor. - ALTER TABLE PUBLIC.node_transactions ADD CONSTRAINT node_transactions_pkey PRIMARY KEY (tx_id) {changeSet=migration/node-core.changelog-v21.xml::node_transaction_id_size::R3.Corda, databaseChangeLog=master.changelog.json}
?[m?[37m[INFO] 22:15:55,187 [Test worker] changelog.ChangeSet. - Primary key added to node_transactions (tx_id) {changeSet=migration/node-core.changelog-v21.xml::node_transaction_id_size::R3.Corda, databaseChangeLog=master.changelog.json}
?[m?[37m[INFO] 22:15:55,187 [Test worker] jvm.JdbcExecutor. - ALTER TABLE PUBLIC.node_scheduled_states ADD CONSTRAINT node_scheduled_states_pkey PRIMARY KEY (output_index, transaction_id) {changeSet=migration/node-core.changelog-v21.xml::node_transaction_id_size::R3.Corda, databaseChangeLog=master.changelog.json}
?[m?[37m[INFO] 22:15:55,188 [Test worker] changelog.ChangeSet. - Primary key added to node_scheduled_states (output_index, transaction_id) {changeSet=migration/node-core.changelog-v21.xml::node_transaction_id_size::R3.Corda, databaseChangeLog=master.changelog.json}
?[m?[37m[INFO] 22:15:55,188 [Test worker] changelog.ChangeSet. - ChangeSet migration/node-core.changelog-v21.xml::node_transaction_id_size::R3.Corda ran successfully in 13ms {changeSet=migration/node-core.changelog-v21.xml::node_transaction_id_size::R3.Corda, databaseChangeLog=master.changelog.json}
?[m?[37m[INFO] 22:15:55,189 [Test worker] jvm.JdbcExecutor. - INSERT INTO PUBLIC.DATABASECHANGELOG (ID, AUTHOR, FILENAME, DATEEXECUTED, ORDEREXECUTED, MD5SUM, DESCRIPTION, COMMENTS, EXECTYPE, CONTEXTS, LABELS, LIQUIBASE, DEPLOYMENT_ID) VALUES ('node_transaction_id_size', 'R3.Corda', 'migration/node-core.changelog-v21.xml', NOW(), 107, '8:9267fdf76dd8a7da392f65d5422718c3', 'dropPrimaryKey constraintName=node_transactions_pkey, tableName=node_transactions; dropPrimaryKey constraintName=node_scheduled_states_pkey, tableName=node_scheduled_states; dropNotNullConstraint columnName=tx_id, tableName=node_transactions; drop...', '', 'EXECUTED', NULL, NULL, '3.6.3', '8452955094') {changeSet=migration/node-core.changelog-v21.xml::node_transaction_id_size::R3.Corda, databaseChangeLog=master.changelog.json}
?[m?[37m[INFO] 22:15:55,191 [Test worker] jvm.JdbcExecutor. - INSERT INTO PUBLIC.DATABASECHANGELOG (ID, AUTHOR, FILENAME, DATEEXECUTED, ORDEREXECUTED, MD5SUM, DESCRIPTION, COMMENTS, EXECTYPE, CONTEXTS, LABELS, LIQUIBASE, DEPLOYMENT_ID) VALUES ('node_transaction_id_size_non-clustered_pk', 'R3.Corda', 'migration/node-core.changelog-v21.xml', NOW(), 108, '8:64773359f27e2f85fe6df6097823ce69', 'dropPrimaryKey constraintName=node_transactions_pkey, tableName=node_transactions; addPrimaryKey constraintName=node_transactions_pkey, tableName=node_transactions', '', 'MARK_RAN', NULL, NULL, '3.6.3', '8452955094') {changeSet=migration/node-core.changelog-v21.xml::node_transaction_id_size_non-clustered_pk::R3.Corda, databaseChangeLog=master.changelog.json}
?[m?[37m[INFO] 22:15:55,193 [Test worker] jvm.JdbcExecutor. - ALTER TABLE PUBLIC.node_contract_upgrades DROP PRIMARY KEY {changeSet=migration/node-core.changelog-v21.xml::node_contract_upgrades_state_ref_size::R3.Corda, databaseChangeLog=master.changelog.json}
?[m?[37m[INFO] 22:15:55,193 [Test worker] changelog.ChangeSet. - Primary key dropped from node_contract_upgrades {changeSet=migration/node-core.changelog-v21.xml::node_contract_upgrades_state_ref_size::R3.Corda, databaseChangeLog=master.changelog.json}
?[m?[37m[INFO] 22:15:55,193 [Test worker] jvm.JdbcExecutor. - ALTER TABLE PUBLIC.node_contract_upgrades ALTER COLUMN state_ref SET NULL {changeSet=migration/node-core.changelog-v21.xml::node_contract_upgrades_state_ref_size::R3.Corda, databaseChangeLog=master.changelog.json}
?[m?[37m[INFO] 22:15:55,194 [Test worker] changelog.ChangeSet. - Null constraint dropped from node_contract_upgrades.state_ref {changeSet=migration/node-core.changelog-v21.xml::node_contract_upgrades_state_ref_size::R3.Corda, databaseChangeLog=master.changelog.json}
?[m?[37m[INFO] 22:15:55,194 [Test worker] jvm.JdbcExecutor. - ALTER TABLE PUBLIC.node_contract_upgrades ALTER COLUMN state_ref NVARCHAR(176) {changeSet=migration/node-core.changelog-v21.xml::node_contract_upgrades_state_ref_size::R3.Corda, databaseChangeLog=master.changelog.json}
?[m?[37m[INFO] 22:15:55,196 [Test worker] changelog.ChangeSet. - node_contract_upgrades.state_ref datatype was changed to NVARCHAR(176) {changeSet=migration/node-core.changelog-v21.xml::node_contract_upgrades_state_ref_size::R3.Corda, databaseChangeLog=master.changelog.json}
?[m?[37m[INFO] 22:15:55,197 [Test worker] jvm.JdbcExecutor. - ALTER TABLE PUBLIC.node_contract_upgrades ALTER COLUMN state_ref SET NOT NULL {changeSet=migration/node-core.changelog-v21.xml::node_contract_upgrades_state_ref_size::R3.Corda, databaseChangeLog=master.changelog.json}
?[m?[37m[INFO] 22:15:55,197 [Test worker] changelog.ChangeSet. - NOT NULL constraint has been added to node_contract_upgrades.state_ref {changeSet=migration/node-core.changelog-v21.xml::node_contract_upgrades_state_ref_size::R3.Corda, databaseChangeLog=master.changelog.json}
?[m?[37m[INFO] 22:15:55,197 [Test worker] jvm.JdbcExecutor. - ALTER TABLE PUBLIC.node_contract_upgrades ADD CONSTRAINT node_contract_upgrades_pkey PRIMARY KEY (state_ref) {changeSet=migration/node-core.changelog-v21.xml::node_contract_upgrades_state_ref_size::R3.Corda, databaseChangeLog=master.changelog.json}
?[m?[37m[INFO] 22:15:55,198 [Test worker] changelog.ChangeSet. - Primary key added to node_contract_upgrades (state_ref) {changeSet=migration/node-core.changelog-v21.xml::node_contract_upgrades_state_ref_size::R3.Corda, databaseChangeLog=master.changelog.json}
?[m?[37m[INFO] 22:15:55,198 [Test worker] changelog.ChangeSet. - ChangeSet migration/node-core.changelog-v21.xml::node_contract_upgrades_state_ref_size::R3.Corda ran successfully in 6ms {changeSet=migration/node-core.changelog-v21.xml::node_contract_upgrades_state_ref_size::R3.Corda, databaseChangeLog=master.changelog.json}
?[m?[37m[INFO] 22:15:55,199 [Test worker] jvm.JdbcExecutor. - INSERT INTO PUBLIC.DATABASECHANGELOG (ID, AUTHOR, FILENAME, DATEEXECUTED, ORDEREXECUTED, MD5SUM, DESCRIPTION, COMMENTS, EXECTYPE, CONTEXTS, LABELS, LIQUIBASE, DEPLOYMENT_ID) VALUES ('node_contract_upgrades_state_ref_size', 'R3.Corda', 'migration/node-core.changelog-v21.xml', NOW(), 109, '8:25a17205698e008ce77364ab975aa8b3', 'dropPrimaryKey constraintName=node_contract_upgrades_pkey, tableName=node_contract_upgrades; dropNotNullConstraint columnName=state_ref, tableName=node_contract_upgrades; modifyDataType columnName=state_ref, tableName=node_contract_upgrades; addNo...', '', 'EXECUTED', NULL, NULL, '3.6.3', '8452955094') {changeSet=migration/node-core.changelog-v21.xml::node_contract_upgrades_state_ref_size::R3.Corda, databaseChangeLog=master.changelog.json}
?[m?[37m[INFO] 22:15:55,202 [Test worker] lockservice.StandardLockService. - Successfully released change log lock
?[m?[37m[INFO] 22:15:55,262 [Test worker] jvm.JdbcExecutor. - SELECT MD5SUM FROM PUBLIC.DATABASECHANGELOG WHERE MD5SUM IS NOT NULL
?[m?[37m[INFO] 22:15:55,263 [Test worker] jvm.JdbcExecutor. - SELECT COUNT(*) FROM PUBLIC.DATABASECHANGELOG
?[m?[37m[INFO] 22:15:55,263 [Test worker] changelog.StandardChangeLogHistoryService. - Reading from PUBLIC.DATABASECHANGELOG
?[m?[37m[INFO] 22:15:55,263 [Test worker] jvm.JdbcExecutor. - SELECT * FROM PUBLIC.DATABASECHANGELOG ORDER BY DATEEXECUTED ASC, ORDEREXECUTED ASC
?[m?[37m[INFO] 22:15:55,266 [Test worker] jvm.JdbcExecutor. - SELECT COUNT(*) FROM PUBLIC.DATABASECHANGELOGLOCK
?[m?[37m[INFO] 22:15:55,266 [Test worker] jvm.JdbcExecutor. - SELECT COUNT(*) FROM PUBLIC.DATABASECHANGELOGLOCK
?[m?[37m[INFO] 22:15:55,273 [Test worker] jvm.JdbcExecutor. - SELECT LOCKED FROM PUBLIC.DATABASECHANGELOGLOCK WHERE ID=1
?[m?[37m[INFO] 22:15:55,274 [Test worker] lockservice.StandardLockService. - Successfully acquired change log lock
?[m?[37m[INFO] 22:15:55,276 [Test worker] jvm.JdbcExecutor. - CREATE TABLE PUBLIC.fungible_token (output_index INT NOT NULL, transaction_id NVARCHAR(64) NOT NULL, amount BIGINT NOT NULL, holder NVARCHAR(255) NOT NULL, issuer NVARCHAR(255) NOT NULL, token_class NVARCHAR(255) NOT NULL, token_identifier NVARCHAR(255) NOT NULL) {changeSet=migration/fungible-token-schema.changelog-init.xml::create_fungible_token_table_id::R3.Corda, databaseChangeLog=master.changelog.json}
?[m?[37m[INFO] 22:15:55,277 [Test worker] changelog.ChangeSet. - Table fungible_token created {changeSet=migration/fungible-token-schema.changelog-init.xml::create_fungible_token_table_id::R3.Corda, databaseChangeLog=master.changelog.json}
?[m?[37m[INFO] 22:15:55,277 [Test worker] changelog.ChangeSet. - ChangeSet migration/fungible-token-schema.changelog-init.xml::create_fungible_token_table_id::R3.Corda ran successfully in 1ms {changeSet=migration/fungible-token-schema.changelog-init.xml::create_fungible_token_table_id::R3.Corda, databaseChangeLog=master.changelog.json}
?[m?[37m[INFO] 22:15:55,277 [Test worker] jvm.JdbcExecutor. - SELECT MAX(ORDEREXECUTED) FROM PUBLIC.DATABASECHANGELOG {changeSet=migration/fungible-token-schema.changelog-init.xml::create_fungible_token_table_id::R3.Corda, databaseChangeLog=master.changelog.json}
?[m?[37m[INFO] 22:15:55,278 [Test worker] jvm.JdbcExecutor. - INSERT INTO PUBLIC.DATABASECHANGELOG (ID, AUTHOR, FILENAME, DATEEXECUTED, ORDEREXECUTED, MD5SUM, DESCRIPTION, COMMENTS, EXECTYPE, CONTEXTS, LABELS, LIQUIBASE, DEPLOYMENT_ID) VALUES ('create_fungible_token_table_id', 'R3.Corda', 'migration/fungible-token-schema.changelog-init.xml', NOW(), 110, '8:708f2a949e8783d30c0cc4b33ea5bfcd', 'createTable tableName=fungible_token', '', 'EXECUTED', NULL, NULL, '3.6.3', '8452955274') {changeSet=migration/fungible-token-schema.changelog-init.xml::create_fungible_token_table_id::R3.Corda, databaseChangeLog=master.changelog.json}
?[m?[37m[INFO] 22:15:55,280 [Test worker] jvm.JdbcExecutor. - ALTER TABLE PUBLIC.fungible_token ADD CONSTRAINT fungible_token_pkey PRIMARY KEY (output_index, transaction_id) {changeSet=migration/fungible-token-schema.changelog-init.xml::fungible_token_pkey_id::R3.Corda, databaseChangeLog=master.changelog.json}
?[m?[37m[INFO] 22:15:55,280 [Test worker] changelog.ChangeSet. - Primary key added to fungible_token (output_index, transaction_id) {changeSet=migration/fungible-token-schema.changelog-init.xml::fungible_token_pkey_id::R3.Corda, databaseChangeLog=master.changelog.json}
?[m?[37m[INFO] 22:15:55,280 [Test worker] changelog.ChangeSet. - ChangeSet migration/fungible-token-schema.changelog-init.xml::fungible_token_pkey_id::R3.Corda ran successfully in 1ms {changeSet=migration/fungible-token-schema.changelog-init.xml::fungible_token_pkey_id::R3.Corda, databaseChangeLog=master.changelog.json}
?[m?[37m[INFO] 22:15:55,281 [Test worker] jvm.JdbcExecutor. - INSERT INTO PUBLIC.DATABASECHANGELOG (ID, AUTHOR, FILENAME, DATEEXECUTED, ORDEREXECUTED, MD5SUM, DESCRIPTION, COMMENTS, EXECTYPE, CONTEXTS, LABELS, LIQUIBASE, DEPLOYMENT_ID) VALUES ('fungible_token_pkey_id', 'R3.Corda', 'migration/fungible-token-schema.changelog-init.xml', NOW(), 111, '8:6a623895e620b0cec9857d9f16bfec15', 'addPrimaryKey constraintName=fungible_token_pkey, tableName=fungible_token', '', 'EXECUTED', NULL, NULL, '3.6.3', '8452955274') {changeSet=migration/fungible-token-schema.changelog-init.xml::fungible_token_pkey_id::R3.Corda, databaseChangeLog=master.changelog.json}
?[m?[37m[INFO] 22:15:55,282 [Test worker] jvm.JdbcExecutor. - CREATE INDEX PUBLIC.amount_idx ON PUBLIC.fungible_token(amount) {changeSet=migration/fungible-token-schema.changelog-init.xml::amount_idx_id::R3.Corda, databaseChangeLog=master.changelog.json}
?[m?[37m[INFO] 22:15:55,282 [Test worker] changelog.ChangeSet. - Index amount_idx created {changeSet=migration/fungible-token-schema.changelog-init.xml::amount_idx_id::R3.Corda, databaseChangeLog=master.changelog.json}
?[m?[37m[INFO] 22:15:55,282 [Test worker] changelog.ChangeSet. - ChangeSet migration/fungible-token-schema.changelog-init.xml::amount_idx_id::R3.Corda ran successfully in 1ms {changeSet=migration/fungible-token-schema.changelog-init.xml::amount_idx_id::R3.Corda, databaseChangeLog=master.changelog.json}
?[m?[37m[INFO] 22:15:55,283 [Test worker] jvm.JdbcExecutor. - INSERT INTO PUBLIC.DATABASECHANGELOG (ID, AUTHOR, FILENAME, DATEEXECUTED, ORDEREXECUTED, MD5SUM, DESCRIPTION, COMMENTS, EXECTYPE, CONTEXTS, LABELS, LIQUIBASE, DEPLOYMENT_ID) VALUES ('amount_idx_id', 'R3.Corda', 'migration/fungible-token-schema.changelog-init.xml', NOW(), 112, '8:1ae6fc41a1462d4038cdb056e384dfa9', 'createIndex indexName=amount_idx, tableName=fungible_token', '', 'EXECUTED', NULL, NULL, '3.6.3', '8452955274') {changeSet=migration/fungible-token-schema.changelog-init.xml::amount_idx_id::R3.Corda, databaseChangeLog=master.changelog.json}
?[m?[37m[INFO] 22:15:55,284 [Test worker] jvm.JdbcExecutor. - CREATE INDEX PUBLIC.held_token_amount_idx ON PUBLIC.fungible_token(token_class, token_identifier) {changeSet=migration/fungible-token-schema.changelog-init.xml::held_token_amount_idx_id::R3.Corda, databaseChangeLog=master.changelog.json}
?[m?[37m[INFO] 22:15:55,284 [Test worker] changelog.ChangeSet. - Index held_token_amount_idx created {changeSet=migration/fungible-token-schema.changelog-init.xml::held_token_amount_idx_id::R3.Corda, databaseChangeLog=master.changelog.json}
?[m?[37m[INFO] 22:15:55,284 [Test worker] changelog.ChangeSet. - ChangeSet migration/fungible-token-schema.changelog-init.xml::held_token_amount_idx_id::R3.Corda ran successfully in 0ms {changeSet=migration/fungible-token-schema.changelog-init.xml::held_token_amount_idx_id::R3.Corda, databaseChangeLog=master.changelog.json}
?[m?[37m[INFO] 22:15:55,285 [Test worker] jvm.JdbcExecutor. - INSERT INTO PUBLIC.DATABASECHANGELOG (ID, AUTHOR, FILENAME, DATEEXECUTED, ORDEREXECUTED, MD5SUM, DESCRIPTION, COMMENTS, EXECTYPE, CONTEXTS, LABELS, LIQUIBASE, DEPLOYMENT_ID) VALUES ('held_token_amount_idx_id', 'R3.Corda', 'migration/fungible-token-schema.changelog-init.xml', NOW(), 113, '8:55ffda313ce1eca16721488c8b35ee79', 'createIndex indexName=held_token_amount_idx, tableName=fungible_token', '', 'EXECUTED', NULL, NULL, '3.6.3', '8452955274') {changeSet=migration/fungible-token-schema.changelog-init.xml::held_token_amount_idx_id::R3.Corda, databaseChangeLog=master.changelog.json}
?[m?[37m[INFO] 22:15:55,287 [Test worker] jvm.JdbcExecutor. - ALTER TABLE PUBLIC.fungible_token ADD holding_key NVARCHAR(64) {changeSet=migration/fungible-token-schema.changelog-1.xml::create_fungible_token_owner_column::R3.Corda, databaseChangeLog=master.changelog.json}
?[m?[37m[INFO] 22:15:55,291 [Test worker] changelog.ChangeSet. - Columns holding_key(NVARCHAR(64)) added to fungible_token {changeSet=migration/fungible-token-schema.changelog-1.xml::create_fungible_token_owner_column::R3.Corda, databaseChangeLog=master.changelog.json}
?[m?[37m[INFO] 22:15:55,291 [Test worker] changelog.ChangeSet. - ChangeSet migration/fungible-token-schema.changelog-1.xml::create_fungible_token_owner_column::R3.Corda ran successfully in 5ms {changeSet=migration/fungible-token-schema.changelog-1.xml::create_fungible_token_owner_column::R3.Corda, databaseChangeLog=master.changelog.json}
?[m?[37m[INFO] 22:15:55,292 [Test worker] jvm.JdbcExecutor. - INSERT INTO PUBLIC.DATABASECHANGELOG (ID, AUTHOR, FILENAME, DATEEXECUTED, ORDEREXECUTED, MD5SUM, DESCRIPTION, COMMENTS, EXECTYPE, CONTEXTS, LABELS, LIQUIBASE, DEPLOYMENT_ID) VALUES ('create_fungible_token_owner_column', 'R3.Corda', 'migration/fungible-token-schema.changelog-1.xml', NOW(), 114, '8:96ca96f1426465990f153b138b0dad7a', 'addColumn tableName=fungible_token', '', 'EXECUTED', NULL, NULL, '3.6.3', '8452955274') {changeSet=migration/fungible-token-schema.changelog-1.xml::create_fungible_token_owner_column::R3.Corda, databaseChangeLog=master.changelog.json}
?[m?[37m[INFO] 22:15:55,293 [Test worker] jvm.JdbcExecutor. - CREATE INDEX PUBLIC.holding_key_idx ON PUBLIC.fungible_token(holding_key) {changeSet=migration/fungible-token-schema.changelog-1.xml::create_holding_key_idx::R3.Corda, databaseChangeLog=master.changelog.json}
?[m?[37m[INFO] 22:15:55,294 [Test worker] changelog.ChangeSet. - Index holding_key_idx created {changeSet=migration/fungible-token-schema.changelog-1.xml::create_holding_key_idx::R3.Corda, databaseChangeLog=master.changelog.json}
?[m?[37m[INFO] 22:15:55,294 [Test worker] changelog.ChangeSet. - ChangeSet migration/fungible-token-schema.changelog-1.xml::create_holding_key_idx::R3.Corda ran successfully in 1ms {changeSet=migration/fungible-token-schema.changelog-1.xml::create_holding_key_idx::R3.Corda, databaseChangeLog=master.changelog.json}
?[m?[37m[INFO] 22:15:55,295 [Test worker] jvm.JdbcExecutor. - INSERT INTO PUBLIC.DATABASECHANGELOG (ID, AUTHOR, FILENAME, DATEEXECUTED, ORDEREXECUTED, MD5SUM, DESCRIPTION, COMMENTS, EXECTYPE, CONTEXTS, LABELS, LIQUIBASE, DEPLOYMENT_ID) VALUES ('create_holding_key_idx', 'R3.Corda', 'migration/fungible-token-schema.changelog-1.xml', NOW(), 115, '8:67e32a9250726807340c01844edeaf69', 'createIndex indexName=holding_key_idx, tableName=fungible_token', '', 'EXECUTED', NULL, NULL, '3.6.3', '8452955274') {changeSet=migration/fungible-token-schema.changelog-1.xml::create_holding_key_idx::R3.Corda, databaseChangeLog=master.changelog.json}
?[m?[37m[INFO] 22:15:55,296 [Test worker] changelog.ChangeSet. - null {changeSet=migration/fungible-token-schema.changelog-1.xml::map_owning_keys_from_transactionstore::R3.Corda, databaseChangeLog=master.changelog.json}
?[m?[37m[INFO] 22:15:55,296 [Test worker] changelog.ChangeSet. - ChangeSet migration/fungible-token-schema.changelog-1.xml::map_owning_keys_from_transactionstore::R3.Corda ran successfully in 0ms {changeSet=migration/fungible-token-schema.changelog-1.xml::map_owning_keys_from_transactionstore::R3.Corda, databaseChangeLog=master.changelog.json}
?[m?[37m[INFO] 22:15:55,297 [Test worker] jvm.JdbcExecutor. - INSERT INTO PUBLIC.DATABASECHANGELOG (ID, AUTHOR, FILENAME, DATEEXECUTED, ORDEREXECUTED, MD5SUM, DESCRIPTION, COMMENTS, EXECTYPE, CONTEXTS, LABELS, LIQUIBASE, DEPLOYMENT_ID) VALUES ('map_owning_keys_from_transactionstore', 'R3.Corda', 'migration/fungible-token-schema.changelog-1.xml', NOW(), 116, '8:df80639d10d7c4f59d49908643f4c85f', 'customChange', '', 'EXECUTED', NULL, NULL, '3.6.3', '8452955274') {changeSet=migration/fungible-token-schema.changelog-1.xml::map_owning_keys_from_transactionstore::R3.Corda, databaseChangeLog=master.changelog.json}
?[m?[37m[INFO] 22:15:55,299 [Test worker] jvm.JdbcExecutor. - CREATE TABLE PUBLIC.non_fungible_token (output_index INT NOT NULL, transaction_id NVARCHAR(64) NOT NULL, holder NVARCHAR(255) NOT NULL, issuer NVARCHAR(255) NOT NULL, token_class NVARCHAR(255) NOT NULL, token_identifier NVARCHAR(255)) {changeSet=migration/non-fungible-token-schema.changelog-init.xml::create_non_fungible_token_table_id::R3.Corda, databaseChangeLog=master.changelog.json}
?[m?[37m[INFO] 22:15:55,299 [Test worker] changelog.ChangeSet. - Table non_fungible_token created {changeSet=migration/non-fungible-token-schema.changelog-init.xml::create_non_fungible_token_table_id::R3.Corda, databaseChangeLog=master.changelog.json}
?[m?[37m[INFO] 22:15:55,299 [Test worker] changelog.ChangeSet. - ChangeSet migration/non-fungible-token-schema.changelog-init.xml::create_non_fungible_token_table_id::R3.Corda ran successfully in 1ms {changeSet=migration/non-fungible-token-schema.changelog-init.xml::create_non_fungible_token_table_id::R3.Corda, databaseChangeLog=master.changelog.json}
?[m?[37m[INFO] 22:15:55,300 [Test worker] jvm.JdbcExecutor. - INSERT INTO PUBLIC.DATABASECHANGELOG (ID, AUTHOR, FILENAME, DATEEXECUTED, ORDEREXECUTED, MD5SUM, DESCRIPTION, COMMENTS, EXECTYPE, CONTEXTS, LABELS, LIQUIBASE, DEPLOYMENT_ID) VALUES ('create_non_fungible_token_table_id', 'R3.Corda', 'migration/non-fungible-token-schema.changelog-init.xml', NOW(), 117, '8:537d4553becbc43bb11c0817e1639eae', 'createTable tableName=non_fungible_token', '', 'EXECUTED', NULL, NULL, '3.6.3', '8452955274') {changeSet=migration/non-fungible-token-schema.changelog-init.xml::create_non_fungible_token_table_id::R3.Corda, databaseChangeLog=master.changelog.json}
?[m?[37m[INFO] 22:15:55,301 [Test worker] jvm.JdbcExecutor. - ALTER TABLE PUBLIC.non_fungible_token ADD CONSTRAINT non_fungible_token_pkey PRIMARY KEY (output_index, transaction_id) {changeSet=migration/non-fungible-token-schema.changelog-init.xml::non_fungible_token_pkey_id::R3.Corda, databaseChangeLog=master.changelog.json}
?[m?[37m[INFO] 22:15:55,302 [Test worker] changelog.ChangeSet. - Primary key added to non_fungible_token (output_index, transaction_id) {changeSet=migration/non-fungible-token-schema.changelog-init.xml::non_fungible_token_pkey_id::R3.Corda, databaseChangeLog=master.changelog.json}
?[m?[37m[INFO] 22:15:55,302 [Test worker] changelog.ChangeSet. - ChangeSet migration/non-fungible-token-schema.changelog-init.xml::non_fungible_token_pkey_id::R3.Corda ran successfully in 1ms {changeSet=migration/non-fungible-token-schema.changelog-init.xml::non_fungible_token_pkey_id::R3.Corda, databaseChangeLog=master.changelog.json}
?[m?[37m[INFO] 22:15:55,303 [Test worker] jvm.JdbcExecutor. - INSERT INTO PUBLIC.DATABASECHANGELOG (ID, AUTHOR, FILENAME, DATEEXECUTED, ORDEREXECUTED, MD5SUM, DESCRIPTION, COMMENTS, EXECTYPE, CONTEXTS, LABELS, LIQUIBASE, DEPLOYMENT_ID) VALUES ('non_fungible_token_pkey_id', 'R3.Corda', 'migration/non-fungible-token-schema.changelog-init.xml', NOW(), 118, '8:d08935cf27a24a32cb4c14cec40b4c30', 'addPrimaryKey constraintName=non_fungible_token_pkey, tableName=non_fungible_token', '', 'EXECUTED', NULL, NULL, '3.6.3', '8452955274') {changeSet=migration/non-fungible-token-schema.changelog-init.xml::non_fungible_token_pkey_id::R3.Corda, databaseChangeLog=master.changelog.json}
?[m?[37m[INFO] 22:15:55,304 [Test worker] jvm.JdbcExecutor. - CREATE INDEX PUBLIC.held_token_idx ON PUBLIC.non_fungible_token(token_class, token_identifier) {changeSet=migration/non-fungible-token-schema.changelog-init.xml::held_token_idx_id::R3.Corda, databaseChangeLog=master.changelog.json}
?[m?[37m[INFO] 22:15:55,305 [Test worker] changelog.ChangeSet. - Index held_token_idx created {changeSet=migration/non-fungible-token-schema.changelog-init.xml::held_token_idx_id::R3.Corda, databaseChangeLog=master.changelog.json}
?[m?[37m[INFO] 22:15:55,305 [Test worker] changelog.ChangeSet. - ChangeSet migration/non-fungible-token-schema.changelog-init.xml::held_token_idx_id::R3.Corda ran successfully in 1ms {changeSet=migration/non-fungible-token-schema.changelog-init.xml::held_token_idx_id::R3.Corda, databaseChangeLog=master.changelog.json}
?[m?[37m[INFO] 22:15:55,306 [Test worker] jvm.JdbcExecutor. - INSERT INTO PUBLIC.DATABASECHANGELOG (ID, AUTHOR, FILENAME, DATEEXECUTED, ORDEREXECUTED, MD5SUM, DESCRIPTION, COMMENTS, EXECTYPE, CONTEXTS, LABELS, LIQUIBASE, DEPLOYMENT_ID) VALUES ('held_token_idx_id', 'R3.Corda', 'migration/non-fungible-token-schema.changelog-init.xml', NOW(), 119, '8:a13b131f129e2b15eeea3fd36b572fe4', 'createIndex indexName=held_token_idx, tableName=non_fungible_token', '', 'EXECUTED', NULL, NULL, '3.6.3', '8452955274') {changeSet=migration/non-fungible-token-schema.changelog-init.xml::held_token_idx_id::R3.Corda, databaseChangeLog=master.changelog.json}
?[m?[37m[INFO] 22:15:55,307 [Test worker] jvm.JdbcExecutor. - CREATE TABLE PUBLIC.distribution_record (id BIGINT NOT NULL, linear_id VARCHAR(255) NOT NULL, party NVARCHAR(255) NOT NULL) {changeSet=migration/distribution-record-schema.changelog-init.xml::create_distribution_record_table_id::R3.Corda, databaseChangeLog=master.changelog.json}
?[m?[37m[INFO] 22:15:55,308 [Test worker] changelog.ChangeSet. - Table distribution_record created {changeSet=migration/distribution-record-schema.changelog-init.xml::create_distribution_record_table_id::R3.Corda, databaseChangeLog=master.changelog.json}
?[m?[37m[INFO] 22:15:55,308 [Test worker] changelog.ChangeSet. - ChangeSet migration/distribution-record-schema.changelog-init.xml::create_distribution_record_table_id::R3.Corda ran successfully in 1ms {changeSet=migration/distribution-record-schema.changelog-init.xml::create_distribution_record_table_id::R3.Corda, databaseChangeLog=master.changelog.json}
?[m?[37m[INFO] 22:15:55,309 [Test worker] jvm.JdbcExecutor. - INSERT INTO PUBLIC.DATABASECHANGELOG (ID, AUTHOR, FILENAME, DATEEXECUTED, ORDEREXECUTED, MD5SUM, DESCRIPTION, COMMENTS, EXECTYPE, CONTEXTS, LABELS, LIQUIBASE, DEPLOYMENT_ID) VALUES ('create_distribution_record_table_id', 'R3.Corda', 'migration/distribution-record-schema.changelog-init.xml', NOW(), 120, '8:58bbe0f002fa9a550dbc9aa60a7fda96', 'createTable tableName=distribution_record', '', 'EXECUTED', NULL, NULL, '3.6.3', '8452955274') {changeSet=migration/distribution-record-schema.changelog-init.xml::create_distribution_record_table_id::R3.Corda, databaseChangeLog=master.changelog.json}
?[m?[37m[INFO] 22:15:55,310 [Test worker] jvm.JdbcExecutor. - ALTER TABLE PUBLIC.distribution_record ADD CONSTRAINT distribution_record_pkey PRIMARY KEY (id) {changeSet=migration/distribution-record-schema.changelog-init.xml::distribution_record_pkey_id::R3.Corda, databaseChangeLog=master.changelog.json}
?[m?[37m[INFO] 22:15:55,311 [Test worker] changelog.ChangeSet. - Primary key added to distribution_record (id) {changeSet=migration/distribution-record-schema.changelog-init.xml::distribution_record_pkey_id::R3.Corda, databaseChangeLog=master.changelog.json}
?[m?[37m[INFO] 22:15:55,311 [Test worker] changelog.ChangeSet. - ChangeSet migration/distribution-record-schema.changelog-init.xml::distribution_record_pkey_id::R3.Corda ran successfully in 1ms {changeSet=migration/distribution-record-schema.changelog-init.xml::distribution_record_pkey_id::R3.Corda, databaseChangeLog=master.changelog.json}
?[m?[37m[INFO] 22:15:55,311 [Test worker] jvm.JdbcExecutor. - INSERT INTO PUBLIC.DATABASECHANGELOG (ID, AUTHOR, FILENAME, DATEEXECUTED, ORDEREXECUTED, MD5SUM, DESCRIPTION, COMMENTS, EXECTYPE, CONTEXTS, LABELS, LIQUIBASE, DEPLOYMENT_ID) VALUES ('distribution_record_pkey_id', 'R3.Corda', 'migration/distribution-record-schema.changelog-init.xml', NOW(), 121, '8:0ac8470d7e72d959df72a2f31db8916f', 'addPrimaryKey constraintName=distribution_record_pkey, tableName=distribution_record', '', 'EXECUTED', NULL, NULL, '3.6.3', '8452955274') {changeSet=migration/distribution-record-schema.changelog-init.xml::distribution_record_pkey_id::R3.Corda, databaseChangeLog=master.changelog.json}
?[m?[37m[INFO] 22:15:55,313 [Test worker] jvm.JdbcExecutor. - CREATE INDEX PUBLIC.dist_record_idx ON PUBLIC.distribution_record(linear_id) {changeSet=migration/distribution-record-schema.changelog-init.xml::dist_record_idx_id::R3.Corda, databaseChangeLog=master.changelog.json}
?[m?[37m[INFO] 22:15:55,313 [Test worker] changelog.ChangeSet. - Index dist_record_idx created {changeSet=migration/distribution-record-schema.changelog-init.xml::dist_record_idx_id::R3.Corda, databaseChangeLog=master.changelog.json}
?[m?[37m[INFO] 22:15:55,314 [Test worker] changelog.ChangeSet. - ChangeSet migration/distribution-record-schema.changelog-init.xml::dist_record_idx_id::R3.Corda ran successfully in 1ms {changeSet=migration/distribution-record-schema.changelog-init.xml::dist_record_idx_id::R3.Corda, databaseChangeLog=master.changelog.json}
?[m?[37m[INFO] 22:15:55,314 [Test worker] jvm.JdbcExecutor. - INSERT INTO PUBLIC.DATABASECHANGELOG (ID, AUTHOR, FILENAME, DATEEXECUTED, ORDEREXECUTED, MD5SUM, DESCRIPTION, COMMENTS, EXECTYPE, CONTEXTS, LABELS, LIQUIBASE, DEPLOYMENT_ID) VALUES ('dist_record_idx_id', 'R3.Corda', 'migration/distribution-record-schema.changelog-init.xml', NOW(), 122, '8:0e8c85eaeb998b9c455afeaed17a20a8', 'createIndex indexName=dist_record_idx, tableName=distribution_record', '', 'EXECUTED', NULL, NULL, '3.6.3', '8452955274') {changeSet=migration/distribution-record-schema.changelog-init.xml::dist_record_idx_id::R3.Corda, databaseChangeLog=master.changelog.json}
?[m?[37m[INFO] 22:15:55,316 [Test worker] lockservice.StandardLockService. - Successfully released change log lock
?[m?[37m[INFO] 22:15:55,316 [Test worker] internal.InternalMockNetwork$MockNode. - Connected to H2 database.
?[m?[37m[INFO] 22:15:55,318 [Test worker] persistence.HibernateConfiguration. - Init HibernateConfiguration for schemas: [CommonSchemaV1(name=net.corda.core.schemas.CommonSchema, version=1), VaultSchemaV1(name=net.corda.node.services.vault.VaultSchema, version=1), NodeInfoSchemaV1(name=net.corda.node.internal.schemas.NodeInfoSchema, version=1), NodeCoreV1(name=net.corda.node.services.schema.NodeSchemaService$NodeCore, version=1), FungibleTokenSchemaV1(name=com.r3.corda.lib.tokens.contracts.internal.schemas.FungibleTokenSchema, version=1), NonFungibleTokenSchemaV1(name=com.r3.corda.lib.tokens.contracts.internal.schemas.NonFungibleTokenSchema, version=1), TokenSchemaV1(name=com.r3.corda.lib.tokens.contracts.schemas.TokenSchema, version=1), DistributionRecordSchemaV1(name=com.r3.corda.lib.tokens.workflows.internal.schemas.DistributionRecordSchema, version=1)]
?[m?[37m[INFO] 22:15:55,318 [Test worker] factory.BaseSessionFactoryFactory. - Creating session factory for schemas: [CommonSchemaV1(name=net.corda.core.schemas.CommonSchema, version=1), VaultSchemaV1(name=net.corda.node.services.vault.VaultSchema, version=1), NodeInfoSchemaV1(name=net.corda.node.internal.schemas.NodeInfoSchema, version=1), NodeCoreV1(name=net.corda.node.services.schema.NodeSchemaService$NodeCore, version=1), FungibleTokenSchemaV1(name=com.r3.corda.lib.tokens.contracts.internal.schemas.FungibleTokenSchema, version=1), NonFungibleTokenSchemaV1(name=com.r3.corda.lib.tokens.contracts.internal.schemas.NonFungibleTokenSchema, version=1), TokenSchemaV1(name=com.r3.corda.lib.tokens.contracts.schemas.TokenSchema, version=1), DistributionRecordSchemaV1(name=com.r3.corda.lib.tokens.workflows.internal.schemas.DistributionRecordSchema, version=1)]
?[m?[37m[INFO] 22:15:55,324 [Test worker] internal.ConnectionProviderInitiator. - HHH000130: Instantiating explicit connection provider: net.corda.nodeapi.internal.persistence.HibernateConfiguration$NodeDatabaseConnectionProvider
?[m?[37m[INFO] 22:15:55,324 [Test worker] dialect.Dialect. - HHH000400: Using dialect: org.hibernate.dialect.H2Dialect
?[m?[37m[INFO] 22:15:55,417 [Test worker] connections.access. - HHH10001501: Connection obtained from JdbcConnectionAccess [org.hibernate.engine.jdbc.env.internal.JdbcEnvironmentInitiator$ConnectionProviderJdbcConnectionAccess@2921fb1e] for (non-JTA) DDL execution was not in auto-commit mode; the Connection 'local transaction' will be committed and the Connection will be set into auto-commit mode.
?[m?[37m[INFO] 22:15:55,452 [Test worker] internal.JtaPlatformInitiator. - HHH000490: Using JtaPlatform implementation: [org.hibernate.engine.transaction.jta.platform.internal.NoJtaPlatform]
?[m?[37m[INFO] 22:15:55,452 [Test worker] factory.BaseSessionFactoryFactory. - Created session factory for schemas: [CommonSchemaV1(name=net.corda.core.schemas.CommonSchema, version=1), VaultSchemaV1(name=net.corda.node.services.vault.VaultSchema, version=1), NodeInfoSchemaV1(name=net.corda.node.internal.schemas.NodeInfoSchema, version=1), NodeCoreV1(name=net.corda.node.services.schema.NodeSchemaService$NodeCore, version=1), FungibleTokenSchemaV1(name=com.r3.corda.lib.tokens.contracts.internal.schemas.FungibleTokenSchema, version=1), NonFungibleTokenSchemaV1(name=com.r3.corda.lib.tokens.contracts.internal.schemas.NonFungibleTokenSchema, version=1), TokenSchemaV1(name=com.r3.corda.lib.tokens.contracts.schemas.TokenSchema, version=1), DistributionRecordSchemaV1(name=com.r3.corda.lib.tokens.workflows.internal.schemas.DistributionRecordSchema, version=1)]
?[m?[37m[INFO] 22:15:55,457 [Test worker] internal.InternalMockNetwork$MockNode. - Node-info has changed so submitting update. Old node-info was null
?[m?[37m[INFO] 22:15:55,461 [Test worker] network.PersistentNetworkMapCache. - Adding node with info: NodeInfo(addresses=[mock.node:1000], legalIdentitiesAndCerts=[O=TIE, L=TestVillage, C=US], platformVersion=9, serial=1618452955457), owningKey=DLHDWuPrmxSvtaQNchVk23ePZZbKmgM3mnc2JuJGQ3jss2
?[m?[37m[INFO] 22:15:55,461 [Test worker] network.PersistentNetworkMapCache. - No previous node found for O=TIE, L=TestVillage, C=US
?[m?[37m[INFO] 22:15:55,469 [Test worker] internal.InternalMockNetwork$MockNode. - New node-info: NodeInfo(addresses=[mock.node:1000], legalIdentitiesAndCerts=[O=TIE, L=TestVillage, C=US], platformVersion=9, serial=1618452955457)
?[m?[37m[INFO] 22:15:55,476 [Test worker] network.NetworkMapUpdater. - Auto-accept enabled for network parameter changes which modify only: [epoch, modifiedTime, packageOwnership, whitelistedContractImplementations]
?[m?[37m[INFO] 22:15:55,476 [Test worker] internal.MockNodeMessagingService. - Status change to true
?[m?[37m[INFO] 22:15:55,476 [Test worker] internal.InternalMockNetwork$MockNode. - MessagingService active change to: true
?[m?[37m[INFO] 22:15:55,484 [MockNode-4-2] network.PersistentNetworkMapCache. - Adding node with info: NodeInfo(addresses=[mock.node:1000], legalIdentitiesAndCerts=[O=TIE, L=TestVillage, C=US], platformVersion=9, serial=1618452955457), owningKey=DLHDWuPrmxSvtaQNchVk23ePZZbKmgM3mnc2JuJGQ3jss2
?[m?[37m[INFO] 22:15:55,484 [MockNode-4-2] network.PersistentNetworkMapCache. - Previous node was identical to incoming one - doing nothing
?[m?[37m[INFO] 22:15:55,501 [Test worker] ClassloaderUtils. - Contracts loading for '/var/folders/x7/xt1d06_j0y99kyh61nvgw1380000gp/T/attachment7214420221280084585.jar' took 3 msec
?[m?[37m[INFO] 22:15:55,512 [Test worker] persistence.NodeAttachmentService. - Stored new attachment: id=65042D5889EDF33D6D804F8A0095BC2768F2C31D4F262A6EF73929E87375415F uploader=app filename=Template Contracts
?[m?[37m[INFO] 22:15:55,517 [Test worker] ClassloaderUtils. - Contracts loading for '/var/folders/x7/xt1d06_j0y99kyh61nvgw1380000gp/T/attachment5356935333098517763.jar' took 3 msec
?[m?[37m[INFO] 22:15:55,534 [Test worker] persistence.NodeAttachmentService. - Stored new attachment: id=34705DC9A2C8599998BBDBA7C3D13609AF04D8B3A772F7134D685ECC926D8320 uploader=app filename=Token SDK Contracts
?[m?[37m[INFO] 22:15:55,536 [Test worker] internal.InternalMockNetwork$MockNode. - Installed com.r3.corda.lib.tokens.selection.memory.services.VaultMigratorService Corda service
?[m?[37m[INFO] 22:15:55,537 [Test worker] cordapp.CordappConfigFileProvider. - Found config for cordapp tokens-workflows-1.2 in build/mock-network/20210415-021529.015-3E1BBE56169EE29D/nodes/3/cordapps/config/tokens-workflows-1.2.conf
?[m?[31m[WARN] 22:15:55,537 [Test worker] inMemoryConfigSelectionLogger. - Did not detect a configuration for InMemory selection - enabling memory usage for token indexing. Please set stateSelection.inMemory.enabled to "false" to disable this
?[m?[31m[WARN] 22:15:55,537 [Test worker] inMemoryConfigSelectionLogger. - No indexing method specified. Indexes will be created at run-time for each invocation of selectTokens
?[m?[37m[INFO] 22:15:55,537 [Test worker] inMemoryConfigSelectionLogger. - Found in memory token selection configuration with values indexing strategy: [], cacheSize: 1024
?[m?[31m[WARN] 22:15:55,537 [Test worker] vault.NodeVaultService. - trackBy is called with an already existing, open DB transaction. As a result, there might be states missing from both the snapshot and observable, included in the returned data feed, because of race conditions.
?[m?[31m[WARN] 22:15:55,542 [Test worker] inMemoryConfigSelectionLogger. - Did not detect a configuration for InMemory selection - enabling memory usage for token indexing. Please set stateSelection.inMemory.enabled to "false" to disable this
?[m?[31m[WARN] 22:15:55,542 [Test worker] inMemoryConfigSelectionLogger. - No indexing method specified. Indexes will be created at run-time for each invocation of selectTokens
?[m?[37m[INFO] 22:15:55,542 [Test worker] inMemoryConfigSelectionLogger. - Found in memory token selection configuration with values indexing strategy: [], cacheSize: 1024
?[m?[37m[INFO] 22:15:55,542 [Test worker] services.VaultWatcherService. - Starting async token loading from vault
?[m?[37m[INFO] 22:15:55,542 [Test worker] internal.InternalMockNetwork$MockNode. - Installed com.r3.corda.lib.tokens.selection.memory.services.VaultWatcherService Corda service
?[m?[37m[INFO] 22:15:55,546 [pool-11-thread-1] services.VaultWatcherService. - publishing 0 to async state loading callback
?[m?[37m[INFO] 22:15:55,546 [pool-11-thread-1] services.VaultWatcherService. - received token vault update with 0 consumed states and: 0 produced states
?[m?[37m[INFO] 22:15:55,546 [pool-11-thread-1] services.VaultWatcherService. - finished token loading
?[m?[37m[INFO] 22:15:55,561 [Test worker] statemachine.SingleThreadedStateMachineManager. - Node ready, info: NodeInfo(addresses=[mock.node:1000], legalIdentitiesAndCerts=[O=TIE, L=TestVillage, C=US], platformVersion=9, serial=1618452955457)
?[m?[37m[INFO] 22:15:55,563 [Test worker] network.PersistentNetworkMapCache. - Adding node with info: NodeInfo(addresses=[mock.node:1000], legalIdentitiesAndCerts=[O=Notary, L=London, C=GB], platformVersion=9, serial=1618452951489), owningKey=DL2x8rxZeQNYEsSRouy2JQEXiTTu5yVqnpwM8ZP5LBd1iw
?[m?[37m[INFO] 22:15:55,563 [Test worker] network.PersistentNetworkMapCache. - No previous node found for O=Notary, L=London, C=GB
?[m?[37m[INFO] 22:15:55,574 [Test worker] network.PersistentNetworkMapCache. - Adding node with info: NodeInfo(addresses=[mock.node:1000], legalIdentitiesAndCerts=[O=TIE, L=TestVillage, C=US], platformVersion=9, serial=1618452955457), owningKey=DLHDWuPrmxSvtaQNchVk23ePZZbKmgM3mnc2JuJGQ3jss2
?[m?[37m[INFO] 22:15:55,574 [Test worker] network.PersistentNetworkMapCache. - No previous node found for O=TIE, L=TestVillage, C=US
?[m?[37m[INFO] 22:15:55,586 [Test worker] network.PersistentNetworkMapCache. - Adding node with info: NodeInfo(addresses=[mock.node:1000], legalIdentitiesAndCerts=[O=InvestorA, L=TestLand, C=US], platformVersion=9, serial=1618452953573), owningKey=DLBaSgPP5bRtQDpzG4Aux9uA8ubkafgxpn6rRg5CcAdMcJ
?[m?[37m[INFO] 22:15:55,586 [Test worker] network.PersistentNetworkMapCache. - No previous node found for O=InvestorA, L=TestLand, C=US
?[m?[37m[INFO] 22:15:55,596 [Test worker] network.PersistentNetworkMapCache. - Adding node with info: NodeInfo(addresses=[mock.node:1000], legalIdentitiesAndCerts=[O=TIE, L=TestVillage, C=US], platformVersion=9, serial=1618452955457), owningKey=DLHDWuPrmxSvtaQNchVk23ePZZbKmgM3mnc2JuJGQ3jss2
?[m?[37m[INFO] 22:15:55,596 [Test worker] network.PersistentNetworkMapCache. - No previous node found for O=TIE, L=TestVillage, C=US
?[m?[37m[INFO] 22:15:55,605 [Test worker] network.PersistentNetworkMapCache. - Adding node with info: NodeInfo(addresses=[mock.node:1000], legalIdentitiesAndCerts=[O=InvestorB, L=TestCity, C=US], platformVersion=9, serial=1618452954569), owningKey=DL2rLegMKKKaE4uiNzPsFyo6y7MGug3LdNpadWSe2hqX6S
?[m?[37m[INFO] 22:15:55,605 [Test worker] network.PersistentNetworkMapCache. - No previous node found for O=InvestorB, L=TestCity, C=US
?[m?[37m[INFO] 22:15:55,613 [Test worker] network.PersistentNetworkMapCache. - Adding node with info: NodeInfo(addresses=[mock.node:1000], legalIdentitiesAndCerts=[O=TIE, L=TestVillage, C=US], platformVersion=9, serial=1618452955457), owningKey=DLHDWuPrmxSvtaQNchVk23ePZZbKmgM3mnc2JuJGQ3jss2
?[m?[37m[INFO] 22:15:55,613 [Test worker] network.PersistentNetworkMapCache. - No previous node found for O=TIE, L=TestVillage, C=US
?[m?[37m[INFO] 22:15:55,621 [Test worker] network.PersistentNetworkMapCache. - Adding node with info: NodeInfo(addresses=[mock.node:1000], legalIdentitiesAndCerts=[O=TIE, L=TestVillage, C=US], platformVersion=9, serial=1618452955457), owningKey=DLHDWuPrmxSvtaQNchVk23ePZZbKmgM3mnc2JuJGQ3jss2
?[m?[37m[INFO] 22:15:55,621 [Test worker] network.PersistentNetworkMapCache. - Previous node was identical to incoming one - doing nothing
?[m?[37m[INFO] 22:15:55,621 [Test worker] network.PersistentNetworkMapCache. - Adding node with info: NodeInfo(addresses=[mock.node:1000], legalIdentitiesAndCerts=[O=TIE, L=TestVillage, C=US], platformVersion=9, serial=1618452955457), owningKey=DLHDWuPrmxSvtaQNchVk23ePZZbKmgM3mnc2JuJGQ3jss2
?[m?[37m[INFO] 22:15:55,621 [Test worker] network.PersistentNetworkMapCache. - Previous node was identical to incoming one - doing nothing
?[m?[37m[INFO] 22:15:56,145 [Mock network] corda.flow. - No need to notarise this transaction. {actor_id=Only For Testing, actor_owning_identity=O=InvestorA, L=TestLand, C=US, actor_store_id=TEST, fiber-id=10000001, flow-id=b3584a26-45a7-47ac-8f5a-139b3527c289, invocation_id=85f01630-4c99-498a-b188-fc54294c14f7, invocation_timestamp=2021-04-15T02:15:55.647Z, origin=Only For Testing, session_id=85f01630-4c99-498a-b188-fc54294c14f7, session_timestamp=2021-04-15T02:15:55.647Z, thread-id=645, tx_id=D1213BCA9E3053256F295E625AEAB358FC6222318D7F5AE32DB0A35E2F993F57}
?[m?[37m[INFO] 22:15:56,145 [Mock network] corda.flow. - Recording transaction locally. {actor_id=Only For Testing, actor_owning_identity=O=InvestorA, L=TestLand, C=US, actor_store_id=TEST, fiber-id=10000001, flow-id=b3584a26-45a7-47ac-8f5a-139b3527c289, invocation_id=85f01630-4c99-498a-b188-fc54294c14f7, invocation_timestamp=2021-04-15T02:15:55.647Z, origin=Only For Testing, session_id=85f01630-4c99-498a-b188-fc54294c14f7, session_timestamp=2021-04-15T02:15:55.647Z, thread-id=645, tx_id=D1213BCA9E3053256F295E625AEAB358FC6222318D7F5AE32DB0A35E2F993F57}
?[m?[37m[INFO] 22:15:56,245 [Mock network] corda.flow. - Recorded transaction locally successfully. {actor_id=Only For Testing, actor_owning_identity=O=InvestorA, L=TestLand, C=US, actor_store_id=TEST, fiber-id=10000001, flow-id=b3584a26-45a7-47ac-8f5a-139b3527c289, invocation_id=85f01630-4c99-498a-b188-fc54294c14f7, invocation_timestamp=2021-04-15T02:15:55.647Z, origin=Only For Testing, session_id=85f01630-4c99-498a-b188-fc54294c14f7, session_timestamp=2021-04-15T02:15:55.647Z, thread-id=645, tx_id=D1213BCA9E3053256F295E625AEAB358FC6222318D7F5AE32DB0A35E2F993F57}
?[m?[37m[INFO] 22:15:56,245 [Mock network] corda.flow. - All parties received the transaction successfully. {actor_id=Only For Testing, actor_owning_identity=O=InvestorA, L=TestLand, C=US, actor_store_id=TEST, fiber-id=10000001, flow-id=b3584a26-45a7-47ac-8f5a-139b3527c289, invocation_id=85f01630-4c99-498a-b188-fc54294c14f7, invocation_timestamp=2021-04-15T02:15:55.647Z, origin=Only For Testing, session_id=85f01630-4c99-498a-b188-fc54294c14f7, session_timestamp=2021-04-15T02:15:55.647Z, thread-id=645, tx_id=D1213BCA9E3053256F295E625AEAB358FC6222318D7F5AE32DB0A35E2F993F57}
?[mTokenType Created with Id: f410d7eb-6156-4880-b14c-66506dfad9bf
-f410d7eb-6156-4880-b14c-66506dfad9bf-
?[37m[INFO] 22:15:56,584 [Mock network] corda.flow. - Sending transaction to notary: O=Notary, L=London, C=GB. {actor_id=Only For Testing, actor_owning_identity=O=InvestorA, L=TestLand, C=US, actor_store_id=TEST, fiber-id=10000002, flow-id=e80e6fad-97ff-405a-a5aa-c752cf933b79, invocation_id=5accb860-5bf6-4327-9e58-2464d57e020a, invocation_timestamp=2021-04-15T02:15:56.321Z, origin=Only For Testing, session_id=5accb860-5bf6-4327-9e58-2464d57e020a, session_timestamp=2021-04-15T02:15:56.321Z, thread-id=645, tx_id=116899147ADDDFC0E843D3D214BEA937E14BB3F457419D0CAD126F0A67C2DB7F}
?[m?[37m[INFO] 22:15:56,695 [Mock network] corda.flow. - Received a notarisation request for Tx [116899147ADDDFC0E843D3D214BEA937E14BB3F457419D0CAD126F0A67C2DB7F] from [O=InvestorA, L=TestLand, C=US] {fiber-id=10000003, flow-id=e0012afc-bed4-4e02-ba48-2116e2ab235b, invocation_id=cda17967-24cd-4c9c-9b4c-8072927195e3, invocation_timestamp=2021-04-15T02:15:56.664Z, origin=O=InvestorA, L=TestLand, C=US, session_id=cda17967-24cd-4c9c-9b4c-8072927195e3, session_timestamp=2021-04-15T02:15:56.664Z, thread-id=645}
?[m?[37m[INFO] 22:15:57,337 [Notary request queue processor] jpa.JPAUniquenessProvider. - Processing notarization requests with 0 input states and 1 references
?[m?[37m[INFO] 22:15:57,367 [Mock network] corda.flow. - Transaction [116899147ADDDFC0E843D3D214BEA937E14BB3F457419D0CAD126F0A67C2DB7F] successfully notarised, sending signature back to [O=InvestorA, L=TestLand, C=US] {fiber-id=10000003, flow-id=e0012afc-bed4-4e02-ba48-2116e2ab235b, invocation_id=cda17967-24cd-4c9c-9b4c-8072927195e3, invocation_timestamp=2021-04-15T02:15:56.664Z, origin=O=InvestorA, L=TestLand, C=US, session_id=cda17967-24cd-4c9c-9b4c-8072927195e3, session_timestamp=2021-04-15T02:15:56.664Z, thread-id=645}
?[m?[37m[INFO] 22:15:57,403 [Mock network] corda.flow. - Notary responded (O=Notary, L=London, C=GB). {actor_id=Only For Testing, actor_owning_identity=O=InvestorA, L=TestLand, C=US, actor_store_id=TEST, fiber-id=10000002, flow-id=e80e6fad-97ff-405a-a5aa-c752cf933b79, invocation_id=5accb860-5bf6-4327-9e58-2464d57e020a, invocation_timestamp=2021-04-15T02:15:56.321Z, origin=Only For Testing, session_id=5accb860-5bf6-4327-9e58-2464d57e020a, session_timestamp=2021-04-15T02:15:56.321Z, thread-id=645, tx_id=116899147ADDDFC0E843D3D214BEA937E14BB3F457419D0CAD126F0A67C2DB7F}
?[m?[37m[INFO] 22:15:57,404 [Mock network] corda.flow. - Recording transaction locally. {actor_id=Only For Testing, actor_owning_identity=O=InvestorA, L=TestLand, C=US, actor_store_id=TEST, fiber-id=10000002, flow-id=e80e6fad-97ff-405a-a5aa-c752cf933b79, invocation_id=5accb860-5bf6-4327-9e58-2464d57e020a, invocation_timestamp=2021-04-15T02:15:56.321Z, origin=Only For Testing, session_id=5accb860-5bf6-4327-9e58-2464d57e020a, session_timestamp=2021-04-15T02:15:56.321Z, thread-id=645, tx_id=116899147ADDDFC0E843D3D214BEA937E14BB3F457419D0CAD126F0A67C2DB7F}
?[m?[37m[INFO] 22:15:57,426 [Mock network] corda.flow. - Recorded transaction locally successfully. {actor_id=Only For Testing, actor_owning_identity=O=InvestorA, L=TestLand, C=US, actor_store_id=TEST, fiber-id=10000002, flow-id=e80e6fad-97ff-405a-a5aa-c752cf933b79, invocation_id=5accb860-5bf6-4327-9e58-2464d57e020a, invocation_timestamp=2021-04-15T02:15:56.321Z, origin=Only For Testing, session_id=5accb860-5bf6-4327-9e58-2464d57e020a, session_timestamp=2021-04-15T02:15:56.321Z, thread-id=645, tx_id=116899147ADDDFC0E843D3D214BEA937E14BB3F457419D0CAD126F0A67C2DB7F}
?[m?[37m[INFO] 22:15:57,426 [Mock network] corda.flow. - All parties received the transaction successfully. {actor_id=Only For Testing, actor_owning_identity=O=InvestorA, L=TestLand, C=US, actor_store_id=TEST, fiber-id=10000002, flow-id=e80e6fad-97ff-405a-a5aa-c752cf933b79, invocation_id=5accb860-5bf6-4327-9e58-2464d57e020a, invocation_timestamp=2021-04-15T02:15:56.321Z, origin=Only For Testing, session_id=5accb860-5bf6-4327-9e58-2464d57e020a, session_timestamp=2021-04-15T02:15:56.321Z, thread-id=645, tx_id=116899147ADDDFC0E843D3D214BEA937E14BB3F457419D0CAD126F0A67C2DB7F}
?[m?[37m[INFO] 22:15:57,449 [Mock network] services.VaultWatcherService. - received token vault update with 0 consumed states and: 1 produced states {actor_id=Only For Testing, actor_owning_identity=O=InvestorA, L=TestLand, C=US, actor_store_id=TEST, fiber-id=10000002, flow-id=e80e6fad-97ff-405a-a5aa-c752cf933b79, invocation_id=5accb860-5bf6-4327-9e58-2464d57e020a, invocation_timestamp=2021-04-15T02:15:56.321Z, origin=Only For Testing, session_id=5accb860-5bf6-4327-9e58-2464d57e020a, session_timestamp=2021-04-15T02:15:56.321Z, thread-id=645}
?[m
A currently have 100
?[37m[INFO] 22:15:57,619 [Mock network] corda.flow. - Sending transaction to notary: O=Notary, L=London, C=GB. {actor_id=Only For Testing, actor_owning_identity=O=InvestorA, L=TestLand, C=US, actor_store_id=TEST, fiber-id=10000004, flow-id=3c38d903-f8ea-4386-a13b-4d7fa0f90992, invocation_id=e7ff08f3-0697-48a6-8c93-e557075ae516, invocation_timestamp=2021-04-15T02:15:57.488Z, origin=Only For Testing, session_id=e7ff08f3-0697-48a6-8c93-e557075ae516, session_timestamp=2021-04-15T02:15:57.488Z, thread-id=645, tx_id=8C2D4E3B14B9E65C0790025B4E042943FFD42359002E0FD444DD05373ABAABD3}
?[m?[37m[INFO] 22:15:57,643 [Mock network] corda.flow. - Received a notarisation request for Tx [8C2D4E3B14B9E65C0790025B4E042943FFD42359002E0FD444DD05373ABAABD3] from [O=InvestorA, L=TestLand, C=US] {fiber-id=10000005, flow-id=d4289b65-c9c4-48da-af66-c7a083a557db, invocation_id=087974cc-cfcb-4f22-bea9-91b8d4f20c97, invocation_timestamp=2021-04-15T02:15:57.634Z, origin=O=InvestorA, L=TestLand, C=US, session_id=087974cc-cfcb-4f22-bea9-91b8d4f20c97, session_timestamp=2021-04-15T02:15:57.634Z, thread-id=645}
?[m?[37m[INFO] 22:15:57,770 [Notary request queue processor] jpa.JPAUniquenessProvider. - Processing notarization requests with 1 input states and 1 references
?[m?[37m[INFO] 22:15:57,777 [Mock network] corda.flow. - Transaction [8C2D4E3B14B9E65C0790025B4E042943FFD42359002E0FD444DD05373ABAABD3] successfully notarised, sending signature back to [O=InvestorA, L=TestLand, C=US] {fiber-id=10000005, flow-id=d4289b65-c9c4-48da-af66-c7a083a557db, invocation_id=087974cc-cfcb-4f22-bea9-91b8d4f20c97, invocation_timestamp=2021-04-15T02:15:57.634Z, origin=O=InvestorA, L=TestLand, C=US, session_id=087974cc-cfcb-4f22-bea9-91b8d4f20c97, session_timestamp=2021-04-15T02:15:57.634Z, thread-id=645}
?[m?[37m[INFO] 22:15:57,807 [Mock network] corda.flow. - Notary responded (O=Notary, L=London, C=GB). {actor_id=Only For Testing, actor_owning_identity=O=InvestorA, L=TestLand, C=US, actor_store_id=TEST, fiber-id=10000004, flow-id=3c38d903-f8ea-4386-a13b-4d7fa0f90992, invocation_id=e7ff08f3-0697-48a6-8c93-e557075ae516, invocation_timestamp=2021-04-15T02:15:57.488Z, origin=Only For Testing, session_id=e7ff08f3-0697-48a6-8c93-e557075ae516, session_timestamp=2021-04-15T02:15:57.488Z, thread-id=645, tx_id=8C2D4E3B14B9E65C0790025B4E042943FFD42359002E0FD444DD05373ABAABD3}
?[m?[37m[INFO] 22:15:57,813 [Mock network] corda.flow. - Recording transaction locally. {actor_id=Only For Testing, actor_owning_identity=O=InvestorA, L=TestLand, C=US, actor_store_id=TEST, fiber-id=10000004, flow-id=3c38d903-f8ea-4386-a13b-4d7fa0f90992, invocation_id=e7ff08f3-0697-48a6-8c93-e557075ae516, invocation_timestamp=2021-04-15T02:15:57.488Z, origin=Only For Testing, session_id=e7ff08f3-0697-48a6-8c93-e557075ae516, session_timestamp=2021-04-15T02:15:57.488Z, thread-id=645, tx_id=8C2D4E3B14B9E65C0790025B4E042943FFD42359002E0FD444DD05373ABAABD3}
?[m?[37m[INFO] 22:15:57,828 [Mock network] corda.flow. - Recorded transaction locally successfully. {actor_id=Only For Testing, actor_owning_identity=O=InvestorA, L=TestLand, C=US, actor_store_id=TEST, fiber-id=10000004, flow-id=3c38d903-f8ea-4386-a13b-4d7fa0f90992, invocation_id=e7ff08f3-0697-48a6-8c93-e557075ae516, invocation_timestamp=2021-04-15T02:15:57.488Z, origin=Only For Testing, session_id=e7ff08f3-0697-48a6-8c93-e557075ae516, session_timestamp=2021-04-15T02:15:57.488Z, thread-id=645, tx_id=8C2D4E3B14B9E65C0790025B4E042943FFD42359002E0FD444DD05373ABAABD3}
?[m?[37m[INFO] 22:15:57,851 [Mock network] services.VaultWatcherService. - received token vault update with 1 consumed states and: 1 produced states {actor_id=Only For Testing, actor_owning_identity=O=InvestorA, L=TestLand, C=US, actor_store_id=TEST, fiber-id=10000004, flow-id=3c38d903-f8ea-4386-a13b-4d7fa0f90992, invocation_id=e7ff08f3-0697-48a6-8c93-e557075ae516, invocation_timestamp=2021-04-15T02:15:57.488Z, origin=Only For Testing, session_id=e7ff08f3-0697-48a6-8c93-e557075ae516, session_timestamp=2021-04-15T02:15:57.488Z, thread-id=645}
?[m?[37m[INFO] 22:15:57,859 [Mock network] corda.flow. - Received transaction acknowledgement request from party O=InvestorA, L=TestLand, C=US. {fiber-id=10000006, flow-id=81c89641-956c-47db-9399-69f7182cb68c, invocation_id=bafa00c7-9156-4285-879d-d33ac2d2adf0, invocation_timestamp=2021-04-15T02:15:57.662Z, origin=O=InvestorA, L=TestLand, C=US, session_id=bafa00c7-9156-4285-879d-d33ac2d2adf0, session_timestamp=2021-04-15T02:15:57.662Z, thread-id=645, tx_id=8C2D4E3B14B9E65C0790025B4E042943FFD42359002E0FD444DD05373ABAABD3}
?[m?[37m[INFO] 22:15:58,051 [Mock network] corda.flow. - Transaction dependencies resolution completed. {fiber-id=10000006, flow-id=81c89641-956c-47db-9399-69f7182cb68c, invocation_id=bafa00c7-9156-4285-879d-d33ac2d2adf0, invocation_timestamp=2021-04-15T02:15:57.662Z, origin=O=InvestorA, L=TestLand, C=US, session_id=bafa00c7-9156-4285-879d-d33ac2d2adf0, session_timestamp=2021-04-15T02:15:57.662Z, thread-id=645, tx_id=8C2D4E3B14B9E65C0790025B4E042943FFD42359002E0FD444DD05373ABAABD3}
?[m?[37m[INFO] 22:15:58,060 [Mock network] corda.flow. - Successfully received fully signed tx. Sending it to the vault for processing. {fiber-id=10000006, flow-id=81c89641-956c-47db-9399-69f7182cb68c, invocation_id=bafa00c7-9156-4285-879d-d33ac2d2adf0, invocation_timestamp=2021-04-15T02:15:57.662Z, origin=O=InvestorA, L=TestLand, C=US, session_id=bafa00c7-9156-4285-879d-d33ac2d2adf0, session_timestamp=2021-04-15T02:15:57.662Z, thread-id=645, tx_id=8C2D4E3B14B9E65C0790025B4E042943FFD42359002E0FD444DD05373ABAABD3}
?[m?[37m[INFO] 22:15:58,075 [Mock network] corda.flow. - Successfully recorded received transaction locally. {fiber-id=10000006, flow-id=81c89641-956c-47db-9399-69f7182cb68c, invocation_id=bafa00c7-9156-4285-879d-d33ac2d2adf0, invocation_timestamp=2021-04-15T02:15:57.662Z, origin=O=InvestorA, L=TestLand, C=US, session_id=bafa00c7-9156-4285-879d-d33ac2d2adf0, session_timestamp=2021-04-15T02:15:57.662Z, thread-id=645, tx_id=8C2D4E3B14B9E65C0790025B4E042943FFD42359002E0FD444DD05373ABAABD3}
?[m?[37m[INFO] 22:15:58,079 [Mock network] services.VaultWatcherService. - received token vault update with 0 consumed states and: 1 produced states {actor_id=Only For Testing, actor_owning_identity=O=InvestorA, L=TestLand, C=US, actor_store_id=TEST, fiber-id=10000006, flow-id=81c89641-956c-47db-9399-69f7182cb68c, invocation_id=bafa00c7-9156-4285-879d-d33ac2d2adf0, invocation_timestamp=2021-04-15T02:15:57.662Z, origin=O=InvestorA, L=TestLand, C=US, session_id=bafa00c7-9156-4285-879d-d33ac2d2adf0, session_timestamp=2021-04-15T02:15:57.662Z, thread-id=645}
?[m?[37m[INFO] 22:15:58,086 [Mock network] corda.flow. - Party O=InvestorB, L=TestCity, C=US received the transaction. {actor_id=Only For Testing, actor_owning_identity=O=InvestorA, L=TestLand, C=US, actor_store_id=TEST, fiber-id=10000004, flow-id=3c38d903-f8ea-4386-a13b-4d7fa0f90992, invocation_id=e7ff08f3-0697-48a6-8c93-e557075ae516, invocation_timestamp=2021-04-15T02:15:57.488Z, origin=Only For Testing, session_id=e7ff08f3-0697-48a6-8c93-e557075ae516, session_timestamp=2021-04-15T02:15:57.488Z, thread-id=645, tx_id=8C2D4E3B14B9E65C0790025B4E042943FFD42359002E0FD444DD05373ABAABD3}
?[m?[37m[INFO] 22:15:58,104 [Mock network] corda.flow. - Received transaction acknowledgement request from party O=InvestorA, L=TestLand, C=US. {fiber-id=10000007, flow-id=ca06ad87-1397-4eeb-97a7-10cb8749c0aa, invocation_id=b33bbced-2e37-48a3-a0af-ab42d566e813, invocation_timestamp=2021-04-15T02:15:57.693Z, origin=O=InvestorA, L=TestLand, C=US, session_id=b33bbced-2e37-48a3-a0af-ab42d566e813, session_timestamp=2021-04-15T02:15:57.693Z, thread-id=645, tx_id=8C2D4E3B14B9E65C0790025B4E042943FFD42359002E0FD444DD05373ABAABD3}
?[m?[37m[INFO] 22:15:58,491 [Mock network] corda.flow. - Transaction dependencies resolution completed. {fiber-id=10000007, flow-id=ca06ad87-1397-4eeb-97a7-10cb8749c0aa, invocation_id=b33bbced-2e37-48a3-a0af-ab42d566e813, invocation_timestamp=2021-04-15T02:15:57.693Z, origin=O=InvestorA, L=TestLand, C=US, session_id=b33bbced-2e37-48a3-a0af-ab42d566e813, session_timestamp=2021-04-15T02:15:57.693Z, thread-id=645, tx_id=8C2D4E3B14B9E65C0790025B4E042943FFD42359002E0FD444DD05373ABAABD3}
?[m?[37m[INFO] 22:15:58,501 [Mock network] corda.flow. - Successfully received fully signed tx. Sending it to the vault for processing. {fiber-id=10000007, flow-id=ca06ad87-1397-4eeb-97a7-10cb8749c0aa, invocation_id=b33bbced-2e37-48a3-a0af-ab42d566e813, invocation_timestamp=2021-04-15T02:15:57.693Z, origin=O=InvestorA, L=TestLand, C=US, session_id=b33bbced-2e37-48a3-a0af-ab42d566e813, session_timestamp=2021-04-15T02:15:57.693Z, thread-id=645, tx_id=8C2D4E3B14B9E65C0790025B4E042943FFD42359002E0FD444DD05373ABAABD3}
?[m?[37m[INFO] 22:15:58,520 [Mock network] corda.flow. - Successfully recorded received transaction locally. {fiber-id=10000007, flow-id=ca06ad87-1397-4eeb-97a7-10cb8749c0aa, invocation_id=b33bbced-2e37-48a3-a0af-ab42d566e813, invocation_timestamp=2021-04-15T02:15:57.693Z, origin=O=InvestorA, L=TestLand, C=US, session_id=b33bbced-2e37-48a3-a0af-ab42d566e813, session_timestamp=2021-04-15T02:15:57.693Z, thread-id=645, tx_id=8C2D4E3B14B9E65C0790025B4E042943FFD42359002E0FD444DD05373ABAABD3}
?[m?[37m[INFO] 22:15:58,528 [Mock network] services.VaultWatcherService. - received token vault update with 0 consumed states and: 1 produced states {actor_id=Only For Testing, actor_owning_identity=O=InvestorA, L=TestLand, C=US, actor_store_id=TEST, fiber-id=10000007, flow-id=ca06ad87-1397-4eeb-97a7-10cb8749c0aa, invocation_id=b33bbced-2e37-48a3-a0af-ab42d566e813, invocation_timestamp=2021-04-15T02:15:57.693Z, origin=O=InvestorA, L=TestLand, C=US, session_id=b33bbced-2e37-48a3-a0af-ab42d566e813, session_timestamp=2021-04-15T02:15:57.693Z, thread-id=645}
?[m?[37m[INFO] 22:15:58,528 [Mock network] services.VaultWatcherService. - received token vault update with 1 consumed states and: 2 produced states {actor_id=Only For Testing, actor_owning_identity=O=InvestorA, L=TestLand, C=US, actor_store_id=TEST, fiber-id=10000007, flow-id=ca06ad87-1397-4eeb-97a7-10cb8749c0aa, invocation_id=b33bbced-2e37-48a3-a0af-ab42d566e813, invocation_timestamp=2021-04-15T02:15:57.693Z, origin=O=InvestorA, L=TestLand, C=US, session_id=b33bbced-2e37-48a3-a0af-ab42d566e813, session_timestamp=2021-04-15T02:15:57.693Z, thread-id=645}
?[m?[37m[INFO] 22:15:58,535 [Mock network] corda.flow. - Party O=TIE, L=TestVillage, C=US received the transaction. {actor_id=Only For Testing, actor_owning_identity=O=InvestorA, L=TestLand, C=US, actor_store_id=TEST, fiber-id=10000004, flow-id=3c38d903-f8ea-4386-a13b-4d7fa0f90992, invocation_id=e7ff08f3-0697-48a6-8c93-e557075ae516, invocation_timestamp=2021-04-15T02:15:57.488Z, origin=Only For Testing, session_id=e7ff08f3-0697-48a6-8c93-e557075ae516, session_timestamp=2021-04-15T02:15:57.488Z, thread-id=645, tx_id=8C2D4E3B14B9E65C0790025B4E042943FFD42359002E0FD444DD05373ABAABD3}
?[m?[37m[INFO] 22:15:58,535 [Mock network] corda.flow. - All parties received the transaction successfully. {actor_id=Only For Testing, actor_owning_identity=O=InvestorA, L=TestLand, C=US, actor_store_id=TEST, fiber-id=10000004, flow-id=3c38d903-f8ea-4386-a13b-4d7fa0f90992, invocation_id=e7ff08f3-0697-48a6-8c93-e557075ae516, invocation_timestamp=2021-04-15T02:15:57.488Z, origin=Only For Testing, session_id=e7ff08f3-0697-48a6-8c93-e557075ae516, session_timestamp=2021-04-15T02:15:57.488Z, thread-id=645, tx_id=8C2D4E3B14B9E65C0790025B4E042943FFD42359002E0FD444DD05373ABAABD3}
?[m?[37m[INFO] 22:15:58,600 [Mock network] corda.flow. - Already stored a distribution record for O=InvestorA, L=TestLand, C=US and f410d7eb-6156-4880-b14c-66506dfad9bf. {fiber-id=10000009, flow-id=fe1b72a4-af4e-4269-872b-f0f086426862, invocation_id=54934224-5d7d-4987-a66a-f745f519d28b, invocation_timestamp=2021-04-15T02:15:58.590Z, origin=O=InvestorA, L=TestLand, C=US, session_id=54934224-5d7d-4987-a66a-f745f519d28b, session_timestamp=2021-04-15T02:15:58.590Z, thread-id=645}
?[m
B currently have 20
------------------------
Required Signing keys 2
[net.i2p.crypto.eddsa.EdDSAPublicKey@57929119, net.i2p.crypto.eddsa.EdDSAPublicKey@bd3acbd7]
InvestorA Key: net.i2p.crypto.eddsa.EdDSAPublicKey@57929119
InvestorB Key: net.i2p.crypto.eddsa.EdDSAPublicKey@50107746
TIE Key: net.i2p.crypto.eddsa.EdDSAPublicKey@c5d97d52
Notary Key: net.i2p.crypto.eddsa.EdDSAPublicKey@bd3acbd7
How many actually signed Signers------------------------
[net.i2p.crypto.eddsa.EdDSAPublicKey@57929119]
?[37m[INFO] 22:15:58,633 [Test worker] persistence.CordaPersistence. - Closing HikariDataSource (HikariPool-1)
?[m?[37m[INFO] 22:15:58,633 [Test worker] hikari.HikariDataSource. - HikariPool-1 - Shutdown initiated...
?[m?[37m[INFO] 22:15:58,649 [Test worker] hikari.HikariDataSource. - HikariPool-1 - Shutdown completed.
?[m?[37m[INFO] 22:15:58,650 [Test worker] internal.MockNodeMessagingService. - Status change to false
?[m?[37m[INFO] 22:15:58,650 [Test worker] internal.InternalMockNetwork$MockNode. - MessagingService active change to: false
?[m?[37m[INFO] 22:15:58,653 [Test worker] persistence.CordaPersistence. - Closing HikariDataSource (HikariPool-2)
?[m?[37m[INFO] 22:15:58,653 [Test worker] hikari.HikariDataSource. - HikariPool-2 - Shutdown initiated...
?[m?[37m[INFO] 22:15:58,666 [Test worker] hikari.HikariDataSource. - HikariPool-2 - Shutdown completed.
?[m?[37m[INFO] 22:15:58,666 [Test worker] internal.MockNodeMessagingService. - Status change to false
?[m?[37m[INFO] 22:15:58,666 [Test worker] internal.InternalMockNetwork$MockNode. - MessagingService active change to: false
?[m?[37m[INFO] 22:15:58,668 [Test worker] persistence.CordaPersistence. - Closing HikariDataSource (HikariPool-3)
?[m?[37m[INFO] 22:15:58,668 [Test worker] hikari.HikariDataSource. - HikariPool-3 - Shutdown initiated...
?[m?[37m[INFO] 22:15:58,678 [Test worker] hikari.HikariDataSource. - HikariPool-3 - Shutdown completed.
?[m?[37m[INFO] 22:15:58,678 [Test worker] internal.MockNodeMessagingService. - Status change to false
?[m?[37m[INFO] 22:15:58,678 [Test worker] internal.InternalMockNetwork$MockNode. - MessagingService active change to: false
?[m?[37m[INFO] 22:15:58,679 [Test worker] persistence.CordaPersistence. - Closing HikariDataSource (HikariPool-4)
?[m?[37m[INFO] 22:15:58,679 [Test worker] hikari.HikariDataSource. - HikariPool-4 - Shutdown initiated...
?[m?[37m[INFO] 22:15:58,689 [Test worker] hikari.HikariDataSource. - HikariPool-4 - Shutdown completed.
?[m?[37m[INFO] 22:15:58,689 [Test worker] internal.MockNodeMessagingService. - Status change to false
?[m?[37m[INFO] 22:15:58,689 [Test worker] internal.InternalMockNetwork$MockNode. - MessagingService active change to: false
?[m]]></system-out>
  <system-err><![CDATA[[quasar] WARNING: Method not found in class - assuming suspendable: com/r3/corda/lib/tokens/testing/states/House#getValuation()Lnet/corda/core/contracts/Amount; (at TestFlows.kt:com/r3/corda/lib/tokens/workflows/internal/testflows/DvPFlow#call)
QUASAR WARNING: Assertions enabled. This may harm performance.
QUASAR WARNING: Fibers are set to verify instrumentation. This may *severely* harm performance.
]]></system-err>
</testsuite>
